[DEBUG] PID: Tika
[DEBUG] VID: 6
[DEBUG] DATA_DIR: /home1/lileping3/tryGZoltar/tika_6
[DEBUG] TOOL: developer
[DEBUG] TESTS_DIR: 
[DEBUG] TMP_DIR: /home1/lileping3/tmp/tika_6_buggy
[DEBUG] DIR_PROJECT: /home1/NewD4j/GrowingBugRepository-main/framework/projects/Tika
[DEBUG] DIR_LOADED_CLASSES: /home1/NewD4j/GrowingBugRepository-main/framework/projects/Tika/loaded_classes
[DEBUG] DIR_RELEVANT_TESTS: /home1/NewD4j/GrowingBugRepository-main/framework/projects/Tika/relevant_tests
[DEBUG] DIR_TRIGGER_TESTS: /home1/NewD4j/GrowingBugRepository-main/framework/projects/Tika/trigger_tests
[DEBUG] JAVA_VERSION:
Picked up _JAVA_OPTIONS: -XX:MaxHeapSize=1024m -Xmx4096m
java version "1.8.0_231"
Java(TM) SE Runtime Environment (build 1.8.0_231-b11)
Java HotSpot(TM) 64-Bit Server VM (build 25.231-b11, mixed mode)
[DEBUG] LOADED_CLASSES: org.apache.tika.config.TikaConfig:org.apache.tika.detect.Detector:org.apache.tika.exception.TikaException:org.apache.tika.metadata.CreativeCommons:org.apache.tika.metadata.DublinCore:org.apache.tika.metadata.HttpHeaders:org.apache.tika.metadata.Metadata:org.apache.tika.metadata.MSOffice:org.apache.tika.metadata.TikaMetadataKeys:org.apache.tika.metadata.TikaMimeKeys:org.apache.tika.mime.Clause:org.apache.tika.mime.Magic:org.apache.tika.mime.MagicClause:org.apache.tika.mime.MagicMatch:org.apache.tika.mime.MediaType:org.apache.tika.mime.MimeType:org.apache.tika.mime.MimeTypeException:org.apache.tika.mime.MimeTypes:org.apache.tika.mime.MimeTypesFactory:org.apache.tika.mime.MimeTypesReader:org.apache.tika.mime.Operator:org.apache.tika.mime.Patterns:org.apache.tika.parser.asm.ClassParser:org.apache.tika.parser.audio.AudioParser:org.apache.tika.parser.audio.MidiParser:org.apache.tika.parser.AutoDetectParser:org.apache.tika.parser.CompositeParser:org.apache.tika.parser.EmptyParser:org.apache.tika.parser.html.HtmlParser:org.apache.tika.parser.image.ImageParser:org.apache.tika.parser.microsoft.OfficeParser:org.apache.tika.parser.microsoft.OutlookExtractor:org.apache.tika.parser.mp3.Mp3Parser:org.apache.tika.parser.opendocument.OpenOfficeContentParser:org.apache.tika.parser.opendocument.OpenOfficeMetaParser:org.apache.tika.parser.opendocument.OpenOfficeParser:org.apache.tika.parser.Parser:org.apache.tika.parser.pdf.PDFParser:org.apache.tika.parser.pkg.bzip2.BZip2Constants:org.apache.tika.parser.pkg.bzip2.CBZip2InputStream:org.apache.tika.parser.pkg.Bzip2Parser:org.apache.tika.parser.pkg.GzipParser:org.apache.tika.parser.pkg.PackageParser:org.apache.tika.parser.pkg.tar.TarInputStream:org.apache.tika.parser.pkg.TarParser:org.apache.tika.parser.pkg.ZipParser:org.apache.tika.parser.rtf.RTFParser:org.apache.tika.parser.txt.TXTParser:org.apache.tika.parser.xml.DcXMLParser:org.apache.tika.parser.xml.XMLParser:org.apache.tika.sax.BodyContentHandler:org.apache.tika.sax.ContentHandlerDecorator:org.apache.tika.sax.ElementMappingContentHandler:org.apache.tika.sax.OfflineContentHandler:org.apache.tika.sax.SafeContentHandler:org.apache.tika.sax.WriteOutContentHandler:org.apache.tika.sax.XHTMLContentHandler:org.apache.tika.sax.xpath.ChildMatcher:org.apache.tika.sax.xpath.CompositeMatcher:org.apache.tika.sax.xpath.Matcher:org.apache.tika.sax.xpath.MatchingContentHandler:org.apache.tika.sax.xpath.NamedAttributeMatcher:org.apache.tika.sax.xpath.NamedElementMatcher:org.apache.tika.sax.xpath.NodeMatcher:org.apache.tika.sax.xpath.SubtreeMatcher:org.apache.tika.sax.xpath.TextMatcher:org.apache.tika.sax.xpath.XPathParser:org.apache.tika.utils.StringUtil:
[DEBUG] LOADED_SUB_CLASSES: org.apache.tika.config.TikaConfig$*:org.apache.tika.detect.Detector$*:org.apache.tika.exception.TikaException$*:org.apache.tika.metadata.CreativeCommons$*:org.apache.tika.metadata.DublinCore$*:org.apache.tika.metadata.HttpHeaders$*:org.apache.tika.metadata.Metadata$*:org.apache.tika.metadata.MSOffice$*:org.apache.tika.metadata.TikaMetadataKeys$*:org.apache.tika.metadata.TikaMimeKeys$*:org.apache.tika.mime.Clause$*:org.apache.tika.mime.Magic$*:org.apache.tika.mime.MagicClause$*:org.apache.tika.mime.MagicMatch$*:org.apache.tika.mime.MediaType$*:org.apache.tika.mime.MimeType$*:org.apache.tika.mime.MimeTypeException$*:org.apache.tika.mime.MimeTypes$*:org.apache.tika.mime.MimeTypesFactory$*:org.apache.tika.mime.MimeTypesReader$*:org.apache.tika.mime.Operator$*:org.apache.tika.mime.Patterns$*:org.apache.tika.parser.asm.ClassParser$*:org.apache.tika.parser.audio.AudioParser$*:org.apache.tika.parser.audio.MidiParser$*:org.apache.tika.parser.AutoDetectParser$*:org.apache.tika.parser.CompositeParser$*:org.apache.tika.parser.EmptyParser$*:org.apache.tika.parser.html.HtmlParser$*:org.apache.tika.parser.image.ImageParser$*:org.apache.tika.parser.microsoft.OfficeParser$*:org.apache.tika.parser.microsoft.OutlookExtractor$*:org.apache.tika.parser.mp3.Mp3Parser$*:org.apache.tika.parser.opendocument.OpenOfficeContentParser$*:org.apache.tika.parser.opendocument.OpenOfficeMetaParser$*:org.apache.tika.parser.opendocument.OpenOfficeParser$*:org.apache.tika.parser.Parser$*:org.apache.tika.parser.pdf.PDFParser$*:org.apache.tika.parser.pkg.bzip2.BZip2Constants$*:org.apache.tika.parser.pkg.bzip2.CBZip2InputStream$*:org.apache.tika.parser.pkg.Bzip2Parser$*:org.apache.tika.parser.pkg.GzipParser$*:org.apache.tika.parser.pkg.PackageParser$*:org.apache.tika.parser.pkg.tar.TarInputStream$*:org.apache.tika.parser.pkg.TarParser$*:org.apache.tika.parser.pkg.ZipParser$*:org.apache.tika.parser.rtf.RTFParser$*:org.apache.tika.parser.txt.TXTParser$*:org.apache.tika.parser.xml.DcXMLParser$*:org.apache.tika.parser.xml.XMLParser$*:org.apache.tika.sax.BodyContentHandler$*:org.apache.tika.sax.ContentHandlerDecorator$*:org.apache.tika.sax.ElementMappingContentHandler$*:org.apache.tika.sax.OfflineContentHandler$*:org.apache.tika.sax.SafeContentHandler$*:org.apache.tika.sax.WriteOutContentHandler$*:org.apache.tika.sax.XHTMLContentHandler$*:org.apache.tika.sax.xpath.ChildMatcher$*:org.apache.tika.sax.xpath.CompositeMatcher$*:org.apache.tika.sax.xpath.Matcher$*:org.apache.tika.sax.xpath.MatchingContentHandler$*:org.apache.tika.sax.xpath.NamedAttributeMatcher$*:org.apache.tika.sax.xpath.NamedElementMatcher$*:org.apache.tika.sax.xpath.NodeMatcher$*:org.apache.tika.sax.xpath.SubtreeMatcher$*:org.apache.tika.sax.xpath.TextMatcher$*:org.apache.tika.sax.xpath.XPathParser$*:org.apache.tika.utils.StringUtil$*:
[DEBUG] RELEVANT_TESTS: org.apache.tika.TestParsers:org.apache.tika.mime.TestMimeTypes:org.apache.tika.parser.AutoDetectParserTest:org.apache.tika.parser.ParsingReaderTest:org.apache.tika.parser.asm.ClassParserTest:org.apache.tika.parser.html.HtmlParserTest:org.apache.tika.parser.microsoft.ExcelParserTest:org.apache.tika.parser.microsoft.OutlookParserTest:org.apache.tika.parser.microsoft.PowerPointParserTest:org.apache.tika.parser.microsoft.WordParserTest:org.apache.tika.parser.mp3.Mp3ParserTest:org.apache.tika.parser.pkg.Bzip2ParserTest:org.apache.tika.parser.pkg.GzipParserTest:org.apache.tika.parser.pkg.TarParserTest:org.apache.tika.parser.pkg.ZipParserTest:
[DEBUG] TRIGGER_TESTS_FILE: /home1/NewD4j/GrowingBugRepository-main/framework/projects/Tika/trigger_tests/6
[DEBUG] CP: /home1/NewD4j/GrowingBugRepository-main/framework/projects/lib/junit-4.11.jar:/home1/NewD4j/GrowingBugRepository-main/framework/projects/Tika/lib/commons-lang/commons-lang/2.1/commons-lang-2.1.jar:/home1/NewD4j/GrowingBugRepository-main/framework/projects/Tika/lib/commons-logging/commons-logging/1.0.4/commons-logging-1.0.4.jar:/home1/NewD4j/GrowingBugRepository-main/framework/projects/Tika/lib/commons-codec/commons-codec/1.3/commons-codec-1.3.jar:/home1/NewD4j/GrowingBugRepository-main/framework/projects/Tika/lib/commons-io/commons-io/1.4/commons-io-1.4.jar:/home1/NewD4j/GrowingBugRepository-main/framework/projects/Tika/lib/pdfbox/pdfbox/0.7.3/pdfbox-0.7.3.jar:/home1/NewD4j/GrowingBugRepository-main/framework/projects/Tika/lib/org/fontbox/fontbox/0.1.0/fontbox-0.1.0.jar:/home1/NewD4j/GrowingBugRepository-main/framework/projects/Tika/lib/org/jempbox/jempbox/0.2.0/jempbox-0.2.0.jar:/home1/NewD4j/GrowingBugRepository-main/framework/projects/Tika/lib/bouncycastle/bcmail-jdk14/136/bcmail-jdk14-136.jar:/home1/NewD4j/GrowingBugRepository-main/framework/projects/Tika/lib/bouncycastle/bcprov-jdk14/136/bcprov-jdk14-136.jar:/home1/NewD4j/GrowingBugRepository-main/framework/projects/Tika/lib/org/apache/poi/poi/3.5-beta4/poi-3.5-beta4.jar:/home1/NewD4j/GrowingBugRepository-main/framework/projects/Tika/lib/org/apache/poi/poi-scratchpad/3.5-beta4/poi-scratchpad-3.5-beta4.jar:/home1/NewD4j/GrowingBugRepository-main/framework/projects/Tika/lib/net/sourceforge/nekohtml/nekohtml/1.9.9/nekohtml-1.9.9.jar:/home1/NewD4j/GrowingBugRepository-main/framework/projects/Tika/lib/xerces/xercesImpl/2.8.1/xercesImpl-2.8.1.jar:/home1/NewD4j/GrowingBugRepository-main/framework/projects/Tika/lib/xml-apis/xml-apis/1.3.03/xml-apis-1.3.03.jar:/home1/NewD4j/GrowingBugRepository-main/framework/projects/Tika/lib/com/ibm/icu/icu4j/3.8/icu4j-3.8.jar:/home1/NewD4j/GrowingBugRepository-main/framework/projects/Tika/lib/asm/asm/3.1/asm-3.1.jar:/home1/NewD4j/GrowingBugRepository-main/framework/projects/Tika/lib/log4j/log4j/1.2.14/log4j-1.2.14.jar:/home1/NewD4j/GrowingBugRepository-main/framework/projects/Tika/lib/junit/junit/3.8.1/junit-3.8.1.jar:/home1/lileping3/tmp/tika_6_buggy/target/classes:/home1/lileping3/tmp/tika_6_buggy/target/test-classes:/home1/NewD4j/GrowingBugRepository-main/framework/projects/lib/junit-4.11.jar
[INFO] Compiling Tika-6
Running ant (compile)...................................................... OK
Running ant (compile.tests)................................................ OK
[INFO] Running GZoltar
[INFO] Start: 2021年 06月 05日 星期六 06:10:41 PDT
   ____ _____     _ _               
  / ___|__  /___ | | |_ __ _ _ __   
 | |  _  / // _ \| | __/ _` | '__| 
 | |_| |/ /| (_) | | || (_| | |     
  \____/____\___/|_|\__\__,_|_| 

* Preparing classpath
Java HotSpot(TM) 64-Bit Server VM warning: ignoring option MaxPermSize=1024M; support was removed in 8.0
* Collecting classes under test
* Collecting test cases
* Performing analysis
* Started org.apache.tika.parser.html.HtmlParserTest#testParseAscii
[ERROR] Class not found
java.lang.ClassNotFoundException: org.apache.log4j.PatternLayoutBeanInfo
	at java.lang.ClassLoader.findClass(ClassLoader.java:523)
	at java.lang.ClassLoader.loadClass(ClassLoader.java:418)
	at java.lang.ClassLoader.loadClass(ClassLoader.java:351)
	at com.gzoltar.lib.instrumentation.util.GZoltarClassLoader.loadClass(Unknown Source)
	at java.lang.Class.forName0(Native Method)
	at java.lang.Class.forName(Class.java:348)
	at com.sun.beans.finder.ClassFinder.findClass(ClassFinder.java:103)
	at com.sun.beans.finder.InstanceFinder.instantiate(InstanceFinder.java:93)
	at com.sun.beans.finder.InstanceFinder.find(InstanceFinder.java:66)
	at java.beans.Introspector.findExplicitBeanInfo(Introspector.java:448)
	at java.beans.Introspector.<init>(Introspector.java:398)
	at java.beans.Introspector.getBeanInfo(Introspector.java:173)
	at org.apache.log4j.config.PropertySetter.introspect(PropertySetter.java:75)
	at org.apache.log4j.config.PropertySetter.getPropertyDescriptor(PropertySetter.java:243)
	at org.apache.log4j.config.PropertySetter.setProperty(PropertySetter.java:155)
	at org.apache.log4j.config.PropertySetter.setProperties(PropertySetter.java:129)
	at org.apache.log4j.config.PropertySetter.setProperties(PropertySetter.java:96)
	at org.apache.log4j.PropertyConfigurator.parseAppender(PropertyConfigurator.java:649)
	at org.apache.log4j.PropertyConfigurator.parseCategory(PropertyConfigurator.java:612)
	at org.apache.log4j.PropertyConfigurator.configureRootCategory(PropertyConfigurator.java:509)
	at org.apache.log4j.PropertyConfigurator.doConfigure(PropertyConfigurator.java:415)
	at org.apache.log4j.PropertyConfigurator.doConfigure(PropertyConfigurator.java:441)
	at org.apache.log4j.helpers.OptionConverter.selectAndConfigure(OptionConverter.java:470)
	at org.apache.log4j.LogManager.<clinit>(LogManager.java:122)
	at org.apache.log4j.Logger.getRootLogger(Logger.java:135)
	at org.apache.tika.utils.Utils.<clinit>(Utils.java:50)
	at org.apache.tika.parser.html.HtmlParser.parse(HtmlParser.java:108)
	at org.apache.tika.parser.html.HtmlParserTest.testParseAscii(HtmlParserTest.java:63)
	at sun.reflect.NativeMethodAccessorImpl.invoke0(Native Method)
	at sun.reflect.NativeMethodAccessorImpl.invoke(NativeMethodAccessorImpl.java:62)
	at sun.reflect.DelegatingMethodAccessorImpl.invoke(DelegatingMethodAccessorImpl.java:43)
	at java.lang.reflect.Method.invoke(Method.java:498)
	at junit.framework.TestCase.runTest(TestCase.java:176)
	at junit.framework.TestCase.runBare(TestCase.java:141)
	at junit.framework.TestResult$1.protect(TestResult.java:122)
	at junit.framework.TestResult.runProtected(TestResult.java:142)
	at junit.framework.TestResult.run(TestResult.java:125)
	at junit.framework.TestCase.run(TestCase.java:129)
	at junit.framework.TestSuite.runTest(TestSuite.java:255)
	at junit.framework.TestSuite.run(TestSuite.java:250)
	at org.junit.internal.runners.JUnit38ClassRunner.run(JUnit38ClassRunner.java:84)
	at com.gzoltar.lib.instrumentation.testing.junit.a.call(Unknown Source)
	at java.util.concurrent.FutureTask.run(FutureTask.java:266)
	at java.util.concurrent.ThreadPoolExecutor.runWorker(ThreadPoolExecutor.java:1149)
	at java.util.concurrent.ThreadPoolExecutor$Worker.run(ThreadPoolExecutor.java:624)
	at java.lang.Thread.run(Thread.java:748)
[ERROR] Class not found
java.lang.ClassNotFoundException: org.apache.log4j.PatternLayoutBeanInfo
	at java.lang.ClassLoader.findClass(ClassLoader.java:523)
	at java.lang.ClassLoader.loadClass(ClassLoader.java:418)
	at java.lang.ClassLoader.loadClass(ClassLoader.java:351)
	at com.gzoltar.lib.instrumentation.util.GZoltarClassLoader.loadClass(Unknown Source)
	at java.lang.Class.forName0(Native Method)
	at java.lang.Class.forName(Class.java:348)
	at com.sun.beans.finder.ClassFinder.findClass(ClassFinder.java:67)
	at com.sun.beans.finder.ClassFinder.findClass(ClassFinder.java:110)
	at com.sun.beans.finder.InstanceFinder.instantiate(InstanceFinder.java:93)
	at com.sun.beans.finder.InstanceFinder.find(InstanceFinder.java:66)
	at java.beans.Introspector.findExplicitBeanInfo(Introspector.java:448)
	at java.beans.Introspector.<init>(Introspector.java:398)
	at java.beans.Introspector.getBeanInfo(Introspector.java:173)
	at org.apache.log4j.config.PropertySetter.introspect(PropertySetter.java:75)
	at org.apache.log4j.config.PropertySetter.getPropertyDescriptor(PropertySetter.java:243)
	at org.apache.log4j.config.PropertySetter.setProperty(PropertySetter.java:155)
	at org.apache.log4j.config.PropertySetter.setProperties(PropertySetter.java:129)
	at org.apache.log4j.config.PropertySetter.setProperties(PropertySetter.java:96)
	at org.apache.log4j.PropertyConfigurator.parseAppender(PropertyConfigurator.java:649)
	at org.apache.log4j.PropertyConfigurator.parseCategory(PropertyConfigurator.java:612)
	at org.apache.log4j.PropertyConfigurator.configureRootCategory(PropertyConfigurator.java:509)
	at org.apache.log4j.PropertyConfigurator.doConfigure(PropertyConfigurator.java:415)
	at org.apache.log4j.PropertyConfigurator.doConfigure(PropertyConfigurator.java:441)
	at org.apache.log4j.helpers.OptionConverter.selectAndConfigure(OptionConverter.java:470)
	at org.apache.log4j.LogManager.<clinit>(LogManager.java:122)
	at org.apache.log4j.Logger.getRootLogger(Logger.java:135)
	at org.apache.tika.utils.Utils.<clinit>(Utils.java:50)
	at org.apache.tika.parser.html.HtmlParser.parse(HtmlParser.java:108)
	at org.apache.tika.parser.html.HtmlParserTest.testParseAscii(HtmlParserTest.java:63)
	at sun.reflect.NativeMethodAccessorImpl.invoke0(Native Method)
	at sun.reflect.NativeMethodAccessorImpl.invoke(NativeMethodAccessorImpl.java:62)
	at sun.reflect.DelegatingMethodAccessorImpl.invoke(DelegatingMethodAccessorImpl.java:43)
	at java.lang.reflect.Method.invoke(Method.java:498)
	at junit.framework.TestCase.runTest(TestCase.java:176)
	at junit.framework.TestCase.runBare(TestCase.java:141)
	at junit.framework.TestResult$1.protect(TestResult.java:122)
	at junit.framework.TestResult.runProtected(TestResult.java:142)
	at junit.framework.TestResult.run(TestResult.java:125)
	at junit.framework.TestCase.run(TestCase.java:129)
	at junit.framework.TestSuite.runTest(TestSuite.java:255)
	at junit.framework.TestSuite.run(TestSuite.java:250)
	at org.junit.internal.runners.JUnit38ClassRunner.run(JUnit38ClassRunner.java:84)
	at com.gzoltar.lib.instrumentation.testing.junit.a.call(Unknown Source)
	at java.util.concurrent.FutureTask.run(FutureTask.java:266)
	at java.util.concurrent.ThreadPoolExecutor.runWorker(ThreadPoolExecutor.java:1149)
	at java.util.concurrent.ThreadPoolExecutor$Worker.run(ThreadPoolExecutor.java:624)
	at java.lang.Thread.run(Thread.java:748)
[ERROR] Class not found
java.lang.ClassNotFoundException: org.apache.log4j.LayoutBeanInfo
	at java.lang.ClassLoader.findClass(ClassLoader.java:523)
	at java.lang.ClassLoader.loadClass(ClassLoader.java:418)
	at java.lang.ClassLoader.loadClass(ClassLoader.java:351)
	at com.gzoltar.lib.instrumentation.util.GZoltarClassLoader.loadClass(Unknown Source)
	at java.lang.Class.forName0(Native Method)
	at java.lang.Class.forName(Class.java:348)
	at com.sun.beans.finder.ClassFinder.findClass(ClassFinder.java:103)
	at com.sun.beans.finder.InstanceFinder.instantiate(InstanceFinder.java:93)
	at com.sun.beans.finder.InstanceFinder.find(InstanceFinder.java:66)
	at java.beans.Introspector.findExplicitBeanInfo(Introspector.java:448)
	at java.beans.Introspector.<init>(Introspector.java:398)
	at java.beans.Introspector.getBeanInfo(Introspector.java:173)
	at java.beans.Introspector.getBeanInfo(Introspector.java:260)
	at java.beans.Introspector.<init>(Introspector.java:407)
	at java.beans.Introspector.getBeanInfo(Introspector.java:173)
	at org.apache.log4j.config.PropertySetter.introspect(PropertySetter.java:75)
	at org.apache.log4j.config.PropertySetter.getPropertyDescriptor(PropertySetter.java:243)
	at org.apache.log4j.config.PropertySetter.setProperty(PropertySetter.java:155)
	at org.apache.log4j.config.PropertySetter.setProperties(PropertySetter.java:129)
	at org.apache.log4j.config.PropertySetter.setProperties(PropertySetter.java:96)
	at org.apache.log4j.PropertyConfigurator.parseAppender(PropertyConfigurator.java:649)
	at org.apache.log4j.PropertyConfigurator.parseCategory(PropertyConfigurator.java:612)
	at org.apache.log4j.PropertyConfigurator.configureRootCategory(PropertyConfigurator.java:509)
	at org.apache.log4j.PropertyConfigurator.doConfigure(PropertyConfigurator.java:415)
	at org.apache.log4j.PropertyConfigurator.doConfigure(PropertyConfigurator.java:441)
	at org.apache.log4j.helpers.OptionConverter.selectAndConfigure(OptionConverter.java:470)
	at org.apache.log4j.LogManager.<clinit>(LogManager.java:122)
	at org.apache.log4j.Logger.getRootLogger(Logger.java:135)
	at org.apache.tika.utils.Utils.<clinit>(Utils.java:50)
	at org.apache.tika.parser.html.HtmlParser.parse(HtmlParser.java:108)
	at org.apache.tika.parser.html.HtmlParserTest.testParseAscii(HtmlParserTest.java:63)
	at sun.reflect.NativeMethodAccessorImpl.invoke0(Native Method)
	at sun.reflect.NativeMethodAccessorImpl.invoke(NativeMethodAccessorImpl.java:62)
	at sun.reflect.DelegatingMethodAccessorImpl.invoke(DelegatingMethodAccessorImpl.java:43)
	at java.lang.reflect.Method.invoke(Method.java:498)
	at junit.framework.TestCase.runTest(TestCase.java:176)
	at junit.framework.TestCase.runBare(TestCase.java:141)
	at junit.framework.TestResult$1.protect(TestResult.java:122)
	at junit.framework.TestResult.runProtected(TestResult.java:142)
	at junit.framework.TestResult.run(TestResult.java:125)
	at junit.framework.TestCase.run(TestCase.java:129)
	at junit.framework.TestSuite.runTest(TestSuite.java:255)
	at junit.framework.TestSuite.run(TestSuite.java:250)
	at org.junit.internal.runners.JUnit38ClassRunner.run(JUnit38ClassRunner.java:84)
	at com.gzoltar.lib.instrumentation.testing.junit.a.call(Unknown Source)
	at java.util.concurrent.FutureTask.run(FutureTask.java:266)
	at java.util.concurrent.ThreadPoolExecutor.runWorker(ThreadPoolExecutor.java:1149)
	at java.util.concurrent.ThreadPoolExecutor$Worker.run(ThreadPoolExecutor.java:624)
	at java.lang.Thread.run(Thread.java:748)
[ERROR] Class not found
java.lang.ClassNotFoundException: org.apache.log4j.LayoutBeanInfo
	at java.lang.ClassLoader.findClass(ClassLoader.java:523)
	at java.lang.ClassLoader.loadClass(ClassLoader.java:418)
	at java.lang.ClassLoader.loadClass(ClassLoader.java:351)
	at com.gzoltar.lib.instrumentation.util.GZoltarClassLoader.loadClass(Unknown Source)
	at java.lang.Class.forName0(Native Method)
	at java.lang.Class.forName(Class.java:348)
	at com.sun.beans.finder.ClassFinder.findClass(ClassFinder.java:67)
	at com.sun.beans.finder.ClassFinder.findClass(ClassFinder.java:110)
	at com.sun.beans.finder.InstanceFinder.instantiate(InstanceFinder.java:93)
	at com.sun.beans.finder.InstanceFinder.find(InstanceFinder.java:66)
	at java.beans.Introspector.findExplicitBeanInfo(Introspector.java:448)
	at java.beans.Introspector.<init>(Introspector.java:398)
	at java.beans.Introspector.getBeanInfo(Introspector.java:173)
	at java.beans.Introspector.getBeanInfo(Introspector.java:260)
	at java.beans.Introspector.<init>(Introspector.java:407)
	at java.beans.Introspector.getBeanInfo(Introspector.java:173)
	at org.apache.log4j.config.PropertySetter.introspect(PropertySetter.java:75)
	at org.apache.log4j.config.PropertySetter.getPropertyDescriptor(PropertySetter.java:243)
	at org.apache.log4j.config.PropertySetter.setProperty(PropertySetter.java:155)
	at org.apache.log4j.config.PropertySetter.setProperties(PropertySetter.java:129)
	at org.apache.log4j.config.PropertySetter.setProperties(PropertySetter.java:96)
	at org.apache.log4j.PropertyConfigurator.parseAppender(PropertyConfigurator.java:649)
	at org.apache.log4j.PropertyConfigurator.parseCategory(PropertyConfigurator.java:612)
	at org.apache.log4j.PropertyConfigurator.configureRootCategory(PropertyConfigurator.java:509)
	at org.apache.log4j.PropertyConfigurator.doConfigure(PropertyConfigurator.java:415)
	at org.apache.log4j.PropertyConfigurator.doConfigure(PropertyConfigurator.java:441)
	at org.apache.log4j.helpers.OptionConverter.selectAndConfigure(OptionConverter.java:470)
	at org.apache.log4j.LogManager.<clinit>(LogManager.java:122)
	at org.apache.log4j.Logger.getRootLogger(Logger.java:135)
	at org.apache.tika.utils.Utils.<clinit>(Utils.java:50)
	at org.apache.tika.parser.html.HtmlParser.parse(HtmlParser.java:108)
	at org.apache.tika.parser.html.HtmlParserTest.testParseAscii(HtmlParserTest.java:63)
	at sun.reflect.NativeMethodAccessorImpl.invoke0(Native Method)
	at sun.reflect.NativeMethodAccessorImpl.invoke(NativeMethodAccessorImpl.java:62)
	at sun.reflect.DelegatingMethodAccessorImpl.invoke(DelegatingMethodAccessorImpl.java:43)
	at java.lang.reflect.Method.invoke(Method.java:498)
	at junit.framework.TestCase.runTest(TestCase.java:176)
	at junit.framework.TestCase.runBare(TestCase.java:141)
	at junit.framework.TestResult$1.protect(TestResult.java:122)
	at junit.framework.TestResult.runProtected(TestResult.java:142)
	at junit.framework.TestResult.run(TestResult.java:125)
	at junit.framework.TestCase.run(TestCase.java:129)
	at junit.framework.TestSuite.runTest(TestSuite.java:255)
	at junit.framework.TestSuite.run(TestSuite.java:250)
	at org.junit.internal.runners.JUnit38ClassRunner.run(JUnit38ClassRunner.java:84)
	at com.gzoltar.lib.instrumentation.testing.junit.a.call(Unknown Source)
	at java.util.concurrent.FutureTask.run(FutureTask.java:266)
	at java.util.concurrent.ThreadPoolExecutor.runWorker(ThreadPoolExecutor.java:1149)
	at java.util.concurrent.ThreadPoolExecutor$Worker.run(ThreadPoolExecutor.java:624)
	at java.lang.Thread.run(Thread.java:748)
[ERROR] Class not found
java.lang.ClassNotFoundException: java.lang.ObjectBeanInfo
	at java.lang.ClassLoader.findClass(ClassLoader.java:523)
	at java.lang.ClassLoader.loadClass(ClassLoader.java:418)
	at java.lang.ClassLoader.loadClass(ClassLoader.java:351)
	at com.gzoltar.lib.instrumentation.util.GZoltarClassLoader.loadClass(Unknown Source)
	at java.lang.Class.forName0(Native Method)
	at java.lang.Class.forName(Class.java:348)
	at com.sun.beans.finder.ClassFinder.findClass(ClassFinder.java:67)
	at com.sun.beans.finder.ClassFinder.findClass(ClassFinder.java:110)
	at com.sun.beans.finder.InstanceFinder.instantiate(InstanceFinder.java:93)
	at com.sun.beans.finder.InstanceFinder.find(InstanceFinder.java:66)
	at java.beans.Introspector.findExplicitBeanInfo(Introspector.java:448)
	at java.beans.Introspector.<init>(Introspector.java:398)
	at java.beans.Introspector.getBeanInfo(Introspector.java:173)
	at java.beans.Introspector.getBeanInfo(Introspector.java:260)
	at java.beans.Introspector.<init>(Introspector.java:407)
	at java.beans.Introspector.getBeanInfo(Introspector.java:173)
	at java.beans.Introspector.getBeanInfo(Introspector.java:260)
	at java.beans.Introspector.<init>(Introspector.java:407)
	at java.beans.Introspector.getBeanInfo(Introspector.java:173)
	at org.apache.log4j.config.PropertySetter.introspect(PropertySetter.java:75)
	at org.apache.log4j.config.PropertySetter.getPropertyDescriptor(PropertySetter.java:243)
	at org.apache.log4j.config.PropertySetter.setProperty(PropertySetter.java:155)
	at org.apache.log4j.config.PropertySetter.setProperties(PropertySetter.java:129)
	at org.apache.log4j.config.PropertySetter.setProperties(PropertySetter.java:96)
	at org.apache.log4j.PropertyConfigurator.parseAppender(PropertyConfigurator.java:649)
	at org.apache.log4j.PropertyConfigurator.parseCategory(PropertyConfigurator.java:612)
	at org.apache.log4j.PropertyConfigurator.configureRootCategory(PropertyConfigurator.java:509)
	at org.apache.log4j.PropertyConfigurator.doConfigure(PropertyConfigurator.java:415)
	at org.apache.log4j.PropertyConfigurator.doConfigure(PropertyConfigurator.java:441)
	at org.apache.log4j.helpers.OptionConverter.selectAndConfigure(OptionConverter.java:470)
	at org.apache.log4j.LogManager.<clinit>(LogManager.java:122)
	at org.apache.log4j.Logger.getRootLogger(Logger.java:135)
	at org.apache.tika.utils.Utils.<clinit>(Utils.java:50)
	at org.apache.tika.parser.html.HtmlParser.parse(HtmlParser.java:108)
	at org.apache.tika.parser.html.HtmlParserTest.testParseAscii(HtmlParserTest.java:63)
	at sun.reflect.NativeMethodAccessorImpl.invoke0(Native Method)
	at sun.reflect.NativeMethodAccessorImpl.invoke(NativeMethodAccessorImpl.java:62)
	at sun.reflect.DelegatingMethodAccessorImpl.invoke(DelegatingMethodAccessorImpl.java:43)
	at java.lang.reflect.Method.invoke(Method.java:498)
	at junit.framework.TestCase.runTest(TestCase.java:176)
	at junit.framework.TestCase.runBare(TestCase.java:141)
	at junit.framework.TestResult$1.protect(TestResult.java:122)
	at junit.framework.TestResult.runProtected(TestResult.java:142)
	at junit.framework.TestResult.run(TestResult.java:125)
	at junit.framework.TestCase.run(TestCase.java:129)
	at junit.framework.TestSuite.runTest(TestSuite.java:255)
	at junit.framework.TestSuite.run(TestSuite.java:250)
	at org.junit.internal.runners.JUnit38ClassRunner.run(JUnit38ClassRunner.java:84)
	at com.gzoltar.lib.instrumentation.testing.junit.a.call(Unknown Source)
	at java.util.concurrent.FutureTask.run(FutureTask.java:266)
	at java.util.concurrent.ThreadPoolExecutor.runWorker(ThreadPoolExecutor.java:1149)
	at java.util.concurrent.ThreadPoolExecutor$Worker.run(ThreadPoolExecutor.java:624)
	at java.lang.Thread.run(Thread.java:748)
[ERROR] Class not found
java.lang.ClassNotFoundException: java.lang.ObjectCustomizer
	at java.lang.ClassLoader.findClass(ClassLoader.java:523)
	at java.lang.ClassLoader.loadClass(ClassLoader.java:418)
	at java.lang.ClassLoader.loadClass(ClassLoader.java:351)
	at com.gzoltar.lib.instrumentation.util.GZoltarClassLoader.loadClass(Unknown Source)
	at java.lang.Class.forName0(Native Method)
	at java.lang.Class.forName(Class.java:348)
	at com.sun.beans.finder.ClassFinder.findClass(ClassFinder.java:67)
	at com.sun.beans.finder.ClassFinder.findClass(ClassFinder.java:110)
	at java.beans.Introspector.findCustomizerClass(Introspector.java:1301)
	at java.beans.Introspector.getTargetBeanDescriptor(Introspector.java:1295)
	at java.beans.Introspector.getBeanInfo(Introspector.java:425)
	at java.beans.Introspector.getBeanInfo(Introspector.java:173)
	at java.beans.Introspector.getBeanInfo(Introspector.java:260)
	at java.beans.Introspector.<init>(Introspector.java:407)
	at java.beans.Introspector.getBeanInfo(Introspector.java:173)
	at java.beans.Introspector.getBeanInfo(Introspector.java:260)
	at java.beans.Introspector.<init>(Introspector.java:407)
	at java.beans.Introspector.getBeanInfo(Introspector.java:173)
	at org.apache.log4j.config.PropertySetter.introspect(PropertySetter.java:75)
	at org.apache.log4j.config.PropertySetter.getPropertyDescriptor(PropertySetter.java:243)
	at org.apache.log4j.config.PropertySetter.setProperty(PropertySetter.java:155)
	at org.apache.log4j.config.PropertySetter.setProperties(PropertySetter.java:129)
	at org.apache.log4j.config.PropertySetter.setProperties(PropertySetter.java:96)
	at org.apache.log4j.PropertyConfigurator.parseAppender(PropertyConfigurator.java:649)
	at org.apache.log4j.PropertyConfigurator.parseCategory(PropertyConfigurator.java:612)
	at org.apache.log4j.PropertyConfigurator.configureRootCategory(PropertyConfigurator.java:509)
	at org.apache.log4j.PropertyConfigurator.doConfigure(PropertyConfigurator.java:415)
	at org.apache.log4j.PropertyConfigurator.doConfigure(PropertyConfigurator.java:441)
	at org.apache.log4j.helpers.OptionConverter.selectAndConfigure(OptionConverter.java:470)
	at org.apache.log4j.LogManager.<clinit>(LogManager.java:122)
	at org.apache.log4j.Logger.getRootLogger(Logger.java:135)
	at org.apache.tika.utils.Utils.<clinit>(Utils.java:50)
	at org.apache.tika.parser.html.HtmlParser.parse(HtmlParser.java:108)
	at org.apache.tika.parser.html.HtmlParserTest.testParseAscii(HtmlParserTest.java:63)
	at sun.reflect.NativeMethodAccessorImpl.invoke0(Native Method)
	at sun.reflect.NativeMethodAccessorImpl.invoke(NativeMethodAccessorImpl.java:62)
	at sun.reflect.DelegatingMethodAccessorImpl.invoke(DelegatingMethodAccessorImpl.java:43)
	at java.lang.reflect.Method.invoke(Method.java:498)
	at junit.framework.TestCase.runTest(TestCase.java:176)
	at junit.framework.TestCase.runBare(TestCase.java:141)
	at junit.framework.TestResult$1.protect(TestResult.java:122)
	at junit.framework.TestResult.runProtected(TestResult.java:142)
	at junit.framework.TestResult.run(TestResult.java:125)
	at junit.framework.TestCase.run(TestCase.java:129)
	at junit.framework.TestSuite.runTest(TestSuite.java:255)
	at junit.framework.TestSuite.run(TestSuite.java:250)
	at org.junit.internal.runners.JUnit38ClassRunner.run(JUnit38ClassRunner.java:84)
	at com.gzoltar.lib.instrumentation.testing.junit.a.call(Unknown Source)
	at java.util.concurrent.FutureTask.run(FutureTask.java:266)
	at java.util.concurrent.ThreadPoolExecutor.runWorker(ThreadPoolExecutor.java:1149)
	at java.util.concurrent.ThreadPoolExecutor$Worker.run(ThreadPoolExecutor.java:624)
	at java.lang.Thread.run(Thread.java:748)
[ERROR] Class not found
java.lang.ClassNotFoundException: org.apache.log4j.LayoutCustomizer
	at java.lang.ClassLoader.findClass(ClassLoader.java:523)
	at java.lang.ClassLoader.loadClass(ClassLoader.java:418)
	at java.lang.ClassLoader.loadClass(ClassLoader.java:351)
	at com.gzoltar.lib.instrumentation.util.GZoltarClassLoader.loadClass(Unknown Source)
	at java.lang.Class.forName0(Native Method)
	at java.lang.Class.forName(Class.java:348)
	at com.sun.beans.finder.ClassFinder.findClass(ClassFinder.java:103)
	at java.beans.Introspector.findCustomizerClass(Introspector.java:1301)
	at java.beans.Introspector.getTargetBeanDescriptor(Introspector.java:1295)
	at java.beans.Introspector.getBeanInfo(Introspector.java:425)
	at java.beans.Introspector.getBeanInfo(Introspector.java:173)
	at java.beans.Introspector.getBeanInfo(Introspector.java:260)
	at java.beans.Introspector.<init>(Introspector.java:407)
	at java.beans.Introspector.getBeanInfo(Introspector.java:173)
	at org.apache.log4j.config.PropertySetter.introspect(PropertySetter.java:75)
	at org.apache.log4j.config.PropertySetter.getPropertyDescriptor(PropertySetter.java:243)
	at org.apache.log4j.config.PropertySetter.setProperty(PropertySetter.java:155)
	at org.apache.log4j.config.PropertySetter.setProperties(PropertySetter.java:129)
	at org.apache.log4j.config.PropertySetter.setProperties(PropertySetter.java:96)
	at org.apache.log4j.PropertyConfigurator.parseAppender(PropertyConfigurator.java:649)
	at org.apache.log4j.PropertyConfigurator.parseCategory(PropertyConfigurator.java:612)
	at org.apache.log4j.PropertyConfigurator.configureRootCategory(PropertyConfigurator.java:509)
	at org.apache.log4j.PropertyConfigurator.doConfigure(PropertyConfigurator.java:415)
	at org.apache.log4j.PropertyConfigurator.doConfigure(PropertyConfigurator.java:441)
	at org.apache.log4j.helpers.OptionConverter.selectAndConfigure(OptionConverter.java:470)
	at org.apache.log4j.LogManager.<clinit>(LogManager.java:122)
	at org.apache.log4j.Logger.getRootLogger(Logger.java:135)
	at org.apache.tika.utils.Utils.<clinit>(Utils.java:50)
	at org.apache.tika.parser.html.HtmlParser.parse(HtmlParser.java:108)
	at org.apache.tika.parser.html.HtmlParserTest.testParseAscii(HtmlParserTest.java:63)
	at sun.reflect.NativeMethodAccessorImpl.invoke0(Native Method)
	at sun.reflect.NativeMethodAccessorImpl.invoke(NativeMethodAccessorImpl.java:62)
	at sun.reflect.DelegatingMethodAccessorImpl.invoke(DelegatingMethodAccessorImpl.java:43)
	at java.lang.reflect.Method.invoke(Method.java:498)
	at junit.framework.TestCase.runTest(TestCase.java:176)
	at junit.framework.TestCase.runBare(TestCase.java:141)
	at junit.framework.TestResult$1.protect(TestResult.java:122)
	at junit.framework.TestResult.runProtected(TestResult.java:142)
	at junit.framework.TestResult.run(TestResult.java:125)
	at junit.framework.TestCase.run(TestCase.java:129)
	at junit.framework.TestSuite.runTest(TestSuite.java:255)
	at junit.framework.TestSuite.run(TestSuite.java:250)
	at org.junit.internal.runners.JUnit38ClassRunner.run(JUnit38ClassRunner.java:84)
	at com.gzoltar.lib.instrumentation.testing.junit.a.call(Unknown Source)
	at java.util.concurrent.FutureTask.run(FutureTask.java:266)
	at java.util.concurrent.ThreadPoolExecutor.runWorker(ThreadPoolExecutor.java:1149)
	at java.util.concurrent.ThreadPoolExecutor$Worker.run(ThreadPoolExecutor.java:624)
	at java.lang.Thread.run(Thread.java:748)
[ERROR] Class not found
java.lang.ClassNotFoundException: org.apache.log4j.LayoutCustomizer
	at java.lang.ClassLoader.findClass(ClassLoader.java:523)
	at java.lang.ClassLoader.loadClass(ClassLoader.java:418)
	at java.lang.ClassLoader.loadClass(ClassLoader.java:351)
	at com.gzoltar.lib.instrumentation.util.GZoltarClassLoader.loadClass(Unknown Source)
	at java.lang.Class.forName0(Native Method)
	at java.lang.Class.forName(Class.java:348)
	at com.sun.beans.finder.ClassFinder.findClass(ClassFinder.java:67)
	at com.sun.beans.finder.ClassFinder.findClass(ClassFinder.java:110)
	at java.beans.Introspector.findCustomizerClass(Introspector.java:1301)
	at java.beans.Introspector.getTargetBeanDescriptor(Introspector.java:1295)
	at java.beans.Introspector.getBeanInfo(Introspector.java:425)
	at java.beans.Introspector.getBeanInfo(Introspector.java:173)
	at java.beans.Introspector.getBeanInfo(Introspector.java:260)
	at java.beans.Introspector.<init>(Introspector.java:407)
	at java.beans.Introspector.getBeanInfo(Introspector.java:173)
	at org.apache.log4j.config.PropertySetter.introspect(PropertySetter.java:75)
	at org.apache.log4j.config.PropertySetter.getPropertyDescriptor(PropertySetter.java:243)
	at org.apache.log4j.config.PropertySetter.setProperty(PropertySetter.java:155)
	at org.apache.log4j.config.PropertySetter.setProperties(PropertySetter.java:129)
	at org.apache.log4j.config.PropertySetter.setProperties(PropertySetter.java:96)
	at org.apache.log4j.PropertyConfigurator.parseAppender(PropertyConfigurator.java:649)
	at org.apache.log4j.PropertyConfigurator.parseCategory(PropertyConfigurator.java:612)
	at org.apache.log4j.PropertyConfigurator.configureRootCategory(PropertyConfigurator.java:509)
	at org.apache.log4j.PropertyConfigurator.doConfigure(PropertyConfigurator.java:415)
	at org.apache.log4j.PropertyConfigurator.doConfigure(PropertyConfigurator.java:441)
	at org.apache.log4j.helpers.OptionConverter.selectAndConfigure(OptionConverter.java:470)
	at org.apache.log4j.LogManager.<clinit>(LogManager.java:122)
	at org.apache.log4j.Logger.getRootLogger(Logger.java:135)
	at org.apache.tika.utils.Utils.<clinit>(Utils.java:50)
	at org.apache.tika.parser.html.HtmlParser.parse(HtmlParser.java:108)
	at org.apache.tika.parser.html.HtmlParserTest.testParseAscii(HtmlParserTest.java:63)
	at sun.reflect.NativeMethodAccessorImpl.invoke0(Native Method)
	at sun.reflect.NativeMethodAccessorImpl.invoke(NativeMethodAccessorImpl.java:62)
	at sun.reflect.DelegatingMethodAccessorImpl.invoke(DelegatingMethodAccessorImpl.java:43)
	at java.lang.reflect.Method.invoke(Method.java:498)
	at junit.framework.TestCase.runTest(TestCase.java:176)
	at junit.framework.TestCase.runBare(TestCase.java:141)
	at junit.framework.TestResult$1.protect(TestResult.java:122)
	at junit.framework.TestResult.runProtected(TestResult.java:142)
	at junit.framework.TestResult.run(TestResult.java:125)
	at junit.framework.TestCase.run(TestCase.java:129)
	at junit.framework.TestSuite.runTest(TestSuite.java:255)
	at junit.framework.TestSuite.run(TestSuite.java:250)
	at org.junit.internal.runners.JUnit38ClassRunner.run(JUnit38ClassRunner.java:84)
	at com.gzoltar.lib.instrumentation.testing.junit.a.call(Unknown Source)
	at java.util.concurrent.FutureTask.run(FutureTask.java:266)
	at java.util.concurrent.ThreadPoolExecutor.runWorker(ThreadPoolExecutor.java:1149)
	at java.util.concurrent.ThreadPoolExecutor$Worker.run(ThreadPoolExecutor.java:624)
	at java.lang.Thread.run(Thread.java:748)
[ERROR] Class not found
java.lang.ClassNotFoundException: org.apache.log4j.PatternLayoutCustomizer
	at java.lang.ClassLoader.findClass(ClassLoader.java:523)
	at java.lang.ClassLoader.loadClass(ClassLoader.java:418)
	at java.lang.ClassLoader.loadClass(ClassLoader.java:351)
	at com.gzoltar.lib.instrumentation.util.GZoltarClassLoader.loadClass(Unknown Source)
	at java.lang.Class.forName0(Native Method)
	at java.lang.Class.forName(Class.java:348)
	at com.sun.beans.finder.ClassFinder.findClass(ClassFinder.java:103)
	at java.beans.Introspector.findCustomizerClass(Introspector.java:1301)
	at java.beans.Introspector.getTargetBeanDescriptor(Introspector.java:1295)
	at java.beans.Introspector.getBeanInfo(Introspector.java:425)
	at java.beans.Introspector.getBeanInfo(Introspector.java:173)
	at org.apache.log4j.config.PropertySetter.introspect(PropertySetter.java:75)
	at org.apache.log4j.config.PropertySetter.getPropertyDescriptor(PropertySetter.java:243)
	at org.apache.log4j.config.PropertySetter.setProperty(PropertySetter.java:155)
	at org.apache.log4j.config.PropertySetter.setProperties(PropertySetter.java:129)
	at org.apache.log4j.config.PropertySetter.setProperties(PropertySetter.java:96)
	at org.apache.log4j.PropertyConfigurator.parseAppender(PropertyConfigurator.java:649)
	at org.apache.log4j.PropertyConfigurator.parseCategory(PropertyConfigurator.java:612)
	at org.apache.log4j.PropertyConfigurator.configureRootCategory(PropertyConfigurator.java:509)
	at org.apache.log4j.PropertyConfigurator.doConfigure(PropertyConfigurator.java:415)
	at org.apache.log4j.PropertyConfigurator.doConfigure(PropertyConfigurator.java:441)
	at org.apache.log4j.helpers.OptionConverter.selectAndConfigure(OptionConverter.java:470)
	at org.apache.log4j.LogManager.<clinit>(LogManager.java:122)
	at org.apache.log4j.Logger.getRootLogger(Logger.java:135)
	at org.apache.tika.utils.Utils.<clinit>(Utils.java:50)
	at org.apache.tika.parser.html.HtmlParser.parse(HtmlParser.java:108)
	at org.apache.tika.parser.html.HtmlParserTest.testParseAscii(HtmlParserTest.java:63)
	at sun.reflect.NativeMethodAccessorImpl.invoke0(Native Method)
	at sun.reflect.NativeMethodAccessorImpl.invoke(NativeMethodAccessorImpl.java:62)
	at sun.reflect.DelegatingMethodAccessorImpl.invoke(DelegatingMethodAccessorImpl.java:43)
	at java.lang.reflect.Method.invoke(Method.java:498)
	at junit.framework.TestCase.runTest(TestCase.java:176)
	at junit.framework.TestCase.runBare(TestCase.java:141)
	at junit.framework.TestResult$1.protect(TestResult.java:122)
	at junit.framework.TestResult.runProtected(TestResult.java:142)
	at junit.framework.TestResult.run(TestResult.java:125)
	at junit.framework.TestCase.run(TestCase.java:129)
	at junit.framework.TestSuite.runTest(TestSuite.java:255)
	at junit.framework.TestSuite.run(TestSuite.java:250)
	at org.junit.internal.runners.JUnit38ClassRunner.run(JUnit38ClassRunner.java:84)
	at com.gzoltar.lib.instrumentation.testing.junit.a.call(Unknown Source)
	at java.util.concurrent.FutureTask.run(FutureTask.java:266)
	at java.util.concurrent.ThreadPoolExecutor.runWorker(ThreadPoolExecutor.java:1149)
	at java.util.concurrent.ThreadPoolExecutor$Worker.run(ThreadPoolExecutor.java:624)
	at java.lang.Thread.run(Thread.java:748)
[ERROR] Class not found
java.lang.ClassNotFoundException: org.apache.log4j.PatternLayoutCustomizer
	at java.lang.ClassLoader.findClass(ClassLoader.java:523)
	at java.lang.ClassLoader.loadClass(ClassLoader.java:418)
	at java.lang.ClassLoader.loadClass(ClassLoader.java:351)
	at com.gzoltar.lib.instrumentation.util.GZoltarClassLoader.loadClass(Unknown Source)
	at java.lang.Class.forName0(Native Method)
	at java.lang.Class.forName(Class.java:348)
	at com.sun.beans.finder.ClassFinder.findClass(ClassFinder.java:67)
	at com.sun.beans.finder.ClassFinder.findClass(ClassFinder.java:110)
	at java.beans.Introspector.findCustomizerClass(Introspector.java:1301)
	at java.beans.Introspector.getTargetBeanDescriptor(Introspector.java:1295)
	at java.beans.Introspector.getBeanInfo(Introspector.java:425)
	at java.beans.Introspector.getBeanInfo(Introspector.java:173)
	at org.apache.log4j.config.PropertySetter.introspect(PropertySetter.java:75)
	at org.apache.log4j.config.PropertySetter.getPropertyDescriptor(PropertySetter.java:243)
	at org.apache.log4j.config.PropertySetter.setProperty(PropertySetter.java:155)
	at org.apache.log4j.config.PropertySetter.setProperties(PropertySetter.java:129)
	at org.apache.log4j.config.PropertySetter.setProperties(PropertySetter.java:96)
	at org.apache.log4j.PropertyConfigurator.parseAppender(PropertyConfigurator.java:649)
	at org.apache.log4j.PropertyConfigurator.parseCategory(PropertyConfigurator.java:612)
	at org.apache.log4j.PropertyConfigurator.configureRootCategory(PropertyConfigurator.java:509)
	at org.apache.log4j.PropertyConfigurator.doConfigure(PropertyConfigurator.java:415)
	at org.apache.log4j.PropertyConfigurator.doConfigure(PropertyConfigurator.java:441)
	at org.apache.log4j.helpers.OptionConverter.selectAndConfigure(OptionConverter.java:470)
	at org.apache.log4j.LogManager.<clinit>(LogManager.java:122)
	at org.apache.log4j.Logger.getRootLogger(Logger.java:135)
	at org.apache.tika.utils.Utils.<clinit>(Utils.java:50)
	at org.apache.tika.parser.html.HtmlParser.parse(HtmlParser.java:108)
	at org.apache.tika.parser.html.HtmlParserTest.testParseAscii(HtmlParserTest.java:63)
	at sun.reflect.NativeMethodAccessorImpl.invoke0(Native Method)
	at sun.reflect.NativeMethodAccessorImpl.invoke(NativeMethodAccessorImpl.java:62)
	at sun.reflect.DelegatingMethodAccessorImpl.invoke(DelegatingMethodAccessorImpl.java:43)
	at java.lang.reflect.Method.invoke(Method.java:498)
	at junit.framework.TestCase.runTest(TestCase.java:176)
	at junit.framework.TestCase.runBare(TestCase.java:141)
	at junit.framework.TestResult$1.protect(TestResult.java:122)
	at junit.framework.TestResult.runProtected(TestResult.java:142)
	at junit.framework.TestResult.run(TestResult.java:125)
	at junit.framework.TestCase.run(TestCase.java:129)
	at junit.framework.TestSuite.runTest(TestSuite.java:255)
	at junit.framework.TestSuite.run(TestSuite.java:250)
	at org.junit.internal.runners.JUnit38ClassRunner.run(JUnit38ClassRunner.java:84)
	at com.gzoltar.lib.instrumentation.testing.junit.a.call(Unknown Source)
	at java.util.concurrent.FutureTask.run(FutureTask.java:266)
	at java.util.concurrent.ThreadPoolExecutor.runWorker(ThreadPoolExecutor.java:1149)
	at java.util.concurrent.ThreadPoolExecutor$Worker.run(ThreadPoolExecutor.java:624)
	at java.lang.Thread.run(Thread.java:748)
* Finished org.apache.tika.parser.html.HtmlParserTest#testParseAscii
* Started org.apache.tika.parser.html.HtmlParserTest#testParseEmpty
* Finished org.apache.tika.parser.html.HtmlParserTest#testParseEmpty
* Started org.apache.tika.parser.html.HtmlParserTest#testXhtmlParsing
* Failure: loader constraint violation: when resolving overridden method "org.apache.xerces.jaxp.DocumentBuilderImpl.setEntityResolver(Lorg/xml/sax/EntityResolver;)V" the class loader (instance of com/gzoltar/lib/instrumentation/util/GZoltarClassLoader) of the current class, org/apache/xerces/jaxp/DocumentBuilderImpl, and its superclass loader (instance of <bootloader>), have different Class objects for the type org/xml/sax/EntityResolver used in the signature | testXhtmlParsing(org.apache.tika.parser.html.HtmlParserTest)
java.lang.LinkageError: loader constraint violation: when resolving overridden method "org.apache.xerces.jaxp.DocumentBuilderImpl.setEntityResolver(Lorg/xml/sax/EntityResolver;)V" the class loader (instance of com/gzoltar/lib/instrumentation/util/GZoltarClassLoader) of the current class, org/apache/xerces/jaxp/DocumentBuilderImpl, and its superclass loader (instance of <bootloader>), have different Class objects for the type org/xml/sax/EntityResolver used in the signature
	at org.apache.xerces.jaxp.DocumentBuilderFactoryImpl.newDocumentBuilder(Unknown Source)
	at org.apache.tika.config.TikaConfig.getBuilder(TikaConfig.java:155)
	at org.apache.tika.config.TikaConfig.<init>(TikaConfig.java:69)
	at org.apache.tika.config.TikaConfig.getDefaultConfig(TikaConfig.java:145)
	at org.apache.tika.parser.AutoDetectParser.<init>(AutoDetectParser.java:41)
	at org.apache.tika.parser.html.HtmlParserTest.testXhtmlParsing(HtmlParserTest.java:105)
	at sun.reflect.NativeMethodAccessorImpl.invoke0(Native Method)
	at sun.reflect.NativeMethodAccessorImpl.invoke(NativeMethodAccessorImpl.java:62)
	at sun.reflect.DelegatingMethodAccessorImpl.invoke(DelegatingMethodAccessorImpl.java:43)
	at java.lang.reflect.Method.invoke(Method.java:498)
	at junit.framework.TestCase.runTest(TestCase.java:176)
	at junit.framework.TestCase.runBare(TestCase.java:141)
	at junit.framework.TestResult$1.protect(TestResult.java:122)
	at junit.framework.TestResult.runProtected(TestResult.java:142)
	at junit.framework.TestResult.run(TestResult.java:125)
	at junit.framework.TestCase.run(TestCase.java:129)
	at junit.framework.TestSuite.runTest(TestSuite.java:255)
	at junit.framework.TestSuite.run(TestSuite.java:250)
	at org.junit.internal.runners.JUnit38ClassRunner.run(JUnit38ClassRunner.java:84)
	at com.gzoltar.lib.instrumentation.testing.junit.a.call(Unknown Source)
	at java.util.concurrent.FutureTask.run(FutureTask.java:266)
	at java.util.concurrent.ThreadPoolExecutor.runWorker(ThreadPoolExecutor.java:1149)
	at java.util.concurrent.ThreadPoolExecutor$Worker.run(ThreadPoolExecutor.java:624)
	at java.lang.Thread.run(Thread.java:748)

* Finished org.apache.tika.parser.html.HtmlParserTest#testXhtmlParsing
* Started org.apache.tika.parser.microsoft.ExcelParserTest#testExcelParser
* Failure: null | testExcelParser(org.apache.tika.parser.microsoft.ExcelParserTest)
java.lang.ExceptionInInitializerError
	at org.apache.tika.parser.microsoft.OfficeParser.parse(OfficeParser.java:87)
	at org.apache.tika.parser.microsoft.ExcelParserTest.testExcelParser(ExcelParserTest.java:35)
	at sun.reflect.NativeMethodAccessorImpl.invoke0(Native Method)
	at sun.reflect.NativeMethodAccessorImpl.invoke(NativeMethodAccessorImpl.java:62)
	at sun.reflect.DelegatingMethodAccessorImpl.invoke(DelegatingMethodAccessorImpl.java:43)
	at java.lang.reflect.Method.invoke(Method.java:498)
	at junit.framework.TestCase.runTest(TestCase.java:176)
	at junit.framework.TestCase.runBare(TestCase.java:141)
	at junit.framework.TestResult$1.protect(TestResult.java:122)
	at junit.framework.TestResult.runProtected(TestResult.java:142)
	at junit.framework.TestResult.run(TestResult.java:125)
	at junit.framework.TestCase.run(TestCase.java:129)
	at junit.framework.TestSuite.runTest(TestSuite.java:255)
	at junit.framework.TestSuite.run(TestSuite.java:250)
	at org.junit.internal.runners.JUnit38ClassRunner.run(JUnit38ClassRunner.java:84)
	at com.gzoltar.lib.instrumentation.testing.junit.a.call(Unknown Source)
	at java.util.concurrent.FutureTask.run(FutureTask.java:266)
	at java.util.concurrent.ThreadPoolExecutor.runWorker(ThreadPoolExecutor.java:1149)
	at java.util.concurrent.ThreadPoolExecutor$Worker.run(ThreadPoolExecutor.java:624)
	at java.lang.Thread.run(Thread.java:748)
Caused by: org.apache.commons.logging.LogConfigurationException: org.apache.commons.logging.LogConfigurationException: java.lang.LinkageError: loader (instance of  com/gzoltar/lib/instrumentation/util/GZoltarClassLoader): attempted  duplicate class definition for name: "org/apache/commons/logging/Log" (Caused by java.lang.LinkageError: loader (instance of  com/gzoltar/lib/instrumentation/util/GZoltarClassLoader): attempted  duplicate class definition for name: "org/apache/commons/logging/Log") (Caused by org.apache.commons.logging.LogConfigurationException: java.lang.LinkageError: loader (instance of  com/gzoltar/lib/instrumentation/util/GZoltarClassLoader): attempted  duplicate class definition for name: "org/apache/commons/logging/Log" (Caused by java.lang.LinkageError: loader (instance of  com/gzoltar/lib/instrumentation/util/GZoltarClassLoader): attempted  duplicate class definition for name: "org/apache/commons/logging/Log"))
	at org.apache.commons.logging.impl.LogFactoryImpl.newInstance(LogFactoryImpl.java:543)
	at org.apache.commons.logging.impl.LogFactoryImpl.getInstance(LogFactoryImpl.java:235)
	at org.apache.commons.logging.impl.LogFactoryImpl.getInstance(LogFactoryImpl.java:209)
	at org.apache.commons.logging.LogFactory.getLog(LogFactory.java:351)
	at org.apache.tika.parser.microsoft.ExcelExtractor.<clinit>(ExcelExtractor.java:77)
	... 20 more
Caused by: org.apache.commons.logging.LogConfigurationException: java.lang.LinkageError: loader (instance of  com/gzoltar/lib/instrumentation/util/GZoltarClassLoader): attempted  duplicate class definition for name: "org/apache/commons/logging/Log" (Caused by java.lang.LinkageError: loader (instance of  com/gzoltar/lib/instrumentation/util/GZoltarClassLoader): attempted  duplicate class definition for name: "org/apache/commons/logging/Log")
	at org.apache.commons.logging.impl.LogFactoryImpl.getLogConstructor(LogFactoryImpl.java:397)
	at org.apache.commons.logging.impl.LogFactoryImpl.newInstance(LogFactoryImpl.java:529)
	... 24 more
Caused by: java.lang.LinkageError: loader (instance of  com/gzoltar/lib/instrumentation/util/GZoltarClassLoader): attempted  duplicate class definition for name: "org/apache/commons/logging/Log"
	at java.lang.ClassLoader.defineClass1(Native Method)
	at java.lang.ClassLoader.defineClass(ClassLoader.java:756)
	at java.lang.ClassLoader.defineClass(ClassLoader.java:635)
	at com.gzoltar.lib.instrumentation.util.GZoltarClassLoader.processClassPath(Unknown Source)
	at com.gzoltar.lib.instrumentation.util.GZoltarClassLoader.loadClass(Unknown Source)
	at org.apache.commons.logging.impl.LogFactoryImpl.getLogConstructor(LogFactoryImpl.java:374)
	... 25 more

* Finished org.apache.tika.parser.microsoft.ExcelParserTest#testExcelParser
* Started org.apache.tika.parser.microsoft.WordParserTest#testWordParser
* Finished org.apache.tika.parser.microsoft.WordParserTest#testWordParser
* Started org.apache.tika.parser.microsoft.OutlookParserTest#testOutlookParsing
* Failure: loader constraint violation: when resolving overridden method "org.apache.xerces.jaxp.DocumentBuilderImpl.setErrorHandler(Lorg/xml/sax/ErrorHandler;)V" the class loader (instance of com/gzoltar/lib/instrumentation/util/GZoltarClassLoader) of the current class, org/apache/xerces/jaxp/DocumentBuilderImpl, and its superclass loader (instance of <bootloader>), have different Class objects for the type org/xml/sax/ErrorHandler used in the signature | testOutlookParsing(org.apache.tika.parser.microsoft.OutlookParserTest)
java.lang.LinkageError: loader constraint violation: when resolving overridden method "org.apache.xerces.jaxp.DocumentBuilderImpl.setErrorHandler(Lorg/xml/sax/ErrorHandler;)V" the class loader (instance of com/gzoltar/lib/instrumentation/util/GZoltarClassLoader) of the current class, org/apache/xerces/jaxp/DocumentBuilderImpl, and its superclass loader (instance of <bootloader>), have different Class objects for the type org/xml/sax/ErrorHandler used in the signature
	at org.apache.xerces.jaxp.DocumentBuilderFactoryImpl.newDocumentBuilder(Unknown Source)
	at org.apache.tika.config.TikaConfig.getBuilder(TikaConfig.java:155)
	at org.apache.tika.config.TikaConfig.<init>(TikaConfig.java:69)
	at org.apache.tika.config.TikaConfig.getDefaultConfig(TikaConfig.java:145)
	at org.apache.tika.parser.AutoDetectParser.<init>(AutoDetectParser.java:41)
	at org.apache.tika.parser.microsoft.OutlookParserTest.testOutlookParsing(OutlookParserTest.java:37)
	at sun.reflect.NativeMethodAccessorImpl.invoke0(Native Method)
	at sun.reflect.NativeMethodAccessorImpl.invoke(NativeMethodAccessorImpl.java:62)
	at sun.reflect.DelegatingMethodAccessorImpl.invoke(DelegatingMethodAccessorImpl.java:43)
	at java.lang.reflect.Method.invoke(Method.java:498)
	at junit.framework.TestCase.runTest(TestCase.java:176)
	at junit.framework.TestCase.runBare(TestCase.java:141)
	at junit.framework.TestResult$1.protect(TestResult.java:122)
	at junit.framework.TestResult.runProtected(TestResult.java:142)
	at junit.framework.TestResult.run(TestResult.java:125)
	at junit.framework.TestCase.run(TestCase.java:129)
	at junit.framework.TestSuite.runTest(TestSuite.java:255)
	at junit.framework.TestSuite.run(TestSuite.java:250)
	at org.junit.internal.runners.JUnit38ClassRunner.run(JUnit38ClassRunner.java:84)
	at com.gzoltar.lib.instrumentation.testing.junit.a.call(Unknown Source)
	at java.util.concurrent.FutureTask.run(FutureTask.java:266)
	at java.util.concurrent.ThreadPoolExecutor.runWorker(ThreadPoolExecutor.java:1149)
	at java.util.concurrent.ThreadPoolExecutor$Worker.run(ThreadPoolExecutor.java:624)
	at java.lang.Thread.run(Thread.java:748)

* Finished org.apache.tika.parser.microsoft.OutlookParserTest#testOutlookParsing
* Started org.apache.tika.parser.microsoft.OutlookParserTest#testMultipleCopies
* Failure: loader constraint violation: when resolving overridden method "org.apache.xerces.jaxp.DocumentBuilderImpl.setErrorHandler(Lorg/xml/sax/ErrorHandler;)V" the class loader (instance of com/gzoltar/lib/instrumentation/util/GZoltarClassLoader) of the current class, org/apache/xerces/jaxp/DocumentBuilderImpl, and its superclass loader (instance of <bootloader>), have different Class objects for the type org/xml/sax/ErrorHandler used in the signature | testMultipleCopies(org.apache.tika.parser.microsoft.OutlookParserTest)
java.lang.LinkageError: loader constraint violation: when resolving overridden method "org.apache.xerces.jaxp.DocumentBuilderImpl.setErrorHandler(Lorg/xml/sax/ErrorHandler;)V" the class loader (instance of com/gzoltar/lib/instrumentation/util/GZoltarClassLoader) of the current class, org/apache/xerces/jaxp/DocumentBuilderImpl, and its superclass loader (instance of <bootloader>), have different Class objects for the type org/xml/sax/ErrorHandler used in the signature
	at org.apache.xerces.jaxp.DocumentBuilderFactoryImpl.newDocumentBuilder(Unknown Source)
	at org.apache.tika.config.TikaConfig.getBuilder(TikaConfig.java:155)
	at org.apache.tika.config.TikaConfig.<init>(TikaConfig.java:69)
	at org.apache.tika.config.TikaConfig.getDefaultConfig(TikaConfig.java:145)
	at org.apache.tika.parser.AutoDetectParser.<init>(AutoDetectParser.java:41)
	at org.apache.tika.parser.microsoft.OutlookParserTest.testMultipleCopies(OutlookParserTest.java:73)
	at sun.reflect.NativeMethodAccessorImpl.invoke0(Native Method)
	at sun.reflect.NativeMethodAccessorImpl.invoke(NativeMethodAccessorImpl.java:62)
	at sun.reflect.DelegatingMethodAccessorImpl.invoke(DelegatingMethodAccessorImpl.java:43)
	at java.lang.reflect.Method.invoke(Method.java:498)
	at junit.framework.TestCase.runTest(TestCase.java:176)
	at junit.framework.TestCase.runBare(TestCase.java:141)
	at junit.framework.TestResult$1.protect(TestResult.java:122)
	at junit.framework.TestResult.runProtected(TestResult.java:142)
	at junit.framework.TestResult.run(TestResult.java:125)
	at junit.framework.TestCase.run(TestCase.java:129)
	at junit.framework.TestSuite.runTest(TestSuite.java:255)
	at junit.framework.TestSuite.run(TestSuite.java:250)
	at org.junit.internal.runners.JUnit38ClassRunner.run(JUnit38ClassRunner.java:84)
	at com.gzoltar.lib.instrumentation.testing.junit.a.call(Unknown Source)
	at java.util.concurrent.FutureTask.run(FutureTask.java:266)
	at java.util.concurrent.ThreadPoolExecutor.runWorker(ThreadPoolExecutor.java:1149)
	at java.util.concurrent.ThreadPoolExecutor$Worker.run(ThreadPoolExecutor.java:624)
	at java.lang.Thread.run(Thread.java:748)

* Finished org.apache.tika.parser.microsoft.OutlookParserTest#testMultipleCopies
* Started org.apache.tika.parser.microsoft.PowerPointParserTest#testPowerPointParser
* Finished org.apache.tika.parser.microsoft.PowerPointParserTest#testPowerPointParser
* Started org.apache.tika.parser.AutoDetectParserTest#testPDF
* Failure: loader constraint violation: when resolving overridden method "org.apache.xerces.jaxp.DocumentBuilderImpl.setEntityResolver(Lorg/xml/sax/EntityResolver;)V" the class loader (instance of com/gzoltar/lib/instrumentation/util/GZoltarClassLoader) of the current class, org/apache/xerces/jaxp/DocumentBuilderImpl, and its superclass loader (instance of <bootloader>), have different Class objects for the type org/xml/sax/EntityResolver used in the signature | testPDF(org.apache.tika.parser.AutoDetectParserTest)
java.lang.LinkageError: loader constraint violation: when resolving overridden method "org.apache.xerces.jaxp.DocumentBuilderImpl.setEntityResolver(Lorg/xml/sax/EntityResolver;)V" the class loader (instance of com/gzoltar/lib/instrumentation/util/GZoltarClassLoader) of the current class, org/apache/xerces/jaxp/DocumentBuilderImpl, and its superclass loader (instance of <bootloader>), have different Class objects for the type org/xml/sax/EntityResolver used in the signature
	at org.apache.xerces.jaxp.DocumentBuilderFactoryImpl.newDocumentBuilder(Unknown Source)
	at org.apache.tika.config.TikaConfig.getBuilder(TikaConfig.java:155)
	at org.apache.tika.config.TikaConfig.<init>(TikaConfig.java:69)
	at org.apache.tika.config.TikaConfig.getDefaultConfig(TikaConfig.java:145)
	at org.apache.tika.parser.AutoDetectParser.<init>(AutoDetectParser.java:41)
	at org.apache.tika.parser.AutoDetectParserTest.assertAutoDetect(AutoDetectParserTest.java:66)
	at org.apache.tika.parser.AutoDetectParserTest.assertAutoDetect(AutoDetectParserTest.java:97)
	at org.apache.tika.parser.AutoDetectParserTest.assertAutoDetect(AutoDetectParserTest.java:113)
	at org.apache.tika.parser.AutoDetectParserTest.testPDF(AutoDetectParserTest.java:142)
	at sun.reflect.NativeMethodAccessorImpl.invoke0(Native Method)
	at sun.reflect.NativeMethodAccessorImpl.invoke(NativeMethodAccessorImpl.java:62)
	at sun.reflect.DelegatingMethodAccessorImpl.invoke(DelegatingMethodAccessorImpl.java:43)
	at java.lang.reflect.Method.invoke(Method.java:498)
	at junit.framework.TestCase.runTest(TestCase.java:176)
	at junit.framework.TestCase.runBare(TestCase.java:141)
	at junit.framework.TestResult$1.protect(TestResult.java:122)
	at junit.framework.TestResult.runProtected(TestResult.java:142)
	at junit.framework.TestResult.run(TestResult.java:125)
	at junit.framework.TestCase.run(TestCase.java:129)
	at junit.framework.TestSuite.runTest(TestSuite.java:255)
	at junit.framework.TestSuite.run(TestSuite.java:250)
	at org.junit.internal.runners.JUnit38ClassRunner.run(JUnit38ClassRunner.java:84)
	at com.gzoltar.lib.instrumentation.testing.junit.a.call(Unknown Source)
	at java.util.concurrent.FutureTask.run(FutureTask.java:266)
	at java.util.concurrent.ThreadPoolExecutor.runWorker(ThreadPoolExecutor.java:1149)
	at java.util.concurrent.ThreadPoolExecutor$Worker.run(ThreadPoolExecutor.java:624)
	at java.lang.Thread.run(Thread.java:748)

* Finished org.apache.tika.parser.AutoDetectParserTest#testPDF
* Started org.apache.tika.parser.AutoDetectParserTest#testRTF
* Failure: loader constraint violation: when resolving overridden method "org.apache.xerces.jaxp.DocumentBuilderImpl.setEntityResolver(Lorg/xml/sax/EntityResolver;)V" the class loader (instance of com/gzoltar/lib/instrumentation/util/GZoltarClassLoader) of the current class, org/apache/xerces/jaxp/DocumentBuilderImpl, and its superclass loader (instance of <bootloader>), have different Class objects for the type org/xml/sax/EntityResolver used in the signature | testRTF(org.apache.tika.parser.AutoDetectParserTest)
java.lang.LinkageError: loader constraint violation: when resolving overridden method "org.apache.xerces.jaxp.DocumentBuilderImpl.setEntityResolver(Lorg/xml/sax/EntityResolver;)V" the class loader (instance of com/gzoltar/lib/instrumentation/util/GZoltarClassLoader) of the current class, org/apache/xerces/jaxp/DocumentBuilderImpl, and its superclass loader (instance of <bootloader>), have different Class objects for the type org/xml/sax/EntityResolver used in the signature
	at org.apache.xerces.jaxp.DocumentBuilderFactoryImpl.newDocumentBuilder(Unknown Source)
	at org.apache.tika.config.TikaConfig.getBuilder(TikaConfig.java:155)
	at org.apache.tika.config.TikaConfig.<init>(TikaConfig.java:69)
	at org.apache.tika.config.TikaConfig.getDefaultConfig(TikaConfig.java:145)
	at org.apache.tika.parser.AutoDetectParser.<init>(AutoDetectParser.java:41)
	at org.apache.tika.parser.AutoDetectParserTest.assertAutoDetect(AutoDetectParserTest.java:66)
	at org.apache.tika.parser.AutoDetectParserTest.assertAutoDetect(AutoDetectParserTest.java:97)
	at org.apache.tika.parser.AutoDetectParserTest.assertAutoDetect(AutoDetectParserTest.java:113)
	at org.apache.tika.parser.AutoDetectParserTest.testRTF(AutoDetectParserTest.java:151)
	at sun.reflect.NativeMethodAccessorImpl.invoke0(Native Method)
	at sun.reflect.NativeMethodAccessorImpl.invoke(NativeMethodAccessorImpl.java:62)
	at sun.reflect.DelegatingMethodAccessorImpl.invoke(DelegatingMethodAccessorImpl.java:43)
	at java.lang.reflect.Method.invoke(Method.java:498)
	at junit.framework.TestCase.runTest(TestCase.java:176)
	at junit.framework.TestCase.runBare(TestCase.java:141)
	at junit.framework.TestResult$1.protect(TestResult.java:122)
	at junit.framework.TestResult.runProtected(TestResult.java:142)
	at junit.framework.TestResult.run(TestResult.java:125)
	at junit.framework.TestCase.run(TestCase.java:129)
	at junit.framework.TestSuite.runTest(TestSuite.java:255)
	at junit.framework.TestSuite.run(TestSuite.java:250)
	at org.junit.internal.runners.JUnit38ClassRunner.run(JUnit38ClassRunner.java:84)
	at com.gzoltar.lib.instrumentation.testing.junit.a.call(Unknown Source)
	at java.util.concurrent.FutureTask.run(FutureTask.java:266)
	at java.util.concurrent.ThreadPoolExecutor.runWorker(ThreadPoolExecutor.java:1149)
	at java.util.concurrent.ThreadPoolExecutor$Worker.run(ThreadPoolExecutor.java:624)
	at java.lang.Thread.run(Thread.java:748)

* Finished org.apache.tika.parser.AutoDetectParserTest#testRTF
* Started org.apache.tika.parser.AutoDetectParserTest#testXML
* Failure: loader constraint violation: when resolving overridden method "org.apache.xerces.jaxp.DocumentBuilderImpl.setEntityResolver(Lorg/xml/sax/EntityResolver;)V" the class loader (instance of com/gzoltar/lib/instrumentation/util/GZoltarClassLoader) of the current class, org/apache/xerces/jaxp/DocumentBuilderImpl, and its superclass loader (instance of <bootloader>), have different Class objects for the type org/xml/sax/EntityResolver used in the signature | testXML(org.apache.tika.parser.AutoDetectParserTest)
java.lang.LinkageError: loader constraint violation: when resolving overridden method "org.apache.xerces.jaxp.DocumentBuilderImpl.setEntityResolver(Lorg/xml/sax/EntityResolver;)V" the class loader (instance of com/gzoltar/lib/instrumentation/util/GZoltarClassLoader) of the current class, org/apache/xerces/jaxp/DocumentBuilderImpl, and its superclass loader (instance of <bootloader>), have different Class objects for the type org/xml/sax/EntityResolver used in the signature
	at org.apache.xerces.jaxp.DocumentBuilderFactoryImpl.newDocumentBuilder(Unknown Source)
	at org.apache.tika.config.TikaConfig.getBuilder(TikaConfig.java:155)
	at org.apache.tika.config.TikaConfig.<init>(TikaConfig.java:69)
	at org.apache.tika.config.TikaConfig.getDefaultConfig(TikaConfig.java:145)
	at org.apache.tika.parser.AutoDetectParser.<init>(AutoDetectParser.java:41)
	at org.apache.tika.parser.AutoDetectParserTest.assertAutoDetect(AutoDetectParserTest.java:66)
	at org.apache.tika.parser.AutoDetectParserTest.assertAutoDetect(AutoDetectParserTest.java:97)
	at org.apache.tika.parser.AutoDetectParserTest.assertAutoDetect(AutoDetectParserTest.java:113)
	at org.apache.tika.parser.AutoDetectParserTest.testXML(AutoDetectParserTest.java:163)
	at sun.reflect.NativeMethodAccessorImpl.invoke0(Native Method)
	at sun.reflect.NativeMethodAccessorImpl.invoke(NativeMethodAccessorImpl.java:62)
	at sun.reflect.DelegatingMethodAccessorImpl.invoke(DelegatingMethodAccessorImpl.java:43)
	at java.lang.reflect.Method.invoke(Method.java:498)
	at junit.framework.TestCase.runTest(TestCase.java:176)
	at junit.framework.TestCase.runBare(TestCase.java:141)
	at junit.framework.TestResult$1.protect(TestResult.java:122)
	at junit.framework.TestResult.runProtected(TestResult.java:142)
	at junit.framework.TestResult.run(TestResult.java:125)
	at junit.framework.TestCase.run(TestCase.java:129)
	at junit.framework.TestSuite.runTest(TestSuite.java:255)
	at junit.framework.TestSuite.run(TestSuite.java:250)
	at org.junit.internal.runners.JUnit38ClassRunner.run(JUnit38ClassRunner.java:84)
	at com.gzoltar.lib.instrumentation.testing.junit.a.call(Unknown Source)
	at java.util.concurrent.FutureTask.run(FutureTask.java:266)
	at java.util.concurrent.ThreadPoolExecutor.runWorker(ThreadPoolExecutor.java:1149)
	at java.util.concurrent.ThreadPoolExecutor$Worker.run(ThreadPoolExecutor.java:624)
	at java.lang.Thread.run(Thread.java:748)

* Finished org.apache.tika.parser.AutoDetectParserTest#testXML
* Started org.apache.tika.parser.AutoDetectParserTest#testExcel
* Failure: loader constraint violation: when resolving overridden method "org.apache.xerces.jaxp.DocumentBuilderImpl.setEntityResolver(Lorg/xml/sax/EntityResolver;)V" the class loader (instance of com/gzoltar/lib/instrumentation/util/GZoltarClassLoader) of the current class, org/apache/xerces/jaxp/DocumentBuilderImpl, and its superclass loader (instance of <bootloader>), have different Class objects for the type org/xml/sax/EntityResolver used in the signature | testExcel(org.apache.tika.parser.AutoDetectParserTest)
java.lang.LinkageError: loader constraint violation: when resolving overridden method "org.apache.xerces.jaxp.DocumentBuilderImpl.setEntityResolver(Lorg/xml/sax/EntityResolver;)V" the class loader (instance of com/gzoltar/lib/instrumentation/util/GZoltarClassLoader) of the current class, org/apache/xerces/jaxp/DocumentBuilderImpl, and its superclass loader (instance of <bootloader>), have different Class objects for the type org/xml/sax/EntityResolver used in the signature
	at org.apache.xerces.jaxp.DocumentBuilderFactoryImpl.newDocumentBuilder(Unknown Source)
	at org.apache.tika.config.TikaConfig.getBuilder(TikaConfig.java:155)
	at org.apache.tika.config.TikaConfig.<init>(TikaConfig.java:69)
	at org.apache.tika.config.TikaConfig.getDefaultConfig(TikaConfig.java:145)
	at org.apache.tika.parser.AutoDetectParser.<init>(AutoDetectParser.java:41)
	at org.apache.tika.parser.AutoDetectParserTest.assertAutoDetect(AutoDetectParserTest.java:66)
	at org.apache.tika.parser.AutoDetectParserTest.assertAutoDetect(AutoDetectParserTest.java:97)
	at org.apache.tika.parser.AutoDetectParserTest.assertAutoDetect(AutoDetectParserTest.java:113)
	at org.apache.tika.parser.AutoDetectParserTest.testExcel(AutoDetectParserTest.java:129)
	at sun.reflect.NativeMethodAccessorImpl.invoke0(Native Method)
	at sun.reflect.NativeMethodAccessorImpl.invoke(NativeMethodAccessorImpl.java:62)
	at sun.reflect.DelegatingMethodAccessorImpl.invoke(DelegatingMethodAccessorImpl.java:43)
	at java.lang.reflect.Method.invoke(Method.java:498)
	at junit.framework.TestCase.runTest(TestCase.java:176)
	at junit.framework.TestCase.runBare(TestCase.java:141)
	at junit.framework.TestResult$1.protect(TestResult.java:122)
	at junit.framework.TestResult.runProtected(TestResult.java:142)
	at junit.framework.TestResult.run(TestResult.java:125)
	at junit.framework.TestCase.run(TestCase.java:129)
	at junit.framework.TestSuite.runTest(TestSuite.java:255)
	at junit.framework.TestSuite.run(TestSuite.java:250)
	at org.junit.internal.runners.JUnit38ClassRunner.run(JUnit38ClassRunner.java:84)
	at com.gzoltar.lib.instrumentation.testing.junit.a.call(Unknown Source)
	at java.util.concurrent.FutureTask.run(FutureTask.java:266)
	at java.util.concurrent.ThreadPoolExecutor.runWorker(ThreadPoolExecutor.java:1149)
	at java.util.concurrent.ThreadPoolExecutor$Worker.run(ThreadPoolExecutor.java:624)
	at java.lang.Thread.run(Thread.java:748)

* Finished org.apache.tika.parser.AutoDetectParserTest#testExcel
* Started org.apache.tika.parser.AutoDetectParserTest#testHTML
* Failure: loader constraint violation: when resolving overridden method "org.apache.xerces.jaxp.DocumentBuilderImpl.setEntityResolver(Lorg/xml/sax/EntityResolver;)V" the class loader (instance of com/gzoltar/lib/instrumentation/util/GZoltarClassLoader) of the current class, org/apache/xerces/jaxp/DocumentBuilderImpl, and its superclass loader (instance of <bootloader>), have different Class objects for the type org/xml/sax/EntityResolver used in the signature | testHTML(org.apache.tika.parser.AutoDetectParserTest)
java.lang.LinkageError: loader constraint violation: when resolving overridden method "org.apache.xerces.jaxp.DocumentBuilderImpl.setEntityResolver(Lorg/xml/sax/EntityResolver;)V" the class loader (instance of com/gzoltar/lib/instrumentation/util/GZoltarClassLoader) of the current class, org/apache/xerces/jaxp/DocumentBuilderImpl, and its superclass loader (instance of <bootloader>), have different Class objects for the type org/xml/sax/EntityResolver used in the signature
	at org.apache.xerces.jaxp.DocumentBuilderFactoryImpl.newDocumentBuilder(Unknown Source)
	at org.apache.tika.config.TikaConfig.getBuilder(TikaConfig.java:155)
	at org.apache.tika.config.TikaConfig.<init>(TikaConfig.java:69)
	at org.apache.tika.config.TikaConfig.getDefaultConfig(TikaConfig.java:145)
	at org.apache.tika.parser.AutoDetectParser.<init>(AutoDetectParser.java:41)
	at org.apache.tika.parser.AutoDetectParserTest.assertAutoDetect(AutoDetectParserTest.java:66)
	at org.apache.tika.parser.AutoDetectParserTest.assertAutoDetect(AutoDetectParserTest.java:97)
	at org.apache.tika.parser.AutoDetectParserTest.assertAutoDetect(AutoDetectParserTest.java:113)
	at org.apache.tika.parser.AutoDetectParserTest.testHTML(AutoDetectParserTest.java:133)
	at sun.reflect.NativeMethodAccessorImpl.invoke0(Native Method)
	at sun.reflect.NativeMethodAccessorImpl.invoke(NativeMethodAccessorImpl.java:62)
	at sun.reflect.DelegatingMethodAccessorImpl.invoke(DelegatingMethodAccessorImpl.java:43)
	at java.lang.reflect.Method.invoke(Method.java:498)
	at junit.framework.TestCase.runTest(TestCase.java:176)
	at junit.framework.TestCase.runBare(TestCase.java:141)
	at junit.framework.TestResult$1.protect(TestResult.java:122)
	at junit.framework.TestResult.runProtected(TestResult.java:142)
	at junit.framework.TestResult.run(TestResult.java:125)
	at junit.framework.TestCase.run(TestCase.java:129)
	at junit.framework.TestSuite.runTest(TestSuite.java:255)
	at junit.framework.TestSuite.run(TestSuite.java:250)
	at org.junit.internal.runners.JUnit38ClassRunner.run(JUnit38ClassRunner.java:84)
	at com.gzoltar.lib.instrumentation.testing.junit.a.call(Unknown Source)
	at java.util.concurrent.FutureTask.run(FutureTask.java:266)
	at java.util.concurrent.ThreadPoolExecutor.runWorker(ThreadPoolExecutor.java:1149)
	at java.util.concurrent.ThreadPoolExecutor$Worker.run(ThreadPoolExecutor.java:624)
	at java.lang.Thread.run(Thread.java:748)

* Finished org.apache.tika.parser.AutoDetectParserTest#testHTML
* Started org.apache.tika.parser.AutoDetectParserTest#testText
* Failure: loader constraint violation: when resolving overridden method "org.apache.xerces.jaxp.DocumentBuilderImpl.setEntityResolver(Lorg/xml/sax/EntityResolver;)V" the class loader (instance of com/gzoltar/lib/instrumentation/util/GZoltarClassLoader) of the current class, org/apache/xerces/jaxp/DocumentBuilderImpl, and its superclass loader (instance of <bootloader>), have different Class objects for the type org/xml/sax/EntityResolver used in the signature | testText(org.apache.tika.parser.AutoDetectParserTest)
java.lang.LinkageError: loader constraint violation: when resolving overridden method "org.apache.xerces.jaxp.DocumentBuilderImpl.setEntityResolver(Lorg/xml/sax/EntityResolver;)V" the class loader (instance of com/gzoltar/lib/instrumentation/util/GZoltarClassLoader) of the current class, org/apache/xerces/jaxp/DocumentBuilderImpl, and its superclass loader (instance of <bootloader>), have different Class objects for the type org/xml/sax/EntityResolver used in the signature
	at org.apache.xerces.jaxp.DocumentBuilderFactoryImpl.newDocumentBuilder(Unknown Source)
	at org.apache.tika.config.TikaConfig.getBuilder(TikaConfig.java:155)
	at org.apache.tika.config.TikaConfig.<init>(TikaConfig.java:69)
	at org.apache.tika.config.TikaConfig.getDefaultConfig(TikaConfig.java:145)
	at org.apache.tika.parser.AutoDetectParser.<init>(AutoDetectParser.java:41)
	at org.apache.tika.parser.AutoDetectParserTest.assertAutoDetect(AutoDetectParserTest.java:66)
	at org.apache.tika.parser.AutoDetectParserTest.assertAutoDetect(AutoDetectParserTest.java:97)
	at org.apache.tika.parser.AutoDetectParserTest.assertAutoDetect(AutoDetectParserTest.java:113)
	at org.apache.tika.parser.AutoDetectParserTest.testText(AutoDetectParserTest.java:155)
	at sun.reflect.NativeMethodAccessorImpl.invoke0(Native Method)
	at sun.reflect.NativeMethodAccessorImpl.invoke(NativeMethodAccessorImpl.java:62)
	at sun.reflect.DelegatingMethodAccessorImpl.invoke(DelegatingMethodAccessorImpl.java:43)
	at java.lang.reflect.Method.invoke(Method.java:498)
	at junit.framework.TestCase.runTest(TestCase.java:176)
	at junit.framework.TestCase.runBare(TestCase.java:141)
	at junit.framework.TestResult$1.protect(TestResult.java:122)
	at junit.framework.TestResult.runProtected(TestResult.java:142)
	at junit.framework.TestResult.run(TestResult.java:125)
	at junit.framework.TestCase.run(TestCase.java:129)
	at junit.framework.TestSuite.runTest(TestSuite.java:255)
	at junit.framework.TestSuite.run(TestSuite.java:250)
	at org.junit.internal.runners.JUnit38ClassRunner.run(JUnit38ClassRunner.java:84)
	at com.gzoltar.lib.instrumentation.testing.junit.a.call(Unknown Source)
	at java.util.concurrent.FutureTask.run(FutureTask.java:266)
	at java.util.concurrent.ThreadPoolExecutor.runWorker(ThreadPoolExecutor.java:1149)
	at java.util.concurrent.ThreadPoolExecutor$Worker.run(ThreadPoolExecutor.java:624)
	at java.lang.Thread.run(Thread.java:748)

* Finished org.apache.tika.parser.AutoDetectParserTest#testText
* Started org.apache.tika.parser.AutoDetectParserTest#testWord
* Failure: loader constraint violation: when resolving overridden method "org.apache.xerces.jaxp.DocumentBuilderImpl.setEntityResolver(Lorg/xml/sax/EntityResolver;)V" the class loader (instance of com/gzoltar/lib/instrumentation/util/GZoltarClassLoader) of the current class, org/apache/xerces/jaxp/DocumentBuilderImpl, and its superclass loader (instance of <bootloader>), have different Class objects for the type org/xml/sax/EntityResolver used in the signature | testWord(org.apache.tika.parser.AutoDetectParserTest)
java.lang.LinkageError: loader constraint violation: when resolving overridden method "org.apache.xerces.jaxp.DocumentBuilderImpl.setEntityResolver(Lorg/xml/sax/EntityResolver;)V" the class loader (instance of com/gzoltar/lib/instrumentation/util/GZoltarClassLoader) of the current class, org/apache/xerces/jaxp/DocumentBuilderImpl, and its superclass loader (instance of <bootloader>), have different Class objects for the type org/xml/sax/EntityResolver used in the signature
	at org.apache.xerces.jaxp.DocumentBuilderFactoryImpl.newDocumentBuilder(Unknown Source)
	at org.apache.tika.config.TikaConfig.getBuilder(TikaConfig.java:155)
	at org.apache.tika.config.TikaConfig.<init>(TikaConfig.java:69)
	at org.apache.tika.config.TikaConfig.getDefaultConfig(TikaConfig.java:145)
	at org.apache.tika.parser.AutoDetectParser.<init>(AutoDetectParser.java:41)
	at org.apache.tika.parser.AutoDetectParserTest.assertAutoDetect(AutoDetectParserTest.java:66)
	at org.apache.tika.parser.AutoDetectParserTest.assertAutoDetect(AutoDetectParserTest.java:97)
	at org.apache.tika.parser.AutoDetectParserTest.assertAutoDetect(AutoDetectParserTest.java:113)
	at org.apache.tika.parser.AutoDetectParserTest.testWord(AutoDetectParserTest.java:159)
	at sun.reflect.NativeMethodAccessorImpl.invoke0(Native Method)
	at sun.reflect.NativeMethodAccessorImpl.invoke(NativeMethodAccessorImpl.java:62)
	at sun.reflect.DelegatingMethodAccessorImpl.invoke(DelegatingMethodAccessorImpl.java:43)
	at java.lang.reflect.Method.invoke(Method.java:498)
	at junit.framework.TestCase.runTest(TestCase.java:176)
	at junit.framework.TestCase.runBare(TestCase.java:141)
	at junit.framework.TestResult$1.protect(TestResult.java:122)
	at junit.framework.TestResult.runProtected(TestResult.java:142)
	at junit.framework.TestResult.run(TestResult.java:125)
	at junit.framework.TestCase.run(TestCase.java:129)
	at junit.framework.TestSuite.runTest(TestSuite.java:255)
	at junit.framework.TestSuite.run(TestSuite.java:250)
	at org.junit.internal.runners.JUnit38ClassRunner.run(JUnit38ClassRunner.java:84)
	at com.gzoltar.lib.instrumentation.testing.junit.a.call(Unknown Source)
	at java.util.concurrent.FutureTask.run(FutureTask.java:266)
	at java.util.concurrent.ThreadPoolExecutor.runWorker(ThreadPoolExecutor.java:1149)
	at java.util.concurrent.ThreadPoolExecutor$Worker.run(ThreadPoolExecutor.java:624)
	at java.lang.Thread.run(Thread.java:748)

* Finished org.apache.tika.parser.AutoDetectParserTest#testWord
* Started org.apache.tika.parser.AutoDetectParserTest#testOpenOffice
* Failure: loader constraint violation: when resolving overridden method "org.apache.xerces.jaxp.DocumentBuilderImpl.setEntityResolver(Lorg/xml/sax/EntityResolver;)V" the class loader (instance of com/gzoltar/lib/instrumentation/util/GZoltarClassLoader) of the current class, org/apache/xerces/jaxp/DocumentBuilderImpl, and its superclass loader (instance of <bootloader>), have different Class objects for the type org/xml/sax/EntityResolver used in the signature | testOpenOffice(org.apache.tika.parser.AutoDetectParserTest)
java.lang.LinkageError: loader constraint violation: when resolving overridden method "org.apache.xerces.jaxp.DocumentBuilderImpl.setEntityResolver(Lorg/xml/sax/EntityResolver;)V" the class loader (instance of com/gzoltar/lib/instrumentation/util/GZoltarClassLoader) of the current class, org/apache/xerces/jaxp/DocumentBuilderImpl, and its superclass loader (instance of <bootloader>), have different Class objects for the type org/xml/sax/EntityResolver used in the signature
	at org.apache.xerces.jaxp.DocumentBuilderFactoryImpl.newDocumentBuilder(Unknown Source)
	at org.apache.tika.config.TikaConfig.getBuilder(TikaConfig.java:155)
	at org.apache.tika.config.TikaConfig.<init>(TikaConfig.java:69)
	at org.apache.tika.config.TikaConfig.getDefaultConfig(TikaConfig.java:145)
	at org.apache.tika.parser.AutoDetectParser.<init>(AutoDetectParser.java:41)
	at org.apache.tika.parser.AutoDetectParserTest.assertAutoDetect(AutoDetectParserTest.java:66)
	at org.apache.tika.parser.AutoDetectParserTest.assertAutoDetect(AutoDetectParserTest.java:97)
	at org.apache.tika.parser.AutoDetectParserTest.assertAutoDetect(AutoDetectParserTest.java:113)
	at org.apache.tika.parser.AutoDetectParserTest.testOpenOffice(AutoDetectParserTest.java:137)
	at sun.reflect.NativeMethodAccessorImpl.invoke0(Native Method)
	at sun.reflect.NativeMethodAccessorImpl.invoke(NativeMethodAccessorImpl.java:62)
	at sun.reflect.DelegatingMethodAccessorImpl.invoke(DelegatingMethodAccessorImpl.java:43)
	at java.lang.reflect.Method.invoke(Method.java:498)
	at junit.framework.TestCase.runTest(TestCase.java:176)
	at junit.framework.TestCase.runBare(TestCase.java:141)
	at junit.framework.TestResult$1.protect(TestResult.java:122)
	at junit.framework.TestResult.runProtected(TestResult.java:142)
	at junit.framework.TestResult.run(TestResult.java:125)
	at junit.framework.TestCase.run(TestCase.java:129)
	at junit.framework.TestSuite.runTest(TestSuite.java:255)
	at junit.framework.TestSuite.run(TestSuite.java:250)
	at org.junit.internal.runners.JUnit38ClassRunner.run(JUnit38ClassRunner.java:84)
	at com.gzoltar.lib.instrumentation.testing.junit.a.call(Unknown Source)
	at java.util.concurrent.FutureTask.run(FutureTask.java:266)
	at java.util.concurrent.ThreadPoolExecutor.runWorker(ThreadPoolExecutor.java:1149)
	at java.util.concurrent.ThreadPoolExecutor$Worker.run(ThreadPoolExecutor.java:624)
	at java.lang.Thread.run(Thread.java:748)

* Finished org.apache.tika.parser.AutoDetectParserTest#testOpenOffice
* Started org.apache.tika.parser.AutoDetectParserTest#testPowerpoint
* Failure: loader constraint violation: when resolving overridden method "org.apache.xerces.jaxp.DocumentBuilderImpl.setEntityResolver(Lorg/xml/sax/EntityResolver;)V" the class loader (instance of com/gzoltar/lib/instrumentation/util/GZoltarClassLoader) of the current class, org/apache/xerces/jaxp/DocumentBuilderImpl, and its superclass loader (instance of <bootloader>), have different Class objects for the type org/xml/sax/EntityResolver used in the signature | testPowerpoint(org.apache.tika.parser.AutoDetectParserTest)
java.lang.LinkageError: loader constraint violation: when resolving overridden method "org.apache.xerces.jaxp.DocumentBuilderImpl.setEntityResolver(Lorg/xml/sax/EntityResolver;)V" the class loader (instance of com/gzoltar/lib/instrumentation/util/GZoltarClassLoader) of the current class, org/apache/xerces/jaxp/DocumentBuilderImpl, and its superclass loader (instance of <bootloader>), have different Class objects for the type org/xml/sax/EntityResolver used in the signature
	at org.apache.xerces.jaxp.DocumentBuilderFactoryImpl.newDocumentBuilder(Unknown Source)
	at org.apache.tika.config.TikaConfig.getBuilder(TikaConfig.java:155)
	at org.apache.tika.config.TikaConfig.<init>(TikaConfig.java:69)
	at org.apache.tika.config.TikaConfig.getDefaultConfig(TikaConfig.java:145)
	at org.apache.tika.parser.AutoDetectParser.<init>(AutoDetectParser.java:41)
	at org.apache.tika.parser.AutoDetectParserTest.assertAutoDetect(AutoDetectParserTest.java:66)
	at org.apache.tika.parser.AutoDetectParserTest.assertAutoDetect(AutoDetectParserTest.java:97)
	at org.apache.tika.parser.AutoDetectParserTest.assertAutoDetect(AutoDetectParserTest.java:113)
	at org.apache.tika.parser.AutoDetectParserTest.testPowerpoint(AutoDetectParserTest.java:147)
	at sun.reflect.NativeMethodAccessorImpl.invoke0(Native Method)
	at sun.reflect.NativeMethodAccessorImpl.invoke(NativeMethodAccessorImpl.java:62)
	at sun.reflect.DelegatingMethodAccessorImpl.invoke(DelegatingMethodAccessorImpl.java:43)
	at java.lang.reflect.Method.invoke(Method.java:498)
	at junit.framework.TestCase.runTest(TestCase.java:176)
	at junit.framework.TestCase.runBare(TestCase.java:141)
	at junit.framework.TestResult$1.protect(TestResult.java:122)
	at junit.framework.TestResult.runProtected(TestResult.java:142)
	at junit.framework.TestResult.run(TestResult.java:125)
	at junit.framework.TestCase.run(TestCase.java:129)
	at junit.framework.TestSuite.runTest(TestSuite.java:255)
	at junit.framework.TestSuite.run(TestSuite.java:250)
	at org.junit.internal.runners.JUnit38ClassRunner.run(JUnit38ClassRunner.java:84)
	at com.gzoltar.lib.instrumentation.testing.junit.a.call(Unknown Source)
	at java.util.concurrent.FutureTask.run(FutureTask.java:266)
	at java.util.concurrent.ThreadPoolExecutor.runWorker(ThreadPoolExecutor.java:1149)
	at java.util.concurrent.ThreadPoolExecutor$Worker.run(ThreadPoolExecutor.java:624)
	at java.lang.Thread.run(Thread.java:748)

* Finished org.apache.tika.parser.AutoDetectParserTest#testPowerpoint
* Started org.apache.tika.parser.mp3.Mp3ParserTest#testMp3Parsing
* Failure: loader constraint violation: when resolving overridden method "org.apache.xerces.jaxp.DocumentBuilderImpl.setErrorHandler(Lorg/xml/sax/ErrorHandler;)V" the class loader (instance of com/gzoltar/lib/instrumentation/util/GZoltarClassLoader) of the current class, org/apache/xerces/jaxp/DocumentBuilderImpl, and its superclass loader (instance of <bootloader>), have different Class objects for the type org/xml/sax/ErrorHandler used in the signature | testMp3Parsing(org.apache.tika.parser.mp3.Mp3ParserTest)
java.lang.LinkageError: loader constraint violation: when resolving overridden method "org.apache.xerces.jaxp.DocumentBuilderImpl.setErrorHandler(Lorg/xml/sax/ErrorHandler;)V" the class loader (instance of com/gzoltar/lib/instrumentation/util/GZoltarClassLoader) of the current class, org/apache/xerces/jaxp/DocumentBuilderImpl, and its superclass loader (instance of <bootloader>), have different Class objects for the type org/xml/sax/ErrorHandler used in the signature
	at org.apache.xerces.jaxp.DocumentBuilderFactoryImpl.newDocumentBuilder(Unknown Source)
	at org.apache.tika.config.TikaConfig.getBuilder(TikaConfig.java:155)
	at org.apache.tika.config.TikaConfig.<init>(TikaConfig.java:69)
	at org.apache.tika.config.TikaConfig.getDefaultConfig(TikaConfig.java:145)
	at org.apache.tika.parser.AutoDetectParser.<init>(AutoDetectParser.java:41)
	at org.apache.tika.parser.mp3.Mp3ParserTest.testMp3Parsing(Mp3ParserTest.java:35)
	at sun.reflect.NativeMethodAccessorImpl.invoke0(Native Method)
	at sun.reflect.NativeMethodAccessorImpl.invoke(NativeMethodAccessorImpl.java:62)
	at sun.reflect.DelegatingMethodAccessorImpl.invoke(DelegatingMethodAccessorImpl.java:43)
	at java.lang.reflect.Method.invoke(Method.java:498)
	at junit.framework.TestCase.runTest(TestCase.java:176)
	at junit.framework.TestCase.runBare(TestCase.java:141)
	at junit.framework.TestResult$1.protect(TestResult.java:122)
	at junit.framework.TestResult.runProtected(TestResult.java:142)
	at junit.framework.TestResult.run(TestResult.java:125)
	at junit.framework.TestCase.run(TestCase.java:129)
	at junit.framework.TestSuite.runTest(TestSuite.java:255)
	at junit.framework.TestSuite.run(TestSuite.java:250)
	at org.junit.internal.runners.JUnit38ClassRunner.run(JUnit38ClassRunner.java:84)
	at com.gzoltar.lib.instrumentation.testing.junit.a.call(Unknown Source)
	at java.util.concurrent.FutureTask.run(FutureTask.java:266)
	at java.util.concurrent.ThreadPoolExecutor.runWorker(ThreadPoolExecutor.java:1149)
	at java.util.concurrent.ThreadPoolExecutor$Worker.run(ThreadPoolExecutor.java:624)
	at java.lang.Thread.run(Thread.java:748)

* Finished org.apache.tika.parser.mp3.Mp3ParserTest#testMp3Parsing
* Started org.apache.tika.parser.asm.ClassParserTest#testClassParsing
* Failure: loader constraint violation: when resolving overridden method "org.apache.xerces.jaxp.DocumentBuilderImpl.setErrorHandler(Lorg/xml/sax/ErrorHandler;)V" the class loader (instance of com/gzoltar/lib/instrumentation/util/GZoltarClassLoader) of the current class, org/apache/xerces/jaxp/DocumentBuilderImpl, and its superclass loader (instance of <bootloader>), have different Class objects for the type org/xml/sax/ErrorHandler used in the signature | testClassParsing(org.apache.tika.parser.asm.ClassParserTest)
java.lang.LinkageError: loader constraint violation: when resolving overridden method "org.apache.xerces.jaxp.DocumentBuilderImpl.setErrorHandler(Lorg/xml/sax/ErrorHandler;)V" the class loader (instance of com/gzoltar/lib/instrumentation/util/GZoltarClassLoader) of the current class, org/apache/xerces/jaxp/DocumentBuilderImpl, and its superclass loader (instance of <bootloader>), have different Class objects for the type org/xml/sax/ErrorHandler used in the signature
	at org.apache.xerces.jaxp.DocumentBuilderFactoryImpl.newDocumentBuilder(Unknown Source)
	at org.apache.tika.config.TikaConfig.getBuilder(TikaConfig.java:155)
	at org.apache.tika.config.TikaConfig.<init>(TikaConfig.java:69)
	at org.apache.tika.config.TikaConfig.getDefaultConfig(TikaConfig.java:145)
	at org.apache.tika.parser.AutoDetectParser.<init>(AutoDetectParser.java:41)
	at org.apache.tika.parser.asm.ClassParserTest.testClassParsing(ClassParserTest.java:35)
	at sun.reflect.NativeMethodAccessorImpl.invoke0(Native Method)
	at sun.reflect.NativeMethodAccessorImpl.invoke(NativeMethodAccessorImpl.java:62)
	at sun.reflect.DelegatingMethodAccessorImpl.invoke(DelegatingMethodAccessorImpl.java:43)
	at java.lang.reflect.Method.invoke(Method.java:498)
	at junit.framework.TestCase.runTest(TestCase.java:176)
	at junit.framework.TestCase.runBare(TestCase.java:141)
	at junit.framework.TestResult$1.protect(TestResult.java:122)
	at junit.framework.TestResult.runProtected(TestResult.java:142)
	at junit.framework.TestResult.run(TestResult.java:125)
	at junit.framework.TestCase.run(TestCase.java:129)
	at junit.framework.TestSuite.runTest(TestSuite.java:255)
	at junit.framework.TestSuite.run(TestSuite.java:250)
	at org.junit.internal.runners.JUnit38ClassRunner.run(JUnit38ClassRunner.java:84)
	at com.gzoltar.lib.instrumentation.testing.junit.a.call(Unknown Source)
	at java.util.concurrent.FutureTask.run(FutureTask.java:266)
	at java.util.concurrent.ThreadPoolExecutor.runWorker(ThreadPoolExecutor.java:1149)
	at java.util.concurrent.ThreadPoolExecutor$Worker.run(ThreadPoolExecutor.java:624)
	at java.lang.Thread.run(Thread.java:748)

* Finished org.apache.tika.parser.asm.ClassParserTest#testClassParsing
* Started org.apache.tika.parser.ParsingReaderTest#testPlainText
* Failure: loader constraint violation: when resolving overridden method "org.apache.xerces.jaxp.DocumentBuilderImpl.setErrorHandler(Lorg/xml/sax/ErrorHandler;)V" the class loader (instance of com/gzoltar/lib/instrumentation/util/GZoltarClassLoader) of the current class, org/apache/xerces/jaxp/DocumentBuilderImpl, and its superclass loader (instance of <bootloader>), have different Class objects for the type org/xml/sax/ErrorHandler used in the signature | testPlainText(org.apache.tika.parser.ParsingReaderTest)
java.lang.LinkageError: loader constraint violation: when resolving overridden method "org.apache.xerces.jaxp.DocumentBuilderImpl.setErrorHandler(Lorg/xml/sax/ErrorHandler;)V" the class loader (instance of com/gzoltar/lib/instrumentation/util/GZoltarClassLoader) of the current class, org/apache/xerces/jaxp/DocumentBuilderImpl, and its superclass loader (instance of <bootloader>), have different Class objects for the type org/xml/sax/ErrorHandler used in the signature
	at org.apache.xerces.jaxp.DocumentBuilderFactoryImpl.newDocumentBuilder(Unknown Source)
	at org.apache.tika.config.TikaConfig.getBuilder(TikaConfig.java:155)
	at org.apache.tika.config.TikaConfig.<init>(TikaConfig.java:69)
	at org.apache.tika.config.TikaConfig.getDefaultConfig(TikaConfig.java:145)
	at org.apache.tika.parser.AutoDetectParser.<init>(AutoDetectParser.java:41)
	at org.apache.tika.parser.ParsingReader.<init>(ParsingReader.java:106)
	at org.apache.tika.parser.ParsingReaderTest.testPlainText(ParsingReaderTest.java:30)
	at sun.reflect.NativeMethodAccessorImpl.invoke0(Native Method)
	at sun.reflect.NativeMethodAccessorImpl.invoke(NativeMethodAccessorImpl.java:62)
	at sun.reflect.DelegatingMethodAccessorImpl.invoke(DelegatingMethodAccessorImpl.java:43)
	at java.lang.reflect.Method.invoke(Method.java:498)
	at junit.framework.TestCase.runTest(TestCase.java:176)
	at junit.framework.TestCase.runBare(TestCase.java:141)
	at junit.framework.TestResult$1.protect(TestResult.java:122)
	at junit.framework.TestResult.runProtected(TestResult.java:142)
	at junit.framework.TestResult.run(TestResult.java:125)
	at junit.framework.TestCase.run(TestCase.java:129)
	at junit.framework.TestSuite.runTest(TestSuite.java:255)
	at junit.framework.TestSuite.run(TestSuite.java:250)
	at org.junit.internal.runners.JUnit38ClassRunner.run(JUnit38ClassRunner.java:84)
	at com.gzoltar.lib.instrumentation.testing.junit.a.call(Unknown Source)
	at java.util.concurrent.FutureTask.run(FutureTask.java:266)
	at java.util.concurrent.ThreadPoolExecutor.runWorker(ThreadPoolExecutor.java:1149)
	at java.util.concurrent.ThreadPoolExecutor$Worker.run(ThreadPoolExecutor.java:624)
	at java.lang.Thread.run(Thread.java:748)

* Finished org.apache.tika.parser.ParsingReaderTest#testPlainText
* Started org.apache.tika.parser.ParsingReaderTest#testXML
* Failure: loader constraint violation: when resolving overridden method "org.apache.xerces.jaxp.DocumentBuilderImpl.setErrorHandler(Lorg/xml/sax/ErrorHandler;)V" the class loader (instance of com/gzoltar/lib/instrumentation/util/GZoltarClassLoader) of the current class, org/apache/xerces/jaxp/DocumentBuilderImpl, and its superclass loader (instance of <bootloader>), have different Class objects for the type org/xml/sax/ErrorHandler used in the signature | testXML(org.apache.tika.parser.ParsingReaderTest)
java.lang.LinkageError: loader constraint violation: when resolving overridden method "org.apache.xerces.jaxp.DocumentBuilderImpl.setErrorHandler(Lorg/xml/sax/ErrorHandler;)V" the class loader (instance of com/gzoltar/lib/instrumentation/util/GZoltarClassLoader) of the current class, org/apache/xerces/jaxp/DocumentBuilderImpl, and its superclass loader (instance of <bootloader>), have different Class objects for the type org/xml/sax/ErrorHandler used in the signature
	at org.apache.xerces.jaxp.DocumentBuilderFactoryImpl.newDocumentBuilder(Unknown Source)
	at org.apache.tika.config.TikaConfig.getBuilder(TikaConfig.java:155)
	at org.apache.tika.config.TikaConfig.<init>(TikaConfig.java:69)
	at org.apache.tika.config.TikaConfig.getDefaultConfig(TikaConfig.java:145)
	at org.apache.tika.parser.AutoDetectParser.<init>(AutoDetectParser.java:41)
	at org.apache.tika.parser.ParsingReader.<init>(ParsingReader.java:106)
	at org.apache.tika.parser.ParsingReaderTest.testXML(ParsingReaderTest.java:52)
	at sun.reflect.NativeMethodAccessorImpl.invoke0(Native Method)
	at sun.reflect.NativeMethodAccessorImpl.invoke(NativeMethodAccessorImpl.java:62)
	at sun.reflect.DelegatingMethodAccessorImpl.invoke(DelegatingMethodAccessorImpl.java:43)
	at java.lang.reflect.Method.invoke(Method.java:498)
	at junit.framework.TestCase.runTest(TestCase.java:176)
	at junit.framework.TestCase.runBare(TestCase.java:141)
	at junit.framework.TestResult$1.protect(TestResult.java:122)
	at junit.framework.TestResult.runProtected(TestResult.java:142)
	at junit.framework.TestResult.run(TestResult.java:125)
	at junit.framework.TestCase.run(TestCase.java:129)
	at junit.framework.TestSuite.runTest(TestSuite.java:255)
	at junit.framework.TestSuite.run(TestSuite.java:250)
	at org.junit.internal.runners.JUnit38ClassRunner.run(JUnit38ClassRunner.java:84)
	at com.gzoltar.lib.instrumentation.testing.junit.a.call(Unknown Source)
	at java.util.concurrent.FutureTask.run(FutureTask.java:266)
	at java.util.concurrent.ThreadPoolExecutor.runWorker(ThreadPoolExecutor.java:1149)
	at java.util.concurrent.ThreadPoolExecutor$Worker.run(ThreadPoolExecutor.java:624)
	at java.lang.Thread.run(Thread.java:748)

* Finished org.apache.tika.parser.ParsingReaderTest#testXML
* Started org.apache.tika.parser.pkg.GzipParserTest#testGzipParsing
* Failure: loader constraint violation: when resolving overridden method "org.apache.xerces.jaxp.DocumentBuilderImpl.setErrorHandler(Lorg/xml/sax/ErrorHandler;)V" the class loader (instance of com/gzoltar/lib/instrumentation/util/GZoltarClassLoader) of the current class, org/apache/xerces/jaxp/DocumentBuilderImpl, and its superclass loader (instance of <bootloader>), have different Class objects for the type org/xml/sax/ErrorHandler used in the signature | testGzipParsing(org.apache.tika.parser.pkg.GzipParserTest)
java.lang.LinkageError: loader constraint violation: when resolving overridden method "org.apache.xerces.jaxp.DocumentBuilderImpl.setErrorHandler(Lorg/xml/sax/ErrorHandler;)V" the class loader (instance of com/gzoltar/lib/instrumentation/util/GZoltarClassLoader) of the current class, org/apache/xerces/jaxp/DocumentBuilderImpl, and its superclass loader (instance of <bootloader>), have different Class objects for the type org/xml/sax/ErrorHandler used in the signature
	at org.apache.xerces.jaxp.DocumentBuilderFactoryImpl.newDocumentBuilder(Unknown Source)
	at org.apache.tika.config.TikaConfig.getBuilder(TikaConfig.java:155)
	at org.apache.tika.config.TikaConfig.<init>(TikaConfig.java:69)
	at org.apache.tika.config.TikaConfig.getDefaultConfig(TikaConfig.java:145)
	at org.apache.tika.parser.AutoDetectParser.<init>(AutoDetectParser.java:41)
	at org.apache.tika.parser.pkg.GzipParserTest.testGzipParsing(GzipParserTest.java:35)
	at sun.reflect.NativeMethodAccessorImpl.invoke0(Native Method)
	at sun.reflect.NativeMethodAccessorImpl.invoke(NativeMethodAccessorImpl.java:62)
	at sun.reflect.DelegatingMethodAccessorImpl.invoke(DelegatingMethodAccessorImpl.java:43)
	at java.lang.reflect.Method.invoke(Method.java:498)
	at junit.framework.TestCase.runTest(TestCase.java:176)
	at junit.framework.TestCase.runBare(TestCase.java:141)
	at junit.framework.TestResult$1.protect(TestResult.java:122)
	at junit.framework.TestResult.runProtected(TestResult.java:142)
	at junit.framework.TestResult.run(TestResult.java:125)
	at junit.framework.TestCase.run(TestCase.java:129)
	at junit.framework.TestSuite.runTest(TestSuite.java:255)
	at junit.framework.TestSuite.run(TestSuite.java:250)
	at org.junit.internal.runners.JUnit38ClassRunner.run(JUnit38ClassRunner.java:84)
	at com.gzoltar.lib.instrumentation.testing.junit.a.call(Unknown Source)
	at java.util.concurrent.FutureTask.run(FutureTask.java:266)
	at java.util.concurrent.ThreadPoolExecutor.runWorker(ThreadPoolExecutor.java:1149)
	at java.util.concurrent.ThreadPoolExecutor$Worker.run(ThreadPoolExecutor.java:624)
	at java.lang.Thread.run(Thread.java:748)

* Finished org.apache.tika.parser.pkg.GzipParserTest#testGzipParsing
* Started org.apache.tika.parser.pkg.GzipParserTest#testSvgzParsing
* Failure: loader constraint violation: when resolving overridden method "org.apache.xerces.jaxp.DocumentBuilderImpl.setErrorHandler(Lorg/xml/sax/ErrorHandler;)V" the class loader (instance of com/gzoltar/lib/instrumentation/util/GZoltarClassLoader) of the current class, org/apache/xerces/jaxp/DocumentBuilderImpl, and its superclass loader (instance of <bootloader>), have different Class objects for the type org/xml/sax/ErrorHandler used in the signature | testSvgzParsing(org.apache.tika.parser.pkg.GzipParserTest)
java.lang.LinkageError: loader constraint violation: when resolving overridden method "org.apache.xerces.jaxp.DocumentBuilderImpl.setErrorHandler(Lorg/xml/sax/ErrorHandler;)V" the class loader (instance of com/gzoltar/lib/instrumentation/util/GZoltarClassLoader) of the current class, org/apache/xerces/jaxp/DocumentBuilderImpl, and its superclass loader (instance of <bootloader>), have different Class objects for the type org/xml/sax/ErrorHandler used in the signature
	at org.apache.xerces.jaxp.DocumentBuilderFactoryImpl.newDocumentBuilder(Unknown Source)
	at org.apache.tika.config.TikaConfig.getBuilder(TikaConfig.java:155)
	at org.apache.tika.config.TikaConfig.<init>(TikaConfig.java:69)
	at org.apache.tika.config.TikaConfig.getDefaultConfig(TikaConfig.java:145)
	at org.apache.tika.parser.AutoDetectParser.<init>(AutoDetectParser.java:41)
	at org.apache.tika.parser.pkg.GzipParserTest.testSvgzParsing(GzipParserTest.java:70)
	at sun.reflect.NativeMethodAccessorImpl.invoke0(Native Method)
	at sun.reflect.NativeMethodAccessorImpl.invoke(NativeMethodAccessorImpl.java:62)
	at sun.reflect.DelegatingMethodAccessorImpl.invoke(DelegatingMethodAccessorImpl.java:43)
	at java.lang.reflect.Method.invoke(Method.java:498)
	at junit.framework.TestCase.runTest(TestCase.java:176)
	at junit.framework.TestCase.runBare(TestCase.java:141)
	at junit.framework.TestResult$1.protect(TestResult.java:122)
	at junit.framework.TestResult.runProtected(TestResult.java:142)
	at junit.framework.TestResult.run(TestResult.java:125)
	at junit.framework.TestCase.run(TestCase.java:129)
	at junit.framework.TestSuite.runTest(TestSuite.java:255)
	at junit.framework.TestSuite.run(TestSuite.java:250)
	at org.junit.internal.runners.JUnit38ClassRunner.run(JUnit38ClassRunner.java:84)
	at com.gzoltar.lib.instrumentation.testing.junit.a.call(Unknown Source)
	at java.util.concurrent.FutureTask.run(FutureTask.java:266)
	at java.util.concurrent.ThreadPoolExecutor.runWorker(ThreadPoolExecutor.java:1149)
	at java.util.concurrent.ThreadPoolExecutor$Worker.run(ThreadPoolExecutor.java:624)
	at java.lang.Thread.run(Thread.java:748)

* Finished org.apache.tika.parser.pkg.GzipParserTest#testSvgzParsing
* Started org.apache.tika.parser.pkg.Bzip2ParserTest#testBzip2Parsing
* Failure: loader constraint violation: when resolving overridden method "org.apache.xerces.jaxp.DocumentBuilderImpl.setErrorHandler(Lorg/xml/sax/ErrorHandler;)V" the class loader (instance of com/gzoltar/lib/instrumentation/util/GZoltarClassLoader) of the current class, org/apache/xerces/jaxp/DocumentBuilderImpl, and its superclass loader (instance of <bootloader>), have different Class objects for the type org/xml/sax/ErrorHandler used in the signature | testBzip2Parsing(org.apache.tika.parser.pkg.Bzip2ParserTest)
java.lang.LinkageError: loader constraint violation: when resolving overridden method "org.apache.xerces.jaxp.DocumentBuilderImpl.setErrorHandler(Lorg/xml/sax/ErrorHandler;)V" the class loader (instance of com/gzoltar/lib/instrumentation/util/GZoltarClassLoader) of the current class, org/apache/xerces/jaxp/DocumentBuilderImpl, and its superclass loader (instance of <bootloader>), have different Class objects for the type org/xml/sax/ErrorHandler used in the signature
	at org.apache.xerces.jaxp.DocumentBuilderFactoryImpl.newDocumentBuilder(Unknown Source)
	at org.apache.tika.config.TikaConfig.getBuilder(TikaConfig.java:155)
	at org.apache.tika.config.TikaConfig.<init>(TikaConfig.java:69)
	at org.apache.tika.config.TikaConfig.getDefaultConfig(TikaConfig.java:145)
	at org.apache.tika.parser.AutoDetectParser.<init>(AutoDetectParser.java:41)
	at org.apache.tika.parser.pkg.Bzip2ParserTest.testBzip2Parsing(Bzip2ParserTest.java:35)
	at sun.reflect.NativeMethodAccessorImpl.invoke0(Native Method)
	at sun.reflect.NativeMethodAccessorImpl.invoke(NativeMethodAccessorImpl.java:62)
	at sun.reflect.DelegatingMethodAccessorImpl.invoke(DelegatingMethodAccessorImpl.java:43)
	at java.lang.reflect.Method.invoke(Method.java:498)
	at junit.framework.TestCase.runTest(TestCase.java:176)
	at junit.framework.TestCase.runBare(TestCase.java:141)
	at junit.framework.TestResult$1.protect(TestResult.java:122)
	at junit.framework.TestResult.runProtected(TestResult.java:142)
	at junit.framework.TestResult.run(TestResult.java:125)
	at junit.framework.TestCase.run(TestCase.java:129)
	at junit.framework.TestSuite.runTest(TestSuite.java:255)
	at junit.framework.TestSuite.run(TestSuite.java:250)
	at org.junit.internal.runners.JUnit38ClassRunner.run(JUnit38ClassRunner.java:84)
	at com.gzoltar.lib.instrumentation.testing.junit.a.call(Unknown Source)
	at java.util.concurrent.FutureTask.run(FutureTask.java:266)
	at java.util.concurrent.ThreadPoolExecutor.runWorker(ThreadPoolExecutor.java:1149)
	at java.util.concurrent.ThreadPoolExecutor$Worker.run(ThreadPoolExecutor.java:624)
	at java.lang.Thread.run(Thread.java:748)

* Finished org.apache.tika.parser.pkg.Bzip2ParserTest#testBzip2Parsing
* Started org.apache.tika.parser.pkg.TarParserTest#testTarParsing
* Failure: loader constraint violation: when resolving overridden method "org.apache.xerces.jaxp.DocumentBuilderImpl.setErrorHandler(Lorg/xml/sax/ErrorHandler;)V" the class loader (instance of com/gzoltar/lib/instrumentation/util/GZoltarClassLoader) of the current class, org/apache/xerces/jaxp/DocumentBuilderImpl, and its superclass loader (instance of <bootloader>), have different Class objects for the type org/xml/sax/ErrorHandler used in the signature | testTarParsing(org.apache.tika.parser.pkg.TarParserTest)
java.lang.LinkageError: loader constraint violation: when resolving overridden method "org.apache.xerces.jaxp.DocumentBuilderImpl.setErrorHandler(Lorg/xml/sax/ErrorHandler;)V" the class loader (instance of com/gzoltar/lib/instrumentation/util/GZoltarClassLoader) of the current class, org/apache/xerces/jaxp/DocumentBuilderImpl, and its superclass loader (instance of <bootloader>), have different Class objects for the type org/xml/sax/ErrorHandler used in the signature
	at org.apache.xerces.jaxp.DocumentBuilderFactoryImpl.newDocumentBuilder(Unknown Source)
	at org.apache.tika.config.TikaConfig.getBuilder(TikaConfig.java:155)
	at org.apache.tika.config.TikaConfig.<init>(TikaConfig.java:69)
	at org.apache.tika.config.TikaConfig.getDefaultConfig(TikaConfig.java:145)
	at org.apache.tika.parser.AutoDetectParser.<init>(AutoDetectParser.java:41)
	at org.apache.tika.parser.pkg.TarParserTest.testTarParsing(TarParserTest.java:35)
	at sun.reflect.NativeMethodAccessorImpl.invoke0(Native Method)
	at sun.reflect.NativeMethodAccessorImpl.invoke(NativeMethodAccessorImpl.java:62)
	at sun.reflect.DelegatingMethodAccessorImpl.invoke(DelegatingMethodAccessorImpl.java:43)
	at java.lang.reflect.Method.invoke(Method.java:498)
	at junit.framework.TestCase.runTest(TestCase.java:176)
	at junit.framework.TestCase.runBare(TestCase.java:141)
	at junit.framework.TestResult$1.protect(TestResult.java:122)
	at junit.framework.TestResult.runProtected(TestResult.java:142)
	at junit.framework.TestResult.run(TestResult.java:125)
	at junit.framework.TestCase.run(TestCase.java:129)
	at junit.framework.TestSuite.runTest(TestSuite.java:255)
	at junit.framework.TestSuite.run(TestSuite.java:250)
	at org.junit.internal.runners.JUnit38ClassRunner.run(JUnit38ClassRunner.java:84)
	at com.gzoltar.lib.instrumentation.testing.junit.a.call(Unknown Source)
	at java.util.concurrent.FutureTask.run(FutureTask.java:266)
	at java.util.concurrent.ThreadPoolExecutor.runWorker(ThreadPoolExecutor.java:1149)
	at java.util.concurrent.ThreadPoolExecutor$Worker.run(ThreadPoolExecutor.java:624)
	at java.lang.Thread.run(Thread.java:748)

* Finished org.apache.tika.parser.pkg.TarParserTest#testTarParsing
* Started org.apache.tika.parser.pkg.ZipParserTest#testZipParsing
* Failure: loader constraint violation: when resolving overridden method "org.apache.xerces.jaxp.DocumentBuilderImpl.setErrorHandler(Lorg/xml/sax/ErrorHandler;)V" the class loader (instance of com/gzoltar/lib/instrumentation/util/GZoltarClassLoader) of the current class, org/apache/xerces/jaxp/DocumentBuilderImpl, and its superclass loader (instance of <bootloader>), have different Class objects for the type org/xml/sax/ErrorHandler used in the signature | testZipParsing(org.apache.tika.parser.pkg.ZipParserTest)
java.lang.LinkageError: loader constraint violation: when resolving overridden method "org.apache.xerces.jaxp.DocumentBuilderImpl.setErrorHandler(Lorg/xml/sax/ErrorHandler;)V" the class loader (instance of com/gzoltar/lib/instrumentation/util/GZoltarClassLoader) of the current class, org/apache/xerces/jaxp/DocumentBuilderImpl, and its superclass loader (instance of <bootloader>), have different Class objects for the type org/xml/sax/ErrorHandler used in the signature
	at org.apache.xerces.jaxp.DocumentBuilderFactoryImpl.newDocumentBuilder(Unknown Source)
	at org.apache.tika.config.TikaConfig.getBuilder(TikaConfig.java:155)
	at org.apache.tika.config.TikaConfig.<init>(TikaConfig.java:69)
	at org.apache.tika.config.TikaConfig.getDefaultConfig(TikaConfig.java:145)
	at org.apache.tika.parser.AutoDetectParser.<init>(AutoDetectParser.java:41)
	at org.apache.tika.parser.pkg.ZipParserTest.testZipParsing(ZipParserTest.java:35)
	at sun.reflect.NativeMethodAccessorImpl.invoke0(Native Method)
	at sun.reflect.NativeMethodAccessorImpl.invoke(NativeMethodAccessorImpl.java:62)
	at sun.reflect.DelegatingMethodAccessorImpl.invoke(DelegatingMethodAccessorImpl.java:43)
	at java.lang.reflect.Method.invoke(Method.java:498)
	at junit.framework.TestCase.runTest(TestCase.java:176)
	at junit.framework.TestCase.runBare(TestCase.java:141)
	at junit.framework.TestResult$1.protect(TestResult.java:122)
	at junit.framework.TestResult.runProtected(TestResult.java:142)
	at junit.framework.TestResult.run(TestResult.java:125)
	at junit.framework.TestCase.run(TestCase.java:129)
	at junit.framework.TestSuite.runTest(TestSuite.java:255)
	at junit.framework.TestSuite.run(TestSuite.java:250)
	at org.junit.internal.runners.JUnit38ClassRunner.run(JUnit38ClassRunner.java:84)
	at com.gzoltar.lib.instrumentation.testing.junit.a.call(Unknown Source)
	at java.util.concurrent.FutureTask.run(FutureTask.java:266)
	at java.util.concurrent.ThreadPoolExecutor.runWorker(ThreadPoolExecutor.java:1149)
	at java.util.concurrent.ThreadPoolExecutor$Worker.run(ThreadPoolExecutor.java:624)
	at java.lang.Thread.run(Thread.java:748)

* Finished org.apache.tika.parser.pkg.ZipParserTest#testZipParsing
* Started junit.framework.TestSuite$1#warning
* Failure: Exception in constructor: testWmfDetection (java.lang.LinkageError: loader constraint violation: loader (instance of com/gzoltar/lib/instrumentation/util/GZoltarClassLoader) previously initiated loading for a different type with name "org/w3c/dom/Document"
	at java.lang.ClassLoader.defineClass1(Native Method)
	at java.lang.ClassLoader.defineClass(ClassLoader.java:756)
	at java.lang.ClassLoader.defineClass(ClassLoader.java:635)
	at com.gzoltar.lib.instrumentation.util.GZoltarClassLoader.processClassPath(Unknown Source)
	at com.gzoltar.lib.instrumentation.util.GZoltarClassLoader.loadClass(Unknown Source)
	at org.apache.tika.config.TikaConfig.<init>(TikaConfig.java:73)
	at org.apache.tika.config.TikaConfig.<init>(TikaConfig.java:69)
	at org.apache.tika.config.TikaConfig.getDefaultConfig(TikaConfig.java:145)
	at org.apache.tika.mime.TestMimeTypes.<init>(TestMimeTypes.java:55)
	at sun.reflect.NativeConstructorAccessorImpl.newInstance0(Native Method)
	at sun.reflect.NativeConstructorAccessorImpl.newInstance(NativeConstructorAccessorImpl.java:62)
	at sun.reflect.DelegatingConstructorAccessorImpl.newInstance(DelegatingConstructorAccessorImpl.java:45)
	at java.lang.reflect.Constructor.newInstance(Constructor.java:423)
	at junit.framework.TestSuite.createTest(TestSuite.java:63)
	at junit.framework.TestSuite.addTestMethod(TestSuite.java:310)
	at junit.framework.TestSuite.addTestsFromTestCase(TestSuite.java:153)
	at junit.framework.TestSuite.<init>(TestSuite.java:132)
	at org.junit.internal.runners.JUnit38ClassRunner.<init>(JUnit38ClassRunner.java:72)
	at org.junit.internal.builders.JUnit3Builder.runnerForClass(JUnit3Builder.java:11)
	at org.junit.runners.model.RunnerBuilder.safeRunnerForClass(RunnerBuilder.java:59)
	at org.junit.internal.builders.AllDefaultPossibilitiesBuilder.runnerForClass(AllDefaultPossibilitiesBuilder.java:26)
	at org.junit.runners.model.RunnerBuilder.safeRunnerForClass(RunnerBuilder.java:59)
	at org.junit.internal.requests.ClassRequest.getRunner(ClassRequest.java:26)
	at com.gzoltar.lib.instrumentation.testing.junit.JUnitRunner.execute(Unknown Source)
	at com.gzoltar.lib.instrumentation.testing.junit.JUnitRunner.run(Unknown Source)
	at com.gzoltar.lib.client.Diagnose.main(Unknown Source)
) | warning(junit.framework.TestSuite$1)
junit.framework.AssertionFailedError: Exception in constructor: testWmfDetection (java.lang.LinkageError: loader constraint violation: loader (instance of com/gzoltar/lib/instrumentation/util/GZoltarClassLoader) previously initiated loading for a different type with name "org/w3c/dom/Document"
	at java.lang.ClassLoader.defineClass1(Native Method)
	at java.lang.ClassLoader.defineClass(ClassLoader.java:756)
	at java.lang.ClassLoader.defineClass(ClassLoader.java:635)
	at com.gzoltar.lib.instrumentation.util.GZoltarClassLoader.processClassPath(Unknown Source)
	at com.gzoltar.lib.instrumentation.util.GZoltarClassLoader.loadClass(Unknown Source)
	at org.apache.tika.config.TikaConfig.<init>(TikaConfig.java:73)
	at org.apache.tika.config.TikaConfig.<init>(TikaConfig.java:69)
	at org.apache.tika.config.TikaConfig.getDefaultConfig(TikaConfig.java:145)
	at org.apache.tika.mime.TestMimeTypes.<init>(TestMimeTypes.java:55)
	at sun.reflect.NativeConstructorAccessorImpl.newInstance0(Native Method)
	at sun.reflect.NativeConstructorAccessorImpl.newInstance(NativeConstructorAccessorImpl.java:62)
	at sun.reflect.DelegatingConstructorAccessorImpl.newInstance(DelegatingConstructorAccessorImpl.java:45)
	at java.lang.reflect.Constructor.newInstance(Constructor.java:423)
	at junit.framework.TestSuite.createTest(TestSuite.java:63)
	at junit.framework.TestSuite.addTestMethod(TestSuite.java:310)
	at junit.framework.TestSuite.addTestsFromTestCase(TestSuite.java:153)
	at junit.framework.TestSuite.<init>(TestSuite.java:132)
	at org.junit.internal.runners.JUnit38ClassRunner.<init>(JUnit38ClassRunner.java:72)
	at org.junit.internal.builders.JUnit3Builder.runnerForClass(JUnit3Builder.java:11)
	at org.junit.runners.model.RunnerBuilder.safeRunnerForClass(RunnerBuilder.java:59)
	at org.junit.internal.builders.AllDefaultPossibilitiesBuilder.runnerForClass(AllDefaultPossibilitiesBuilder.java:26)
	at org.junit.runners.model.RunnerBuilder.safeRunnerForClass(RunnerBuilder.java:59)
	at org.junit.internal.requests.ClassRequest.getRunner(ClassRequest.java:26)
	at com.gzoltar.lib.instrumentation.testing.junit.JUnitRunner.execute(Unknown Source)
	at com.gzoltar.lib.instrumentation.testing.junit.JUnitRunner.run(Unknown Source)
	at com.gzoltar.lib.client.Diagnose.main(Unknown Source)
)
	at junit.framework.Assert.fail(Assert.java:57)
	at junit.framework.TestCase.fail(TestCase.java:227)
	at junit.framework.TestSuite$1.runTest(TestSuite.java:100)
	at junit.framework.TestCase.runBare(TestCase.java:141)
	at junit.framework.TestResult$1.protect(TestResult.java:122)
	at junit.framework.TestResult.runProtected(TestResult.java:142)
	at junit.framework.TestResult.run(TestResult.java:125)
	at junit.framework.TestCase.run(TestCase.java:129)
	at junit.framework.TestSuite.runTest(TestSuite.java:255)
	at junit.framework.TestSuite.run(TestSuite.java:250)
	at org.junit.internal.runners.JUnit38ClassRunner.run(JUnit38ClassRunner.java:84)
	at com.gzoltar.lib.instrumentation.testing.junit.a.call(Unknown Source)
	at java.util.concurrent.FutureTask.run(FutureTask.java:266)
	at java.util.concurrent.ThreadPoolExecutor.runWorker(ThreadPoolExecutor.java:1149)
	at java.util.concurrent.ThreadPoolExecutor$Worker.run(ThreadPoolExecutor.java:624)
	at java.lang.Thread.run(Thread.java:748)

* Finished junit.framework.TestSuite$1#warning
* Started junit.framework.TestSuite$1#warning
* Failure: Exception in constructor: testPnmDetection (java.lang.LinkageError: org/w3c/dom/Document
	at org.apache.tika.config.TikaConfig.<init>(TikaConfig.java:73)
	at org.apache.tika.config.TikaConfig.<init>(TikaConfig.java:69)
	at org.apache.tika.config.TikaConfig.getDefaultConfig(TikaConfig.java:145)
	at org.apache.tika.mime.TestMimeTypes.<init>(TestMimeTypes.java:55)
	at sun.reflect.NativeConstructorAccessorImpl.newInstance0(Native Method)
	at sun.reflect.NativeConstructorAccessorImpl.newInstance(NativeConstructorAccessorImpl.java:62)
	at sun.reflect.DelegatingConstructorAccessorImpl.newInstance(DelegatingConstructorAccessorImpl.java:45)
	at java.lang.reflect.Constructor.newInstance(Constructor.java:423)
	at junit.framework.TestSuite.createTest(TestSuite.java:63)
	at junit.framework.TestSuite.addTestMethod(TestSuite.java:310)
	at junit.framework.TestSuite.addTestsFromTestCase(TestSuite.java:153)
	at junit.framework.TestSuite.<init>(TestSuite.java:132)
	at org.junit.internal.runners.JUnit38ClassRunner.<init>(JUnit38ClassRunner.java:72)
	at org.junit.internal.builders.JUnit3Builder.runnerForClass(JUnit3Builder.java:11)
	at org.junit.runners.model.RunnerBuilder.safeRunnerForClass(RunnerBuilder.java:59)
	at org.junit.internal.builders.AllDefaultPossibilitiesBuilder.runnerForClass(AllDefaultPossibilitiesBuilder.java:26)
	at org.junit.runners.model.RunnerBuilder.safeRunnerForClass(RunnerBuilder.java:59)
	at org.junit.internal.requests.ClassRequest.getRunner(ClassRequest.java:26)
	at com.gzoltar.lib.instrumentation.testing.junit.JUnitRunner.execute(Unknown Source)
	at com.gzoltar.lib.instrumentation.testing.junit.JUnitRunner.run(Unknown Source)
	at com.gzoltar.lib.client.Diagnose.main(Unknown Source)
) | warning(junit.framework.TestSuite$1)
junit.framework.AssertionFailedError: Exception in constructor: testPnmDetection (java.lang.LinkageError: org/w3c/dom/Document
	at org.apache.tika.config.TikaConfig.<init>(TikaConfig.java:73)
	at org.apache.tika.config.TikaConfig.<init>(TikaConfig.java:69)
	at org.apache.tika.config.TikaConfig.getDefaultConfig(TikaConfig.java:145)
	at org.apache.tika.mime.TestMimeTypes.<init>(TestMimeTypes.java:55)
	at sun.reflect.NativeConstructorAccessorImpl.newInstance0(Native Method)
	at sun.reflect.NativeConstructorAccessorImpl.newInstance(NativeConstructorAccessorImpl.java:62)
	at sun.reflect.DelegatingConstructorAccessorImpl.newInstance(DelegatingConstructorAccessorImpl.java:45)
	at java.lang.reflect.Constructor.newInstance(Constructor.java:423)
	at junit.framework.TestSuite.createTest(TestSuite.java:63)
	at junit.framework.TestSuite.addTestMethod(TestSuite.java:310)
	at junit.framework.TestSuite.addTestsFromTestCase(TestSuite.java:153)
	at junit.framework.TestSuite.<init>(TestSuite.java:132)
	at org.junit.internal.runners.JUnit38ClassRunner.<init>(JUnit38ClassRunner.java:72)
	at org.junit.internal.builders.JUnit3Builder.runnerForClass(JUnit3Builder.java:11)
	at org.junit.runners.model.RunnerBuilder.safeRunnerForClass(RunnerBuilder.java:59)
	at org.junit.internal.builders.AllDefaultPossibilitiesBuilder.runnerForClass(AllDefaultPossibilitiesBuilder.java:26)
	at org.junit.runners.model.RunnerBuilder.safeRunnerForClass(RunnerBuilder.java:59)
	at org.junit.internal.requests.ClassRequest.getRunner(ClassRequest.java:26)
	at com.gzoltar.lib.instrumentation.testing.junit.JUnitRunner.execute(Unknown Source)
	at com.gzoltar.lib.instrumentation.testing.junit.JUnitRunner.run(Unknown Source)
	at com.gzoltar.lib.client.Diagnose.main(Unknown Source)
)
	at junit.framework.Assert.fail(Assert.java:57)
	at junit.framework.TestCase.fail(TestCase.java:227)
	at junit.framework.TestSuite$1.runTest(TestSuite.java:100)
	at junit.framework.TestCase.runBare(TestCase.java:141)
	at junit.framework.TestResult$1.protect(TestResult.java:122)
	at junit.framework.TestResult.runProtected(TestResult.java:142)
	at junit.framework.TestResult.run(TestResult.java:125)
	at junit.framework.TestCase.run(TestCase.java:129)
	at junit.framework.TestSuite.runTest(TestSuite.java:255)
	at junit.framework.TestSuite.run(TestSuite.java:250)
	at org.junit.internal.runners.JUnit38ClassRunner.run(JUnit38ClassRunner.java:84)
	at com.gzoltar.lib.instrumentation.testing.junit.a.call(Unknown Source)
	at java.util.concurrent.FutureTask.run(FutureTask.java:266)
	at java.util.concurrent.ThreadPoolExecutor.runWorker(ThreadPoolExecutor.java:1149)
	at java.util.concurrent.ThreadPoolExecutor$Worker.run(ThreadPoolExecutor.java:624)
	at java.lang.Thread.run(Thread.java:748)

* Finished junit.framework.TestSuite$1#warning
* Started junit.framework.TestSuite$1#warning
* Failure: Exception in constructor: testJpegDetection (java.lang.LinkageError: org/w3c/dom/Document
	at org.apache.tika.config.TikaConfig.<init>(TikaConfig.java:73)
	at org.apache.tika.config.TikaConfig.<init>(TikaConfig.java:69)
	at org.apache.tika.config.TikaConfig.getDefaultConfig(TikaConfig.java:145)
	at org.apache.tika.mime.TestMimeTypes.<init>(TestMimeTypes.java:55)
	at sun.reflect.NativeConstructorAccessorImpl.newInstance0(Native Method)
	at sun.reflect.NativeConstructorAccessorImpl.newInstance(NativeConstructorAccessorImpl.java:62)
	at sun.reflect.DelegatingConstructorAccessorImpl.newInstance(DelegatingConstructorAccessorImpl.java:45)
	at java.lang.reflect.Constructor.newInstance(Constructor.java:423)
	at junit.framework.TestSuite.createTest(TestSuite.java:63)
	at junit.framework.TestSuite.addTestMethod(TestSuite.java:310)
	at junit.framework.TestSuite.addTestsFromTestCase(TestSuite.java:153)
	at junit.framework.TestSuite.<init>(TestSuite.java:132)
	at org.junit.internal.runners.JUnit38ClassRunner.<init>(JUnit38ClassRunner.java:72)
	at org.junit.internal.builders.JUnit3Builder.runnerForClass(JUnit3Builder.java:11)
	at org.junit.runners.model.RunnerBuilder.safeRunnerForClass(RunnerBuilder.java:59)
	at org.junit.internal.builders.AllDefaultPossibilitiesBuilder.runnerForClass(AllDefaultPossibilitiesBuilder.java:26)
	at org.junit.runners.model.RunnerBuilder.safeRunnerForClass(RunnerBuilder.java:59)
	at org.junit.internal.requests.ClassRequest.getRunner(ClassRequest.java:26)
	at com.gzoltar.lib.instrumentation.testing.junit.JUnitRunner.execute(Unknown Source)
	at com.gzoltar.lib.instrumentation.testing.junit.JUnitRunner.run(Unknown Source)
	at com.gzoltar.lib.client.Diagnose.main(Unknown Source)
) | warning(junit.framework.TestSuite$1)
junit.framework.AssertionFailedError: Exception in constructor: testJpegDetection (java.lang.LinkageError: org/w3c/dom/Document
	at org.apache.tika.config.TikaConfig.<init>(TikaConfig.java:73)
	at org.apache.tika.config.TikaConfig.<init>(TikaConfig.java:69)
	at org.apache.tika.config.TikaConfig.getDefaultConfig(TikaConfig.java:145)
	at org.apache.tika.mime.TestMimeTypes.<init>(TestMimeTypes.java:55)
	at sun.reflect.NativeConstructorAccessorImpl.newInstance0(Native Method)
	at sun.reflect.NativeConstructorAccessorImpl.newInstance(NativeConstructorAccessorImpl.java:62)
	at sun.reflect.DelegatingConstructorAccessorImpl.newInstance(DelegatingConstructorAccessorImpl.java:45)
	at java.lang.reflect.Constructor.newInstance(Constructor.java:423)
	at junit.framework.TestSuite.createTest(TestSuite.java:63)
	at junit.framework.TestSuite.addTestMethod(TestSuite.java:310)
	at junit.framework.TestSuite.addTestsFromTestCase(TestSuite.java:153)
	at junit.framework.TestSuite.<init>(TestSuite.java:132)
	at org.junit.internal.runners.JUnit38ClassRunner.<init>(JUnit38ClassRunner.java:72)
	at org.junit.internal.builders.JUnit3Builder.runnerForClass(JUnit3Builder.java:11)
	at org.junit.runners.model.RunnerBuilder.safeRunnerForClass(RunnerBuilder.java:59)
	at org.junit.internal.builders.AllDefaultPossibilitiesBuilder.runnerForClass(AllDefaultPossibilitiesBuilder.java:26)
	at org.junit.runners.model.RunnerBuilder.safeRunnerForClass(RunnerBuilder.java:59)
	at org.junit.internal.requests.ClassRequest.getRunner(ClassRequest.java:26)
	at com.gzoltar.lib.instrumentation.testing.junit.JUnitRunner.execute(Unknown Source)
	at com.gzoltar.lib.instrumentation.testing.junit.JUnitRunner.run(Unknown Source)
	at com.gzoltar.lib.client.Diagnose.main(Unknown Source)
)
	at junit.framework.Assert.fail(Assert.java:57)
	at junit.framework.TestCase.fail(TestCase.java:227)
	at junit.framework.TestSuite$1.runTest(TestSuite.java:100)
	at junit.framework.TestCase.runBare(TestCase.java:141)
	at junit.framework.TestResult$1.protect(TestResult.java:122)
	at junit.framework.TestResult.runProtected(TestResult.java:142)
	at junit.framework.TestResult.run(TestResult.java:125)
	at junit.framework.TestCase.run(TestCase.java:129)
	at junit.framework.TestSuite.runTest(TestSuite.java:255)
	at junit.framework.TestSuite.run(TestSuite.java:250)
	at org.junit.internal.runners.JUnit38ClassRunner.run(JUnit38ClassRunner.java:84)
	at com.gzoltar.lib.instrumentation.testing.junit.a.call(Unknown Source)
	at java.util.concurrent.FutureTask.run(FutureTask.java:266)
	at java.util.concurrent.ThreadPoolExecutor.runWorker(ThreadPoolExecutor.java:1149)
	at java.util.concurrent.ThreadPoolExecutor$Worker.run(ThreadPoolExecutor.java:624)
	at java.lang.Thread.run(Thread.java:748)

* Finished junit.framework.TestSuite$1#warning
* Started junit.framework.TestSuite$1#warning
* Failure: Exception in constructor: testSvgDetection (java.lang.LinkageError: org/w3c/dom/Document
	at org.apache.tika.config.TikaConfig.<init>(TikaConfig.java:73)
	at org.apache.tika.config.TikaConfig.<init>(TikaConfig.java:69)
	at org.apache.tika.config.TikaConfig.getDefaultConfig(TikaConfig.java:145)
	at org.apache.tika.mime.TestMimeTypes.<init>(TestMimeTypes.java:55)
	at sun.reflect.NativeConstructorAccessorImpl.newInstance0(Native Method)
	at sun.reflect.NativeConstructorAccessorImpl.newInstance(NativeConstructorAccessorImpl.java:62)
	at sun.reflect.DelegatingConstructorAccessorImpl.newInstance(DelegatingConstructorAccessorImpl.java:45)
	at java.lang.reflect.Constructor.newInstance(Constructor.java:423)
	at junit.framework.TestSuite.createTest(TestSuite.java:63)
	at junit.framework.TestSuite.addTestMethod(TestSuite.java:310)
	at junit.framework.TestSuite.addTestsFromTestCase(TestSuite.java:153)
	at junit.framework.TestSuite.<init>(TestSuite.java:132)
	at org.junit.internal.runners.JUnit38ClassRunner.<init>(JUnit38ClassRunner.java:72)
	at org.junit.internal.builders.JUnit3Builder.runnerForClass(JUnit3Builder.java:11)
	at org.junit.runners.model.RunnerBuilder.safeRunnerForClass(RunnerBuilder.java:59)
	at org.junit.internal.builders.AllDefaultPossibilitiesBuilder.runnerForClass(AllDefaultPossibilitiesBuilder.java:26)
	at org.junit.runners.model.RunnerBuilder.safeRunnerForClass(RunnerBuilder.java:59)
	at org.junit.internal.requests.ClassRequest.getRunner(ClassRequest.java:26)
	at com.gzoltar.lib.instrumentation.testing.junit.JUnitRunner.execute(Unknown Source)
	at com.gzoltar.lib.instrumentation.testing.junit.JUnitRunner.run(Unknown Source)
	at com.gzoltar.lib.client.Diagnose.main(Unknown Source)
) | warning(junit.framework.TestSuite$1)
junit.framework.AssertionFailedError: Exception in constructor: testSvgDetection (java.lang.LinkageError: org/w3c/dom/Document
	at org.apache.tika.config.TikaConfig.<init>(TikaConfig.java:73)
	at org.apache.tika.config.TikaConfig.<init>(TikaConfig.java:69)
	at org.apache.tika.config.TikaConfig.getDefaultConfig(TikaConfig.java:145)
	at org.apache.tika.mime.TestMimeTypes.<init>(TestMimeTypes.java:55)
	at sun.reflect.NativeConstructorAccessorImpl.newInstance0(Native Method)
	at sun.reflect.NativeConstructorAccessorImpl.newInstance(NativeConstructorAccessorImpl.java:62)
	at sun.reflect.DelegatingConstructorAccessorImpl.newInstance(DelegatingConstructorAccessorImpl.java:45)
	at java.lang.reflect.Constructor.newInstance(Constructor.java:423)
	at junit.framework.TestSuite.createTest(TestSuite.java:63)
	at junit.framework.TestSuite.addTestMethod(TestSuite.java:310)
	at junit.framework.TestSuite.addTestsFromTestCase(TestSuite.java:153)
	at junit.framework.TestSuite.<init>(TestSuite.java:132)
	at org.junit.internal.runners.JUnit38ClassRunner.<init>(JUnit38ClassRunner.java:72)
	at org.junit.internal.builders.JUnit3Builder.runnerForClass(JUnit3Builder.java:11)
	at org.junit.runners.model.RunnerBuilder.safeRunnerForClass(RunnerBuilder.java:59)
	at org.junit.internal.builders.AllDefaultPossibilitiesBuilder.runnerForClass(AllDefaultPossibilitiesBuilder.java:26)
	at org.junit.runners.model.RunnerBuilder.safeRunnerForClass(RunnerBuilder.java:59)
	at org.junit.internal.requests.ClassRequest.getRunner(ClassRequest.java:26)
	at com.gzoltar.lib.instrumentation.testing.junit.JUnitRunner.execute(Unknown Source)
	at com.gzoltar.lib.instrumentation.testing.junit.JUnitRunner.run(Unknown Source)
	at com.gzoltar.lib.client.Diagnose.main(Unknown Source)
)
	at junit.framework.Assert.fail(Assert.java:57)
	at junit.framework.TestCase.fail(TestCase.java:227)
	at junit.framework.TestSuite$1.runTest(TestSuite.java:100)
	at junit.framework.TestCase.runBare(TestCase.java:141)
	at junit.framework.TestResult$1.protect(TestResult.java:122)
	at junit.framework.TestResult.runProtected(TestResult.java:142)
	at junit.framework.TestResult.run(TestResult.java:125)
	at junit.framework.TestCase.run(TestCase.java:129)
	at junit.framework.TestSuite.runTest(TestSuite.java:255)
	at junit.framework.TestSuite.run(TestSuite.java:250)
	at org.junit.internal.runners.JUnit38ClassRunner.run(JUnit38ClassRunner.java:84)
	at com.gzoltar.lib.instrumentation.testing.junit.a.call(Unknown Source)
	at java.util.concurrent.FutureTask.run(FutureTask.java:266)
	at java.util.concurrent.ThreadPoolExecutor.runWorker(ThreadPoolExecutor.java:1149)
	at java.util.concurrent.ThreadPoolExecutor$Worker.run(ThreadPoolExecutor.java:624)
	at java.lang.Thread.run(Thread.java:748)

* Finished junit.framework.TestSuite$1#warning
* Started junit.framework.TestSuite$1#warning
* Failure: Exception in constructor: testLoadMimeTypes (java.lang.LinkageError: org/w3c/dom/Document
	at org.apache.tika.config.TikaConfig.<init>(TikaConfig.java:73)
	at org.apache.tika.config.TikaConfig.<init>(TikaConfig.java:69)
	at org.apache.tika.config.TikaConfig.getDefaultConfig(TikaConfig.java:145)
	at org.apache.tika.mime.TestMimeTypes.<init>(TestMimeTypes.java:55)
	at sun.reflect.NativeConstructorAccessorImpl.newInstance0(Native Method)
	at sun.reflect.NativeConstructorAccessorImpl.newInstance(NativeConstructorAccessorImpl.java:62)
	at sun.reflect.DelegatingConstructorAccessorImpl.newInstance(DelegatingConstructorAccessorImpl.java:45)
	at java.lang.reflect.Constructor.newInstance(Constructor.java:423)
	at junit.framework.TestSuite.createTest(TestSuite.java:63)
	at junit.framework.TestSuite.addTestMethod(TestSuite.java:310)
	at junit.framework.TestSuite.addTestsFromTestCase(TestSuite.java:153)
	at junit.framework.TestSuite.<init>(TestSuite.java:132)
	at org.junit.internal.runners.JUnit38ClassRunner.<init>(JUnit38ClassRunner.java:72)
	at org.junit.internal.builders.JUnit3Builder.runnerForClass(JUnit3Builder.java:11)
	at org.junit.runners.model.RunnerBuilder.safeRunnerForClass(RunnerBuilder.java:59)
	at org.junit.internal.builders.AllDefaultPossibilitiesBuilder.runnerForClass(AllDefaultPossibilitiesBuilder.java:26)
	at org.junit.runners.model.RunnerBuilder.safeRunnerForClass(RunnerBuilder.java:59)
	at org.junit.internal.requests.ClassRequest.getRunner(ClassRequest.java:26)
	at com.gzoltar.lib.instrumentation.testing.junit.JUnitRunner.execute(Unknown Source)
	at com.gzoltar.lib.instrumentation.testing.junit.JUnitRunner.run(Unknown Source)
	at com.gzoltar.lib.client.Diagnose.main(Unknown Source)
) | warning(junit.framework.TestSuite$1)
junit.framework.AssertionFailedError: Exception in constructor: testLoadMimeTypes (java.lang.LinkageError: org/w3c/dom/Document
	at org.apache.tika.config.TikaConfig.<init>(TikaConfig.java:73)
	at org.apache.tika.config.TikaConfig.<init>(TikaConfig.java:69)
	at org.apache.tika.config.TikaConfig.getDefaultConfig(TikaConfig.java:145)
	at org.apache.tika.mime.TestMimeTypes.<init>(TestMimeTypes.java:55)
	at sun.reflect.NativeConstructorAccessorImpl.newInstance0(Native Method)
	at sun.reflect.NativeConstructorAccessorImpl.newInstance(NativeConstructorAccessorImpl.java:62)
	at sun.reflect.DelegatingConstructorAccessorImpl.newInstance(DelegatingConstructorAccessorImpl.java:45)
	at java.lang.reflect.Constructor.newInstance(Constructor.java:423)
	at junit.framework.TestSuite.createTest(TestSuite.java:63)
	at junit.framework.TestSuite.addTestMethod(TestSuite.java:310)
	at junit.framework.TestSuite.addTestsFromTestCase(TestSuite.java:153)
	at junit.framework.TestSuite.<init>(TestSuite.java:132)
	at org.junit.internal.runners.JUnit38ClassRunner.<init>(JUnit38ClassRunner.java:72)
	at org.junit.internal.builders.JUnit3Builder.runnerForClass(JUnit3Builder.java:11)
	at org.junit.runners.model.RunnerBuilder.safeRunnerForClass(RunnerBuilder.java:59)
	at org.junit.internal.builders.AllDefaultPossibilitiesBuilder.runnerForClass(AllDefaultPossibilitiesBuilder.java:26)
	at org.junit.runners.model.RunnerBuilder.safeRunnerForClass(RunnerBuilder.java:59)
	at org.junit.internal.requests.ClassRequest.getRunner(ClassRequest.java:26)
	at com.gzoltar.lib.instrumentation.testing.junit.JUnitRunner.execute(Unknown Source)
	at com.gzoltar.lib.instrumentation.testing.junit.JUnitRunner.run(Unknown Source)
	at com.gzoltar.lib.client.Diagnose.main(Unknown Source)
)
	at junit.framework.Assert.fail(Assert.java:57)
	at junit.framework.TestCase.fail(TestCase.java:227)
	at junit.framework.TestSuite$1.runTest(TestSuite.java:100)
	at junit.framework.TestCase.runBare(TestCase.java:141)
	at junit.framework.TestResult$1.protect(TestResult.java:122)
	at junit.framework.TestResult.runProtected(TestResult.java:142)
	at junit.framework.TestResult.run(TestResult.java:125)
	at junit.framework.TestCase.run(TestCase.java:129)
	at junit.framework.TestSuite.runTest(TestSuite.java:255)
	at junit.framework.TestSuite.run(TestSuite.java:250)
	at org.junit.internal.runners.JUnit38ClassRunner.run(JUnit38ClassRunner.java:84)
	at com.gzoltar.lib.instrumentation.testing.junit.a.call(Unknown Source)
	at java.util.concurrent.FutureTask.run(FutureTask.java:266)
	at java.util.concurrent.ThreadPoolExecutor.runWorker(ThreadPoolExecutor.java:1149)
	at java.util.concurrent.ThreadPoolExecutor$Worker.run(ThreadPoolExecutor.java:624)
	at java.lang.Thread.run(Thread.java:748)

* Finished junit.framework.TestSuite$1#warning
* Started junit.framework.TestSuite$1#warning
* Failure: Exception in constructor: testGuessMimeTypes (java.lang.LinkageError: org/w3c/dom/Document
	at org.apache.tika.config.TikaConfig.<init>(TikaConfig.java:73)
	at org.apache.tika.config.TikaConfig.<init>(TikaConfig.java:69)
	at org.apache.tika.config.TikaConfig.getDefaultConfig(TikaConfig.java:145)
	at org.apache.tika.mime.TestMimeTypes.<init>(TestMimeTypes.java:55)
	at sun.reflect.NativeConstructorAccessorImpl.newInstance0(Native Method)
	at sun.reflect.NativeConstructorAccessorImpl.newInstance(NativeConstructorAccessorImpl.java:62)
	at sun.reflect.DelegatingConstructorAccessorImpl.newInstance(DelegatingConstructorAccessorImpl.java:45)
	at java.lang.reflect.Constructor.newInstance(Constructor.java:423)
	at junit.framework.TestSuite.createTest(TestSuite.java:63)
	at junit.framework.TestSuite.addTestMethod(TestSuite.java:310)
	at junit.framework.TestSuite.addTestsFromTestCase(TestSuite.java:153)
	at junit.framework.TestSuite.<init>(TestSuite.java:132)
	at org.junit.internal.runners.JUnit38ClassRunner.<init>(JUnit38ClassRunner.java:72)
	at org.junit.internal.builders.JUnit3Builder.runnerForClass(JUnit3Builder.java:11)
	at org.junit.runners.model.RunnerBuilder.safeRunnerForClass(RunnerBuilder.java:59)
	at org.junit.internal.builders.AllDefaultPossibilitiesBuilder.runnerForClass(AllDefaultPossibilitiesBuilder.java:26)
	at org.junit.runners.model.RunnerBuilder.safeRunnerForClass(RunnerBuilder.java:59)
	at org.junit.internal.requests.ClassRequest.getRunner(ClassRequest.java:26)
	at com.gzoltar.lib.instrumentation.testing.junit.JUnitRunner.execute(Unknown Source)
	at com.gzoltar.lib.instrumentation.testing.junit.JUnitRunner.run(Unknown Source)
	at com.gzoltar.lib.client.Diagnose.main(Unknown Source)
) | warning(junit.framework.TestSuite$1)
junit.framework.AssertionFailedError: Exception in constructor: testGuessMimeTypes (java.lang.LinkageError: org/w3c/dom/Document
	at org.apache.tika.config.TikaConfig.<init>(TikaConfig.java:73)
	at org.apache.tika.config.TikaConfig.<init>(TikaConfig.java:69)
	at org.apache.tika.config.TikaConfig.getDefaultConfig(TikaConfig.java:145)
	at org.apache.tika.mime.TestMimeTypes.<init>(TestMimeTypes.java:55)
	at sun.reflect.NativeConstructorAccessorImpl.newInstance0(Native Method)
	at sun.reflect.NativeConstructorAccessorImpl.newInstance(NativeConstructorAccessorImpl.java:62)
	at sun.reflect.DelegatingConstructorAccessorImpl.newInstance(DelegatingConstructorAccessorImpl.java:45)
	at java.lang.reflect.Constructor.newInstance(Constructor.java:423)
	at junit.framework.TestSuite.createTest(TestSuite.java:63)
	at junit.framework.TestSuite.addTestMethod(TestSuite.java:310)
	at junit.framework.TestSuite.addTestsFromTestCase(TestSuite.java:153)
	at junit.framework.TestSuite.<init>(TestSuite.java:132)
	at org.junit.internal.runners.JUnit38ClassRunner.<init>(JUnit38ClassRunner.java:72)
	at org.junit.internal.builders.JUnit3Builder.runnerForClass(JUnit3Builder.java:11)
	at org.junit.runners.model.RunnerBuilder.safeRunnerForClass(RunnerBuilder.java:59)
	at org.junit.internal.builders.AllDefaultPossibilitiesBuilder.runnerForClass(AllDefaultPossibilitiesBuilder.java:26)
	at org.junit.runners.model.RunnerBuilder.safeRunnerForClass(RunnerBuilder.java:59)
	at org.junit.internal.requests.ClassRequest.getRunner(ClassRequest.java:26)
	at com.gzoltar.lib.instrumentation.testing.junit.JUnitRunner.execute(Unknown Source)
	at com.gzoltar.lib.instrumentation.testing.junit.JUnitRunner.run(Unknown Source)
	at com.gzoltar.lib.client.Diagnose.main(Unknown Source)
)
	at junit.framework.Assert.fail(Assert.java:57)
	at junit.framework.TestCase.fail(TestCase.java:227)
	at junit.framework.TestSuite$1.runTest(TestSuite.java:100)
	at junit.framework.TestCase.runBare(TestCase.java:141)
	at junit.framework.TestResult$1.protect(TestResult.java:122)
	at junit.framework.TestResult.runProtected(TestResult.java:142)
	at junit.framework.TestResult.run(TestResult.java:125)
	at junit.framework.TestCase.run(TestCase.java:129)
	at junit.framework.TestSuite.runTest(TestSuite.java:255)
	at junit.framework.TestSuite.run(TestSuite.java:250)
	at org.junit.internal.runners.JUnit38ClassRunner.run(JUnit38ClassRunner.java:84)
	at com.gzoltar.lib.instrumentation.testing.junit.a.call(Unknown Source)
	at java.util.concurrent.FutureTask.run(FutureTask.java:266)
	at java.util.concurrent.ThreadPoolExecutor.runWorker(ThreadPoolExecutor.java:1149)
	at java.util.concurrent.ThreadPoolExecutor$Worker.run(ThreadPoolExecutor.java:624)
	at java.lang.Thread.run(Thread.java:748)

* Finished junit.framework.TestSuite$1#warning
* Started junit.framework.TestSuite$1#warning
* Failure: Exception in constructor: testRawDetection (java.lang.LinkageError: org/w3c/dom/Document
	at org.apache.tika.config.TikaConfig.<init>(TikaConfig.java:73)
	at org.apache.tika.config.TikaConfig.<init>(TikaConfig.java:69)
	at org.apache.tika.config.TikaConfig.getDefaultConfig(TikaConfig.java:145)
	at org.apache.tika.mime.TestMimeTypes.<init>(TestMimeTypes.java:55)
	at sun.reflect.NativeConstructorAccessorImpl.newInstance0(Native Method)
	at sun.reflect.NativeConstructorAccessorImpl.newInstance(NativeConstructorAccessorImpl.java:62)
	at sun.reflect.DelegatingConstructorAccessorImpl.newInstance(DelegatingConstructorAccessorImpl.java:45)
	at java.lang.reflect.Constructor.newInstance(Constructor.java:423)
	at junit.framework.TestSuite.createTest(TestSuite.java:63)
	at junit.framework.TestSuite.addTestMethod(TestSuite.java:310)
	at junit.framework.TestSuite.addTestsFromTestCase(TestSuite.java:153)
	at junit.framework.TestSuite.<init>(TestSuite.java:132)
	at org.junit.internal.runners.JUnit38ClassRunner.<init>(JUnit38ClassRunner.java:72)
	at org.junit.internal.builders.JUnit3Builder.runnerForClass(JUnit3Builder.java:11)
	at org.junit.runners.model.RunnerBuilder.safeRunnerForClass(RunnerBuilder.java:59)
	at org.junit.internal.builders.AllDefaultPossibilitiesBuilder.runnerForClass(AllDefaultPossibilitiesBuilder.java:26)
	at org.junit.runners.model.RunnerBuilder.safeRunnerForClass(RunnerBuilder.java:59)
	at org.junit.internal.requests.ClassRequest.getRunner(ClassRequest.java:26)
	at com.gzoltar.lib.instrumentation.testing.junit.JUnitRunner.execute(Unknown Source)
	at com.gzoltar.lib.instrumentation.testing.junit.JUnitRunner.run(Unknown Source)
	at com.gzoltar.lib.client.Diagnose.main(Unknown Source)
) | warning(junit.framework.TestSuite$1)
junit.framework.AssertionFailedError: Exception in constructor: testRawDetection (java.lang.LinkageError: org/w3c/dom/Document
	at org.apache.tika.config.TikaConfig.<init>(TikaConfig.java:73)
	at org.apache.tika.config.TikaConfig.<init>(TikaConfig.java:69)
	at org.apache.tika.config.TikaConfig.getDefaultConfig(TikaConfig.java:145)
	at org.apache.tika.mime.TestMimeTypes.<init>(TestMimeTypes.java:55)
	at sun.reflect.NativeConstructorAccessorImpl.newInstance0(Native Method)
	at sun.reflect.NativeConstructorAccessorImpl.newInstance(NativeConstructorAccessorImpl.java:62)
	at sun.reflect.DelegatingConstructorAccessorImpl.newInstance(DelegatingConstructorAccessorImpl.java:45)
	at java.lang.reflect.Constructor.newInstance(Constructor.java:423)
	at junit.framework.TestSuite.createTest(TestSuite.java:63)
	at junit.framework.TestSuite.addTestMethod(TestSuite.java:310)
	at junit.framework.TestSuite.addTestsFromTestCase(TestSuite.java:153)
	at junit.framework.TestSuite.<init>(TestSuite.java:132)
	at org.junit.internal.runners.JUnit38ClassRunner.<init>(JUnit38ClassRunner.java:72)
	at org.junit.internal.builders.JUnit3Builder.runnerForClass(JUnit3Builder.java:11)
	at org.junit.runners.model.RunnerBuilder.safeRunnerForClass(RunnerBuilder.java:59)
	at org.junit.internal.builders.AllDefaultPossibilitiesBuilder.runnerForClass(AllDefaultPossibilitiesBuilder.java:26)
	at org.junit.runners.model.RunnerBuilder.safeRunnerForClass(RunnerBuilder.java:59)
	at org.junit.internal.requests.ClassRequest.getRunner(ClassRequest.java:26)
	at com.gzoltar.lib.instrumentation.testing.junit.JUnitRunner.execute(Unknown Source)
	at com.gzoltar.lib.instrumentation.testing.junit.JUnitRunner.run(Unknown Source)
	at com.gzoltar.lib.client.Diagnose.main(Unknown Source)
)
	at junit.framework.Assert.fail(Assert.java:57)
	at junit.framework.TestCase.fail(TestCase.java:227)
	at junit.framework.TestSuite$1.runTest(TestSuite.java:100)
	at junit.framework.TestCase.runBare(TestCase.java:141)
	at junit.framework.TestResult$1.protect(TestResult.java:122)
	at junit.framework.TestResult.runProtected(TestResult.java:142)
	at junit.framework.TestResult.run(TestResult.java:125)
	at junit.framework.TestCase.run(TestCase.java:129)
	at junit.framework.TestSuite.runTest(TestSuite.java:255)
	at junit.framework.TestSuite.run(TestSuite.java:250)
	at org.junit.internal.runners.JUnit38ClassRunner.run(JUnit38ClassRunner.java:84)
	at com.gzoltar.lib.instrumentation.testing.junit.a.call(Unknown Source)
	at java.util.concurrent.FutureTask.run(FutureTask.java:266)
	at java.util.concurrent.ThreadPoolExecutor.runWorker(ThreadPoolExecutor.java:1149)
	at java.util.concurrent.ThreadPoolExecutor$Worker.run(ThreadPoolExecutor.java:624)
	at java.lang.Thread.run(Thread.java:748)

* Finished junit.framework.TestSuite$1#warning
* Started junit.framework.TestSuite$1#warning
* Failure: Exception in constructor: testPsDetection (java.lang.LinkageError: org/w3c/dom/Document
	at org.apache.tika.config.TikaConfig.<init>(TikaConfig.java:73)
	at org.apache.tika.config.TikaConfig.<init>(TikaConfig.java:69)
	at org.apache.tika.config.TikaConfig.getDefaultConfig(TikaConfig.java:145)
	at org.apache.tika.mime.TestMimeTypes.<init>(TestMimeTypes.java:55)
	at sun.reflect.NativeConstructorAccessorImpl.newInstance0(Native Method)
	at sun.reflect.NativeConstructorAccessorImpl.newInstance(NativeConstructorAccessorImpl.java:62)
	at sun.reflect.DelegatingConstructorAccessorImpl.newInstance(DelegatingConstructorAccessorImpl.java:45)
	at java.lang.reflect.Constructor.newInstance(Constructor.java:423)
	at junit.framework.TestSuite.createTest(TestSuite.java:63)
	at junit.framework.TestSuite.addTestMethod(TestSuite.java:310)
	at junit.framework.TestSuite.addTestsFromTestCase(TestSuite.java:153)
	at junit.framework.TestSuite.<init>(TestSuite.java:132)
	at org.junit.internal.runners.JUnit38ClassRunner.<init>(JUnit38ClassRunner.java:72)
	at org.junit.internal.builders.JUnit3Builder.runnerForClass(JUnit3Builder.java:11)
	at org.junit.runners.model.RunnerBuilder.safeRunnerForClass(RunnerBuilder.java:59)
	at org.junit.internal.builders.AllDefaultPossibilitiesBuilder.runnerForClass(AllDefaultPossibilitiesBuilder.java:26)
	at org.junit.runners.model.RunnerBuilder.safeRunnerForClass(RunnerBuilder.java:59)
	at org.junit.internal.requests.ClassRequest.getRunner(ClassRequest.java:26)
	at com.gzoltar.lib.instrumentation.testing.junit.JUnitRunner.execute(Unknown Source)
	at com.gzoltar.lib.instrumentation.testing.junit.JUnitRunner.run(Unknown Source)
	at com.gzoltar.lib.client.Diagnose.main(Unknown Source)
) | warning(junit.framework.TestSuite$1)
junit.framework.AssertionFailedError: Exception in constructor: testPsDetection (java.lang.LinkageError: org/w3c/dom/Document
	at org.apache.tika.config.TikaConfig.<init>(TikaConfig.java:73)
	at org.apache.tika.config.TikaConfig.<init>(TikaConfig.java:69)
	at org.apache.tika.config.TikaConfig.getDefaultConfig(TikaConfig.java:145)
	at org.apache.tika.mime.TestMimeTypes.<init>(TestMimeTypes.java:55)
	at sun.reflect.NativeConstructorAccessorImpl.newInstance0(Native Method)
	at sun.reflect.NativeConstructorAccessorImpl.newInstance(NativeConstructorAccessorImpl.java:62)
	at sun.reflect.DelegatingConstructorAccessorImpl.newInstance(DelegatingConstructorAccessorImpl.java:45)
	at java.lang.reflect.Constructor.newInstance(Constructor.java:423)
	at junit.framework.TestSuite.createTest(TestSuite.java:63)
	at junit.framework.TestSuite.addTestMethod(TestSuite.java:310)
	at junit.framework.TestSuite.addTestsFromTestCase(TestSuite.java:153)
	at junit.framework.TestSuite.<init>(TestSuite.java:132)
	at org.junit.internal.runners.JUnit38ClassRunner.<init>(JUnit38ClassRunner.java:72)
	at org.junit.internal.builders.JUnit3Builder.runnerForClass(JUnit3Builder.java:11)
	at org.junit.runners.model.RunnerBuilder.safeRunnerForClass(RunnerBuilder.java:59)
	at org.junit.internal.builders.AllDefaultPossibilitiesBuilder.runnerForClass(AllDefaultPossibilitiesBuilder.java:26)
	at org.junit.runners.model.RunnerBuilder.safeRunnerForClass(RunnerBuilder.java:59)
	at org.junit.internal.requests.ClassRequest.getRunner(ClassRequest.java:26)
	at com.gzoltar.lib.instrumentation.testing.junit.JUnitRunner.execute(Unknown Source)
	at com.gzoltar.lib.instrumentation.testing.junit.JUnitRunner.run(Unknown Source)
	at com.gzoltar.lib.client.Diagnose.main(Unknown Source)
)
	at junit.framework.Assert.fail(Assert.java:57)
	at junit.framework.TestCase.fail(TestCase.java:227)
	at junit.framework.TestSuite$1.runTest(TestSuite.java:100)
	at junit.framework.TestCase.runBare(TestCase.java:141)
	at junit.framework.TestResult$1.protect(TestResult.java:122)
	at junit.framework.TestResult.runProtected(TestResult.java:142)
	at junit.framework.TestResult.run(TestResult.java:125)
	at junit.framework.TestCase.run(TestCase.java:129)
	at junit.framework.TestSuite.runTest(TestSuite.java:255)
	at junit.framework.TestSuite.run(TestSuite.java:250)
	at org.junit.internal.runners.JUnit38ClassRunner.run(JUnit38ClassRunner.java:84)
	at com.gzoltar.lib.instrumentation.testing.junit.a.call(Unknown Source)
	at java.util.concurrent.FutureTask.run(FutureTask.java:266)
	at java.util.concurrent.ThreadPoolExecutor.runWorker(ThreadPoolExecutor.java:1149)
	at java.util.concurrent.ThreadPoolExecutor$Worker.run(ThreadPoolExecutor.java:624)
	at java.lang.Thread.run(Thread.java:748)

* Finished junit.framework.TestSuite$1#warning
* Started junit.framework.TestSuite$1#warning
* Failure: Exception in constructor: testGifDetection (java.lang.LinkageError: org/w3c/dom/Document
	at org.apache.tika.config.TikaConfig.<init>(TikaConfig.java:73)
	at org.apache.tika.config.TikaConfig.<init>(TikaConfig.java:69)
	at org.apache.tika.config.TikaConfig.getDefaultConfig(TikaConfig.java:145)
	at org.apache.tika.mime.TestMimeTypes.<init>(TestMimeTypes.java:55)
	at sun.reflect.NativeConstructorAccessorImpl.newInstance0(Native Method)
	at sun.reflect.NativeConstructorAccessorImpl.newInstance(NativeConstructorAccessorImpl.java:62)
	at sun.reflect.DelegatingConstructorAccessorImpl.newInstance(DelegatingConstructorAccessorImpl.java:45)
	at java.lang.reflect.Constructor.newInstance(Constructor.java:423)
	at junit.framework.TestSuite.createTest(TestSuite.java:63)
	at junit.framework.TestSuite.addTestMethod(TestSuite.java:310)
	at junit.framework.TestSuite.addTestsFromTestCase(TestSuite.java:153)
	at junit.framework.TestSuite.<init>(TestSuite.java:132)
	at org.junit.internal.runners.JUnit38ClassRunner.<init>(JUnit38ClassRunner.java:72)
	at org.junit.internal.builders.JUnit3Builder.runnerForClass(JUnit3Builder.java:11)
	at org.junit.runners.model.RunnerBuilder.safeRunnerForClass(RunnerBuilder.java:59)
	at org.junit.internal.builders.AllDefaultPossibilitiesBuilder.runnerForClass(AllDefaultPossibilitiesBuilder.java:26)
	at org.junit.runners.model.RunnerBuilder.safeRunnerForClass(RunnerBuilder.java:59)
	at org.junit.internal.requests.ClassRequest.getRunner(ClassRequest.java:26)
	at com.gzoltar.lib.instrumentation.testing.junit.JUnitRunner.execute(Unknown Source)
	at com.gzoltar.lib.instrumentation.testing.junit.JUnitRunner.run(Unknown Source)
	at com.gzoltar.lib.client.Diagnose.main(Unknown Source)
) | warning(junit.framework.TestSuite$1)
junit.framework.AssertionFailedError: Exception in constructor: testGifDetection (java.lang.LinkageError: org/w3c/dom/Document
	at org.apache.tika.config.TikaConfig.<init>(TikaConfig.java:73)
	at org.apache.tika.config.TikaConfig.<init>(TikaConfig.java:69)
	at org.apache.tika.config.TikaConfig.getDefaultConfig(TikaConfig.java:145)
	at org.apache.tika.mime.TestMimeTypes.<init>(TestMimeTypes.java:55)
	at sun.reflect.NativeConstructorAccessorImpl.newInstance0(Native Method)
	at sun.reflect.NativeConstructorAccessorImpl.newInstance(NativeConstructorAccessorImpl.java:62)
	at sun.reflect.DelegatingConstructorAccessorImpl.newInstance(DelegatingConstructorAccessorImpl.java:45)
	at java.lang.reflect.Constructor.newInstance(Constructor.java:423)
	at junit.framework.TestSuite.createTest(TestSuite.java:63)
	at junit.framework.TestSuite.addTestMethod(TestSuite.java:310)
	at junit.framework.TestSuite.addTestsFromTestCase(TestSuite.java:153)
	at junit.framework.TestSuite.<init>(TestSuite.java:132)
	at org.junit.internal.runners.JUnit38ClassRunner.<init>(JUnit38ClassRunner.java:72)
	at org.junit.internal.builders.JUnit3Builder.runnerForClass(JUnit3Builder.java:11)
	at org.junit.runners.model.RunnerBuilder.safeRunnerForClass(RunnerBuilder.java:59)
	at org.junit.internal.builders.AllDefaultPossibilitiesBuilder.runnerForClass(AllDefaultPossibilitiesBuilder.java:26)
	at org.junit.runners.model.RunnerBuilder.safeRunnerForClass(RunnerBuilder.java:59)
	at org.junit.internal.requests.ClassRequest.getRunner(ClassRequest.java:26)
	at com.gzoltar.lib.instrumentation.testing.junit.JUnitRunner.execute(Unknown Source)
	at com.gzoltar.lib.instrumentation.testing.junit.JUnitRunner.run(Unknown Source)
	at com.gzoltar.lib.client.Diagnose.main(Unknown Source)
)
	at junit.framework.Assert.fail(Assert.java:57)
	at junit.framework.TestCase.fail(TestCase.java:227)
	at junit.framework.TestSuite$1.runTest(TestSuite.java:100)
	at junit.framework.TestCase.runBare(TestCase.java:141)
	at junit.framework.TestResult$1.protect(TestResult.java:122)
	at junit.framework.TestResult.runProtected(TestResult.java:142)
	at junit.framework.TestResult.run(TestResult.java:125)
	at junit.framework.TestCase.run(TestCase.java:129)
	at junit.framework.TestSuite.runTest(TestSuite.java:255)
	at junit.framework.TestSuite.run(TestSuite.java:250)
	at org.junit.internal.runners.JUnit38ClassRunner.run(JUnit38ClassRunner.java:84)
	at com.gzoltar.lib.instrumentation.testing.junit.a.call(Unknown Source)
	at java.util.concurrent.FutureTask.run(FutureTask.java:266)
	at java.util.concurrent.ThreadPoolExecutor.runWorker(ThreadPoolExecutor.java:1149)
	at java.util.concurrent.ThreadPoolExecutor$Worker.run(ThreadPoolExecutor.java:624)
	at java.lang.Thread.run(Thread.java:748)

* Finished junit.framework.TestSuite$1#warning
* Started junit.framework.TestSuite$1#warning
* Failure: Exception in constructor: testPngDetection (java.lang.LinkageError: org/w3c/dom/Document
	at org.apache.tika.config.TikaConfig.<init>(TikaConfig.java:73)
	at org.apache.tika.config.TikaConfig.<init>(TikaConfig.java:69)
	at org.apache.tika.config.TikaConfig.getDefaultConfig(TikaConfig.java:145)
	at org.apache.tika.mime.TestMimeTypes.<init>(TestMimeTypes.java:55)
	at sun.reflect.NativeConstructorAccessorImpl.newInstance0(Native Method)
	at sun.reflect.NativeConstructorAccessorImpl.newInstance(NativeConstructorAccessorImpl.java:62)
	at sun.reflect.DelegatingConstructorAccessorImpl.newInstance(DelegatingConstructorAccessorImpl.java:45)
	at java.lang.reflect.Constructor.newInstance(Constructor.java:423)
	at junit.framework.TestSuite.createTest(TestSuite.java:63)
	at junit.framework.TestSuite.addTestMethod(TestSuite.java:310)
	at junit.framework.TestSuite.addTestsFromTestCase(TestSuite.java:153)
	at junit.framework.TestSuite.<init>(TestSuite.java:132)
	at org.junit.internal.runners.JUnit38ClassRunner.<init>(JUnit38ClassRunner.java:72)
	at org.junit.internal.builders.JUnit3Builder.runnerForClass(JUnit3Builder.java:11)
	at org.junit.runners.model.RunnerBuilder.safeRunnerForClass(RunnerBuilder.java:59)
	at org.junit.internal.builders.AllDefaultPossibilitiesBuilder.runnerForClass(AllDefaultPossibilitiesBuilder.java:26)
	at org.junit.runners.model.RunnerBuilder.safeRunnerForClass(RunnerBuilder.java:59)
	at org.junit.internal.requests.ClassRequest.getRunner(ClassRequest.java:26)
	at com.gzoltar.lib.instrumentation.testing.junit.JUnitRunner.execute(Unknown Source)
	at com.gzoltar.lib.instrumentation.testing.junit.JUnitRunner.run(Unknown Source)
	at com.gzoltar.lib.client.Diagnose.main(Unknown Source)
) | warning(junit.framework.TestSuite$1)
junit.framework.AssertionFailedError: Exception in constructor: testPngDetection (java.lang.LinkageError: org/w3c/dom/Document
	at org.apache.tika.config.TikaConfig.<init>(TikaConfig.java:73)
	at org.apache.tika.config.TikaConfig.<init>(TikaConfig.java:69)
	at org.apache.tika.config.TikaConfig.getDefaultConfig(TikaConfig.java:145)
	at org.apache.tika.mime.TestMimeTypes.<init>(TestMimeTypes.java:55)
	at sun.reflect.NativeConstructorAccessorImpl.newInstance0(Native Method)
	at sun.reflect.NativeConstructorAccessorImpl.newInstance(NativeConstructorAccessorImpl.java:62)
	at sun.reflect.DelegatingConstructorAccessorImpl.newInstance(DelegatingConstructorAccessorImpl.java:45)
	at java.lang.reflect.Constructor.newInstance(Constructor.java:423)
	at junit.framework.TestSuite.createTest(TestSuite.java:63)
	at junit.framework.TestSuite.addTestMethod(TestSuite.java:310)
	at junit.framework.TestSuite.addTestsFromTestCase(TestSuite.java:153)
	at junit.framework.TestSuite.<init>(TestSuite.java:132)
	at org.junit.internal.runners.JUnit38ClassRunner.<init>(JUnit38ClassRunner.java:72)
	at org.junit.internal.builders.JUnit3Builder.runnerForClass(JUnit3Builder.java:11)
	at org.junit.runners.model.RunnerBuilder.safeRunnerForClass(RunnerBuilder.java:59)
	at org.junit.internal.builders.AllDefaultPossibilitiesBuilder.runnerForClass(AllDefaultPossibilitiesBuilder.java:26)
	at org.junit.runners.model.RunnerBuilder.safeRunnerForClass(RunnerBuilder.java:59)
	at org.junit.internal.requests.ClassRequest.getRunner(ClassRequest.java:26)
	at com.gzoltar.lib.instrumentation.testing.junit.JUnitRunner.execute(Unknown Source)
	at com.gzoltar.lib.instrumentation.testing.junit.JUnitRunner.run(Unknown Source)
	at com.gzoltar.lib.client.Diagnose.main(Unknown Source)
)
	at junit.framework.Assert.fail(Assert.java:57)
	at junit.framework.TestCase.fail(TestCase.java:227)
	at junit.framework.TestSuite$1.runTest(TestSuite.java:100)
	at junit.framework.TestCase.runBare(TestCase.java:141)
	at junit.framework.TestResult$1.protect(TestResult.java:122)
	at junit.framework.TestResult.runProtected(TestResult.java:142)
	at junit.framework.TestResult.run(TestResult.java:125)
	at junit.framework.TestCase.run(TestCase.java:129)
	at junit.framework.TestSuite.runTest(TestSuite.java:255)
	at junit.framework.TestSuite.run(TestSuite.java:250)
	at org.junit.internal.runners.JUnit38ClassRunner.run(JUnit38ClassRunner.java:84)
	at com.gzoltar.lib.instrumentation.testing.junit.a.call(Unknown Source)
	at java.util.concurrent.FutureTask.run(FutureTask.java:266)
	at java.util.concurrent.ThreadPoolExecutor.runWorker(ThreadPoolExecutor.java:1149)
	at java.util.concurrent.ThreadPoolExecutor$Worker.run(ThreadPoolExecutor.java:624)
	at java.lang.Thread.run(Thread.java:748)

* Finished junit.framework.TestSuite$1#warning
* Started junit.framework.TestSuite$1#warning
* Failure: Exception in constructor: testCaseSensitivity (java.lang.LinkageError: org/w3c/dom/Document
	at org.apache.tika.config.TikaConfig.<init>(TikaConfig.java:73)
	at org.apache.tika.config.TikaConfig.<init>(TikaConfig.java:69)
	at org.apache.tika.config.TikaConfig.getDefaultConfig(TikaConfig.java:145)
	at org.apache.tika.mime.TestMimeTypes.<init>(TestMimeTypes.java:55)
	at sun.reflect.NativeConstructorAccessorImpl.newInstance0(Native Method)
	at sun.reflect.NativeConstructorAccessorImpl.newInstance(NativeConstructorAccessorImpl.java:62)
	at sun.reflect.DelegatingConstructorAccessorImpl.newInstance(DelegatingConstructorAccessorImpl.java:45)
	at java.lang.reflect.Constructor.newInstance(Constructor.java:423)
	at junit.framework.TestSuite.createTest(TestSuite.java:63)
	at junit.framework.TestSuite.addTestMethod(TestSuite.java:310)
	at junit.framework.TestSuite.addTestsFromTestCase(TestSuite.java:153)
	at junit.framework.TestSuite.<init>(TestSuite.java:132)
	at org.junit.internal.runners.JUnit38ClassRunner.<init>(JUnit38ClassRunner.java:72)
	at org.junit.internal.builders.JUnit3Builder.runnerForClass(JUnit3Builder.java:11)
	at org.junit.runners.model.RunnerBuilder.safeRunnerForClass(RunnerBuilder.java:59)
	at org.junit.internal.builders.AllDefaultPossibilitiesBuilder.runnerForClass(AllDefaultPossibilitiesBuilder.java:26)
	at org.junit.runners.model.RunnerBuilder.safeRunnerForClass(RunnerBuilder.java:59)
	at org.junit.internal.requests.ClassRequest.getRunner(ClassRequest.java:26)
	at com.gzoltar.lib.instrumentation.testing.junit.JUnitRunner.execute(Unknown Source)
	at com.gzoltar.lib.instrumentation.testing.junit.JUnitRunner.run(Unknown Source)
	at com.gzoltar.lib.client.Diagnose.main(Unknown Source)
) | warning(junit.framework.TestSuite$1)
junit.framework.AssertionFailedError: Exception in constructor: testCaseSensitivity (java.lang.LinkageError: org/w3c/dom/Document
	at org.apache.tika.config.TikaConfig.<init>(TikaConfig.java:73)
	at org.apache.tika.config.TikaConfig.<init>(TikaConfig.java:69)
	at org.apache.tika.config.TikaConfig.getDefaultConfig(TikaConfig.java:145)
	at org.apache.tika.mime.TestMimeTypes.<init>(TestMimeTypes.java:55)
	at sun.reflect.NativeConstructorAccessorImpl.newInstance0(Native Method)
	at sun.reflect.NativeConstructorAccessorImpl.newInstance(NativeConstructorAccessorImpl.java:62)
	at sun.reflect.DelegatingConstructorAccessorImpl.newInstance(DelegatingConstructorAccessorImpl.java:45)
	at java.lang.reflect.Constructor.newInstance(Constructor.java:423)
	at junit.framework.TestSuite.createTest(TestSuite.java:63)
	at junit.framework.TestSuite.addTestMethod(TestSuite.java:310)
	at junit.framework.TestSuite.addTestsFromTestCase(TestSuite.java:153)
	at junit.framework.TestSuite.<init>(TestSuite.java:132)
	at org.junit.internal.runners.JUnit38ClassRunner.<init>(JUnit38ClassRunner.java:72)
	at org.junit.internal.builders.JUnit3Builder.runnerForClass(JUnit3Builder.java:11)
	at org.junit.runners.model.RunnerBuilder.safeRunnerForClass(RunnerBuilder.java:59)
	at org.junit.internal.builders.AllDefaultPossibilitiesBuilder.runnerForClass(AllDefaultPossibilitiesBuilder.java:26)
	at org.junit.runners.model.RunnerBuilder.safeRunnerForClass(RunnerBuilder.java:59)
	at org.junit.internal.requests.ClassRequest.getRunner(ClassRequest.java:26)
	at com.gzoltar.lib.instrumentation.testing.junit.JUnitRunner.execute(Unknown Source)
	at com.gzoltar.lib.instrumentation.testing.junit.JUnitRunner.run(Unknown Source)
	at com.gzoltar.lib.client.Diagnose.main(Unknown Source)
)
	at junit.framework.Assert.fail(Assert.java:57)
	at junit.framework.TestCase.fail(TestCase.java:227)
	at junit.framework.TestSuite$1.runTest(TestSuite.java:100)
	at junit.framework.TestCase.runBare(TestCase.java:141)
	at junit.framework.TestResult$1.protect(TestResult.java:122)
	at junit.framework.TestResult.runProtected(TestResult.java:142)
	at junit.framework.TestResult.run(TestResult.java:125)
	at junit.framework.TestCase.run(TestCase.java:129)
	at junit.framework.TestSuite.runTest(TestSuite.java:255)
	at junit.framework.TestSuite.run(TestSuite.java:250)
	at org.junit.internal.runners.JUnit38ClassRunner.run(JUnit38ClassRunner.java:84)
	at com.gzoltar.lib.instrumentation.testing.junit.a.call(Unknown Source)
	at java.util.concurrent.FutureTask.run(FutureTask.java:266)
	at java.util.concurrent.ThreadPoolExecutor.runWorker(ThreadPoolExecutor.java:1149)
	at java.util.concurrent.ThreadPoolExecutor$Worker.run(ThreadPoolExecutor.java:624)
	at java.lang.Thread.run(Thread.java:748)

* Finished junit.framework.TestSuite$1#warning
* Started junit.framework.TestSuite$1#warning
* Failure: Exception in constructor: testPdfDetection (java.lang.LinkageError: org/w3c/dom/Document
	at org.apache.tika.config.TikaConfig.<init>(TikaConfig.java:73)
	at org.apache.tika.config.TikaConfig.<init>(TikaConfig.java:69)
	at org.apache.tika.config.TikaConfig.getDefaultConfig(TikaConfig.java:145)
	at org.apache.tika.mime.TestMimeTypes.<init>(TestMimeTypes.java:55)
	at sun.reflect.NativeConstructorAccessorImpl.newInstance0(Native Method)
	at sun.reflect.NativeConstructorAccessorImpl.newInstance(NativeConstructorAccessorImpl.java:62)
	at sun.reflect.DelegatingConstructorAccessorImpl.newInstance(DelegatingConstructorAccessorImpl.java:45)
	at java.lang.reflect.Constructor.newInstance(Constructor.java:423)
	at junit.framework.TestSuite.createTest(TestSuite.java:63)
	at junit.framework.TestSuite.addTestMethod(TestSuite.java:310)
	at junit.framework.TestSuite.addTestsFromTestCase(TestSuite.java:153)
	at junit.framework.TestSuite.<init>(TestSuite.java:132)
	at org.junit.internal.runners.JUnit38ClassRunner.<init>(JUnit38ClassRunner.java:72)
	at org.junit.internal.builders.JUnit3Builder.runnerForClass(JUnit3Builder.java:11)
	at org.junit.runners.model.RunnerBuilder.safeRunnerForClass(RunnerBuilder.java:59)
	at org.junit.internal.builders.AllDefaultPossibilitiesBuilder.runnerForClass(AllDefaultPossibilitiesBuilder.java:26)
	at org.junit.runners.model.RunnerBuilder.safeRunnerForClass(RunnerBuilder.java:59)
	at org.junit.internal.requests.ClassRequest.getRunner(ClassRequest.java:26)
	at com.gzoltar.lib.instrumentation.testing.junit.JUnitRunner.execute(Unknown Source)
	at com.gzoltar.lib.instrumentation.testing.junit.JUnitRunner.run(Unknown Source)
	at com.gzoltar.lib.client.Diagnose.main(Unknown Source)
) | warning(junit.framework.TestSuite$1)
junit.framework.AssertionFailedError: Exception in constructor: testPdfDetection (java.lang.LinkageError: org/w3c/dom/Document
	at org.apache.tika.config.TikaConfig.<init>(TikaConfig.java:73)
	at org.apache.tika.config.TikaConfig.<init>(TikaConfig.java:69)
	at org.apache.tika.config.TikaConfig.getDefaultConfig(TikaConfig.java:145)
	at org.apache.tika.mime.TestMimeTypes.<init>(TestMimeTypes.java:55)
	at sun.reflect.NativeConstructorAccessorImpl.newInstance0(Native Method)
	at sun.reflect.NativeConstructorAccessorImpl.newInstance(NativeConstructorAccessorImpl.java:62)
	at sun.reflect.DelegatingConstructorAccessorImpl.newInstance(DelegatingConstructorAccessorImpl.java:45)
	at java.lang.reflect.Constructor.newInstance(Constructor.java:423)
	at junit.framework.TestSuite.createTest(TestSuite.java:63)
	at junit.framework.TestSuite.addTestMethod(TestSuite.java:310)
	at junit.framework.TestSuite.addTestsFromTestCase(TestSuite.java:153)
	at junit.framework.TestSuite.<init>(TestSuite.java:132)
	at org.junit.internal.runners.JUnit38ClassRunner.<init>(JUnit38ClassRunner.java:72)
	at org.junit.internal.builders.JUnit3Builder.runnerForClass(JUnit3Builder.java:11)
	at org.junit.runners.model.RunnerBuilder.safeRunnerForClass(RunnerBuilder.java:59)
	at org.junit.internal.builders.AllDefaultPossibilitiesBuilder.runnerForClass(AllDefaultPossibilitiesBuilder.java:26)
	at org.junit.runners.model.RunnerBuilder.safeRunnerForClass(RunnerBuilder.java:59)
	at org.junit.internal.requests.ClassRequest.getRunner(ClassRequest.java:26)
	at com.gzoltar.lib.instrumentation.testing.junit.JUnitRunner.execute(Unknown Source)
	at com.gzoltar.lib.instrumentation.testing.junit.JUnitRunner.run(Unknown Source)
	at com.gzoltar.lib.client.Diagnose.main(Unknown Source)
)
	at junit.framework.Assert.fail(Assert.java:57)
	at junit.framework.TestCase.fail(TestCase.java:227)
	at junit.framework.TestSuite$1.runTest(TestSuite.java:100)
	at junit.framework.TestCase.runBare(TestCase.java:141)
	at junit.framework.TestResult$1.protect(TestResult.java:122)
	at junit.framework.TestResult.runProtected(TestResult.java:142)
	at junit.framework.TestResult.run(TestResult.java:125)
	at junit.framework.TestCase.run(TestCase.java:129)
	at junit.framework.TestSuite.runTest(TestSuite.java:255)
	at junit.framework.TestSuite.run(TestSuite.java:250)
	at org.junit.internal.runners.JUnit38ClassRunner.run(JUnit38ClassRunner.java:84)
	at com.gzoltar.lib.instrumentation.testing.junit.a.call(Unknown Source)
	at java.util.concurrent.FutureTask.run(FutureTask.java:266)
	at java.util.concurrent.ThreadPoolExecutor.runWorker(ThreadPoolExecutor.java:1149)
	at java.util.concurrent.ThreadPoolExecutor$Worker.run(ThreadPoolExecutor.java:624)
	at java.lang.Thread.run(Thread.java:748)

* Finished junit.framework.TestSuite$1#warning
* Started junit.framework.TestSuite$1#warning
* Failure: Exception in constructor: testCgmDetection (java.lang.LinkageError: org/w3c/dom/Document
	at org.apache.tika.config.TikaConfig.<init>(TikaConfig.java:73)
	at org.apache.tika.config.TikaConfig.<init>(TikaConfig.java:69)
	at org.apache.tika.config.TikaConfig.getDefaultConfig(TikaConfig.java:145)
	at org.apache.tika.mime.TestMimeTypes.<init>(TestMimeTypes.java:55)
	at sun.reflect.NativeConstructorAccessorImpl.newInstance0(Native Method)
	at sun.reflect.NativeConstructorAccessorImpl.newInstance(NativeConstructorAccessorImpl.java:62)
	at sun.reflect.DelegatingConstructorAccessorImpl.newInstance(DelegatingConstructorAccessorImpl.java:45)
	at java.lang.reflect.Constructor.newInstance(Constructor.java:423)
	at junit.framework.TestSuite.createTest(TestSuite.java:63)
	at junit.framework.TestSuite.addTestMethod(TestSuite.java:310)
	at junit.framework.TestSuite.addTestsFromTestCase(TestSuite.java:153)
	at junit.framework.TestSuite.<init>(TestSuite.java:132)
	at org.junit.internal.runners.JUnit38ClassRunner.<init>(JUnit38ClassRunner.java:72)
	at org.junit.internal.builders.JUnit3Builder.runnerForClass(JUnit3Builder.java:11)
	at org.junit.runners.model.RunnerBuilder.safeRunnerForClass(RunnerBuilder.java:59)
	at org.junit.internal.builders.AllDefaultPossibilitiesBuilder.runnerForClass(AllDefaultPossibilitiesBuilder.java:26)
	at org.junit.runners.model.RunnerBuilder.safeRunnerForClass(RunnerBuilder.java:59)
	at org.junit.internal.requests.ClassRequest.getRunner(ClassRequest.java:26)
	at com.gzoltar.lib.instrumentation.testing.junit.JUnitRunner.execute(Unknown Source)
	at com.gzoltar.lib.instrumentation.testing.junit.JUnitRunner.run(Unknown Source)
	at com.gzoltar.lib.client.Diagnose.main(Unknown Source)
) | warning(junit.framework.TestSuite$1)
junit.framework.AssertionFailedError: Exception in constructor: testCgmDetection (java.lang.LinkageError: org/w3c/dom/Document
	at org.apache.tika.config.TikaConfig.<init>(TikaConfig.java:73)
	at org.apache.tika.config.TikaConfig.<init>(TikaConfig.java:69)
	at org.apache.tika.config.TikaConfig.getDefaultConfig(TikaConfig.java:145)
	at org.apache.tika.mime.TestMimeTypes.<init>(TestMimeTypes.java:55)
	at sun.reflect.NativeConstructorAccessorImpl.newInstance0(Native Method)
	at sun.reflect.NativeConstructorAccessorImpl.newInstance(NativeConstructorAccessorImpl.java:62)
	at sun.reflect.DelegatingConstructorAccessorImpl.newInstance(DelegatingConstructorAccessorImpl.java:45)
	at java.lang.reflect.Constructor.newInstance(Constructor.java:423)
	at junit.framework.TestSuite.createTest(TestSuite.java:63)
	at junit.framework.TestSuite.addTestMethod(TestSuite.java:310)
	at junit.framework.TestSuite.addTestsFromTestCase(TestSuite.java:153)
	at junit.framework.TestSuite.<init>(TestSuite.java:132)
	at org.junit.internal.runners.JUnit38ClassRunner.<init>(JUnit38ClassRunner.java:72)
	at org.junit.internal.builders.JUnit3Builder.runnerForClass(JUnit3Builder.java:11)
	at org.junit.runners.model.RunnerBuilder.safeRunnerForClass(RunnerBuilder.java:59)
	at org.junit.internal.builders.AllDefaultPossibilitiesBuilder.runnerForClass(AllDefaultPossibilitiesBuilder.java:26)
	at org.junit.runners.model.RunnerBuilder.safeRunnerForClass(RunnerBuilder.java:59)
	at org.junit.internal.requests.ClassRequest.getRunner(ClassRequest.java:26)
	at com.gzoltar.lib.instrumentation.testing.junit.JUnitRunner.execute(Unknown Source)
	at com.gzoltar.lib.instrumentation.testing.junit.JUnitRunner.run(Unknown Source)
	at com.gzoltar.lib.client.Diagnose.main(Unknown Source)
)
	at junit.framework.Assert.fail(Assert.java:57)
	at junit.framework.TestCase.fail(TestCase.java:227)
	at junit.framework.TestSuite$1.runTest(TestSuite.java:100)
	at junit.framework.TestCase.runBare(TestCase.java:141)
	at junit.framework.TestResult$1.protect(TestResult.java:122)
	at junit.framework.TestResult.runProtected(TestResult.java:142)
	at junit.framework.TestResult.run(TestResult.java:125)
	at junit.framework.TestCase.run(TestCase.java:129)
	at junit.framework.TestSuite.runTest(TestSuite.java:255)
	at junit.framework.TestSuite.run(TestSuite.java:250)
	at org.junit.internal.runners.JUnit38ClassRunner.run(JUnit38ClassRunner.java:84)
	at com.gzoltar.lib.instrumentation.testing.junit.a.call(Unknown Source)
	at java.util.concurrent.FutureTask.run(FutureTask.java:266)
	at java.util.concurrent.ThreadPoolExecutor.runWorker(ThreadPoolExecutor.java:1149)
	at java.util.concurrent.ThreadPoolExecutor$Worker.run(ThreadPoolExecutor.java:624)
	at java.lang.Thread.run(Thread.java:748)

* Finished junit.framework.TestSuite$1#warning
* Started junit.framework.TestSuite$1#warning
* Failure: Exception in constructor: testSwfDetection (java.lang.LinkageError: org/w3c/dom/Document
	at org.apache.tika.config.TikaConfig.<init>(TikaConfig.java:73)
	at org.apache.tika.config.TikaConfig.<init>(TikaConfig.java:69)
	at org.apache.tika.config.TikaConfig.getDefaultConfig(TikaConfig.java:145)
	at org.apache.tika.mime.TestMimeTypes.<init>(TestMimeTypes.java:55)
	at sun.reflect.NativeConstructorAccessorImpl.newInstance0(Native Method)
	at sun.reflect.NativeConstructorAccessorImpl.newInstance(NativeConstructorAccessorImpl.java:62)
	at sun.reflect.DelegatingConstructorAccessorImpl.newInstance(DelegatingConstructorAccessorImpl.java:45)
	at java.lang.reflect.Constructor.newInstance(Constructor.java:423)
	at junit.framework.TestSuite.createTest(TestSuite.java:63)
	at junit.framework.TestSuite.addTestMethod(TestSuite.java:310)
	at junit.framework.TestSuite.addTestsFromTestCase(TestSuite.java:153)
	at junit.framework.TestSuite.<init>(TestSuite.java:132)
	at org.junit.internal.runners.JUnit38ClassRunner.<init>(JUnit38ClassRunner.java:72)
	at org.junit.internal.builders.JUnit3Builder.runnerForClass(JUnit3Builder.java:11)
	at org.junit.runners.model.RunnerBuilder.safeRunnerForClass(RunnerBuilder.java:59)
	at org.junit.internal.builders.AllDefaultPossibilitiesBuilder.runnerForClass(AllDefaultPossibilitiesBuilder.java:26)
	at org.junit.runners.model.RunnerBuilder.safeRunnerForClass(RunnerBuilder.java:59)
	at org.junit.internal.requests.ClassRequest.getRunner(ClassRequest.java:26)
	at com.gzoltar.lib.instrumentation.testing.junit.JUnitRunner.execute(Unknown Source)
	at com.gzoltar.lib.instrumentation.testing.junit.JUnitRunner.run(Unknown Source)
	at com.gzoltar.lib.client.Diagnose.main(Unknown Source)
) | warning(junit.framework.TestSuite$1)
junit.framework.AssertionFailedError: Exception in constructor: testSwfDetection (java.lang.LinkageError: org/w3c/dom/Document
	at org.apache.tika.config.TikaConfig.<init>(TikaConfig.java:73)
	at org.apache.tika.config.TikaConfig.<init>(TikaConfig.java:69)
	at org.apache.tika.config.TikaConfig.getDefaultConfig(TikaConfig.java:145)
	at org.apache.tika.mime.TestMimeTypes.<init>(TestMimeTypes.java:55)
	at sun.reflect.NativeConstructorAccessorImpl.newInstance0(Native Method)
	at sun.reflect.NativeConstructorAccessorImpl.newInstance(NativeConstructorAccessorImpl.java:62)
	at sun.reflect.DelegatingConstructorAccessorImpl.newInstance(DelegatingConstructorAccessorImpl.java:45)
	at java.lang.reflect.Constructor.newInstance(Constructor.java:423)
	at junit.framework.TestSuite.createTest(TestSuite.java:63)
	at junit.framework.TestSuite.addTestMethod(TestSuite.java:310)
	at junit.framework.TestSuite.addTestsFromTestCase(TestSuite.java:153)
	at junit.framework.TestSuite.<init>(TestSuite.java:132)
	at org.junit.internal.runners.JUnit38ClassRunner.<init>(JUnit38ClassRunner.java:72)
	at org.junit.internal.builders.JUnit3Builder.runnerForClass(JUnit3Builder.java:11)
	at org.junit.runners.model.RunnerBuilder.safeRunnerForClass(RunnerBuilder.java:59)
	at org.junit.internal.builders.AllDefaultPossibilitiesBuilder.runnerForClass(AllDefaultPossibilitiesBuilder.java:26)
	at org.junit.runners.model.RunnerBuilder.safeRunnerForClass(RunnerBuilder.java:59)
	at org.junit.internal.requests.ClassRequest.getRunner(ClassRequest.java:26)
	at com.gzoltar.lib.instrumentation.testing.junit.JUnitRunner.execute(Unknown Source)
	at com.gzoltar.lib.instrumentation.testing.junit.JUnitRunner.run(Unknown Source)
	at com.gzoltar.lib.client.Diagnose.main(Unknown Source)
)
	at junit.framework.Assert.fail(Assert.java:57)
	at junit.framework.TestCase.fail(TestCase.java:227)
	at junit.framework.TestSuite$1.runTest(TestSuite.java:100)
	at junit.framework.TestCase.runBare(TestCase.java:141)
	at junit.framework.TestResult$1.protect(TestResult.java:122)
	at junit.framework.TestResult.runProtected(TestResult.java:142)
	at junit.framework.TestResult.run(TestResult.java:125)
	at junit.framework.TestCase.run(TestCase.java:129)
	at junit.framework.TestSuite.runTest(TestSuite.java:255)
	at junit.framework.TestSuite.run(TestSuite.java:250)
	at org.junit.internal.runners.JUnit38ClassRunner.run(JUnit38ClassRunner.java:84)
	at com.gzoltar.lib.instrumentation.testing.junit.a.call(Unknown Source)
	at java.util.concurrent.FutureTask.run(FutureTask.java:266)
	at java.util.concurrent.ThreadPoolExecutor.runWorker(ThreadPoolExecutor.java:1149)
	at java.util.concurrent.ThreadPoolExecutor$Worker.run(ThreadPoolExecutor.java:624)
	at java.lang.Thread.run(Thread.java:748)

* Finished junit.framework.TestSuite$1#warning
* Started junit.framework.TestSuite$1#warning
* Failure: Exception in constructor: testTiffDetection (java.lang.LinkageError: org/w3c/dom/Document
	at org.apache.tika.config.TikaConfig.<init>(TikaConfig.java:73)
	at org.apache.tika.config.TikaConfig.<init>(TikaConfig.java:69)
	at org.apache.tika.config.TikaConfig.getDefaultConfig(TikaConfig.java:145)
	at org.apache.tika.mime.TestMimeTypes.<init>(TestMimeTypes.java:55)
	at sun.reflect.NativeConstructorAccessorImpl.newInstance0(Native Method)
	at sun.reflect.NativeConstructorAccessorImpl.newInstance(NativeConstructorAccessorImpl.java:62)
	at sun.reflect.DelegatingConstructorAccessorImpl.newInstance(DelegatingConstructorAccessorImpl.java:45)
	at java.lang.reflect.Constructor.newInstance(Constructor.java:423)
	at junit.framework.TestSuite.createTest(TestSuite.java:63)
	at junit.framework.TestSuite.addTestMethod(TestSuite.java:310)
	at junit.framework.TestSuite.addTestsFromTestCase(TestSuite.java:153)
	at junit.framework.TestSuite.<init>(TestSuite.java:132)
	at org.junit.internal.runners.JUnit38ClassRunner.<init>(JUnit38ClassRunner.java:72)
	at org.junit.internal.builders.JUnit3Builder.runnerForClass(JUnit3Builder.java:11)
	at org.junit.runners.model.RunnerBuilder.safeRunnerForClass(RunnerBuilder.java:59)
	at org.junit.internal.builders.AllDefaultPossibilitiesBuilder.runnerForClass(AllDefaultPossibilitiesBuilder.java:26)
	at org.junit.runners.model.RunnerBuilder.safeRunnerForClass(RunnerBuilder.java:59)
	at org.junit.internal.requests.ClassRequest.getRunner(ClassRequest.java:26)
	at com.gzoltar.lib.instrumentation.testing.junit.JUnitRunner.execute(Unknown Source)
	at com.gzoltar.lib.instrumentation.testing.junit.JUnitRunner.run(Unknown Source)
	at com.gzoltar.lib.client.Diagnose.main(Unknown Source)
) | warning(junit.framework.TestSuite$1)
junit.framework.AssertionFailedError: Exception in constructor: testTiffDetection (java.lang.LinkageError: org/w3c/dom/Document
	at org.apache.tika.config.TikaConfig.<init>(TikaConfig.java:73)
	at org.apache.tika.config.TikaConfig.<init>(TikaConfig.java:69)
	at org.apache.tika.config.TikaConfig.getDefaultConfig(TikaConfig.java:145)
	at org.apache.tika.mime.TestMimeTypes.<init>(TestMimeTypes.java:55)
	at sun.reflect.NativeConstructorAccessorImpl.newInstance0(Native Method)
	at sun.reflect.NativeConstructorAccessorImpl.newInstance(NativeConstructorAccessorImpl.java:62)
	at sun.reflect.DelegatingConstructorAccessorImpl.newInstance(DelegatingConstructorAccessorImpl.java:45)
	at java.lang.reflect.Constructor.newInstance(Constructor.java:423)
	at junit.framework.TestSuite.createTest(TestSuite.java:63)
	at junit.framework.TestSuite.addTestMethod(TestSuite.java:310)
	at junit.framework.TestSuite.addTestsFromTestCase(TestSuite.java:153)
	at junit.framework.TestSuite.<init>(TestSuite.java:132)
	at org.junit.internal.runners.JUnit38ClassRunner.<init>(JUnit38ClassRunner.java:72)
	at org.junit.internal.builders.JUnit3Builder.runnerForClass(JUnit3Builder.java:11)
	at org.junit.runners.model.RunnerBuilder.safeRunnerForClass(RunnerBuilder.java:59)
	at org.junit.internal.builders.AllDefaultPossibilitiesBuilder.runnerForClass(AllDefaultPossibilitiesBuilder.java:26)
	at org.junit.runners.model.RunnerBuilder.safeRunnerForClass(RunnerBuilder.java:59)
	at org.junit.internal.requests.ClassRequest.getRunner(ClassRequest.java:26)
	at com.gzoltar.lib.instrumentation.testing.junit.JUnitRunner.execute(Unknown Source)
	at com.gzoltar.lib.instrumentation.testing.junit.JUnitRunner.run(Unknown Source)
	at com.gzoltar.lib.client.Diagnose.main(Unknown Source)
)
	at junit.framework.Assert.fail(Assert.java:57)
	at junit.framework.TestCase.fail(TestCase.java:227)
	at junit.framework.TestSuite$1.runTest(TestSuite.java:100)
	at junit.framework.TestCase.runBare(TestCase.java:141)
	at junit.framework.TestResult$1.protect(TestResult.java:122)
	at junit.framework.TestResult.runProtected(TestResult.java:142)
	at junit.framework.TestResult.run(TestResult.java:125)
	at junit.framework.TestCase.run(TestCase.java:129)
	at junit.framework.TestSuite.runTest(TestSuite.java:255)
	at junit.framework.TestSuite.run(TestSuite.java:250)
	at org.junit.internal.runners.JUnit38ClassRunner.run(JUnit38ClassRunner.java:84)
	at com.gzoltar.lib.instrumentation.testing.junit.a.call(Unknown Source)
	at java.util.concurrent.FutureTask.run(FutureTask.java:266)
	at java.util.concurrent.ThreadPoolExecutor.runWorker(ThreadPoolExecutor.java:1149)
	at java.util.concurrent.ThreadPoolExecutor$Worker.run(ThreadPoolExecutor.java:624)
	at java.lang.Thread.run(Thread.java:748)

* Finished junit.framework.TestSuite$1#warning
* Started junit.framework.TestSuite$1#warning
* Failure: Exception in constructor: testMimeDeterminationForTestDocuments (java.lang.LinkageError: org/w3c/dom/Document
	at org.apache.tika.config.TikaConfig.<init>(TikaConfig.java:73)
	at org.apache.tika.config.TikaConfig.<init>(TikaConfig.java:69)
	at org.apache.tika.config.TikaConfig.getDefaultConfig(TikaConfig.java:145)
	at org.apache.tika.mime.TestMimeTypes.<init>(TestMimeTypes.java:55)
	at sun.reflect.NativeConstructorAccessorImpl.newInstance0(Native Method)
	at sun.reflect.NativeConstructorAccessorImpl.newInstance(NativeConstructorAccessorImpl.java:62)
	at sun.reflect.DelegatingConstructorAccessorImpl.newInstance(DelegatingConstructorAccessorImpl.java:45)
	at java.lang.reflect.Constructor.newInstance(Constructor.java:423)
	at junit.framework.TestSuite.createTest(TestSuite.java:63)
	at junit.framework.TestSuite.addTestMethod(TestSuite.java:310)
	at junit.framework.TestSuite.addTestsFromTestCase(TestSuite.java:153)
	at junit.framework.TestSuite.<init>(TestSuite.java:132)
	at org.junit.internal.runners.JUnit38ClassRunner.<init>(JUnit38ClassRunner.java:72)
	at org.junit.internal.builders.JUnit3Builder.runnerForClass(JUnit3Builder.java:11)
	at org.junit.runners.model.RunnerBuilder.safeRunnerForClass(RunnerBuilder.java:59)
	at org.junit.internal.builders.AllDefaultPossibilitiesBuilder.runnerForClass(AllDefaultPossibilitiesBuilder.java:26)
	at org.junit.runners.model.RunnerBuilder.safeRunnerForClass(RunnerBuilder.java:59)
	at org.junit.internal.requests.ClassRequest.getRunner(ClassRequest.java:26)
	at com.gzoltar.lib.instrumentation.testing.junit.JUnitRunner.execute(Unknown Source)
	at com.gzoltar.lib.instrumentation.testing.junit.JUnitRunner.run(Unknown Source)
	at com.gzoltar.lib.client.Diagnose.main(Unknown Source)
) | warning(junit.framework.TestSuite$1)
junit.framework.AssertionFailedError: Exception in constructor: testMimeDeterminationForTestDocuments (java.lang.LinkageError: org/w3c/dom/Document
	at org.apache.tika.config.TikaConfig.<init>(TikaConfig.java:73)
	at org.apache.tika.config.TikaConfig.<init>(TikaConfig.java:69)
	at org.apache.tika.config.TikaConfig.getDefaultConfig(TikaConfig.java:145)
	at org.apache.tika.mime.TestMimeTypes.<init>(TestMimeTypes.java:55)
	at sun.reflect.NativeConstructorAccessorImpl.newInstance0(Native Method)
	at sun.reflect.NativeConstructorAccessorImpl.newInstance(NativeConstructorAccessorImpl.java:62)
	at sun.reflect.DelegatingConstructorAccessorImpl.newInstance(DelegatingConstructorAccessorImpl.java:45)
	at java.lang.reflect.Constructor.newInstance(Constructor.java:423)
	at junit.framework.TestSuite.createTest(TestSuite.java:63)
	at junit.framework.TestSuite.addTestMethod(TestSuite.java:310)
	at junit.framework.TestSuite.addTestsFromTestCase(TestSuite.java:153)
	at junit.framework.TestSuite.<init>(TestSuite.java:132)
	at org.junit.internal.runners.JUnit38ClassRunner.<init>(JUnit38ClassRunner.java:72)
	at org.junit.internal.builders.JUnit3Builder.runnerForClass(JUnit3Builder.java:11)
	at org.junit.runners.model.RunnerBuilder.safeRunnerForClass(RunnerBuilder.java:59)
	at org.junit.internal.builders.AllDefaultPossibilitiesBuilder.runnerForClass(AllDefaultPossibilitiesBuilder.java:26)
	at org.junit.runners.model.RunnerBuilder.safeRunnerForClass(RunnerBuilder.java:59)
	at org.junit.internal.requests.ClassRequest.getRunner(ClassRequest.java:26)
	at com.gzoltar.lib.instrumentation.testing.junit.JUnitRunner.execute(Unknown Source)
	at com.gzoltar.lib.instrumentation.testing.junit.JUnitRunner.run(Unknown Source)
	at com.gzoltar.lib.client.Diagnose.main(Unknown Source)
)
	at junit.framework.Assert.fail(Assert.java:57)
	at junit.framework.TestCase.fail(TestCase.java:227)
	at junit.framework.TestSuite$1.runTest(TestSuite.java:100)
	at junit.framework.TestCase.runBare(TestCase.java:141)
	at junit.framework.TestResult$1.protect(TestResult.java:122)
	at junit.framework.TestResult.runProtected(TestResult.java:142)
	at junit.framework.TestResult.run(TestResult.java:125)
	at junit.framework.TestCase.run(TestCase.java:129)
	at junit.framework.TestSuite.runTest(TestSuite.java:255)
	at junit.framework.TestSuite.run(TestSuite.java:250)
	at org.junit.internal.runners.JUnit38ClassRunner.run(JUnit38ClassRunner.java:84)
	at com.gzoltar.lib.instrumentation.testing.junit.a.call(Unknown Source)
	at java.util.concurrent.FutureTask.run(FutureTask.java:266)
	at java.util.concurrent.ThreadPoolExecutor.runWorker(ThreadPoolExecutor.java:1149)
	at java.util.concurrent.ThreadPoolExecutor$Worker.run(ThreadPoolExecutor.java:624)
	at java.lang.Thread.run(Thread.java:748)

* Finished junit.framework.TestSuite$1#warning
* Started junit.framework.TestSuite$1#warning
* Failure: Exception in constructor: testBmpDetection (java.lang.LinkageError: org/w3c/dom/Document
	at org.apache.tika.config.TikaConfig.<init>(TikaConfig.java:73)
	at org.apache.tika.config.TikaConfig.<init>(TikaConfig.java:69)
	at org.apache.tika.config.TikaConfig.getDefaultConfig(TikaConfig.java:145)
	at org.apache.tika.mime.TestMimeTypes.<init>(TestMimeTypes.java:55)
	at sun.reflect.GeneratedConstructorAccessor4.newInstance(Unknown Source)
	at sun.reflect.DelegatingConstructorAccessorImpl.newInstance(DelegatingConstructorAccessorImpl.java:45)
	at java.lang.reflect.Constructor.newInstance(Constructor.java:423)
	at junit.framework.TestSuite.createTest(TestSuite.java:63)
	at junit.framework.TestSuite.addTestMethod(TestSuite.java:310)
	at junit.framework.TestSuite.addTestsFromTestCase(TestSuite.java:153)
	at junit.framework.TestSuite.<init>(TestSuite.java:132)
	at org.junit.internal.runners.JUnit38ClassRunner.<init>(JUnit38ClassRunner.java:72)
	at org.junit.internal.builders.JUnit3Builder.runnerForClass(JUnit3Builder.java:11)
	at org.junit.runners.model.RunnerBuilder.safeRunnerForClass(RunnerBuilder.java:59)
	at org.junit.internal.builders.AllDefaultPossibilitiesBuilder.runnerForClass(AllDefaultPossibilitiesBuilder.java:26)
	at org.junit.runners.model.RunnerBuilder.safeRunnerForClass(RunnerBuilder.java:59)
	at org.junit.internal.requests.ClassRequest.getRunner(ClassRequest.java:26)
	at com.gzoltar.lib.instrumentation.testing.junit.JUnitRunner.execute(Unknown Source)
	at com.gzoltar.lib.instrumentation.testing.junit.JUnitRunner.run(Unknown Source)
	at com.gzoltar.lib.client.Diagnose.main(Unknown Source)
) | warning(junit.framework.TestSuite$1)
junit.framework.AssertionFailedError: Exception in constructor: testBmpDetection (java.lang.LinkageError: org/w3c/dom/Document
	at org.apache.tika.config.TikaConfig.<init>(TikaConfig.java:73)
	at org.apache.tika.config.TikaConfig.<init>(TikaConfig.java:69)
	at org.apache.tika.config.TikaConfig.getDefaultConfig(TikaConfig.java:145)
	at org.apache.tika.mime.TestMimeTypes.<init>(TestMimeTypes.java:55)
	at sun.reflect.GeneratedConstructorAccessor4.newInstance(Unknown Source)
	at sun.reflect.DelegatingConstructorAccessorImpl.newInstance(DelegatingConstructorAccessorImpl.java:45)
	at java.lang.reflect.Constructor.newInstance(Constructor.java:423)
	at junit.framework.TestSuite.createTest(TestSuite.java:63)
	at junit.framework.TestSuite.addTestMethod(TestSuite.java:310)
	at junit.framework.TestSuite.addTestsFromTestCase(TestSuite.java:153)
	at junit.framework.TestSuite.<init>(TestSuite.java:132)
	at org.junit.internal.runners.JUnit38ClassRunner.<init>(JUnit38ClassRunner.java:72)
	at org.junit.internal.builders.JUnit3Builder.runnerForClass(JUnit3Builder.java:11)
	at org.junit.runners.model.RunnerBuilder.safeRunnerForClass(RunnerBuilder.java:59)
	at org.junit.internal.builders.AllDefaultPossibilitiesBuilder.runnerForClass(AllDefaultPossibilitiesBuilder.java:26)
	at org.junit.runners.model.RunnerBuilder.safeRunnerForClass(RunnerBuilder.java:59)
	at org.junit.internal.requests.ClassRequest.getRunner(ClassRequest.java:26)
	at com.gzoltar.lib.instrumentation.testing.junit.JUnitRunner.execute(Unknown Source)
	at com.gzoltar.lib.instrumentation.testing.junit.JUnitRunner.run(Unknown Source)
	at com.gzoltar.lib.client.Diagnose.main(Unknown Source)
)
	at junit.framework.Assert.fail(Assert.java:57)
	at junit.framework.TestCase.fail(TestCase.java:227)
	at junit.framework.TestSuite$1.runTest(TestSuite.java:100)
	at junit.framework.TestCase.runBare(TestCase.java:141)
	at junit.framework.TestResult$1.protect(TestResult.java:122)
	at junit.framework.TestResult.runProtected(TestResult.java:142)
	at junit.framework.TestResult.run(TestResult.java:125)
	at junit.framework.TestCase.run(TestCase.java:129)
	at junit.framework.TestSuite.runTest(TestSuite.java:255)
	at junit.framework.TestSuite.run(TestSuite.java:250)
	at org.junit.internal.runners.JUnit38ClassRunner.run(JUnit38ClassRunner.java:84)
	at com.gzoltar.lib.instrumentation.testing.junit.a.call(Unknown Source)
	at java.util.concurrent.FutureTask.run(FutureTask.java:266)
	at java.util.concurrent.ThreadPoolExecutor.runWorker(ThreadPoolExecutor.java:1149)
	at java.util.concurrent.ThreadPoolExecutor$Worker.run(ThreadPoolExecutor.java:624)
	at java.lang.Thread.run(Thread.java:748)

* Finished junit.framework.TestSuite$1#warning
* Started org.apache.tika.TestParsers#testRTFExtraction
* Failure: loader constraint violation: when resolving overridden method "org.apache.xerces.jaxp.DocumentBuilderImpl.setErrorHandler(Lorg/xml/sax/ErrorHandler;)V" the class loader (instance of com/gzoltar/lib/instrumentation/util/GZoltarClassLoader) of the current class, org/apache/xerces/jaxp/DocumentBuilderImpl, and its superclass loader (instance of <bootloader>), have different Class objects for the type org/xml/sax/ErrorHandler used in the signature | testRTFExtraction(org.apache.tika.TestParsers)
java.lang.LinkageError: loader constraint violation: when resolving overridden method "org.apache.xerces.jaxp.DocumentBuilderImpl.setErrorHandler(Lorg/xml/sax/ErrorHandler;)V" the class loader (instance of com/gzoltar/lib/instrumentation/util/GZoltarClassLoader) of the current class, org/apache/xerces/jaxp/DocumentBuilderImpl, and its superclass loader (instance of <bootloader>), have different Class objects for the type org/xml/sax/ErrorHandler used in the signature
	at org.apache.xerces.jaxp.DocumentBuilderFactoryImpl.newDocumentBuilder(Unknown Source)
	at org.apache.tika.config.TikaConfig.getBuilder(TikaConfig.java:155)
	at org.apache.tika.config.TikaConfig.<init>(TikaConfig.java:69)
	at org.apache.tika.config.TikaConfig.getDefaultConfig(TikaConfig.java:145)
	at org.apache.tika.TestParsers.setUp(TestParsers.java:62)
	at junit.framework.TestCase.runBare(TestCase.java:139)
	at junit.framework.TestResult$1.protect(TestResult.java:122)
	at junit.framework.TestResult.runProtected(TestResult.java:142)
	at junit.framework.TestResult.run(TestResult.java:125)
	at junit.framework.TestCase.run(TestCase.java:129)
	at junit.framework.TestSuite.runTest(TestSuite.java:255)
	at junit.framework.TestSuite.run(TestSuite.java:250)
	at org.junit.internal.runners.JUnit38ClassRunner.run(JUnit38ClassRunner.java:84)
	at com.gzoltar.lib.instrumentation.testing.junit.a.call(Unknown Source)
	at java.util.concurrent.FutureTask.run(FutureTask.java:266)
	at java.util.concurrent.ThreadPoolExecutor.runWorker(ThreadPoolExecutor.java:1149)
	at java.util.concurrent.ThreadPoolExecutor$Worker.run(ThreadPoolExecutor.java:624)
	at java.lang.Thread.run(Thread.java:748)

* Finished org.apache.tika.TestParsers#testRTFExtraction
* Started org.apache.tika.TestParsers#testTXTExtraction
* Failure: loader constraint violation: when resolving overridden method "org.apache.xerces.jaxp.DocumentBuilderImpl.setErrorHandler(Lorg/xml/sax/ErrorHandler;)V" the class loader (instance of com/gzoltar/lib/instrumentation/util/GZoltarClassLoader) of the current class, org/apache/xerces/jaxp/DocumentBuilderImpl, and its superclass loader (instance of <bootloader>), have different Class objects for the type org/xml/sax/ErrorHandler used in the signature | testTXTExtraction(org.apache.tika.TestParsers)
java.lang.LinkageError: loader constraint violation: when resolving overridden method "org.apache.xerces.jaxp.DocumentBuilderImpl.setErrorHandler(Lorg/xml/sax/ErrorHandler;)V" the class loader (instance of com/gzoltar/lib/instrumentation/util/GZoltarClassLoader) of the current class, org/apache/xerces/jaxp/DocumentBuilderImpl, and its superclass loader (instance of <bootloader>), have different Class objects for the type org/xml/sax/ErrorHandler used in the signature
	at org.apache.xerces.jaxp.DocumentBuilderFactoryImpl.newDocumentBuilder(Unknown Source)
	at org.apache.tika.config.TikaConfig.getBuilder(TikaConfig.java:155)
	at org.apache.tika.config.TikaConfig.<init>(TikaConfig.java:69)
	at org.apache.tika.config.TikaConfig.getDefaultConfig(TikaConfig.java:145)
	at org.apache.tika.TestParsers.setUp(TestParsers.java:62)
	at junit.framework.TestCase.runBare(TestCase.java:139)
	at junit.framework.TestResult$1.protect(TestResult.java:122)
	at junit.framework.TestResult.runProtected(TestResult.java:142)
	at junit.framework.TestResult.run(TestResult.java:125)
	at junit.framework.TestCase.run(TestCase.java:129)
	at junit.framework.TestSuite.runTest(TestSuite.java:255)
	at junit.framework.TestSuite.run(TestSuite.java:250)
	at org.junit.internal.runners.JUnit38ClassRunner.run(JUnit38ClassRunner.java:84)
	at com.gzoltar.lib.instrumentation.testing.junit.a.call(Unknown Source)
	at java.util.concurrent.FutureTask.run(FutureTask.java:266)
	at java.util.concurrent.ThreadPoolExecutor.runWorker(ThreadPoolExecutor.java:1149)
	at java.util.concurrent.ThreadPoolExecutor$Worker.run(ThreadPoolExecutor.java:624)
	at java.lang.Thread.run(Thread.java:748)

* Finished org.apache.tika.TestParsers#testTXTExtraction
* Started org.apache.tika.TestParsers#testPPTExtraction
* Failure: loader constraint violation: when resolving overridden method "org.apache.xerces.jaxp.DocumentBuilderImpl.setErrorHandler(Lorg/xml/sax/ErrorHandler;)V" the class loader (instance of com/gzoltar/lib/instrumentation/util/GZoltarClassLoader) of the current class, org/apache/xerces/jaxp/DocumentBuilderImpl, and its superclass loader (instance of <bootloader>), have different Class objects for the type org/xml/sax/ErrorHandler used in the signature | testPPTExtraction(org.apache.tika.TestParsers)
java.lang.LinkageError: loader constraint violation: when resolving overridden method "org.apache.xerces.jaxp.DocumentBuilderImpl.setErrorHandler(Lorg/xml/sax/ErrorHandler;)V" the class loader (instance of com/gzoltar/lib/instrumentation/util/GZoltarClassLoader) of the current class, org/apache/xerces/jaxp/DocumentBuilderImpl, and its superclass loader (instance of <bootloader>), have different Class objects for the type org/xml/sax/ErrorHandler used in the signature
	at org.apache.xerces.jaxp.DocumentBuilderFactoryImpl.newDocumentBuilder(Unknown Source)
	at org.apache.tika.config.TikaConfig.getBuilder(TikaConfig.java:155)
	at org.apache.tika.config.TikaConfig.<init>(TikaConfig.java:69)
	at org.apache.tika.config.TikaConfig.getDefaultConfig(TikaConfig.java:145)
	at org.apache.tika.TestParsers.setUp(TestParsers.java:62)
	at junit.framework.TestCase.runBare(TestCase.java:139)
	at junit.framework.TestResult$1.protect(TestResult.java:122)
	at junit.framework.TestResult.runProtected(TestResult.java:142)
	at junit.framework.TestResult.run(TestResult.java:125)
	at junit.framework.TestCase.run(TestCase.java:129)
	at junit.framework.TestSuite.runTest(TestSuite.java:255)
	at junit.framework.TestSuite.run(TestSuite.java:250)
	at org.junit.internal.runners.JUnit38ClassRunner.run(JUnit38ClassRunner.java:84)
	at com.gzoltar.lib.instrumentation.testing.junit.a.call(Unknown Source)
	at java.util.concurrent.FutureTask.run(FutureTask.java:266)
	at java.util.concurrent.ThreadPoolExecutor.runWorker(ThreadPoolExecutor.java:1149)
	at java.util.concurrent.ThreadPoolExecutor$Worker.run(ThreadPoolExecutor.java:624)
	at java.lang.Thread.run(Thread.java:748)

* Finished org.apache.tika.TestParsers#testPPTExtraction
* Started org.apache.tika.TestParsers#testMP3Extraction
* Failure: loader constraint violation: when resolving overridden method "org.apache.xerces.jaxp.DocumentBuilderImpl.setErrorHandler(Lorg/xml/sax/ErrorHandler;)V" the class loader (instance of com/gzoltar/lib/instrumentation/util/GZoltarClassLoader) of the current class, org/apache/xerces/jaxp/DocumentBuilderImpl, and its superclass loader (instance of <bootloader>), have different Class objects for the type org/xml/sax/ErrorHandler used in the signature | testMP3Extraction(org.apache.tika.TestParsers)
java.lang.LinkageError: loader constraint violation: when resolving overridden method "org.apache.xerces.jaxp.DocumentBuilderImpl.setErrorHandler(Lorg/xml/sax/ErrorHandler;)V" the class loader (instance of com/gzoltar/lib/instrumentation/util/GZoltarClassLoader) of the current class, org/apache/xerces/jaxp/DocumentBuilderImpl, and its superclass loader (instance of <bootloader>), have different Class objects for the type org/xml/sax/ErrorHandler used in the signature
	at org.apache.xerces.jaxp.DocumentBuilderFactoryImpl.newDocumentBuilder(Unknown Source)
	at org.apache.tika.config.TikaConfig.getBuilder(TikaConfig.java:155)
	at org.apache.tika.config.TikaConfig.<init>(TikaConfig.java:69)
	at org.apache.tika.config.TikaConfig.getDefaultConfig(TikaConfig.java:145)
	at org.apache.tika.TestParsers.setUp(TestParsers.java:62)
	at junit.framework.TestCase.runBare(TestCase.java:139)
	at junit.framework.TestResult$1.protect(TestResult.java:122)
	at junit.framework.TestResult.runProtected(TestResult.java:142)
	at junit.framework.TestResult.run(TestResult.java:125)
	at junit.framework.TestCase.run(TestCase.java:129)
	at junit.framework.TestSuite.runTest(TestSuite.java:255)
	at junit.framework.TestSuite.run(TestSuite.java:250)
	at org.junit.internal.runners.JUnit38ClassRunner.run(JUnit38ClassRunner.java:84)
	at com.gzoltar.lib.instrumentation.testing.junit.a.call(Unknown Source)
	at java.util.concurrent.FutureTask.run(FutureTask.java:266)
	at java.util.concurrent.ThreadPoolExecutor.runWorker(ThreadPoolExecutor.java:1149)
	at java.util.concurrent.ThreadPoolExecutor$Worker.run(ThreadPoolExecutor.java:624)
	at java.lang.Thread.run(Thread.java:748)

* Finished org.apache.tika.TestParsers#testMP3Extraction
* Started org.apache.tika.TestParsers#testHTMLExtraction
* Failure: loader constraint violation: when resolving overridden method "org.apache.xerces.jaxp.DocumentBuilderImpl.setErrorHandler(Lorg/xml/sax/ErrorHandler;)V" the class loader (instance of com/gzoltar/lib/instrumentation/util/GZoltarClassLoader) of the current class, org/apache/xerces/jaxp/DocumentBuilderImpl, and its superclass loader (instance of <bootloader>), have different Class objects for the type org/xml/sax/ErrorHandler used in the signature | testHTMLExtraction(org.apache.tika.TestParsers)
java.lang.LinkageError: loader constraint violation: when resolving overridden method "org.apache.xerces.jaxp.DocumentBuilderImpl.setErrorHandler(Lorg/xml/sax/ErrorHandler;)V" the class loader (instance of com/gzoltar/lib/instrumentation/util/GZoltarClassLoader) of the current class, org/apache/xerces/jaxp/DocumentBuilderImpl, and its superclass loader (instance of <bootloader>), have different Class objects for the type org/xml/sax/ErrorHandler used in the signature
	at org.apache.xerces.jaxp.DocumentBuilderFactoryImpl.newDocumentBuilder(Unknown Source)
	at org.apache.tika.config.TikaConfig.getBuilder(TikaConfig.java:155)
	at org.apache.tika.config.TikaConfig.<init>(TikaConfig.java:69)
	at org.apache.tika.config.TikaConfig.getDefaultConfig(TikaConfig.java:145)
	at org.apache.tika.TestParsers.setUp(TestParsers.java:62)
	at junit.framework.TestCase.runBare(TestCase.java:139)
	at junit.framework.TestResult$1.protect(TestResult.java:122)
	at junit.framework.TestResult.runProtected(TestResult.java:142)
	at junit.framework.TestResult.run(TestResult.java:125)
	at junit.framework.TestCase.run(TestCase.java:129)
	at junit.framework.TestSuite.runTest(TestSuite.java:255)
	at junit.framework.TestSuite.run(TestSuite.java:250)
	at org.junit.internal.runners.JUnit38ClassRunner.run(JUnit38ClassRunner.java:84)
	at com.gzoltar.lib.instrumentation.testing.junit.a.call(Unknown Source)
	at java.util.concurrent.FutureTask.run(FutureTask.java:266)
	at java.util.concurrent.ThreadPoolExecutor.runWorker(ThreadPoolExecutor.java:1149)
	at java.util.concurrent.ThreadPoolExecutor$Worker.run(ThreadPoolExecutor.java:624)
	at java.lang.Thread.run(Thread.java:748)

* Finished org.apache.tika.TestParsers#testHTMLExtraction
* Started org.apache.tika.TestParsers#testZipFileExtraction
* Failure: loader constraint violation: when resolving overridden method "org.apache.xerces.jaxp.DocumentBuilderImpl.setErrorHandler(Lorg/xml/sax/ErrorHandler;)V" the class loader (instance of com/gzoltar/lib/instrumentation/util/GZoltarClassLoader) of the current class, org/apache/xerces/jaxp/DocumentBuilderImpl, and its superclass loader (instance of <bootloader>), have different Class objects for the type org/xml/sax/ErrorHandler used in the signature | testZipFileExtraction(org.apache.tika.TestParsers)
java.lang.LinkageError: loader constraint violation: when resolving overridden method "org.apache.xerces.jaxp.DocumentBuilderImpl.setErrorHandler(Lorg/xml/sax/ErrorHandler;)V" the class loader (instance of com/gzoltar/lib/instrumentation/util/GZoltarClassLoader) of the current class, org/apache/xerces/jaxp/DocumentBuilderImpl, and its superclass loader (instance of <bootloader>), have different Class objects for the type org/xml/sax/ErrorHandler used in the signature
	at org.apache.xerces.jaxp.DocumentBuilderFactoryImpl.newDocumentBuilder(Unknown Source)
	at org.apache.tika.config.TikaConfig.getBuilder(TikaConfig.java:155)
	at org.apache.tika.config.TikaConfig.<init>(TikaConfig.java:69)
	at org.apache.tika.config.TikaConfig.getDefaultConfig(TikaConfig.java:145)
	at org.apache.tika.TestParsers.setUp(TestParsers.java:62)
	at junit.framework.TestCase.runBare(TestCase.java:139)
	at junit.framework.TestResult$1.protect(TestResult.java:122)
	at junit.framework.TestResult.runProtected(TestResult.java:142)
	at junit.framework.TestResult.run(TestResult.java:125)
	at junit.framework.TestCase.run(TestCase.java:129)
	at junit.framework.TestSuite.runTest(TestSuite.java:255)
	at junit.framework.TestSuite.run(TestSuite.java:250)
	at org.junit.internal.runners.JUnit38ClassRunner.run(JUnit38ClassRunner.java:84)
	at com.gzoltar.lib.instrumentation.testing.junit.a.call(Unknown Source)
	at java.util.concurrent.FutureTask.run(FutureTask.java:266)
	at java.util.concurrent.ThreadPoolExecutor.runWorker(ThreadPoolExecutor.java:1149)
	at java.util.concurrent.ThreadPoolExecutor$Worker.run(ThreadPoolExecutor.java:624)
	at java.lang.Thread.run(Thread.java:748)

* Finished org.apache.tika.TestParsers#testZipFileExtraction
* Started org.apache.tika.TestParsers#testZipExtraction
* Failure: loader constraint violation: when resolving overridden method "org.apache.xerces.jaxp.DocumentBuilderImpl.setErrorHandler(Lorg/xml/sax/ErrorHandler;)V" the class loader (instance of com/gzoltar/lib/instrumentation/util/GZoltarClassLoader) of the current class, org/apache/xerces/jaxp/DocumentBuilderImpl, and its superclass loader (instance of <bootloader>), have different Class objects for the type org/xml/sax/ErrorHandler used in the signature | testZipExtraction(org.apache.tika.TestParsers)
java.lang.LinkageError: loader constraint violation: when resolving overridden method "org.apache.xerces.jaxp.DocumentBuilderImpl.setErrorHandler(Lorg/xml/sax/ErrorHandler;)V" the class loader (instance of com/gzoltar/lib/instrumentation/util/GZoltarClassLoader) of the current class, org/apache/xerces/jaxp/DocumentBuilderImpl, and its superclass loader (instance of <bootloader>), have different Class objects for the type org/xml/sax/ErrorHandler used in the signature
	at org.apache.xerces.jaxp.DocumentBuilderFactoryImpl.newDocumentBuilder(Unknown Source)
	at org.apache.tika.config.TikaConfig.getBuilder(TikaConfig.java:155)
	at org.apache.tika.config.TikaConfig.<init>(TikaConfig.java:69)
	at org.apache.tika.config.TikaConfig.getDefaultConfig(TikaConfig.java:145)
	at org.apache.tika.TestParsers.setUp(TestParsers.java:62)
	at junit.framework.TestCase.runBare(TestCase.java:139)
	at junit.framework.TestResult$1.protect(TestResult.java:122)
	at junit.framework.TestResult.runProtected(TestResult.java:142)
	at junit.framework.TestResult.run(TestResult.java:125)
	at junit.framework.TestCase.run(TestCase.java:129)
	at junit.framework.TestSuite.runTest(TestSuite.java:255)
	at junit.framework.TestSuite.run(TestSuite.java:250)
	at org.junit.internal.runners.JUnit38ClassRunner.run(JUnit38ClassRunner.java:84)
	at com.gzoltar.lib.instrumentation.testing.junit.a.call(Unknown Source)
	at java.util.concurrent.FutureTask.run(FutureTask.java:266)
	at java.util.concurrent.ThreadPoolExecutor.runWorker(ThreadPoolExecutor.java:1149)
	at java.util.concurrent.ThreadPoolExecutor$Worker.run(ThreadPoolExecutor.java:624)
	at java.lang.Thread.run(Thread.java:748)

* Finished org.apache.tika.TestParsers#testZipExtraction
* Started org.apache.tika.TestParsers#testWORDxtraction
* Failure: loader constraint violation: when resolving overridden method "org.apache.xerces.jaxp.DocumentBuilderImpl.setErrorHandler(Lorg/xml/sax/ErrorHandler;)V" the class loader (instance of com/gzoltar/lib/instrumentation/util/GZoltarClassLoader) of the current class, org/apache/xerces/jaxp/DocumentBuilderImpl, and its superclass loader (instance of <bootloader>), have different Class objects for the type org/xml/sax/ErrorHandler used in the signature | testWORDxtraction(org.apache.tika.TestParsers)
java.lang.LinkageError: loader constraint violation: when resolving overridden method "org.apache.xerces.jaxp.DocumentBuilderImpl.setErrorHandler(Lorg/xml/sax/ErrorHandler;)V" the class loader (instance of com/gzoltar/lib/instrumentation/util/GZoltarClassLoader) of the current class, org/apache/xerces/jaxp/DocumentBuilderImpl, and its superclass loader (instance of <bootloader>), have different Class objects for the type org/xml/sax/ErrorHandler used in the signature
	at org.apache.xerces.jaxp.DocumentBuilderFactoryImpl.newDocumentBuilder(Unknown Source)
	at org.apache.tika.config.TikaConfig.getBuilder(TikaConfig.java:155)
	at org.apache.tika.config.TikaConfig.<init>(TikaConfig.java:69)
	at org.apache.tika.config.TikaConfig.getDefaultConfig(TikaConfig.java:145)
	at org.apache.tika.TestParsers.setUp(TestParsers.java:62)
	at junit.framework.TestCase.runBare(TestCase.java:139)
	at junit.framework.TestResult$1.protect(TestResult.java:122)
	at junit.framework.TestResult.runProtected(TestResult.java:142)
	at junit.framework.TestResult.run(TestResult.java:125)
	at junit.framework.TestCase.run(TestCase.java:129)
	at junit.framework.TestSuite.runTest(TestSuite.java:255)
	at junit.framework.TestSuite.run(TestSuite.java:250)
	at org.junit.internal.runners.JUnit38ClassRunner.run(JUnit38ClassRunner.java:84)
	at com.gzoltar.lib.instrumentation.testing.junit.a.call(Unknown Source)
	at java.util.concurrent.FutureTask.run(FutureTask.java:266)
	at java.util.concurrent.ThreadPoolExecutor.runWorker(ThreadPoolExecutor.java:1149)
	at java.util.concurrent.ThreadPoolExecutor$Worker.run(ThreadPoolExecutor.java:624)
	at java.lang.Thread.run(Thread.java:748)

* Finished org.apache.tika.TestParsers#testWORDxtraction
* Started org.apache.tika.TestParsers#testOOExtraction
* Failure: loader constraint violation: when resolving overridden method "org.apache.xerces.jaxp.DocumentBuilderImpl.setErrorHandler(Lorg/xml/sax/ErrorHandler;)V" the class loader (instance of com/gzoltar/lib/instrumentation/util/GZoltarClassLoader) of the current class, org/apache/xerces/jaxp/DocumentBuilderImpl, and its superclass loader (instance of <bootloader>), have different Class objects for the type org/xml/sax/ErrorHandler used in the signature | testOOExtraction(org.apache.tika.TestParsers)
java.lang.LinkageError: loader constraint violation: when resolving overridden method "org.apache.xerces.jaxp.DocumentBuilderImpl.setErrorHandler(Lorg/xml/sax/ErrorHandler;)V" the class loader (instance of com/gzoltar/lib/instrumentation/util/GZoltarClassLoader) of the current class, org/apache/xerces/jaxp/DocumentBuilderImpl, and its superclass loader (instance of <bootloader>), have different Class objects for the type org/xml/sax/ErrorHandler used in the signature
	at org.apache.xerces.jaxp.DocumentBuilderFactoryImpl.newDocumentBuilder(Unknown Source)
	at org.apache.tika.config.TikaConfig.getBuilder(TikaConfig.java:155)
	at org.apache.tika.config.TikaConfig.<init>(TikaConfig.java:69)
	at org.apache.tika.config.TikaConfig.getDefaultConfig(TikaConfig.java:145)
	at org.apache.tika.TestParsers.setUp(TestParsers.java:62)
	at junit.framework.TestCase.runBare(TestCase.java:139)
	at junit.framework.TestResult$1.protect(TestResult.java:122)
	at junit.framework.TestResult.runProtected(TestResult.java:142)
	at junit.framework.TestResult.run(TestResult.java:125)
	at junit.framework.TestCase.run(TestCase.java:129)
	at junit.framework.TestSuite.runTest(TestSuite.java:255)
	at junit.framework.TestSuite.run(TestSuite.java:250)
	at org.junit.internal.runners.JUnit38ClassRunner.run(JUnit38ClassRunner.java:84)
	at com.gzoltar.lib.instrumentation.testing.junit.a.call(Unknown Source)
	at java.util.concurrent.FutureTask.run(FutureTask.java:266)
	at java.util.concurrent.ThreadPoolExecutor.runWorker(ThreadPoolExecutor.java:1149)
	at java.util.concurrent.ThreadPoolExecutor$Worker.run(ThreadPoolExecutor.java:624)
	at java.lang.Thread.run(Thread.java:748)

* Finished org.apache.tika.TestParsers#testOOExtraction
* Started org.apache.tika.TestParsers#testOutlookExtraction
* Failure: loader constraint violation: when resolving overridden method "org.apache.xerces.jaxp.DocumentBuilderImpl.setErrorHandler(Lorg/xml/sax/ErrorHandler;)V" the class loader (instance of com/gzoltar/lib/instrumentation/util/GZoltarClassLoader) of the current class, org/apache/xerces/jaxp/DocumentBuilderImpl, and its superclass loader (instance of <bootloader>), have different Class objects for the type org/xml/sax/ErrorHandler used in the signature | testOutlookExtraction(org.apache.tika.TestParsers)
java.lang.LinkageError: loader constraint violation: when resolving overridden method "org.apache.xerces.jaxp.DocumentBuilderImpl.setErrorHandler(Lorg/xml/sax/ErrorHandler;)V" the class loader (instance of com/gzoltar/lib/instrumentation/util/GZoltarClassLoader) of the current class, org/apache/xerces/jaxp/DocumentBuilderImpl, and its superclass loader (instance of <bootloader>), have different Class objects for the type org/xml/sax/ErrorHandler used in the signature
	at org.apache.xerces.jaxp.DocumentBuilderFactoryImpl.newDocumentBuilder(Unknown Source)
	at org.apache.tika.config.TikaConfig.getBuilder(TikaConfig.java:155)
	at org.apache.tika.config.TikaConfig.<init>(TikaConfig.java:69)
	at org.apache.tika.config.TikaConfig.getDefaultConfig(TikaConfig.java:145)
	at org.apache.tika.TestParsers.setUp(TestParsers.java:62)
	at junit.framework.TestCase.runBare(TestCase.java:139)
	at junit.framework.TestResult$1.protect(TestResult.java:122)
	at junit.framework.TestResult.runProtected(TestResult.java:142)
	at junit.framework.TestResult.run(TestResult.java:125)
	at junit.framework.TestCase.run(TestCase.java:129)
	at junit.framework.TestSuite.runTest(TestSuite.java:255)
	at junit.framework.TestSuite.run(TestSuite.java:250)
	at org.junit.internal.runners.JUnit38ClassRunner.run(JUnit38ClassRunner.java:84)
	at com.gzoltar.lib.instrumentation.testing.junit.a.call(Unknown Source)
	at java.util.concurrent.FutureTask.run(FutureTask.java:266)
	at java.util.concurrent.ThreadPoolExecutor.runWorker(ThreadPoolExecutor.java:1149)
	at java.util.concurrent.ThreadPoolExecutor$Worker.run(ThreadPoolExecutor.java:624)
	at java.lang.Thread.run(Thread.java:748)

* Finished org.apache.tika.TestParsers#testOutlookExtraction
* Started org.apache.tika.TestParsers#testPDFExtraction
* Failure: loader constraint violation: when resolving overridden method "org.apache.xerces.jaxp.DocumentBuilderImpl.setErrorHandler(Lorg/xml/sax/ErrorHandler;)V" the class loader (instance of com/gzoltar/lib/instrumentation/util/GZoltarClassLoader) of the current class, org/apache/xerces/jaxp/DocumentBuilderImpl, and its superclass loader (instance of <bootloader>), have different Class objects for the type org/xml/sax/ErrorHandler used in the signature | testPDFExtraction(org.apache.tika.TestParsers)
java.lang.LinkageError: loader constraint violation: when resolving overridden method "org.apache.xerces.jaxp.DocumentBuilderImpl.setErrorHandler(Lorg/xml/sax/ErrorHandler;)V" the class loader (instance of com/gzoltar/lib/instrumentation/util/GZoltarClassLoader) of the current class, org/apache/xerces/jaxp/DocumentBuilderImpl, and its superclass loader (instance of <bootloader>), have different Class objects for the type org/xml/sax/ErrorHandler used in the signature
	at org.apache.xerces.jaxp.DocumentBuilderFactoryImpl.newDocumentBuilder(Unknown Source)
	at org.apache.tika.config.TikaConfig.getBuilder(TikaConfig.java:155)
	at org.apache.tika.config.TikaConfig.<init>(TikaConfig.java:69)
	at org.apache.tika.config.TikaConfig.getDefaultConfig(TikaConfig.java:145)
	at org.apache.tika.TestParsers.setUp(TestParsers.java:62)
	at junit.framework.TestCase.runBare(TestCase.java:139)
	at junit.framework.TestResult$1.protect(TestResult.java:122)
	at junit.framework.TestResult.runProtected(TestResult.java:142)
	at junit.framework.TestResult.run(TestResult.java:125)
	at junit.framework.TestCase.run(TestCase.java:129)
	at junit.framework.TestSuite.runTest(TestSuite.java:255)
	at junit.framework.TestSuite.run(TestSuite.java:250)
	at org.junit.internal.runners.JUnit38ClassRunner.run(JUnit38ClassRunner.java:84)
	at com.gzoltar.lib.instrumentation.testing.junit.a.call(Unknown Source)
	at java.util.concurrent.FutureTask.run(FutureTask.java:266)
	at java.util.concurrent.ThreadPoolExecutor.runWorker(ThreadPoolExecutor.java:1149)
	at java.util.concurrent.ThreadPoolExecutor$Worker.run(ThreadPoolExecutor.java:624)
	at java.lang.Thread.run(Thread.java:748)

* Finished org.apache.tika.TestParsers#testPDFExtraction
* Started org.apache.tika.TestParsers#testEXCELExtraction
* Failure: loader constraint violation: when resolving overridden method "org.apache.xerces.jaxp.DocumentBuilderImpl.setErrorHandler(Lorg/xml/sax/ErrorHandler;)V" the class loader (instance of com/gzoltar/lib/instrumentation/util/GZoltarClassLoader) of the current class, org/apache/xerces/jaxp/DocumentBuilderImpl, and its superclass loader (instance of <bootloader>), have different Class objects for the type org/xml/sax/ErrorHandler used in the signature | testEXCELExtraction(org.apache.tika.TestParsers)
java.lang.LinkageError: loader constraint violation: when resolving overridden method "org.apache.xerces.jaxp.DocumentBuilderImpl.setErrorHandler(Lorg/xml/sax/ErrorHandler;)V" the class loader (instance of com/gzoltar/lib/instrumentation/util/GZoltarClassLoader) of the current class, org/apache/xerces/jaxp/DocumentBuilderImpl, and its superclass loader (instance of <bootloader>), have different Class objects for the type org/xml/sax/ErrorHandler used in the signature
	at org.apache.xerces.jaxp.DocumentBuilderFactoryImpl.newDocumentBuilder(Unknown Source)
	at org.apache.tika.config.TikaConfig.getBuilder(TikaConfig.java:155)
	at org.apache.tika.config.TikaConfig.<init>(TikaConfig.java:69)
	at org.apache.tika.config.TikaConfig.getDefaultConfig(TikaConfig.java:145)
	at org.apache.tika.TestParsers.setUp(TestParsers.java:62)
	at junit.framework.TestCase.runBare(TestCase.java:139)
	at junit.framework.TestResult$1.protect(TestResult.java:122)
	at junit.framework.TestResult.runProtected(TestResult.java:142)
	at junit.framework.TestResult.run(TestResult.java:125)
	at junit.framework.TestCase.run(TestCase.java:129)
	at junit.framework.TestSuite.runTest(TestSuite.java:255)
	at junit.framework.TestSuite.run(TestSuite.java:250)
	at org.junit.internal.runners.JUnit38ClassRunner.run(JUnit38ClassRunner.java:84)
	at com.gzoltar.lib.instrumentation.testing.junit.a.call(Unknown Source)
	at java.util.concurrent.FutureTask.run(FutureTask.java:266)
	at java.util.concurrent.ThreadPoolExecutor.runWorker(ThreadPoolExecutor.java:1149)
	at java.util.concurrent.ThreadPoolExecutor$Worker.run(ThreadPoolExecutor.java:624)
	at java.lang.Thread.run(Thread.java:748)

* Finished org.apache.tika.TestParsers#testEXCELExtraction
* Started org.apache.tika.TestParsers#testXMLExtraction
* Failure: loader constraint violation: when resolving overridden method "org.apache.xerces.jaxp.DocumentBuilderImpl.setErrorHandler(Lorg/xml/sax/ErrorHandler;)V" the class loader (instance of com/gzoltar/lib/instrumentation/util/GZoltarClassLoader) of the current class, org/apache/xerces/jaxp/DocumentBuilderImpl, and its superclass loader (instance of <bootloader>), have different Class objects for the type org/xml/sax/ErrorHandler used in the signature | testXMLExtraction(org.apache.tika.TestParsers)
java.lang.LinkageError: loader constraint violation: when resolving overridden method "org.apache.xerces.jaxp.DocumentBuilderImpl.setErrorHandler(Lorg/xml/sax/ErrorHandler;)V" the class loader (instance of com/gzoltar/lib/instrumentation/util/GZoltarClassLoader) of the current class, org/apache/xerces/jaxp/DocumentBuilderImpl, and its superclass loader (instance of <bootloader>), have different Class objects for the type org/xml/sax/ErrorHandler used in the signature
	at org.apache.xerces.jaxp.DocumentBuilderFactoryImpl.newDocumentBuilder(Unknown Source)
	at org.apache.tika.config.TikaConfig.getBuilder(TikaConfig.java:155)
	at org.apache.tika.config.TikaConfig.<init>(TikaConfig.java:69)
	at org.apache.tika.config.TikaConfig.getDefaultConfig(TikaConfig.java:145)
	at org.apache.tika.TestParsers.setUp(TestParsers.java:62)
	at junit.framework.TestCase.runBare(TestCase.java:139)
	at junit.framework.TestResult$1.protect(TestResult.java:122)
	at junit.framework.TestResult.runProtected(TestResult.java:142)
	at junit.framework.TestResult.run(TestResult.java:125)
	at junit.framework.TestCase.run(TestCase.java:129)
	at junit.framework.TestSuite.runTest(TestSuite.java:255)
	at junit.framework.TestSuite.run(TestSuite.java:250)
	at org.junit.internal.runners.JUnit38ClassRunner.run(JUnit38ClassRunner.java:84)
	at com.gzoltar.lib.instrumentation.testing.junit.a.call(Unknown Source)
	at java.util.concurrent.FutureTask.run(FutureTask.java:266)
	at java.util.concurrent.ThreadPoolExecutor.runWorker(ThreadPoolExecutor.java:1149)
	at java.util.concurrent.ThreadPoolExecutor$Worker.run(ThreadPoolExecutor.java:624)
	at java.lang.Thread.run(Thread.java:748)

* Finished org.apache.tika.TestParsers#testXMLExtraction
* Filtering test cases that do not cover any component
* Sending data to master
* Closing connection with client
* Performing fault localization
* Running Ochiai
* Writing coverage matrix to '/home1/lileping3/tryGZoltar/tika_6/matrix'
* Writing spectra to '/home1/lileping3/tryGZoltar/tika_6/spectra'
* Metrics
* Computation finished
[INFO] End: 2021年 06月 05日 星期六 06:10:59 PDT
[DEBUG] MATRIX OK
[DEBUG] SPECTRA OK

DONE!
