[DEBUG] PID: Lang
[DEBUG] VID: 81
[DEBUG] DATA_DIR: /home1/lileping3/tryGZoltar/Lang_81
[DEBUG] TOOL: developer
[DEBUG] TESTS_DIR: 
[DEBUG] TMP_DIR: /home1/lileping3/tmp/Lang_81_buggy
[DEBUG] DIR_PROJECT: /home1/NewD4j/GrowingBugRepository-main/framework/projects/Lang
[DEBUG] DIR_LOADED_CLASSES: /home1/NewD4j/GrowingBugRepository-main/framework/projects/Lang/loaded_classes
[DEBUG] DIR_RELEVANT_TESTS: /home1/NewD4j/GrowingBugRepository-main/framework/projects/Lang/relevant_tests
[DEBUG] DIR_TRIGGER_TESTS: /home1/NewD4j/GrowingBugRepository-main/framework/projects/Lang/trigger_tests
[DEBUG] JAVA_VERSION:
Picked up _JAVA_OPTIONS: -XX:MaxHeapSize=1024m -Xmx4096m
java version "1.8.0_231"
Java(TM) SE Runtime Environment (build 1.8.0_231-b11)
Java HotSpot(TM) 64-Bit Server VM (build 25.231-b11, mixed mode)
[DEBUG] LOADED_CLASSES: org.apache.commons.lang3.time.DateUtils:
[DEBUG] LOADED_SUB_CLASSES: org.apache.commons.lang3.time.DateUtils$*:
[DEBUG] RELEVANT_TESTS: org.apache.commons.lang3.time.DateUtilsFragmentTest:org.apache.commons.lang3.time.DateUtilsRoundingTest:org.apache.commons.lang3.time.DateUtilsTest:
[DEBUG] TRIGGER_TESTS_FILE: /home1/NewD4j/GrowingBugRepository-main/framework/projects/Lang/trigger_tests/81
[DEBUG] CP: /home1/NewD4j/GrowingBugRepository-main/framework/projects/lib/junit-4.11.jar:/home1/lileping3/tmp/Lang_81_buggy/target/classes:/home1/lileping3/tmp/Lang_81_buggy/target/tests:/home1/NewD4j/GrowingBugRepository-main/framework/projects/lib/junit-4.11.jar:/home1/NewD4j/GrowingBugRepository-main/framework/projects/Lang/lib/easymock.jar:/home1/NewD4j/GrowingBugRepository-main/framework/projects/Lang/lib/commons-io.jar:/home1/lileping3/tmp/Lang_81_buggy/${hamcrest.home}/hamcrest-core-1.3.jar:/home1/lileping3/tmp/Lang_81_buggy/${classes.dir}:/home1/lileping3/tmp/Lang_81_buggy/${test.classes.dir}:/home1/NewD4j/GrowingBugRepository-main/framework/projects/Lang/lib/cglib.jar:/home1/NewD4j/GrowingBugRepository-main/framework/projects/Lang/lib/asm.jar:/home1/NewD4j/GrowingBugRepository-main/framework/projects/Lang/lib/lib/commons-io/commons-io/2.5/commons-io-2.5.jar:/home1/NewD4j/GrowingBugRepository-main/framework/projects/Lang/lib/lib/junit/junit/4.12/junit-4.12.jar:/home1/NewD4j/GrowingBugRepository-main/framework/projects/Lang/lib/lib/junit/junit/4.7/junit-4.7.jar:/home1/NewD4j/GrowingBugRepository-main/framework/projects/Lang/lib/lib/net/sf/jopt-simple/jopt-simple/4.6/jopt-simple-4.6.jar:/home1/NewD4j/GrowingBugRepository-main/framework/projects/Lang/lib/lib/org/apache/bcel/bcel/6.0/bcel-6.0.jar:/home1/NewD4j/GrowingBugRepository-main/framework/projects/Lang/lib/lib/org/apache/commons/commons-math3/3.2/commons-math3-3.2.jar:/home1/NewD4j/GrowingBugRepository-main/framework/projects/Lang/lib/lib/org/apiguardian/apiguardian-api/1.1.0/apiguardian-api-1.1.0.jar:/home1/NewD4j/GrowingBugRepository-main/framework/projects/Lang/lib/lib/org/easymock/easymock/2.5.2/easymock-2.5.2.jar:/home1/NewD4j/GrowingBugRepository-main/framework/projects/Lang/lib/lib/org/easymock/easymock/3.4/easymock-3.4.jar:/home1/NewD4j/GrowingBugRepository-main/framework/projects/Lang/lib/lib/org/easymock/easymock/3.5.1/easymock-3.5.1.jar:/home1/NewD4j/GrowingBugRepository-main/framework/projects/Lang/lib/lib/org/easymock/easymock/3.5/easymock-3.5.jar:/home1/NewD4j/GrowingBugRepository-main/framework/projects/Lang/lib/lib/org/easymock/easymock/4.0.2/easymock-4.0.2.jar:/home1/NewD4j/GrowingBugRepository-main/framework/projects/Lang/lib/lib/org/hamcrest/hamcrest-all/1.3/hamcrest-all-1.3.jar:/home1/NewD4j/GrowingBugRepository-main/framework/projects/Lang/lib/lib/org/hamcrest/hamcrest-core/1.3/hamcrest-core-1.3.jar:/home1/NewD4j/GrowingBugRepository-main/framework/projects/Lang/lib/lib/org/hamcrest/hamcrest/2.1/hamcrest-2.1.jar:/home1/NewD4j/GrowingBugRepository-main/framework/projects/Lang/lib/lib/org/junit-pioneer/junit-pioneer/0.3.0/junit-pioneer-0.3.0.jar:/home1/NewD4j/GrowingBugRepository-main/framework/projects/Lang/lib/lib/org/junit/jupiter/junit-jupiter-api/5.5.0/junit-jupiter-api-5.5.0.jar:/home1/NewD4j/GrowingBugRepository-main/framework/projects/Lang/lib/lib/org/junit/jupiter/junit-jupiter-engine/5.5.0/junit-jupiter-engine-5.5.0.jar:/home1/NewD4j/GrowingBugRepository-main/framework/projects/Lang/lib/lib/org/junit/jupiter/junit-jupiter-params/5.5.0/junit-jupiter-params-5.5.0.jar:/home1/NewD4j/GrowingBugRepository-main/framework/projects/Lang/lib/lib/org/junit/jupiter/junit-jupiter/5.5.0/junit-jupiter-5.5.0.jar:/home1/NewD4j/GrowingBugRepository-main/framework/projects/Lang/lib/lib/org/junit/platform/junit-platform-commons/1.5.0/junit-platform-commons-1.5.0.jar:/home1/NewD4j/GrowingBugRepository-main/framework/projects/Lang/lib/lib/org/junit/platform/junit-platform-engine/1.5.0/junit-platform-engine-1.5.0.jar:/home1/NewD4j/GrowingBugRepository-main/framework/projects/Lang/lib/lib/org/objenesis/objenesis/2.2/objenesis-2.2.jar:/home1/NewD4j/GrowingBugRepository-main/framework/projects/Lang/lib/lib/org/objenesis/objenesis/2.6/objenesis-2.6.jar:/home1/NewD4j/GrowingBugRepository-main/framework/projects/Lang/lib/lib/org/objenesis/objenesis/3.0.1/objenesis-3.0.1.jar:/home1/NewD4j/GrowingBugRepository-main/framework/projects/Lang/lib/lib/org/openjdk/jmh/jmh-core/1.17.4/jmh-core-1.17.4.jar:/home1/NewD4j/GrowingBugRepository-main/framework/projects/Lang/lib/lib/org/openjdk/jmh/jmh-core/1.19/jmh-core-1.19.jar:/home1/NewD4j/GrowingBugRepository-main/framework/projects/Lang/lib/lib/org/openjdk/jmh/jmh-core/1.21/jmh-core-1.21.jar:/home1/NewD4j/GrowingBugRepository-main/framework/projects/Lang/lib/lib/org/openjdk/jmh/jmh-generator-annprocess/1.17.4/jmh-generator-annprocess-1.17.4.jar:/home1/NewD4j/GrowingBugRepository-main/framework/projects/Lang/lib/lib/org/openjdk/jmh/jmh-generator-annprocess/1.19/jmh-generator-annprocess-1.19.jar:/home1/NewD4j/GrowingBugRepository-main/framework/projects/Lang/lib/lib/org/openjdk/jmh/jmh-generator-annprocess/1.21/jmh-generator-annprocess-1.21.jar:/home1/NewD4j/GrowingBugRepository-main/framework/projects/Lang/lib/lib/org/opentest4j/opentest4j/1.2.0/opentest4j-1.2.0.jar:/home1/NewD4j/GrowingBugRepository-main/framework/projects/Lang/lib/org/easymock/2.5.2/easymock-2.5.2.jar:/home1/NewD4j/GrowingBugRepository-main/framework/projects/Lang/lib/org/easymock/easymock/2.5.2/easymock-2.5.2.jar
[INFO] Compiling Lang-81
Running ant (compile)...................................................... OK
Running ant (compile.tests)................................................ OK
[INFO] Running GZoltar
[INFO] Start: 2021年 06月 07日 星期一 23:01:45 PDT
   ____ _____     _ _               
  / ___|__  /___ | | |_ __ _ _ __   
 | |  _  / // _ \| | __/ _` | '__| 
 | |_| |/ /| (_) | | || (_| | |     
  \____/____\___/|_|\__\__,_|_| 

[ERROR] /home1/lileping3/tmp/Lang_81_buggy/${hamcrest.home}/hamcrest-core-1.3.jar does not exist
java.lang.Exception
	at com.gzoltar.lib.master.modes.Diagnose.execute(Unknown Source)
	at com.gzoltar.lib.master.GZoltar.parseCommandLine(Unknown Source)
	at com.gzoltar.lib.master.GZoltar.main(Unknown Source)
[ERROR] /home1/lileping3/tmp/Lang_81_buggy/${classes.dir} does not exist
java.lang.Exception
	at com.gzoltar.lib.master.modes.Diagnose.execute(Unknown Source)
	at com.gzoltar.lib.master.GZoltar.parseCommandLine(Unknown Source)
	at com.gzoltar.lib.master.GZoltar.main(Unknown Source)
[ERROR] /home1/lileping3/tmp/Lang_81_buggy/${test.classes.dir} does not exist
java.lang.Exception
	at com.gzoltar.lib.master.modes.Diagnose.execute(Unknown Source)
	at com.gzoltar.lib.master.GZoltar.parseCommandLine(Unknown Source)
	at com.gzoltar.lib.master.GZoltar.main(Unknown Source)
* Preparing classpath
Java HotSpot(TM) 64-Bit Server VM warning: ignoring option MaxPermSize=1024M; support was removed in 8.0
* Collecting classes under test
[ERROR] 
java.io.IOException: invalid constant type: 19 at 5
	at com.gzoltar.lib.shaded.javassist.bytecode.ConstPool.readOne(ConstPool.java:1241)
	at com.gzoltar.lib.shaded.javassist.bytecode.ConstPool.read(ConstPool.java:1172)
	at com.gzoltar.lib.shaded.javassist.bytecode.ConstPool.<init>(ConstPool.java:185)
	at com.gzoltar.lib.shaded.javassist.bytecode.ClassFile.read(ClassFile.java:807)
	at com.gzoltar.lib.shaded.javassist.bytecode.ClassFile.<init>(ClassFile.java:148)
	at com.gzoltar.lib.shaded.javassist.CtClassType.<init>(CtClassType.java:96)
	at com.gzoltar.lib.shaded.javassist.ClassPool.makeClass(ClassPool.java:729)
	at com.gzoltar.lib.shaded.javassist.ClassPool.makeClass(ClassPool.java:707)
	at com.gzoltar.lib.client.util.ClassUtils.processClassPath(Unknown Source)
	at com.gzoltar.lib.client.util.ClassUtils.getClasses(Unknown Source)
	at com.gzoltar.lib.client.util.ClassUtils.getNonTestClasses(Unknown Source)
	at com.gzoltar.lib.client.Diagnose.main(Unknown Source)
[ERROR] 
java.util.zip.ZipException: error in opening zip file
	at java.util.zip.ZipFile.open(Native Method)
	at java.util.zip.ZipFile.<init>(ZipFile.java:225)
	at java.util.zip.ZipFile.<init>(ZipFile.java:155)
	at java.util.jar.JarFile.<init>(JarFile.java:166)
	at java.util.jar.JarFile.<init>(JarFile.java:103)
	at com.gzoltar.lib.client.util.ClassUtils.processClassPath(Unknown Source)
	at com.gzoltar.lib.client.util.ClassUtils.getClasses(Unknown Source)
	at com.gzoltar.lib.client.util.ClassUtils.getNonTestClasses(Unknown Source)
	at com.gzoltar.lib.client.Diagnose.main(Unknown Source)
[ERROR] 
java.io.IOException: invalid constant type: 19 at 5
	at com.gzoltar.lib.shaded.javassist.bytecode.ConstPool.readOne(ConstPool.java:1241)
	at com.gzoltar.lib.shaded.javassist.bytecode.ConstPool.read(ConstPool.java:1172)
	at com.gzoltar.lib.shaded.javassist.bytecode.ConstPool.<init>(ConstPool.java:185)
	at com.gzoltar.lib.shaded.javassist.bytecode.ClassFile.read(ClassFile.java:807)
	at com.gzoltar.lib.shaded.javassist.bytecode.ClassFile.<init>(ClassFile.java:148)
	at com.gzoltar.lib.shaded.javassist.CtClassType.<init>(CtClassType.java:96)
	at com.gzoltar.lib.shaded.javassist.ClassPool.makeClass(ClassPool.java:729)
	at com.gzoltar.lib.shaded.javassist.ClassPool.makeClass(ClassPool.java:707)
	at com.gzoltar.lib.client.util.ClassUtils.processClassPath(Unknown Source)
	at com.gzoltar.lib.client.util.ClassUtils.getClasses(Unknown Source)
	at com.gzoltar.lib.client.util.ClassUtils.getNonTestClasses(Unknown Source)
	at com.gzoltar.lib.client.Diagnose.main(Unknown Source)
[ERROR] 
java.io.IOException: invalid constant type: 19 at 5
	at com.gzoltar.lib.shaded.javassist.bytecode.ConstPool.readOne(ConstPool.java:1241)
	at com.gzoltar.lib.shaded.javassist.bytecode.ConstPool.read(ConstPool.java:1172)
	at com.gzoltar.lib.shaded.javassist.bytecode.ConstPool.<init>(ConstPool.java:185)
	at com.gzoltar.lib.shaded.javassist.bytecode.ClassFile.read(ClassFile.java:807)
	at com.gzoltar.lib.shaded.javassist.bytecode.ClassFile.<init>(ClassFile.java:148)
	at com.gzoltar.lib.shaded.javassist.CtClassType.<init>(CtClassType.java:96)
	at com.gzoltar.lib.shaded.javassist.ClassPool.makeClass(ClassPool.java:729)
	at com.gzoltar.lib.shaded.javassist.ClassPool.makeClass(ClassPool.java:707)
	at com.gzoltar.lib.client.util.ClassUtils.processClassPath(Unknown Source)
	at com.gzoltar.lib.client.util.ClassUtils.getClasses(Unknown Source)
	at com.gzoltar.lib.client.util.ClassUtils.getNonTestClasses(Unknown Source)
	at com.gzoltar.lib.client.Diagnose.main(Unknown Source)
[ERROR] 
java.io.IOException: invalid constant type: 19 at 5
	at com.gzoltar.lib.shaded.javassist.bytecode.ConstPool.readOne(ConstPool.java:1241)
	at com.gzoltar.lib.shaded.javassist.bytecode.ConstPool.read(ConstPool.java:1172)
	at com.gzoltar.lib.shaded.javassist.bytecode.ConstPool.<init>(ConstPool.java:185)
	at com.gzoltar.lib.shaded.javassist.bytecode.ClassFile.read(ClassFile.java:807)
	at com.gzoltar.lib.shaded.javassist.bytecode.ClassFile.<init>(ClassFile.java:148)
	at com.gzoltar.lib.shaded.javassist.CtClassType.<init>(CtClassType.java:96)
	at com.gzoltar.lib.shaded.javassist.ClassPool.makeClass(ClassPool.java:729)
	at com.gzoltar.lib.shaded.javassist.ClassPool.makeClass(ClassPool.java:707)
	at com.gzoltar.lib.client.util.ClassUtils.processClassPath(Unknown Source)
	at com.gzoltar.lib.client.util.ClassUtils.getClasses(Unknown Source)
	at com.gzoltar.lib.client.util.ClassUtils.getNonTestClasses(Unknown Source)
	at com.gzoltar.lib.client.Diagnose.main(Unknown Source)
[ERROR] 
java.io.IOException: invalid constant type: 19 at 5
	at com.gzoltar.lib.shaded.javassist.bytecode.ConstPool.readOne(ConstPool.java:1241)
	at com.gzoltar.lib.shaded.javassist.bytecode.ConstPool.read(ConstPool.java:1172)
	at com.gzoltar.lib.shaded.javassist.bytecode.ConstPool.<init>(ConstPool.java:185)
	at com.gzoltar.lib.shaded.javassist.bytecode.ClassFile.read(ClassFile.java:807)
	at com.gzoltar.lib.shaded.javassist.bytecode.ClassFile.<init>(ClassFile.java:148)
	at com.gzoltar.lib.shaded.javassist.CtClassType.<init>(CtClassType.java:96)
	at com.gzoltar.lib.shaded.javassist.ClassPool.makeClass(ClassPool.java:729)
	at com.gzoltar.lib.shaded.javassist.ClassPool.makeClass(ClassPool.java:707)
	at com.gzoltar.lib.client.util.ClassUtils.processClassPath(Unknown Source)
	at com.gzoltar.lib.client.util.ClassUtils.getClasses(Unknown Source)
	at com.gzoltar.lib.client.util.ClassUtils.getNonTestClasses(Unknown Source)
	at com.gzoltar.lib.client.Diagnose.main(Unknown Source)
[ERROR] 
java.io.IOException: invalid constant type: 19 at 5
	at com.gzoltar.lib.shaded.javassist.bytecode.ConstPool.readOne(ConstPool.java:1241)
	at com.gzoltar.lib.shaded.javassist.bytecode.ConstPool.read(ConstPool.java:1172)
	at com.gzoltar.lib.shaded.javassist.bytecode.ConstPool.<init>(ConstPool.java:185)
	at com.gzoltar.lib.shaded.javassist.bytecode.ClassFile.read(ClassFile.java:807)
	at com.gzoltar.lib.shaded.javassist.bytecode.ClassFile.<init>(ClassFile.java:148)
	at com.gzoltar.lib.shaded.javassist.CtClassType.<init>(CtClassType.java:96)
	at com.gzoltar.lib.shaded.javassist.ClassPool.makeClass(ClassPool.java:729)
	at com.gzoltar.lib.shaded.javassist.ClassPool.makeClass(ClassPool.java:707)
	at com.gzoltar.lib.client.util.ClassUtils.processClassPath(Unknown Source)
	at com.gzoltar.lib.client.util.ClassUtils.getClasses(Unknown Source)
	at com.gzoltar.lib.client.util.ClassUtils.getNonTestClasses(Unknown Source)
	at com.gzoltar.lib.client.Diagnose.main(Unknown Source)
[ERROR] 
java.io.IOException: invalid constant type: 19 at 5
	at com.gzoltar.lib.shaded.javassist.bytecode.ConstPool.readOne(ConstPool.java:1241)
	at com.gzoltar.lib.shaded.javassist.bytecode.ConstPool.read(ConstPool.java:1172)
	at com.gzoltar.lib.shaded.javassist.bytecode.ConstPool.<init>(ConstPool.java:185)
	at com.gzoltar.lib.shaded.javassist.bytecode.ClassFile.read(ClassFile.java:807)
	at com.gzoltar.lib.shaded.javassist.bytecode.ClassFile.<init>(ClassFile.java:148)
	at com.gzoltar.lib.shaded.javassist.CtClassType.<init>(CtClassType.java:96)
	at com.gzoltar.lib.shaded.javassist.ClassPool.makeClass(ClassPool.java:729)
	at com.gzoltar.lib.shaded.javassist.ClassPool.makeClass(ClassPool.java:707)
	at com.gzoltar.lib.client.util.ClassUtils.processClassPath(Unknown Source)
	at com.gzoltar.lib.client.util.ClassUtils.getClasses(Unknown Source)
	at com.gzoltar.lib.client.util.ClassUtils.getNonTestClasses(Unknown Source)
	at com.gzoltar.lib.client.Diagnose.main(Unknown Source)
* Collecting test cases
[ERROR] 
java.io.IOException: invalid constant type: 19 at 5
	at com.gzoltar.lib.shaded.javassist.bytecode.ConstPool.readOne(ConstPool.java:1241)
	at com.gzoltar.lib.shaded.javassist.bytecode.ConstPool.read(ConstPool.java:1172)
	at com.gzoltar.lib.shaded.javassist.bytecode.ConstPool.<init>(ConstPool.java:185)
	at com.gzoltar.lib.shaded.javassist.bytecode.ClassFile.read(ClassFile.java:807)
	at com.gzoltar.lib.shaded.javassist.bytecode.ClassFile.<init>(ClassFile.java:148)
	at com.gzoltar.lib.shaded.javassist.CtClassType.<init>(CtClassType.java:96)
	at com.gzoltar.lib.shaded.javassist.ClassPool.makeClass(ClassPool.java:729)
	at com.gzoltar.lib.shaded.javassist.ClassPool.makeClass(ClassPool.java:707)
	at com.gzoltar.lib.client.util.ClassUtils.processClassPath(Unknown Source)
	at com.gzoltar.lib.client.util.ClassUtils.getClasses(Unknown Source)
	at com.gzoltar.lib.client.util.ClassUtils.getTestClasses(Unknown Source)
	at com.gzoltar.lib.client.Diagnose.main(Unknown Source)
[ERROR] 
java.util.zip.ZipException: error in opening zip file
	at java.util.zip.ZipFile.open(Native Method)
	at java.util.zip.ZipFile.<init>(ZipFile.java:225)
	at java.util.zip.ZipFile.<init>(ZipFile.java:155)
	at java.util.jar.JarFile.<init>(JarFile.java:166)
	at java.util.jar.JarFile.<init>(JarFile.java:103)
	at com.gzoltar.lib.client.util.ClassUtils.processClassPath(Unknown Source)
	at com.gzoltar.lib.client.util.ClassUtils.getClasses(Unknown Source)
	at com.gzoltar.lib.client.util.ClassUtils.getTestClasses(Unknown Source)
	at com.gzoltar.lib.client.Diagnose.main(Unknown Source)
[ERROR] 
java.io.IOException: invalid constant type: 19 at 5
	at com.gzoltar.lib.shaded.javassist.bytecode.ConstPool.readOne(ConstPool.java:1241)
	at com.gzoltar.lib.shaded.javassist.bytecode.ConstPool.read(ConstPool.java:1172)
	at com.gzoltar.lib.shaded.javassist.bytecode.ConstPool.<init>(ConstPool.java:185)
	at com.gzoltar.lib.shaded.javassist.bytecode.ClassFile.read(ClassFile.java:807)
	at com.gzoltar.lib.shaded.javassist.bytecode.ClassFile.<init>(ClassFile.java:148)
	at com.gzoltar.lib.shaded.javassist.CtClassType.<init>(CtClassType.java:96)
	at com.gzoltar.lib.shaded.javassist.ClassPool.makeClass(ClassPool.java:729)
	at com.gzoltar.lib.shaded.javassist.ClassPool.makeClass(ClassPool.java:707)
	at com.gzoltar.lib.client.util.ClassUtils.processClassPath(Unknown Source)
	at com.gzoltar.lib.client.util.ClassUtils.getClasses(Unknown Source)
	at com.gzoltar.lib.client.util.ClassUtils.getTestClasses(Unknown Source)
	at com.gzoltar.lib.client.Diagnose.main(Unknown Source)
[ERROR] 
java.io.IOException: invalid constant type: 19 at 5
	at com.gzoltar.lib.shaded.javassist.bytecode.ConstPool.readOne(ConstPool.java:1241)
	at com.gzoltar.lib.shaded.javassist.bytecode.ConstPool.read(ConstPool.java:1172)
	at com.gzoltar.lib.shaded.javassist.bytecode.ConstPool.<init>(ConstPool.java:185)
	at com.gzoltar.lib.shaded.javassist.bytecode.ClassFile.read(ClassFile.java:807)
	at com.gzoltar.lib.shaded.javassist.bytecode.ClassFile.<init>(ClassFile.java:148)
	at com.gzoltar.lib.shaded.javassist.CtClassType.<init>(CtClassType.java:96)
	at com.gzoltar.lib.shaded.javassist.ClassPool.makeClass(ClassPool.java:729)
	at com.gzoltar.lib.shaded.javassist.ClassPool.makeClass(ClassPool.java:707)
	at com.gzoltar.lib.client.util.ClassUtils.processClassPath(Unknown Source)
	at com.gzoltar.lib.client.util.ClassUtils.getClasses(Unknown Source)
	at com.gzoltar.lib.client.util.ClassUtils.getTestClasses(Unknown Source)
	at com.gzoltar.lib.client.Diagnose.main(Unknown Source)
[ERROR] 
java.io.IOException: invalid constant type: 19 at 5
	at com.gzoltar.lib.shaded.javassist.bytecode.ConstPool.readOne(ConstPool.java:1241)
	at com.gzoltar.lib.shaded.javassist.bytecode.ConstPool.read(ConstPool.java:1172)
	at com.gzoltar.lib.shaded.javassist.bytecode.ConstPool.<init>(ConstPool.java:185)
	at com.gzoltar.lib.shaded.javassist.bytecode.ClassFile.read(ClassFile.java:807)
	at com.gzoltar.lib.shaded.javassist.bytecode.ClassFile.<init>(ClassFile.java:148)
	at com.gzoltar.lib.shaded.javassist.CtClassType.<init>(CtClassType.java:96)
	at com.gzoltar.lib.shaded.javassist.ClassPool.makeClass(ClassPool.java:729)
	at com.gzoltar.lib.shaded.javassist.ClassPool.makeClass(ClassPool.java:707)
	at com.gzoltar.lib.client.util.ClassUtils.processClassPath(Unknown Source)
	at com.gzoltar.lib.client.util.ClassUtils.getClasses(Unknown Source)
	at com.gzoltar.lib.client.util.ClassUtils.getTestClasses(Unknown Source)
	at com.gzoltar.lib.client.Diagnose.main(Unknown Source)
[ERROR] 
java.io.IOException: invalid constant type: 19 at 5
	at com.gzoltar.lib.shaded.javassist.bytecode.ConstPool.readOne(ConstPool.java:1241)
	at com.gzoltar.lib.shaded.javassist.bytecode.ConstPool.read(ConstPool.java:1172)
	at com.gzoltar.lib.shaded.javassist.bytecode.ConstPool.<init>(ConstPool.java:185)
	at com.gzoltar.lib.shaded.javassist.bytecode.ClassFile.read(ClassFile.java:807)
	at com.gzoltar.lib.shaded.javassist.bytecode.ClassFile.<init>(ClassFile.java:148)
	at com.gzoltar.lib.shaded.javassist.CtClassType.<init>(CtClassType.java:96)
	at com.gzoltar.lib.shaded.javassist.ClassPool.makeClass(ClassPool.java:729)
	at com.gzoltar.lib.shaded.javassist.ClassPool.makeClass(ClassPool.java:707)
	at com.gzoltar.lib.client.util.ClassUtils.processClassPath(Unknown Source)
	at com.gzoltar.lib.client.util.ClassUtils.getClasses(Unknown Source)
	at com.gzoltar.lib.client.util.ClassUtils.getTestClasses(Unknown Source)
	at com.gzoltar.lib.client.Diagnose.main(Unknown Source)
[ERROR] 
java.io.IOException: invalid constant type: 19 at 5
	at com.gzoltar.lib.shaded.javassist.bytecode.ConstPool.readOne(ConstPool.java:1241)
	at com.gzoltar.lib.shaded.javassist.bytecode.ConstPool.read(ConstPool.java:1172)
	at com.gzoltar.lib.shaded.javassist.bytecode.ConstPool.<init>(ConstPool.java:185)
	at com.gzoltar.lib.shaded.javassist.bytecode.ClassFile.read(ClassFile.java:807)
	at com.gzoltar.lib.shaded.javassist.bytecode.ClassFile.<init>(ClassFile.java:148)
	at com.gzoltar.lib.shaded.javassist.CtClassType.<init>(CtClassType.java:96)
	at com.gzoltar.lib.shaded.javassist.ClassPool.makeClass(ClassPool.java:729)
	at com.gzoltar.lib.shaded.javassist.ClassPool.makeClass(ClassPool.java:707)
	at com.gzoltar.lib.client.util.ClassUtils.processClassPath(Unknown Source)
	at com.gzoltar.lib.client.util.ClassUtils.getClasses(Unknown Source)
	at com.gzoltar.lib.client.util.ClassUtils.getTestClasses(Unknown Source)
	at com.gzoltar.lib.client.Diagnose.main(Unknown Source)
[ERROR] 
java.io.IOException: invalid constant type: 19 at 5
	at com.gzoltar.lib.shaded.javassist.bytecode.ConstPool.readOne(ConstPool.java:1241)
	at com.gzoltar.lib.shaded.javassist.bytecode.ConstPool.read(ConstPool.java:1172)
	at com.gzoltar.lib.shaded.javassist.bytecode.ConstPool.<init>(ConstPool.java:185)
	at com.gzoltar.lib.shaded.javassist.bytecode.ClassFile.read(ClassFile.java:807)
	at com.gzoltar.lib.shaded.javassist.bytecode.ClassFile.<init>(ClassFile.java:148)
	at com.gzoltar.lib.shaded.javassist.CtClassType.<init>(CtClassType.java:96)
	at com.gzoltar.lib.shaded.javassist.ClassPool.makeClass(ClassPool.java:729)
	at com.gzoltar.lib.shaded.javassist.ClassPool.makeClass(ClassPool.java:707)
	at com.gzoltar.lib.client.util.ClassUtils.processClassPath(Unknown Source)
	at com.gzoltar.lib.client.util.ClassUtils.getClasses(Unknown Source)
	at com.gzoltar.lib.client.util.ClassUtils.getTestClasses(Unknown Source)
	at com.gzoltar.lib.client.Diagnose.main(Unknown Source)
* Performing analysis
DateUtilsTest: Default Locale=en_US
* Started org.apache.commons.lang3.time.DateUtilsTest#testParseDateWithLeniency
* Finished org.apache.commons.lang3.time.DateUtilsTest#testParseDateWithLeniency
* Started org.apache.commons.lang3.time.DateUtilsTest#testAddMinutes
* Finished org.apache.commons.lang3.time.DateUtilsTest#testAddMinutes
* Started org.apache.commons.lang3.time.DateUtilsTest#testMonthIterator
* Finished org.apache.commons.lang3.time.DateUtilsTest#testMonthIterator
* Started org.apache.commons.lang3.time.DateUtilsTest#testRoundLang346
* Finished org.apache.commons.lang3.time.DateUtilsTest#testRoundLang346
* Started org.apache.commons.lang3.time.DateUtilsTest#testLANG799_DE_OK
* Finished org.apache.commons.lang3.time.DateUtilsTest#testLANG799_DE_OK
* Started org.apache.commons.lang3.time.DateUtilsTest#testLANG799_EN_OK
* Finished org.apache.commons.lang3.time.DateUtilsTest#testLANG799_EN_OK
* Started org.apache.commons.lang3.time.DateUtilsTest#testSetMilliseconds
* Finished org.apache.commons.lang3.time.DateUtilsTest#testSetMilliseconds
* Started org.apache.commons.lang3.time.DateUtilsTest#testTruncate
* Finished org.apache.commons.lang3.time.DateUtilsTest#testTruncate
* Started org.apache.commons.lang3.time.DateUtilsTest#testIsSameLocalTime_Cal
* Finished org.apache.commons.lang3.time.DateUtilsTest#testIsSameLocalTime_Cal
* Started org.apache.commons.lang3.time.DateUtilsTest#testAddDays
* Finished org.apache.commons.lang3.time.DateUtilsTest#testAddDays
* Started org.apache.commons.lang3.time.DateUtilsTest#testLANG799_EN_WITH_DE_LOCALE
* Finished org.apache.commons.lang3.time.DateUtilsTest#testLANG799_EN_WITH_DE_LOCALE
* Started org.apache.commons.lang3.time.DateUtilsTest#testRound
* Finished org.apache.commons.lang3.time.DateUtilsTest#testRound
* Started org.apache.commons.lang3.time.DateUtilsTest#testParseDate
* Finished org.apache.commons.lang3.time.DateUtilsTest#testParseDate
* Started org.apache.commons.lang3.time.DateUtilsTest#testCeil
* Finished org.apache.commons.lang3.time.DateUtilsTest#testCeil
* Started org.apache.commons.lang3.time.DateUtilsTest#testAddSeconds
* Finished org.apache.commons.lang3.time.DateUtilsTest#testAddSeconds
* Started org.apache.commons.lang3.time.DateUtilsTest#testLANG799_EN_FAIL
* Finished org.apache.commons.lang3.time.DateUtilsTest#testLANG799_EN_FAIL
* Started org.apache.commons.lang3.time.DateUtilsTest#testSetMinutes
* Finished org.apache.commons.lang3.time.DateUtilsTest#testSetMinutes
* Started org.apache.commons.lang3.time.DateUtilsTest#testToCalendar
* Finished org.apache.commons.lang3.time.DateUtilsTest#testToCalendar
* Started org.apache.commons.lang3.time.DateUtilsTest#testAddHours
* Finished org.apache.commons.lang3.time.DateUtilsTest#testAddHours
* Started org.apache.commons.lang3.time.DateUtilsTest#testAddWeeks
* Finished org.apache.commons.lang3.time.DateUtilsTest#testAddWeeks
* Started org.apache.commons.lang3.time.DateUtilsTest#testAddYears
* Finished org.apache.commons.lang3.time.DateUtilsTest#testAddYears
* Started org.apache.commons.lang3.time.DateUtilsTest#testTruncateLang59
* Finished org.apache.commons.lang3.time.DateUtilsTest#testTruncateLang59
* Started org.apache.commons.lang3.time.DateUtilsTest#testIsSameInstant_Date
* Finished org.apache.commons.lang3.time.DateUtilsTest#testIsSameInstant_Date
* Started org.apache.commons.lang3.time.DateUtilsTest#testLang530
* Finished org.apache.commons.lang3.time.DateUtilsTest#testLang530
* Started org.apache.commons.lang3.time.DateUtilsTest#testSetSeconds
* Finished org.apache.commons.lang3.time.DateUtilsTest#testSetSeconds
* Started org.apache.commons.lang3.time.DateUtilsTest#testIsSameInstant_Cal
* Finished org.apache.commons.lang3.time.DateUtilsTest#testIsSameInstant_Cal
* Started org.apache.commons.lang3.time.DateUtilsTest#testAddMonths
* Finished org.apache.commons.lang3.time.DateUtilsTest#testAddMonths
* Started org.apache.commons.lang3.time.DateUtilsTest#testWeekIterator
* Finished org.apache.commons.lang3.time.DateUtilsTest#testWeekIterator
* Started org.apache.commons.lang3.time.DateUtilsTest#testSetMonths
* Finished org.apache.commons.lang3.time.DateUtilsTest#testSetMonths
* Started org.apache.commons.lang3.time.DateUtilsTest#testSetDays
* Finished org.apache.commons.lang3.time.DateUtilsTest#testSetDays
* Started org.apache.commons.lang3.time.DateUtilsTest#testIsSameDay_Date
* Finished org.apache.commons.lang3.time.DateUtilsTest#testIsSameDay_Date
* Started org.apache.commons.lang3.time.DateUtilsTest#testIsSameDay_Cal
* Finished org.apache.commons.lang3.time.DateUtilsTest#testIsSameDay_Cal
* Started org.apache.commons.lang3.time.DateUtilsTest#testIteratorEx
* Finished org.apache.commons.lang3.time.DateUtilsTest#testIteratorEx
* Started org.apache.commons.lang3.time.DateUtilsTest#testAddMilliseconds
* Finished org.apache.commons.lang3.time.DateUtilsTest#testAddMilliseconds
* Started org.apache.commons.lang3.time.DateUtilsTest#testConstructor
* Finished org.apache.commons.lang3.time.DateUtilsTest#testConstructor
* Started org.apache.commons.lang3.time.DateUtilsTest#testSetHours
* Finished org.apache.commons.lang3.time.DateUtilsTest#testSetHours
* Started org.apache.commons.lang3.time.DateUtilsTest#testSetYears
* Finished org.apache.commons.lang3.time.DateUtilsTest#testSetYears
* Started org.apache.commons.lang3.time.DateUtilsTest#testLANG799_DE_FAIL
* Finished org.apache.commons.lang3.time.DateUtilsTest#testLANG799_DE_FAIL
* Started org.apache.commons.lang3.time.DateUtilsFragmentTest#testMinutesOfHourWithCalendar
* Finished org.apache.commons.lang3.time.DateUtilsFragmentTest#testMinutesOfHourWithCalendar
* Started org.apache.commons.lang3.time.DateUtilsFragmentTest#testHoursOfMonthWithDate
* Finished org.apache.commons.lang3.time.DateUtilsFragmentTest#testHoursOfMonthWithDate
* Started org.apache.commons.lang3.time.DateUtilsFragmentTest#testSecondsOfYearWithDate
* Finished org.apache.commons.lang3.time.DateUtilsFragmentTest#testSecondsOfYearWithDate
* Started org.apache.commons.lang3.time.DateUtilsFragmentTest#testMinuteFragmentInLargerUnitWithCalendar
* Finished org.apache.commons.lang3.time.DateUtilsFragmentTest#testMinuteFragmentInLargerUnitWithCalendar
* Started org.apache.commons.lang3.time.DateUtilsFragmentTest#testHoursOfYearWithDate
* Finished org.apache.commons.lang3.time.DateUtilsFragmentTest#testHoursOfYearWithDate
* Started org.apache.commons.lang3.time.DateUtilsFragmentTest#testSecondFragmentInLargerUnitWithDate
* Finished org.apache.commons.lang3.time.DateUtilsFragmentTest#testSecondFragmentInLargerUnitWithDate
* Started org.apache.commons.lang3.time.DateUtilsFragmentTest#testDayOfYearFragmentInLargerUnitWithCalendar
* Finished org.apache.commons.lang3.time.DateUtilsFragmentTest#testDayOfYearFragmentInLargerUnitWithCalendar
* Started org.apache.commons.lang3.time.DateUtilsFragmentTest#testSecondsOfDayWithCalendar
* Finished org.apache.commons.lang3.time.DateUtilsFragmentTest#testSecondsOfDayWithCalendar
* Started org.apache.commons.lang3.time.DateUtilsFragmentTest#testHoursOfDayWithDate
* Finished org.apache.commons.lang3.time.DateUtilsFragmentTest#testHoursOfDayWithDate
* Started org.apache.commons.lang3.time.DateUtilsFragmentTest#testMinuteFragmentInLargerUnitWithDate
* Finished org.apache.commons.lang3.time.DateUtilsFragmentTest#testMinuteFragmentInLargerUnitWithDate
* Started org.apache.commons.lang3.time.DateUtilsFragmentTest#testMillisecondsOfSecondWithCalendar
* Finished org.apache.commons.lang3.time.DateUtilsFragmentTest#testMillisecondsOfSecondWithCalendar
* Started org.apache.commons.lang3.time.DateUtilsFragmentTest#testMinutesOfMonthWithDate
* Finished org.apache.commons.lang3.time.DateUtilsFragmentTest#testMinutesOfMonthWithDate
* Started org.apache.commons.lang3.time.DateUtilsFragmentTest#testSecondsofHourWithCalendar
* Finished org.apache.commons.lang3.time.DateUtilsFragmentTest#testSecondsofHourWithCalendar
* Started org.apache.commons.lang3.time.DateUtilsFragmentTest#testNullDate
* Finished org.apache.commons.lang3.time.DateUtilsFragmentTest#testNullDate
* Started org.apache.commons.lang3.time.DateUtilsFragmentTest#testMillisecondsOfMonthWithCalendar
* Finished org.apache.commons.lang3.time.DateUtilsFragmentTest#testMillisecondsOfMonthWithCalendar
* Started org.apache.commons.lang3.time.DateUtilsFragmentTest#testMinutesOfDayWithDate
* Finished org.apache.commons.lang3.time.DateUtilsFragmentTest#testMinutesOfDayWithDate
* Started org.apache.commons.lang3.time.DateUtilsFragmentTest#testDateFragmentInLargerUnitWithDate
* Finished org.apache.commons.lang3.time.DateUtilsFragmentTest#testDateFragmentInLargerUnitWithDate
* Started org.apache.commons.lang3.time.DateUtilsFragmentTest#testMillisecondsOfYearWithDate
* Finished org.apache.commons.lang3.time.DateUtilsFragmentTest#testMillisecondsOfYearWithDate
* Started org.apache.commons.lang3.time.DateUtilsFragmentTest#testSecondsofMinuteWithDate
* Finished org.apache.commons.lang3.time.DateUtilsFragmentTest#testSecondsofMinuteWithDate
* Started org.apache.commons.lang3.time.DateUtilsFragmentTest#testHoursOfYearWithCalendar
* Finished org.apache.commons.lang3.time.DateUtilsFragmentTest#testHoursOfYearWithCalendar
* Started org.apache.commons.lang3.time.DateUtilsFragmentTest#testSecondsofMinuteWithCalendar
* Finished org.apache.commons.lang3.time.DateUtilsFragmentTest#testSecondsofMinuteWithCalendar
* Started org.apache.commons.lang3.time.DateUtilsFragmentTest#testMillisecondsOfYearWithCalendar
* Finished org.apache.commons.lang3.time.DateUtilsFragmentTest#testMillisecondsOfYearWithCalendar
* Started org.apache.commons.lang3.time.DateUtilsFragmentTest#testMillisecondsOfMonthWithDate
* Finished org.apache.commons.lang3.time.DateUtilsFragmentTest#testMillisecondsOfMonthWithDate
* Started org.apache.commons.lang3.time.DateUtilsFragmentTest#testMillisecondsOfSecondWithDate
* Finished org.apache.commons.lang3.time.DateUtilsFragmentTest#testMillisecondsOfSecondWithDate
* Started org.apache.commons.lang3.time.DateUtilsFragmentTest#testInvalidFragmentWithDate
* Finished org.apache.commons.lang3.time.DateUtilsFragmentTest#testInvalidFragmentWithDate
* Started org.apache.commons.lang3.time.DateUtilsFragmentTest#testMillisecondFragmentInLargerUnitWithDate
* Finished org.apache.commons.lang3.time.DateUtilsFragmentTest#testMillisecondFragmentInLargerUnitWithDate
* Started org.apache.commons.lang3.time.DateUtilsFragmentTest#testDayOfYearFragmentInLargerUnitWithDate
* Finished org.apache.commons.lang3.time.DateUtilsFragmentTest#testDayOfYearFragmentInLargerUnitWithDate
* Started org.apache.commons.lang3.time.DateUtilsFragmentTest#testHoursOfMonthWithCalendar
* Finished org.apache.commons.lang3.time.DateUtilsFragmentTest#testHoursOfMonthWithCalendar
* Started org.apache.commons.lang3.time.DateUtilsFragmentTest#testSecondsOfYearWithCalendar
* Finished org.apache.commons.lang3.time.DateUtilsFragmentTest#testSecondsOfYearWithCalendar
* Started org.apache.commons.lang3.time.DateUtilsFragmentTest#testSecondsOfMonthWithDate
* Finished org.apache.commons.lang3.time.DateUtilsFragmentTest#testSecondsOfMonthWithDate
* Started org.apache.commons.lang3.time.DateUtilsFragmentTest#testSecondsOfDayWithDate
* Finished org.apache.commons.lang3.time.DateUtilsFragmentTest#testSecondsOfDayWithDate
* Started org.apache.commons.lang3.time.DateUtilsFragmentTest#testMillisecondsOfDayWithDate
* Finished org.apache.commons.lang3.time.DateUtilsFragmentTest#testMillisecondsOfDayWithDate
* Started org.apache.commons.lang3.time.DateUtilsFragmentTest#testMinutesOfMonthWithCalendar
* Finished org.apache.commons.lang3.time.DateUtilsFragmentTest#testMinutesOfMonthWithCalendar
* Started org.apache.commons.lang3.time.DateUtilsFragmentTest#testMillisecondsOfHourWithCalendar
* Finished org.apache.commons.lang3.time.DateUtilsFragmentTest#testMillisecondsOfHourWithCalendar
* Started org.apache.commons.lang3.time.DateUtilsFragmentTest#testMillisecondFragmentInLargerUnitWithCalendar
* Finished org.apache.commons.lang3.time.DateUtilsFragmentTest#testMillisecondFragmentInLargerUnitWithCalendar
* Started org.apache.commons.lang3.time.DateUtilsFragmentTest#testMinutesOfYearWithDate
* Finished org.apache.commons.lang3.time.DateUtilsFragmentTest#testMinutesOfYearWithDate
* Started org.apache.commons.lang3.time.DateUtilsFragmentTest#testHourOfDayFragmentInLargerUnitWithCalendar
* Finished org.apache.commons.lang3.time.DateUtilsFragmentTest#testHourOfDayFragmentInLargerUnitWithCalendar
* Started org.apache.commons.lang3.time.DateUtilsFragmentTest#testMinutesOfYearWithWrongOffsetBugWithCalendar
* Finished org.apache.commons.lang3.time.DateUtilsFragmentTest#testMinutesOfYearWithWrongOffsetBugWithCalendar
* Started org.apache.commons.lang3.time.DateUtilsFragmentTest#testSecondsofHourWithDate
* Finished org.apache.commons.lang3.time.DateUtilsFragmentTest#testSecondsofHourWithDate
* Started org.apache.commons.lang3.time.DateUtilsFragmentTest#testNullCalendar
* Finished org.apache.commons.lang3.time.DateUtilsFragmentTest#testNullCalendar
* Started org.apache.commons.lang3.time.DateUtilsFragmentTest#testMinutesOfDayWithCalendar
* Finished org.apache.commons.lang3.time.DateUtilsFragmentTest#testMinutesOfDayWithCalendar
* Started org.apache.commons.lang3.time.DateUtilsFragmentTest#testMillisecondsOfHourWithDate
* Finished org.apache.commons.lang3.time.DateUtilsFragmentTest#testMillisecondsOfHourWithDate
* Started org.apache.commons.lang3.time.DateUtilsFragmentTest#testSecondsOfMonthWithCalendar
* Finished org.apache.commons.lang3.time.DateUtilsFragmentTest#testSecondsOfMonthWithCalendar
* Started org.apache.commons.lang3.time.DateUtilsFragmentTest#testSecondFragmentInLargerUnitWithCalendar
* Finished org.apache.commons.lang3.time.DateUtilsFragmentTest#testSecondFragmentInLargerUnitWithCalendar
* Started org.apache.commons.lang3.time.DateUtilsFragmentTest#testDaysOfYearWithCalendar
* Failure: expected:<235> but was:<234> | testDaysOfYearWithCalendar(org.apache.commons.lang3.time.DateUtilsFragmentTest)
java.lang.AssertionError: expected:<235> but was:<234>
	at org.junit.Assert.fail(Assert.java:88)
	at org.junit.Assert.failNotEquals(Assert.java:743)
	at org.junit.Assert.assertEquals(Assert.java:118)
	at org.junit.Assert.assertEquals(Assert.java:555)
	at org.junit.Assert.assertEquals(Assert.java:542)
	at org.apache.commons.lang3.time.DateUtilsFragmentTest.testDaysOfYearWithCalendar(DateUtilsFragmentTest.java:582)
	at sun.reflect.NativeMethodAccessorImpl.invoke0(Native Method)
	at sun.reflect.NativeMethodAccessorImpl.invoke(NativeMethodAccessorImpl.java:62)
	at sun.reflect.DelegatingMethodAccessorImpl.invoke(DelegatingMethodAccessorImpl.java:43)
	at java.lang.reflect.Method.invoke(Method.java:498)
	at org.junit.runners.model.FrameworkMethod$1.runReflectiveCall(FrameworkMethod.java:47)
	at org.junit.internal.runners.model.ReflectiveCallable.run(ReflectiveCallable.java:12)
	at org.junit.runners.model.FrameworkMethod.invokeExplosively(FrameworkMethod.java:44)
	at org.junit.internal.runners.statements.InvokeMethod.evaluate(InvokeMethod.java:17)
	at org.junit.internal.runners.statements.RunBefores.evaluate(RunBefores.java:26)
	at org.junit.runners.ParentRunner.runLeaf(ParentRunner.java:271)
	at org.junit.runners.BlockJUnit4ClassRunner.runChild(BlockJUnit4ClassRunner.java:70)
	at org.junit.runners.BlockJUnit4ClassRunner.runChild(BlockJUnit4ClassRunner.java:50)
	at org.junit.runners.ParentRunner$3.run(ParentRunner.java:238)
	at org.junit.runners.ParentRunner$1.schedule(ParentRunner.java:63)
	at org.junit.runners.ParentRunner.runChildren(ParentRunner.java:236)
	at org.junit.runners.ParentRunner.access$000(ParentRunner.java:53)
	at org.junit.runners.ParentRunner$2.evaluate(ParentRunner.java:229)
	at org.junit.runners.ParentRunner.run(ParentRunner.java:309)
	at com.gzoltar.lib.instrumentation.testing.junit.a.call(Unknown Source)
	at java.util.concurrent.FutureTask.run(FutureTask.java:266)
	at java.util.concurrent.ThreadPoolExecutor.runWorker(ThreadPoolExecutor.java:1149)
	at java.util.concurrent.ThreadPoolExecutor$Worker.run(ThreadPoolExecutor.java:624)
	at java.lang.Thread.run(Thread.java:748)

* Finished org.apache.commons.lang3.time.DateUtilsFragmentTest#testDaysOfYearWithCalendar
* Started org.apache.commons.lang3.time.DateUtilsFragmentTest#testDaysOfMonthWithCalendar
* Failure: expected:<23> but was:<22> | testDaysOfMonthWithCalendar(org.apache.commons.lang3.time.DateUtilsFragmentTest)
java.lang.AssertionError: expected:<23> but was:<22>
	at org.junit.Assert.fail(Assert.java:88)
	at org.junit.Assert.failNotEquals(Assert.java:743)
	at org.junit.Assert.assertEquals(Assert.java:118)
	at org.junit.Assert.assertEquals(Assert.java:555)
	at org.junit.Assert.assertEquals(Assert.java:542)
	at org.apache.commons.lang3.time.DateUtilsFragmentTest.testDaysOfMonthWithCalendar(DateUtilsFragmentTest.java:568)
	at sun.reflect.NativeMethodAccessorImpl.invoke0(Native Method)
	at sun.reflect.NativeMethodAccessorImpl.invoke(NativeMethodAccessorImpl.java:62)
	at sun.reflect.DelegatingMethodAccessorImpl.invoke(DelegatingMethodAccessorImpl.java:43)
	at java.lang.reflect.Method.invoke(Method.java:498)
	at org.junit.runners.model.FrameworkMethod$1.runReflectiveCall(FrameworkMethod.java:47)
	at org.junit.internal.runners.model.ReflectiveCallable.run(ReflectiveCallable.java:12)
	at org.junit.runners.model.FrameworkMethod.invokeExplosively(FrameworkMethod.java:44)
	at org.junit.internal.runners.statements.InvokeMethod.evaluate(InvokeMethod.java:17)
	at org.junit.internal.runners.statements.RunBefores.evaluate(RunBefores.java:26)
	at org.junit.runners.ParentRunner.runLeaf(ParentRunner.java:271)
	at org.junit.runners.BlockJUnit4ClassRunner.runChild(BlockJUnit4ClassRunner.java:70)
	at org.junit.runners.BlockJUnit4ClassRunner.runChild(BlockJUnit4ClassRunner.java:50)
	at org.junit.runners.ParentRunner$3.run(ParentRunner.java:238)
	at org.junit.runners.ParentRunner$1.schedule(ParentRunner.java:63)
	at org.junit.runners.ParentRunner.runChildren(ParentRunner.java:236)
	at org.junit.runners.ParentRunner.access$000(ParentRunner.java:53)
	at org.junit.runners.ParentRunner$2.evaluate(ParentRunner.java:229)
	at org.junit.runners.ParentRunner.run(ParentRunner.java:309)
	at com.gzoltar.lib.instrumentation.testing.junit.a.call(Unknown Source)
	at java.util.concurrent.FutureTask.run(FutureTask.java:266)
	at java.util.concurrent.ThreadPoolExecutor.runWorker(ThreadPoolExecutor.java:1149)
	at java.util.concurrent.ThreadPoolExecutor$Worker.run(ThreadPoolExecutor.java:624)
	at java.lang.Thread.run(Thread.java:748)

* Finished org.apache.commons.lang3.time.DateUtilsFragmentTest#testDaysOfMonthWithCalendar
* Started org.apache.commons.lang3.time.DateUtilsFragmentTest#testMinutesOfYearWithCalendar
* Finished org.apache.commons.lang3.time.DateUtilsFragmentTest#testMinutesOfYearWithCalendar
* Started org.apache.commons.lang3.time.DateUtilsFragmentTest#testMillisecondsOfMinuteWithCalender
* Finished org.apache.commons.lang3.time.DateUtilsFragmentTest#testMillisecondsOfMinuteWithCalender
* Started org.apache.commons.lang3.time.DateUtilsFragmentTest#testDaysOfMonthWithDate
* Failure: expected:<23> but was:<22> | testDaysOfMonthWithDate(org.apache.commons.lang3.time.DateUtilsFragmentTest)
java.lang.AssertionError: expected:<23> but was:<22>
	at org.junit.Assert.fail(Assert.java:88)
	at org.junit.Assert.failNotEquals(Assert.java:743)
	at org.junit.Assert.assertEquals(Assert.java:118)
	at org.junit.Assert.assertEquals(Assert.java:555)
	at org.junit.Assert.assertEquals(Assert.java:542)
	at org.apache.commons.lang3.time.DateUtilsFragmentTest.testDaysOfMonthWithDate(DateUtilsFragmentTest.java:576)
	at sun.reflect.NativeMethodAccessorImpl.invoke0(Native Method)
	at sun.reflect.NativeMethodAccessorImpl.invoke(NativeMethodAccessorImpl.java:62)
	at sun.reflect.DelegatingMethodAccessorImpl.invoke(DelegatingMethodAccessorImpl.java:43)
	at java.lang.reflect.Method.invoke(Method.java:498)
	at org.junit.runners.model.FrameworkMethod$1.runReflectiveCall(FrameworkMethod.java:47)
	at org.junit.internal.runners.model.ReflectiveCallable.run(ReflectiveCallable.java:12)
	at org.junit.runners.model.FrameworkMethod.invokeExplosively(FrameworkMethod.java:44)
	at org.junit.internal.runners.statements.InvokeMethod.evaluate(InvokeMethod.java:17)
	at org.junit.internal.runners.statements.RunBefores.evaluate(RunBefores.java:26)
	at org.junit.runners.ParentRunner.runLeaf(ParentRunner.java:271)
	at org.junit.runners.BlockJUnit4ClassRunner.runChild(BlockJUnit4ClassRunner.java:70)
	at org.junit.runners.BlockJUnit4ClassRunner.runChild(BlockJUnit4ClassRunner.java:50)
	at org.junit.runners.ParentRunner$3.run(ParentRunner.java:238)
	at org.junit.runners.ParentRunner$1.schedule(ParentRunner.java:63)
	at org.junit.runners.ParentRunner.runChildren(ParentRunner.java:236)
	at org.junit.runners.ParentRunner.access$000(ParentRunner.java:53)
	at org.junit.runners.ParentRunner$2.evaluate(ParentRunner.java:229)
	at org.junit.runners.ParentRunner.run(ParentRunner.java:309)
	at com.gzoltar.lib.instrumentation.testing.junit.a.call(Unknown Source)
	at java.util.concurrent.FutureTask.run(FutureTask.java:266)
	at java.util.concurrent.ThreadPoolExecutor.runWorker(ThreadPoolExecutor.java:1149)
	at java.util.concurrent.ThreadPoolExecutor$Worker.run(ThreadPoolExecutor.java:624)
	at java.lang.Thread.run(Thread.java:748)

* Finished org.apache.commons.lang3.time.DateUtilsFragmentTest#testDaysOfMonthWithDate
* Started org.apache.commons.lang3.time.DateUtilsFragmentTest#testHourOfDayFragmentInLargerUnitWithDate
* Finished org.apache.commons.lang3.time.DateUtilsFragmentTest#testHourOfDayFragmentInLargerUnitWithDate
* Started org.apache.commons.lang3.time.DateUtilsFragmentTest#testHoursOfDayWithCalendar
* Finished org.apache.commons.lang3.time.DateUtilsFragmentTest#testHoursOfDayWithCalendar
* Started org.apache.commons.lang3.time.DateUtilsFragmentTest#testInvalidFragmentWithCalendar
* Finished org.apache.commons.lang3.time.DateUtilsFragmentTest#testInvalidFragmentWithCalendar
* Started org.apache.commons.lang3.time.DateUtilsFragmentTest#testMinutesOfHourWithDate
* Finished org.apache.commons.lang3.time.DateUtilsFragmentTest#testMinutesOfHourWithDate
* Started org.apache.commons.lang3.time.DateUtilsFragmentTest#testMillisecondsOfMinuteWithDate
* Finished org.apache.commons.lang3.time.DateUtilsFragmentTest#testMillisecondsOfMinuteWithDate
* Started org.apache.commons.lang3.time.DateUtilsFragmentTest#testDaysOfYearWithDate
* Failure: expected:<235> but was:<234> | testDaysOfYearWithDate(org.apache.commons.lang3.time.DateUtilsFragmentTest)
java.lang.AssertionError: expected:<235> but was:<234>
	at org.junit.Assert.fail(Assert.java:88)
	at org.junit.Assert.failNotEquals(Assert.java:743)
	at org.junit.Assert.assertEquals(Assert.java:118)
	at org.junit.Assert.assertEquals(Assert.java:555)
	at org.junit.Assert.assertEquals(Assert.java:542)
	at org.apache.commons.lang3.time.DateUtilsFragmentTest.testDaysOfYearWithDate(DateUtilsFragmentTest.java:590)
	at sun.reflect.NativeMethodAccessorImpl.invoke0(Native Method)
	at sun.reflect.NativeMethodAccessorImpl.invoke(NativeMethodAccessorImpl.java:62)
	at sun.reflect.DelegatingMethodAccessorImpl.invoke(DelegatingMethodAccessorImpl.java:43)
	at java.lang.reflect.Method.invoke(Method.java:498)
	at org.junit.runners.model.FrameworkMethod$1.runReflectiveCall(FrameworkMethod.java:47)
	at org.junit.internal.runners.model.ReflectiveCallable.run(ReflectiveCallable.java:12)
	at org.junit.runners.model.FrameworkMethod.invokeExplosively(FrameworkMethod.java:44)
	at org.junit.internal.runners.statements.InvokeMethod.evaluate(InvokeMethod.java:17)
	at org.junit.internal.runners.statements.RunBefores.evaluate(RunBefores.java:26)
	at org.junit.runners.ParentRunner.runLeaf(ParentRunner.java:271)
	at org.junit.runners.BlockJUnit4ClassRunner.runChild(BlockJUnit4ClassRunner.java:70)
	at org.junit.runners.BlockJUnit4ClassRunner.runChild(BlockJUnit4ClassRunner.java:50)
	at org.junit.runners.ParentRunner$3.run(ParentRunner.java:238)
	at org.junit.runners.ParentRunner$1.schedule(ParentRunner.java:63)
	at org.junit.runners.ParentRunner.runChildren(ParentRunner.java:236)
	at org.junit.runners.ParentRunner.access$000(ParentRunner.java:53)
	at org.junit.runners.ParentRunner$2.evaluate(ParentRunner.java:229)
	at org.junit.runners.ParentRunner.run(ParentRunner.java:309)
	at com.gzoltar.lib.instrumentation.testing.junit.a.call(Unknown Source)
	at java.util.concurrent.FutureTask.run(FutureTask.java:266)
	at java.util.concurrent.ThreadPoolExecutor.runWorker(ThreadPoolExecutor.java:1149)
	at java.util.concurrent.ThreadPoolExecutor$Worker.run(ThreadPoolExecutor.java:624)
	at java.lang.Thread.run(Thread.java:748)

* Finished org.apache.commons.lang3.time.DateUtilsFragmentTest#testDaysOfYearWithDate
* Started org.apache.commons.lang3.time.DateUtilsFragmentTest#testDateFragmentInLargerUnitWithCalendar
* Finished org.apache.commons.lang3.time.DateUtilsFragmentTest#testDateFragmentInLargerUnitWithCalendar
* Started org.apache.commons.lang3.time.DateUtilsFragmentTest#testMillisecondsOfDayWithCalendar
* Finished org.apache.commons.lang3.time.DateUtilsFragmentTest#testMillisecondsOfDayWithCalendar
* Started org.apache.commons.lang3.time.DateUtilsRoundingTest#testRoundMilliSecond
* Finished org.apache.commons.lang3.time.DateUtilsRoundingTest#testRoundMilliSecond
* Started org.apache.commons.lang3.time.DateUtilsRoundingTest#testRoundDayOfMonth
* Finished org.apache.commons.lang3.time.DateUtilsRoundingTest#testRoundDayOfMonth
* Started org.apache.commons.lang3.time.DateUtilsRoundingTest#testRoundMinute
* Finished org.apache.commons.lang3.time.DateUtilsRoundingTest#testRoundMinute
* Started org.apache.commons.lang3.time.DateUtilsRoundingTest#testRoundSecond
* Finished org.apache.commons.lang3.time.DateUtilsRoundingTest#testRoundSecond
* Started org.apache.commons.lang3.time.DateUtilsRoundingTest#testRoundMonth
* Finished org.apache.commons.lang3.time.DateUtilsRoundingTest#testRoundMonth
* Started org.apache.commons.lang3.time.DateUtilsRoundingTest#testTruncateSemiMonth
* Finished org.apache.commons.lang3.time.DateUtilsRoundingTest#testTruncateSemiMonth
* Started org.apache.commons.lang3.time.DateUtilsRoundingTest#testTruncateMinute
* Finished org.apache.commons.lang3.time.DateUtilsRoundingTest#testTruncateMinute
* Started org.apache.commons.lang3.time.DateUtilsRoundingTest#testRoundSemiMonth
* Finished org.apache.commons.lang3.time.DateUtilsRoundingTest#testRoundSemiMonth
* Started org.apache.commons.lang3.time.DateUtilsRoundingTest#testTruncateSecond
* Finished org.apache.commons.lang3.time.DateUtilsRoundingTest#testTruncateSecond
* Started org.apache.commons.lang3.time.DateUtilsRoundingTest#testRoundAmPm
* Finished org.apache.commons.lang3.time.DateUtilsRoundingTest#testRoundAmPm
* Started org.apache.commons.lang3.time.DateUtilsRoundingTest#testRoundDate
* Finished org.apache.commons.lang3.time.DateUtilsRoundingTest#testRoundDate
* Started org.apache.commons.lang3.time.DateUtilsRoundingTest#testRoundHour
* Finished org.apache.commons.lang3.time.DateUtilsRoundingTest#testRoundHour
* Started org.apache.commons.lang3.time.DateUtilsRoundingTest#testRoundYear
* Finished org.apache.commons.lang3.time.DateUtilsRoundingTest#testRoundYear
* Started org.apache.commons.lang3.time.DateUtilsRoundingTest#testTruncateMilliSecond
* Finished org.apache.commons.lang3.time.DateUtilsRoundingTest#testTruncateMilliSecond
* Started org.apache.commons.lang3.time.DateUtilsRoundingTest#testTruncateHourOfDay
* Finished org.apache.commons.lang3.time.DateUtilsRoundingTest#testTruncateHourOfDay
* Started org.apache.commons.lang3.time.DateUtilsRoundingTest#testTruncateMonth
* Finished org.apache.commons.lang3.time.DateUtilsRoundingTest#testTruncateMonth
* Started org.apache.commons.lang3.time.DateUtilsRoundingTest#testRoundHourOfDay
* Finished org.apache.commons.lang3.time.DateUtilsRoundingTest#testRoundHourOfDay
* Started org.apache.commons.lang3.time.DateUtilsRoundingTest#testTruncateAmPm
* Finished org.apache.commons.lang3.time.DateUtilsRoundingTest#testTruncateAmPm
* Started org.apache.commons.lang3.time.DateUtilsRoundingTest#testTruncateDate
* Finished org.apache.commons.lang3.time.DateUtilsRoundingTest#testTruncateDate
* Started org.apache.commons.lang3.time.DateUtilsRoundingTest#testTruncateHour
* Finished org.apache.commons.lang3.time.DateUtilsRoundingTest#testTruncateHour
* Started org.apache.commons.lang3.time.DateUtilsRoundingTest#testTruncateYear
* Finished org.apache.commons.lang3.time.DateUtilsRoundingTest#testTruncateYear
* Started org.apache.commons.lang3.time.DateUtilsRoundingTest#testTruncateDayOfMonth
* Finished org.apache.commons.lang3.time.DateUtilsRoundingTest#testTruncateDayOfMonth
* Filtering test cases that do not cover any component
* Sending data to master
* Closing connection with client
* Performing fault localization
* Running Ochiai
* Writing coverage matrix to '/home1/lileping3/tryGZoltar/Lang_81/matrix'
* Writing spectra to '/home1/lileping3/tryGZoltar/Lang_81/spectra'
* Metrics
* Computation finished
[INFO] End: 2021年 06月 07日 星期一 23:01:49 PDT
[DEBUG] MATRIX OK
[DEBUG] SPECTRA OK

DONE!
