[DEBUG] PID: Compress
[DEBUG] VID: 52
[DEBUG] DATA_DIR: /home1/lileping3/tryGZoltar/Compress_52
[DEBUG] TOOL: developer
[DEBUG] TESTS_DIR: 
[DEBUG] TMP_DIR: /home1/lileping3/tmp/Compress_52_buggy
[DEBUG] DIR_PROJECT: /home1/NewD4j/GrowingBugRepository-main/framework/projects/Compress
[DEBUG] DIR_LOADED_CLASSES: /home1/NewD4j/GrowingBugRepository-main/framework/projects/Compress/loaded_classes
[DEBUG] DIR_RELEVANT_TESTS: /home1/NewD4j/GrowingBugRepository-main/framework/projects/Compress/relevant_tests
[DEBUG] DIR_TRIGGER_TESTS: /home1/NewD4j/GrowingBugRepository-main/framework/projects/Compress/trigger_tests
[DEBUG] JAVA_VERSION:
Picked up _JAVA_OPTIONS: -XX:MaxHeapSize=1024m -Xmx4096m
java version "1.8.0_231"
Java(TM) SE Runtime Environment (build 1.8.0_231-b11)
Java HotSpot(TM) 64-Bit Server VM (build 25.231-b11, mixed mode)
[DEBUG] LOADED_CLASSES: org.apache.commons.compress.archivers.ar.ArArchiveInputStream:org.apache.commons.compress.archivers.ar.ArArchiveOutputStream:org.apache.commons.compress.archivers.ArchiveEntry:org.apache.commons.compress.archivers.ArchiveException:org.apache.commons.compress.archivers.ArchiveInputStream:org.apache.commons.compress.archivers.ArchiveOutputStream:org.apache.commons.compress.archivers.ArchiveStreamFactory:org.apache.commons.compress.archivers.arj.ArjArchiveInputStream:org.apache.commons.compress.archivers.cpio.CpioArchiveInputStream:org.apache.commons.compress.archivers.cpio.CpioArchiveOutputStream:org.apache.commons.compress.archivers.cpio.CpioConstants:org.apache.commons.compress.archivers.dump.DumpArchiveInputStream:org.apache.commons.compress.archivers.jar.JarArchiveInputStream:org.apache.commons.compress.archivers.jar.JarArchiveOutputStream:org.apache.commons.compress.archivers.StreamingNotSupportedException:org.apache.commons.compress.archivers.tar.TarArchiveEntry:org.apache.commons.compress.archivers.tar.TarArchiveInputStream:org.apache.commons.compress.archivers.tar.TarArchiveOutputStream:org.apache.commons.compress.archivers.tar.TarConstants:org.apache.commons.compress.archivers.tar.TarUtils:org.apache.commons.compress.archivers.zip.FallbackZipEncoding:org.apache.commons.compress.archivers.zip.NioZipEncoding:org.apache.commons.compress.archivers.zip.ZipArchiveInputStream:org.apache.commons.compress.archivers.zip.ZipArchiveOutputStream:org.apache.commons.compress.archivers.zip.ZipEncoding:org.apache.commons.compress.archivers.zip.ZipEncodingHelper:org.apache.commons.compress.utils.ArchiveUtils:org.apache.commons.compress.utils.Charsets:org.apache.commons.compress.utils.CountingOutputStream:org.apache.commons.compress.utils.IOUtils:
[DEBUG] LOADED_SUB_CLASSES: org.apache.commons.compress.archivers.ar.ArArchiveInputStream$*:org.apache.commons.compress.archivers.ar.ArArchiveOutputStream$*:org.apache.commons.compress.archivers.ArchiveEntry$*:org.apache.commons.compress.archivers.ArchiveException$*:org.apache.commons.compress.archivers.ArchiveInputStream$*:org.apache.commons.compress.archivers.ArchiveOutputStream$*:org.apache.commons.compress.archivers.ArchiveStreamFactory$*:org.apache.commons.compress.archivers.arj.ArjArchiveInputStream$*:org.apache.commons.compress.archivers.cpio.CpioArchiveInputStream$*:org.apache.commons.compress.archivers.cpio.CpioArchiveOutputStream$*:org.apache.commons.compress.archivers.cpio.CpioConstants$*:org.apache.commons.compress.archivers.dump.DumpArchiveInputStream$*:org.apache.commons.compress.archivers.jar.JarArchiveInputStream$*:org.apache.commons.compress.archivers.jar.JarArchiveOutputStream$*:org.apache.commons.compress.archivers.StreamingNotSupportedException$*:org.apache.commons.compress.archivers.tar.TarArchiveEntry$*:org.apache.commons.compress.archivers.tar.TarArchiveInputStream$*:org.apache.commons.compress.archivers.tar.TarArchiveOutputStream$*:org.apache.commons.compress.archivers.tar.TarConstants$*:org.apache.commons.compress.archivers.tar.TarUtils$*:org.apache.commons.compress.archivers.zip.FallbackZipEncoding$*:org.apache.commons.compress.archivers.zip.NioZipEncoding$*:org.apache.commons.compress.archivers.zip.ZipArchiveInputStream$*:org.apache.commons.compress.archivers.zip.ZipArchiveOutputStream$*:org.apache.commons.compress.archivers.zip.ZipEncoding$*:org.apache.commons.compress.archivers.zip.ZipEncodingHelper$*:org.apache.commons.compress.utils.ArchiveUtils$*:org.apache.commons.compress.utils.Charsets$*:org.apache.commons.compress.utils.CountingOutputStream$*:org.apache.commons.compress.utils.IOUtils$*:
[DEBUG] RELEVANT_TESTS: org.apache.commons.compress.ArchiveUtilsTest:org.apache.commons.compress.ChainingTestCase:org.apache.commons.compress.DetectArchiverTestCase:org.apache.commons.compress.IOMethodsTest:org.apache.commons.compress.archivers.ArTestCase:org.apache.commons.compress.archivers.ArchiveOutputStreamTest:org.apache.commons.compress.archivers.ArchiveStreamFactoryTest:org.apache.commons.compress.archivers.CpioTestCase:org.apache.commons.compress.archivers.DumpTestCase:org.apache.commons.compress.archivers.ExceptionMessageTest:org.apache.commons.compress.archivers.JarTestCase:org.apache.commons.compress.archivers.LongPathTest:org.apache.commons.compress.archivers.SevenZTestCase:org.apache.commons.compress.archivers.TarTestCase:org.apache.commons.compress.archivers.ZipTestCase:org.apache.commons.compress.archivers.ar.ArArchiveInputStreamTest:org.apache.commons.compress.archivers.ar.ArArchiveOutputStreamTest:org.apache.commons.compress.archivers.arj.ArjArchiveInputStreamTest:org.apache.commons.compress.archivers.cpio.CpioArchiveInputStreamTest:org.apache.commons.compress.archivers.cpio.CpioArchiveOutputStreamTest:org.apache.commons.compress.archivers.dump.DumpArchiveInputStreamTest:org.apache.commons.compress.archivers.sevenz.SevenZFileTest:org.apache.commons.compress.archivers.sevenz.SevenZOutputFileTest:org.apache.commons.compress.archivers.tar.TarArchiveEntryTest:org.apache.commons.compress.archivers.tar.TarArchiveInputStreamTest:org.apache.commons.compress.archivers.tar.TarArchiveOutputStreamTest:org.apache.commons.compress.archivers.zip.UTF8ZipFilesTest:org.apache.commons.compress.changes.ChangeSetTestCase:org.apache.commons.compress.compressors.BZip2TestCase:org.apache.commons.compress.compressors.DeflateTestCase:org.apache.commons.compress.compressors.FramedSnappyTestCase:org.apache.commons.compress.compressors.GZipTestCase:org.apache.commons.compress.compressors.LZMATestCase:org.apache.commons.compress.compressors.Pack200TestCase:org.apache.commons.compress.compressors.XZTestCase:org.apache.commons.compress.compressors.ZTestCase:org.apache.commons.compress.compressors.pack200.Pack200UtilsTest:org.apache.commons.compress.compressors.snappy.FramedSnappyCompressorInputStreamTest:
[DEBUG] TRIGGER_TESTS_FILE: /home1/NewD4j/GrowingBugRepository-main/framework/projects/Compress/trigger_tests/52
[DEBUG] CP: /home1/NewD4j/GrowingBugRepository-main/framework/projects/lib/junit-4.11.jar:/home1/NewD4j/GrowingBugRepository-main/framework/projects/COMPRESS/lib/junit/junit/4.11/junit-4.11.jar:/home1/NewD4j/GrowingBugRepository-main/framework/projects/COMPRESS/lib/org/hamcrest/hamcrest-core/1.3/hamcrest-core-1.3.jar:/home1/NewD4j/GrowingBugRepository-main/framework/projects/COMPRESS/lib/org/tukaani/xz/1.5/xz-1.5.jar:/home1/lileping3/tmp/Compress_52_buggy/target/classes:/home1/lileping3/tmp/Compress_52_buggy/target/test-classes:/home1/NewD4j/GrowingBugRepository-main/framework/projects/lib/junit-4.11.jar
[INFO] Compiling Compress-52
Running ant (compile)...................................................... OK
Running ant (compile.tests)................................................ OK
[INFO] Running GZoltar
[INFO] Start: 2021年 06月 08日 星期二 03:00:10 PDT
   ____ _____     _ _               
  / ___|__  /___ | | |_ __ _ _ __   
 | |  _  / // _ \| | __/ _` | '__| 
 | |_| |/ /| (_) | | || (_| | |     
  \____/____\___/|_|\__\__,_|_| 

[ERROR] /home1/NewD4j/GrowingBugRepository-main/framework/projects/COMPRESS/lib/junit/junit/4.11/junit-4.11.jar does not exist
java.lang.Exception
	at com.gzoltar.lib.master.modes.Diagnose.execute(Unknown Source)
	at com.gzoltar.lib.master.GZoltar.parseCommandLine(Unknown Source)
	at com.gzoltar.lib.master.GZoltar.main(Unknown Source)
[ERROR] /home1/NewD4j/GrowingBugRepository-main/framework/projects/COMPRESS/lib/org/hamcrest/hamcrest-core/1.3/hamcrest-core-1.3.jar does not exist
java.lang.Exception
	at com.gzoltar.lib.master.modes.Diagnose.execute(Unknown Source)
	at com.gzoltar.lib.master.GZoltar.parseCommandLine(Unknown Source)
	at com.gzoltar.lib.master.GZoltar.main(Unknown Source)
[ERROR] /home1/NewD4j/GrowingBugRepository-main/framework/projects/COMPRESS/lib/org/tukaani/xz/1.5/xz-1.5.jar does not exist
java.lang.Exception
	at com.gzoltar.lib.master.modes.Diagnose.execute(Unknown Source)
	at com.gzoltar.lib.master.GZoltar.parseCommandLine(Unknown Source)
	at com.gzoltar.lib.master.GZoltar.main(Unknown Source)
* Preparing classpath
Java HotSpot(TM) 64-Bit Server VM warning: ignoring option MaxPermSize=1024M; support was removed in 8.0
* Collecting classes under test
* Collecting test cases
* Performing analysis
* Started org.apache.commons.compress.ArchiveUtilsTest#testCompareBA
* Finished org.apache.commons.compress.ArchiveUtilsTest#testCompareBA
* Started org.apache.commons.compress.ArchiveUtilsTest#testAsciiConversions
* Finished org.apache.commons.compress.ArchiveUtilsTest#testAsciiConversions
* Started org.apache.commons.compress.ArchiveUtilsTest#testCompareAscii
* Finished org.apache.commons.compress.ArchiveUtilsTest#testCompareAscii
* Started org.apache.commons.compress.changes.ChangeSetTestCase#testDeleteFile2
* Finished org.apache.commons.compress.changes.ChangeSetTestCase#testDeleteFile2
* Started org.apache.commons.compress.changes.ChangeSetTestCase#testAddDeleteToOneFileArchive
* Finished org.apache.commons.compress.changes.ChangeSetTestCase#testAddDeleteToOneFileArchive
* Started org.apache.commons.compress.changes.ChangeSetTestCase#testDeleteFromAndAddToZipUsingZipFilePerform
* Finished org.apache.commons.compress.changes.ChangeSetTestCase#testDeleteFromAndAddToZipUsingZipFilePerform
* Started org.apache.commons.compress.changes.ChangeSetTestCase#testAddToEmptyArchive
* Finished org.apache.commons.compress.changes.ChangeSetTestCase#testAddToEmptyArchive
* Started org.apache.commons.compress.changes.ChangeSetTestCase#testRenameAndDelete
* Finished org.apache.commons.compress.changes.ChangeSetTestCase#testRenameAndDelete
* Started org.apache.commons.compress.changes.ChangeSetTestCase#testDeleteAddToOneFileArchive
* Finished org.apache.commons.compress.changes.ChangeSetTestCase#testDeleteAddToOneFileArchive
* Started org.apache.commons.compress.changes.ChangeSetTestCase#testAddAllreadyExistingWithReplaceFalse
* Finished org.apache.commons.compress.changes.ChangeSetTestCase#testAddAllreadyExistingWithReplaceFalse
* Started org.apache.commons.compress.changes.ChangeSetTestCase#testChangeSetResults
* Finished org.apache.commons.compress.changes.ChangeSetTestCase#testChangeSetResults
* Started org.apache.commons.compress.changes.ChangeSetTestCase#testDeleteFromAndAddToAr
* Finished org.apache.commons.compress.changes.ChangeSetTestCase#testDeleteFromAndAddToAr
* Started org.apache.commons.compress.changes.ChangeSetTestCase#testAddMoveDelete
* Finished org.apache.commons.compress.changes.ChangeSetTestCase#testAddMoveDelete
* Started org.apache.commons.compress.changes.ChangeSetTestCase#testDeleteFromAr
* Finished org.apache.commons.compress.changes.ChangeSetTestCase#testDeleteFromAr
* Started org.apache.commons.compress.changes.ChangeSetTestCase#testDeleteAddDelete
* Finished org.apache.commons.compress.changes.ChangeSetTestCase#testDeleteAddDelete
* Started org.apache.commons.compress.changes.ChangeSetTestCase#testDeleteDir
* Finished org.apache.commons.compress.changes.ChangeSetTestCase#testDeleteDir
* Started org.apache.commons.compress.changes.ChangeSetTestCase#testAddDeleteAdd
* Finished org.apache.commons.compress.changes.ChangeSetTestCase#testAddDeleteAdd
* Started org.apache.commons.compress.changes.ChangeSetTestCase#testAddChangeTwiceWithoutReplace
* Finished org.apache.commons.compress.changes.ChangeSetTestCase#testAddChangeTwiceWithoutReplace
* Started org.apache.commons.compress.changes.ChangeSetTestCase#testDeletePlusAddSame
* Finished org.apache.commons.compress.changes.ChangeSetTestCase#testDeletePlusAddSame
* Started org.apache.commons.compress.changes.ChangeSetTestCase#testDeleteDir2
* Finished org.apache.commons.compress.changes.ChangeSetTestCase#testDeleteDir2
* Started org.apache.commons.compress.changes.ChangeSetTestCase#testDeleteDir3
* Finished org.apache.commons.compress.changes.ChangeSetTestCase#testDeleteDir3
* Started org.apache.commons.compress.changes.ChangeSetTestCase#testDeleteFile
* Finished org.apache.commons.compress.changes.ChangeSetTestCase#testDeleteFile
* Started org.apache.commons.compress.changes.ChangeSetTestCase#testAddAllreadyExistingWithReplaceTrue
* Finished org.apache.commons.compress.changes.ChangeSetTestCase#testAddAllreadyExistingWithReplaceTrue
* Started org.apache.commons.compress.changes.ChangeSetTestCase#testDeleteFromJar
* Finished org.apache.commons.compress.changes.ChangeSetTestCase#testDeleteFromJar
* Started org.apache.commons.compress.changes.ChangeSetTestCase#testDeleteFromTar
* Finished org.apache.commons.compress.changes.ChangeSetTestCase#testDeleteFromTar
* Started org.apache.commons.compress.changes.ChangeSetTestCase#testDeleteFromZip
* Finished org.apache.commons.compress.changes.ChangeSetTestCase#testDeleteFromZip
* Started org.apache.commons.compress.changes.ChangeSetTestCase#testDeletePlusAdd
* Finished org.apache.commons.compress.changes.ChangeSetTestCase#testDeletePlusAdd
* Started org.apache.commons.compress.changes.ChangeSetTestCase#testDeleteFromAndAddToJar
* Finished org.apache.commons.compress.changes.ChangeSetTestCase#testDeleteFromAndAddToJar
* Started org.apache.commons.compress.changes.ChangeSetTestCase#testDeleteFromAndAddToTar
* Finished org.apache.commons.compress.changes.ChangeSetTestCase#testDeleteFromAndAddToTar
* Started org.apache.commons.compress.changes.ChangeSetTestCase#testDeleteFromAndAddToZip
* Finished org.apache.commons.compress.changes.ChangeSetTestCase#testDeleteFromAndAddToZip
* Started org.apache.commons.compress.changes.ChangeSetTestCase#testAddChangeTwice
* Finished org.apache.commons.compress.changes.ChangeSetTestCase#testAddChangeTwice
* Started org.apache.commons.compress.ChainingTestCase#testTarGzip
* Finished org.apache.commons.compress.ChainingTestCase#testTarGzip
* Started org.apache.commons.compress.ChainingTestCase#testTarBzip2
* Finished org.apache.commons.compress.ChainingTestCase#testTarBzip2
* Started org.apache.commons.compress.compressors.FramedSnappyTestCase#testDefaultExtractionViaFactoryAutodetection
* Finished org.apache.commons.compress.compressors.FramedSnappyTestCase#testDefaultExtractionViaFactoryAutodetection
* Started org.apache.commons.compress.compressors.FramedSnappyTestCase#testDefaultExtraction
* Finished org.apache.commons.compress.compressors.FramedSnappyTestCase#testDefaultExtraction
* Started org.apache.commons.compress.compressors.FramedSnappyTestCase#testDefaultExtractionViaFactory
* Finished org.apache.commons.compress.compressors.FramedSnappyTestCase#testDefaultExtractionViaFactory
* Started org.apache.commons.compress.compressors.snappy.FramedSnappyCompressorInputStreamTest#testRemainingChunkTypes
* Finished org.apache.commons.compress.compressors.snappy.FramedSnappyCompressorInputStreamTest#testRemainingChunkTypes
* Started org.apache.commons.compress.compressors.snappy.FramedSnappyCompressorInputStreamTest#testUnskippableChunk
* Finished org.apache.commons.compress.compressors.snappy.FramedSnappyCompressorInputStreamTest#testUnskippableChunk
* Started org.apache.commons.compress.compressors.snappy.FramedSnappyCompressorInputStreamTest#testAvailable
* Finished org.apache.commons.compress.compressors.snappy.FramedSnappyCompressorInputStreamTest#testAvailable
* Started org.apache.commons.compress.compressors.snappy.FramedSnappyCompressorInputStreamTest#testLoremIpsum
* Finished org.apache.commons.compress.compressors.snappy.FramedSnappyCompressorInputStreamTest#testLoremIpsum
* Started org.apache.commons.compress.compressors.snappy.FramedSnappyCompressorInputStreamTest#testMatches
* Finished org.apache.commons.compress.compressors.snappy.FramedSnappyCompressorInputStreamTest#testMatches
* Started org.apache.commons.compress.compressors.snappy.FramedSnappyCompressorInputStreamTest#testChecksumUnmasking
* Finished org.apache.commons.compress.compressors.snappy.FramedSnappyCompressorInputStreamTest#testChecksumUnmasking
* Started org.apache.commons.compress.compressors.LZMATestCase#testLZMAUnarchive
[ERROR] Class not found
java.lang.ClassNotFoundException: org.tukaani.xz.LZMAInputStream
	at java.lang.ClassLoader.findClass(ClassLoader.java:523)
	at java.lang.ClassLoader.loadClass(ClassLoader.java:418)
	at java.lang.ClassLoader.loadClass(ClassLoader.java:351)
	at com.gzoltar.lib.instrumentation.util.GZoltarClassLoader.loadClass(Unknown Source)
	at org.apache.commons.compress.compressors.LZMATestCase.testLZMAUnarchive(LZMATestCase.java:37)
	at sun.reflect.NativeMethodAccessorImpl.invoke0(Native Method)
	at sun.reflect.NativeMethodAccessorImpl.invoke(NativeMethodAccessorImpl.java:62)
	at sun.reflect.DelegatingMethodAccessorImpl.invoke(DelegatingMethodAccessorImpl.java:43)
	at java.lang.reflect.Method.invoke(Method.java:498)
	at junit.framework.TestCase.runTest(TestCase.java:176)
	at junit.framework.TestCase.runBare(TestCase.java:141)
	at junit.framework.TestResult$1.protect(TestResult.java:122)
	at junit.framework.TestResult.runProtected(TestResult.java:142)
	at junit.framework.TestResult.run(TestResult.java:125)
	at junit.framework.TestCase.run(TestCase.java:129)
	at junit.framework.TestSuite.runTest(TestSuite.java:255)
	at junit.framework.TestSuite.run(TestSuite.java:250)
	at org.junit.internal.runners.JUnit38ClassRunner.run(JUnit38ClassRunner.java:84)
	at com.gzoltar.lib.instrumentation.testing.junit.a.call(Unknown Source)
	at java.util.concurrent.FutureTask.run(FutureTask.java:266)
	at java.util.concurrent.ThreadPoolExecutor.runWorker(ThreadPoolExecutor.java:1149)
	at java.util.concurrent.ThreadPoolExecutor$Worker.run(ThreadPoolExecutor.java:624)
	at java.lang.Thread.run(Thread.java:748)
* Failure: org/tukaani/xz/LZMAInputStream | testLZMAUnarchive(org.apache.commons.compress.compressors.LZMATestCase)
java.lang.NoClassDefFoundError: org/tukaani/xz/LZMAInputStream
	at org.apache.commons.compress.compressors.LZMATestCase.testLZMAUnarchive(LZMATestCase.java:37)
	at sun.reflect.NativeMethodAccessorImpl.invoke0(Native Method)
	at sun.reflect.NativeMethodAccessorImpl.invoke(NativeMethodAccessorImpl.java:62)
	at sun.reflect.DelegatingMethodAccessorImpl.invoke(DelegatingMethodAccessorImpl.java:43)
	at java.lang.reflect.Method.invoke(Method.java:498)
	at junit.framework.TestCase.runTest(TestCase.java:176)
	at junit.framework.TestCase.runBare(TestCase.java:141)
	at junit.framework.TestResult$1.protect(TestResult.java:122)
	at junit.framework.TestResult.runProtected(TestResult.java:142)
	at junit.framework.TestResult.run(TestResult.java:125)
	at junit.framework.TestCase.run(TestCase.java:129)
	at junit.framework.TestSuite.runTest(TestSuite.java:255)
	at junit.framework.TestSuite.run(TestSuite.java:250)
	at org.junit.internal.runners.JUnit38ClassRunner.run(JUnit38ClassRunner.java:84)
	at com.gzoltar.lib.instrumentation.testing.junit.a.call(Unknown Source)
	at java.util.concurrent.FutureTask.run(FutureTask.java:266)
	at java.util.concurrent.ThreadPoolExecutor.runWorker(ThreadPoolExecutor.java:1149)
	at java.util.concurrent.ThreadPoolExecutor$Worker.run(ThreadPoolExecutor.java:624)
	at java.lang.Thread.run(Thread.java:748)

* Finished org.apache.commons.compress.compressors.LZMATestCase#testLZMAUnarchive
* Started org.apache.commons.compress.compressors.Pack200TestCase#testInputStreamMethods
* Finished org.apache.commons.compress.compressors.Pack200TestCase#testInputStreamMethods
* Started org.apache.commons.compress.compressors.Pack200TestCase#testJarArchiveCreationTempFile
* Finished org.apache.commons.compress.compressors.Pack200TestCase#testJarArchiveCreationTempFile
* Started org.apache.commons.compress.compressors.Pack200TestCase#testJarUnarchiveAllInMemory
* Finished org.apache.commons.compress.compressors.Pack200TestCase#testJarUnarchiveAllInMemory
* Started org.apache.commons.compress.compressors.Pack200TestCase#testJarArchiveCreationInMemory
* Finished org.apache.commons.compress.compressors.Pack200TestCase#testJarArchiveCreationInMemory
* Started org.apache.commons.compress.compressors.Pack200TestCase#testJarUnarchiveAllFileArgInMemory
* Finished org.apache.commons.compress.compressors.Pack200TestCase#testJarUnarchiveAllFileArgInMemory
* Started org.apache.commons.compress.compressors.Pack200TestCase#testBadSignature
* Finished org.apache.commons.compress.compressors.Pack200TestCase#testBadSignature
* Started org.apache.commons.compress.compressors.Pack200TestCase#testJarUnarchiveAllFileTempFile
* Finished org.apache.commons.compress.compressors.Pack200TestCase#testJarUnarchiveAllFileTempFile
* Started org.apache.commons.compress.compressors.Pack200TestCase#testOutputStreamMethods
* Finished org.apache.commons.compress.compressors.Pack200TestCase#testOutputStreamMethods
* Started org.apache.commons.compress.compressors.Pack200TestCase#testShortSignature
* Finished org.apache.commons.compress.compressors.Pack200TestCase#testShortSignature
* Started org.apache.commons.compress.compressors.Pack200TestCase#testGoodSignature
* Finished org.apache.commons.compress.compressors.Pack200TestCase#testGoodSignature
* Started org.apache.commons.compress.compressors.Pack200TestCase#testJarUnarchiveAllTempFile
* Finished org.apache.commons.compress.compressors.Pack200TestCase#testJarUnarchiveAllTempFile
* Started org.apache.commons.compress.compressors.DeflateTestCase#testRawDeflateUnarchive
* Finished org.apache.commons.compress.compressors.DeflateTestCase#testRawDeflateUnarchive
* Started org.apache.commons.compress.compressors.DeflateTestCase#testRawDeflateCreation
* Finished org.apache.commons.compress.compressors.DeflateTestCase#testRawDeflateCreation
* Started org.apache.commons.compress.compressors.DeflateTestCase#testDeflateUnarchive
* Finished org.apache.commons.compress.compressors.DeflateTestCase#testDeflateUnarchive
* Started org.apache.commons.compress.compressors.DeflateTestCase#testDeflateCreation
* Finished org.apache.commons.compress.compressors.DeflateTestCase#testDeflateCreation
* Started org.apache.commons.compress.compressors.BZip2TestCase#testBzip2Unarchive
* Finished org.apache.commons.compress.compressors.BZip2TestCase#testBzip2Unarchive
* Started org.apache.commons.compress.compressors.BZip2TestCase#testBzipCreation
* Finished org.apache.commons.compress.compressors.BZip2TestCase#testBzipCreation
* Started org.apache.commons.compress.compressors.BZip2TestCase#testConcatenatedStreamsReadFirstOnly
* Finished org.apache.commons.compress.compressors.BZip2TestCase#testConcatenatedStreamsReadFirstOnly
* Started org.apache.commons.compress.compressors.BZip2TestCase#testConcatenatedStreamsReadFully
* Finished org.apache.commons.compress.compressors.BZip2TestCase#testConcatenatedStreamsReadFully
* Started org.apache.commons.compress.compressors.BZip2TestCase#testCOMPRESS131
* Finished org.apache.commons.compress.compressors.BZip2TestCase#testCOMPRESS131
* Started org.apache.commons.compress.compressors.ZTestCase#testZUnarchiveViaFactory
* Finished org.apache.commons.compress.compressors.ZTestCase#testZUnarchiveViaFactory
* Started org.apache.commons.compress.compressors.ZTestCase#testZUnarchive
* Finished org.apache.commons.compress.compressors.ZTestCase#testZUnarchive
* Started org.apache.commons.compress.compressors.ZTestCase#testZUnarchiveViaAutoDetection
* Finished org.apache.commons.compress.compressors.ZTestCase#testZUnarchiveViaAutoDetection
* Started org.apache.commons.compress.compressors.ZTestCase#testMatches
* Finished org.apache.commons.compress.compressors.ZTestCase#testMatches
* Started org.apache.commons.compress.compressors.GZipTestCase#testInteroperabilityWithGzipCompressorInputStream
* Finished org.apache.commons.compress.compressors.GZipTestCase#testInteroperabilityWithGzipCompressorInputStream
* Started org.apache.commons.compress.compressors.GZipTestCase#testInteroperabilityWithGZIPInputStream
* Finished org.apache.commons.compress.compressors.GZipTestCase#testInteroperabilityWithGZIPInputStream
* Started org.apache.commons.compress.compressors.GZipTestCase#testMetadataRoundTrip
* Finished org.apache.commons.compress.compressors.GZipTestCase#testMetadataRoundTrip
* Started org.apache.commons.compress.compressors.GZipTestCase#testGzipUnarchive
* Finished org.apache.commons.compress.compressors.GZipTestCase#testGzipUnarchive
* Started org.apache.commons.compress.compressors.GZipTestCase#testGzipCreation
* Finished org.apache.commons.compress.compressors.GZipTestCase#testGzipCreation
* Started org.apache.commons.compress.compressors.GZipTestCase#testOverWrite
* Finished org.apache.commons.compress.compressors.GZipTestCase#testOverWrite
* Started org.apache.commons.compress.compressors.GZipTestCase#testInvalidCompressionLevel
* Finished org.apache.commons.compress.compressors.GZipTestCase#testInvalidCompressionLevel
* Started org.apache.commons.compress.compressors.GZipTestCase#testExtraFlagsFastestCompression
* Finished org.apache.commons.compress.compressors.GZipTestCase#testExtraFlagsFastestCompression
* Started org.apache.commons.compress.compressors.GZipTestCase#testConcatenatedStreamsReadFirstOnly
* Finished org.apache.commons.compress.compressors.GZipTestCase#testConcatenatedStreamsReadFirstOnly
* Started org.apache.commons.compress.compressors.GZipTestCase#testConcatenatedStreamsReadFully
* Finished org.apache.commons.compress.compressors.GZipTestCase#testConcatenatedStreamsReadFully
* Started org.apache.commons.compress.compressors.GZipTestCase#testCorruptedInput
* Finished org.apache.commons.compress.compressors.GZipTestCase#testCorruptedInput
* Started org.apache.commons.compress.compressors.GZipTestCase#testExtraFlagsDefaultCompression
* Finished org.apache.commons.compress.compressors.GZipTestCase#testExtraFlagsDefaultCompression
* Started org.apache.commons.compress.compressors.GZipTestCase#testExtraFlagsBestCompression
* Finished org.apache.commons.compress.compressors.GZipTestCase#testExtraFlagsBestCompression
* Started org.apache.commons.compress.compressors.XZTestCase#testXZCreation
XZTestCase: HeapMax=3817865216 bytes 3641.0 MB
[ERROR] Class not found
java.lang.ClassNotFoundException: org.tukaani.xz.FilterOptions
	at java.lang.ClassLoader.findClass(ClassLoader.java:523)
	at java.lang.ClassLoader.loadClass(ClassLoader.java:418)
	at java.lang.ClassLoader.loadClass(ClassLoader.java:351)
	at com.gzoltar.lib.instrumentation.util.GZoltarClassLoader.loadClass(Unknown Source)
	at org.apache.commons.compress.compressors.CompressorStreamFactory.createCompressorOutputStream(CompressorStreamFactory.java:291)
	at org.apache.commons.compress.compressors.XZTestCase.testXZCreation(XZTestCase.java:41)
	at sun.reflect.NativeMethodAccessorImpl.invoke0(Native Method)
	at sun.reflect.NativeMethodAccessorImpl.invoke(NativeMethodAccessorImpl.java:62)
	at sun.reflect.DelegatingMethodAccessorImpl.invoke(DelegatingMethodAccessorImpl.java:43)
	at java.lang.reflect.Method.invoke(Method.java:498)
	at junit.framework.TestCase.runTest(TestCase.java:176)
	at junit.framework.TestCase.runBare(TestCase.java:141)
	at junit.framework.TestResult$1.protect(TestResult.java:122)
	at junit.framework.TestResult.runProtected(TestResult.java:142)
	at junit.framework.TestResult.run(TestResult.java:125)
	at junit.framework.TestCase.run(TestCase.java:129)
	at junit.framework.TestSuite.runTest(TestSuite.java:255)
	at junit.framework.TestSuite.run(TestSuite.java:250)
	at org.junit.internal.runners.JUnit38ClassRunner.run(JUnit38ClassRunner.java:84)
	at com.gzoltar.lib.instrumentation.testing.junit.a.call(Unknown Source)
	at java.util.concurrent.FutureTask.run(FutureTask.java:266)
	at java.util.concurrent.ThreadPoolExecutor.runWorker(ThreadPoolExecutor.java:1149)
	at java.util.concurrent.ThreadPoolExecutor$Worker.run(ThreadPoolExecutor.java:624)
	at java.lang.Thread.run(Thread.java:748)
* Failure: org/tukaani/xz/FilterOptions | testXZCreation(org.apache.commons.compress.compressors.XZTestCase)
java.lang.NoClassDefFoundError: org/tukaani/xz/FilterOptions
	at org.apache.commons.compress.compressors.CompressorStreamFactory.createCompressorOutputStream(CompressorStreamFactory.java:291)
	at org.apache.commons.compress.compressors.XZTestCase.testXZCreation(XZTestCase.java:41)
	at sun.reflect.NativeMethodAccessorImpl.invoke0(Native Method)
	at sun.reflect.NativeMethodAccessorImpl.invoke(NativeMethodAccessorImpl.java:62)
	at sun.reflect.DelegatingMethodAccessorImpl.invoke(DelegatingMethodAccessorImpl.java:43)
	at java.lang.reflect.Method.invoke(Method.java:498)
	at junit.framework.TestCase.runTest(TestCase.java:176)
	at junit.framework.TestCase.runBare(TestCase.java:141)
	at junit.framework.TestResult$1.protect(TestResult.java:122)
	at junit.framework.TestResult.runProtected(TestResult.java:142)
	at junit.framework.TestResult.run(TestResult.java:125)
	at junit.framework.TestCase.run(TestCase.java:129)
	at junit.framework.TestSuite.runTest(TestSuite.java:255)
	at junit.framework.TestSuite.run(TestSuite.java:250)
	at org.junit.internal.runners.JUnit38ClassRunner.run(JUnit38ClassRunner.java:84)
	at com.gzoltar.lib.instrumentation.testing.junit.a.call(Unknown Source)
	at java.util.concurrent.FutureTask.run(FutureTask.java:266)
	at java.util.concurrent.ThreadPoolExecutor.runWorker(ThreadPoolExecutor.java:1149)
	at java.util.concurrent.ThreadPoolExecutor$Worker.run(ThreadPoolExecutor.java:624)
	at java.lang.Thread.run(Thread.java:748)

* Finished org.apache.commons.compress.compressors.XZTestCase#testXZCreation
* Started org.apache.commons.compress.compressors.XZTestCase#testConcatenatedStreamsReadFirstOnly
[ERROR] Class not found
java.lang.ClassNotFoundException: org.tukaani.xz.XZInputStream
	at java.lang.ClassLoader.findClass(ClassLoader.java:523)
	at java.lang.ClassLoader.loadClass(ClassLoader.java:418)
	at java.lang.ClassLoader.loadClass(ClassLoader.java:351)
	at com.gzoltar.lib.instrumentation.util.GZoltarClassLoader.loadClass(Unknown Source)
	at org.apache.commons.compress.compressors.CompressorStreamFactory.createCompressorInputStream(CompressorStreamFactory.java:229)
	at org.apache.commons.compress.compressors.XZTestCase.testConcatenatedStreamsReadFirstOnly(XZTestCase.java:79)
	at sun.reflect.NativeMethodAccessorImpl.invoke0(Native Method)
	at sun.reflect.NativeMethodAccessorImpl.invoke(NativeMethodAccessorImpl.java:62)
	at sun.reflect.DelegatingMethodAccessorImpl.invoke(DelegatingMethodAccessorImpl.java:43)
	at java.lang.reflect.Method.invoke(Method.java:498)
	at junit.framework.TestCase.runTest(TestCase.java:176)
	at junit.framework.TestCase.runBare(TestCase.java:141)
	at junit.framework.TestResult$1.protect(TestResult.java:122)
	at junit.framework.TestResult.runProtected(TestResult.java:142)
	at junit.framework.TestResult.run(TestResult.java:125)
	at junit.framework.TestCase.run(TestCase.java:129)
	at junit.framework.TestSuite.runTest(TestSuite.java:255)
	at junit.framework.TestSuite.run(TestSuite.java:250)
	at org.junit.internal.runners.JUnit38ClassRunner.run(JUnit38ClassRunner.java:84)
	at com.gzoltar.lib.instrumentation.testing.junit.a.call(Unknown Source)
	at java.util.concurrent.FutureTask.run(FutureTask.java:266)
	at java.util.concurrent.ThreadPoolExecutor.runWorker(ThreadPoolExecutor.java:1149)
	at java.util.concurrent.ThreadPoolExecutor$Worker.run(ThreadPoolExecutor.java:624)
	at java.lang.Thread.run(Thread.java:748)
* Failure: org/tukaani/xz/XZInputStream | testConcatenatedStreamsReadFirstOnly(org.apache.commons.compress.compressors.XZTestCase)
java.lang.NoClassDefFoundError: org/tukaani/xz/XZInputStream
	at org.apache.commons.compress.compressors.CompressorStreamFactory.createCompressorInputStream(CompressorStreamFactory.java:229)
	at org.apache.commons.compress.compressors.XZTestCase.testConcatenatedStreamsReadFirstOnly(XZTestCase.java:79)
	at sun.reflect.NativeMethodAccessorImpl.invoke0(Native Method)
	at sun.reflect.NativeMethodAccessorImpl.invoke(NativeMethodAccessorImpl.java:62)
	at sun.reflect.DelegatingMethodAccessorImpl.invoke(DelegatingMethodAccessorImpl.java:43)
	at java.lang.reflect.Method.invoke(Method.java:498)
	at junit.framework.TestCase.runTest(TestCase.java:176)
	at junit.framework.TestCase.runBare(TestCase.java:141)
	at junit.framework.TestResult$1.protect(TestResult.java:122)
	at junit.framework.TestResult.runProtected(TestResult.java:142)
	at junit.framework.TestResult.run(TestResult.java:125)
	at junit.framework.TestCase.run(TestCase.java:129)
	at junit.framework.TestSuite.runTest(TestSuite.java:255)
	at junit.framework.TestSuite.run(TestSuite.java:250)
	at org.junit.internal.runners.JUnit38ClassRunner.run(JUnit38ClassRunner.java:84)
	at com.gzoltar.lib.instrumentation.testing.junit.a.call(Unknown Source)
	at java.util.concurrent.FutureTask.run(FutureTask.java:266)
	at java.util.concurrent.ThreadPoolExecutor.runWorker(ThreadPoolExecutor.java:1149)
	at java.util.concurrent.ThreadPoolExecutor$Worker.run(ThreadPoolExecutor.java:624)
	at java.lang.Thread.run(Thread.java:748)

* Finished org.apache.commons.compress.compressors.XZTestCase#testConcatenatedStreamsReadFirstOnly
* Started org.apache.commons.compress.compressors.XZTestCase#testConcatenatedStreamsReadFully
[ERROR] Class not found
java.lang.ClassNotFoundException: org.tukaani.xz.XZInputStream
	at java.lang.ClassLoader.findClass(ClassLoader.java:523)
	at java.lang.ClassLoader.loadClass(ClassLoader.java:418)
	at java.lang.ClassLoader.loadClass(ClassLoader.java:351)
	at com.gzoltar.lib.instrumentation.util.GZoltarClassLoader.loadClass(Unknown Source)
	at org.apache.commons.compress.compressors.XZTestCase.testConcatenatedStreamsReadFully(XZTestCase.java:96)
	at sun.reflect.NativeMethodAccessorImpl.invoke0(Native Method)
	at sun.reflect.NativeMethodAccessorImpl.invoke(NativeMethodAccessorImpl.java:62)
	at sun.reflect.DelegatingMethodAccessorImpl.invoke(DelegatingMethodAccessorImpl.java:43)
	at java.lang.reflect.Method.invoke(Method.java:498)
	at junit.framework.TestCase.runTest(TestCase.java:176)
	at junit.framework.TestCase.runBare(TestCase.java:141)
	at junit.framework.TestResult$1.protect(TestResult.java:122)
	at junit.framework.TestResult.runProtected(TestResult.java:142)
	at junit.framework.TestResult.run(TestResult.java:125)
	at junit.framework.TestCase.run(TestCase.java:129)
	at junit.framework.TestSuite.runTest(TestSuite.java:255)
	at junit.framework.TestSuite.run(TestSuite.java:250)
	at org.junit.internal.runners.JUnit38ClassRunner.run(JUnit38ClassRunner.java:84)
	at com.gzoltar.lib.instrumentation.testing.junit.a.call(Unknown Source)
	at java.util.concurrent.FutureTask.run(FutureTask.java:266)
	at java.util.concurrent.ThreadPoolExecutor.runWorker(ThreadPoolExecutor.java:1149)
	at java.util.concurrent.ThreadPoolExecutor$Worker.run(ThreadPoolExecutor.java:624)
	at java.lang.Thread.run(Thread.java:748)
* Failure: org/tukaani/xz/XZInputStream | testConcatenatedStreamsReadFully(org.apache.commons.compress.compressors.XZTestCase)
java.lang.NoClassDefFoundError: org/tukaani/xz/XZInputStream
	at org.apache.commons.compress.compressors.XZTestCase.testConcatenatedStreamsReadFully(XZTestCase.java:96)
	at sun.reflect.NativeMethodAccessorImpl.invoke0(Native Method)
	at sun.reflect.NativeMethodAccessorImpl.invoke(NativeMethodAccessorImpl.java:62)
	at sun.reflect.DelegatingMethodAccessorImpl.invoke(DelegatingMethodAccessorImpl.java:43)
	at java.lang.reflect.Method.invoke(Method.java:498)
	at junit.framework.TestCase.runTest(TestCase.java:176)
	at junit.framework.TestCase.runBare(TestCase.java:141)
	at junit.framework.TestResult$1.protect(TestResult.java:122)
	at junit.framework.TestResult.runProtected(TestResult.java:142)
	at junit.framework.TestResult.run(TestResult.java:125)
	at junit.framework.TestCase.run(TestCase.java:129)
	at junit.framework.TestSuite.runTest(TestSuite.java:255)
	at junit.framework.TestSuite.run(TestSuite.java:250)
	at org.junit.internal.runners.JUnit38ClassRunner.run(JUnit38ClassRunner.java:84)
	at com.gzoltar.lib.instrumentation.testing.junit.a.call(Unknown Source)
	at java.util.concurrent.FutureTask.run(FutureTask.java:266)
	at java.util.concurrent.ThreadPoolExecutor.runWorker(ThreadPoolExecutor.java:1149)
	at java.util.concurrent.ThreadPoolExecutor$Worker.run(ThreadPoolExecutor.java:624)
	at java.lang.Thread.run(Thread.java:748)

* Finished org.apache.commons.compress.compressors.XZTestCase#testConcatenatedStreamsReadFully
* Started org.apache.commons.compress.compressors.XZTestCase#testXZUnarchive
[ERROR] Class not found
java.lang.ClassNotFoundException: org.tukaani.xz.XZInputStream
	at java.lang.ClassLoader.findClass(ClassLoader.java:523)
	at java.lang.ClassLoader.loadClass(ClassLoader.java:418)
	at java.lang.ClassLoader.loadClass(ClassLoader.java:351)
	at com.gzoltar.lib.instrumentation.util.GZoltarClassLoader.loadClass(Unknown Source)
	at org.apache.commons.compress.compressors.CompressorStreamFactory.createCompressorInputStream(CompressorStreamFactory.java:229)
	at org.apache.commons.compress.compressors.XZTestCase.testXZUnarchive(XZTestCase.java:58)
	at sun.reflect.NativeMethodAccessorImpl.invoke0(Native Method)
	at sun.reflect.NativeMethodAccessorImpl.invoke(NativeMethodAccessorImpl.java:62)
	at sun.reflect.DelegatingMethodAccessorImpl.invoke(DelegatingMethodAccessorImpl.java:43)
	at java.lang.reflect.Method.invoke(Method.java:498)
	at junit.framework.TestCase.runTest(TestCase.java:176)
	at junit.framework.TestCase.runBare(TestCase.java:141)
	at junit.framework.TestResult$1.protect(TestResult.java:122)
	at junit.framework.TestResult.runProtected(TestResult.java:142)
	at junit.framework.TestResult.run(TestResult.java:125)
	at junit.framework.TestCase.run(TestCase.java:129)
	at junit.framework.TestSuite.runTest(TestSuite.java:255)
	at junit.framework.TestSuite.run(TestSuite.java:250)
	at org.junit.internal.runners.JUnit38ClassRunner.run(JUnit38ClassRunner.java:84)
	at com.gzoltar.lib.instrumentation.testing.junit.a.call(Unknown Source)
	at java.util.concurrent.FutureTask.run(FutureTask.java:266)
	at java.util.concurrent.ThreadPoolExecutor.runWorker(ThreadPoolExecutor.java:1149)
	at java.util.concurrent.ThreadPoolExecutor$Worker.run(ThreadPoolExecutor.java:624)
	at java.lang.Thread.run(Thread.java:748)
* Failure: org/tukaani/xz/XZInputStream | testXZUnarchive(org.apache.commons.compress.compressors.XZTestCase)
java.lang.NoClassDefFoundError: org/tukaani/xz/XZInputStream
	at org.apache.commons.compress.compressors.CompressorStreamFactory.createCompressorInputStream(CompressorStreamFactory.java:229)
	at org.apache.commons.compress.compressors.XZTestCase.testXZUnarchive(XZTestCase.java:58)
	at sun.reflect.NativeMethodAccessorImpl.invoke0(Native Method)
	at sun.reflect.NativeMethodAccessorImpl.invoke(NativeMethodAccessorImpl.java:62)
	at sun.reflect.DelegatingMethodAccessorImpl.invoke(DelegatingMethodAccessorImpl.java:43)
	at java.lang.reflect.Method.invoke(Method.java:498)
	at junit.framework.TestCase.runTest(TestCase.java:176)
	at junit.framework.TestCase.runBare(TestCase.java:141)
	at junit.framework.TestResult$1.protect(TestResult.java:122)
	at junit.framework.TestResult.runProtected(TestResult.java:142)
	at junit.framework.TestResult.run(TestResult.java:125)
	at junit.framework.TestCase.run(TestCase.java:129)
	at junit.framework.TestSuite.runTest(TestSuite.java:255)
	at junit.framework.TestSuite.run(TestSuite.java:250)
	at org.junit.internal.runners.JUnit38ClassRunner.run(JUnit38ClassRunner.java:84)
	at com.gzoltar.lib.instrumentation.testing.junit.a.call(Unknown Source)
	at java.util.concurrent.FutureTask.run(FutureTask.java:266)
	at java.util.concurrent.ThreadPoolExecutor.runWorker(ThreadPoolExecutor.java:1149)
	at java.util.concurrent.ThreadPoolExecutor$Worker.run(ThreadPoolExecutor.java:624)
	at java.lang.Thread.run(Thread.java:748)

* Finished org.apache.commons.compress.compressors.XZTestCase#testXZUnarchive
* Started org.apache.commons.compress.compressors.pack200.Pack200UtilsTest#testNormalizeInPlace
* Finished org.apache.commons.compress.compressors.pack200.Pack200UtilsTest#testNormalizeInPlace
* Started org.apache.commons.compress.compressors.pack200.Pack200UtilsTest#testNormalize
* Finished org.apache.commons.compress.compressors.pack200.Pack200UtilsTest#testNormalize
* Started org.apache.commons.compress.archivers.zip.UTF8ZipFilesTest#testZipFileReadsUnicodeFields
* Finished org.apache.commons.compress.archivers.zip.UTF8ZipFilesTest#testZipFileReadsUnicodeFields
* Started org.apache.commons.compress.archivers.zip.UTF8ZipFilesTest#testCP437FileRoundtripImplicitUnicodeExtra
* Finished org.apache.commons.compress.archivers.zip.UTF8ZipFilesTest#testCP437FileRoundtripImplicitUnicodeExtra
* Started org.apache.commons.compress.archivers.zip.UTF8ZipFilesTest#testUtf8FileRoundtripImplicitUnicodeExtra
* Finished org.apache.commons.compress.archivers.zip.UTF8ZipFilesTest#testUtf8FileRoundtripImplicitUnicodeExtra
* Started org.apache.commons.compress.archivers.zip.UTF8ZipFilesTest#testRead7ZipArchiveForStream
* Finished org.apache.commons.compress.archivers.zip.UTF8ZipFilesTest#testRead7ZipArchiveForStream
* Started org.apache.commons.compress.archivers.zip.UTF8ZipFilesTest#testCP437FileRoundtripExplicitUnicodeExtra
* Finished org.apache.commons.compress.archivers.zip.UTF8ZipFilesTest#testCP437FileRoundtripExplicitUnicodeExtra
* Started org.apache.commons.compress.archivers.zip.UTF8ZipFilesTest#testRead7ZipArchive
* Finished org.apache.commons.compress.archivers.zip.UTF8ZipFilesTest#testRead7ZipArchive
* Started org.apache.commons.compress.archivers.zip.UTF8ZipFilesTest#testUtf8FileRoundtripExplicitUnicodeExtra
* Finished org.apache.commons.compress.archivers.zip.UTF8ZipFilesTest#testUtf8FileRoundtripExplicitUnicodeExtra
* Started org.apache.commons.compress.archivers.zip.UTF8ZipFilesTest#testASCIIFileRoundtripImplicitUnicodeExtra
* Finished org.apache.commons.compress.archivers.zip.UTF8ZipFilesTest#testASCIIFileRoundtripImplicitUnicodeExtra
* Started org.apache.commons.compress.archivers.zip.UTF8ZipFilesTest#testReadWinZipArchiveForStream
* Finished org.apache.commons.compress.archivers.zip.UTF8ZipFilesTest#testReadWinZipArchiveForStream
* Started org.apache.commons.compress.archivers.zip.UTF8ZipFilesTest#testUtf8FileRoundtripNoEFSImplicitUnicodeExtra
* Finished org.apache.commons.compress.archivers.zip.UTF8ZipFilesTest#testUtf8FileRoundtripNoEFSImplicitUnicodeExtra
* Started org.apache.commons.compress.archivers.zip.UTF8ZipFilesTest#testZipArchiveInputStreamReadsUnicodeFields
* Finished org.apache.commons.compress.archivers.zip.UTF8ZipFilesTest#testZipArchiveInputStreamReadsUnicodeFields
* Started org.apache.commons.compress.archivers.zip.UTF8ZipFilesTest#testASCIIFileRoundtripExplicitUnicodeExtra
* Finished org.apache.commons.compress.archivers.zip.UTF8ZipFilesTest#testASCIIFileRoundtripExplicitUnicodeExtra
* Started org.apache.commons.compress.archivers.zip.UTF8ZipFilesTest#testReadWinZipArchive
* Finished org.apache.commons.compress.archivers.zip.UTF8ZipFilesTest#testReadWinZipArchive
* Started org.apache.commons.compress.archivers.zip.UTF8ZipFilesTest#testUtf8FileRoundtripNoEFSExplicitUnicodeExtra
* Finished org.apache.commons.compress.archivers.zip.UTF8ZipFilesTest#testUtf8FileRoundtripNoEFSExplicitUnicodeExtra
* Started org.apache.commons.compress.archivers.zip.UTF8ZipFilesTest#testUtf8Interoperability
* Finished org.apache.commons.compress.archivers.zip.UTF8ZipFilesTest#testUtf8Interoperability
* Started org.apache.commons.compress.archivers.zip.UTF8ZipFilesTest#testRawNameReadFromZipFile
* Finished org.apache.commons.compress.archivers.zip.UTF8ZipFilesTest#testRawNameReadFromZipFile
* Started org.apache.commons.compress.archivers.zip.UTF8ZipFilesTest#testRawNameReadFromStream
* Finished org.apache.commons.compress.archivers.zip.UTF8ZipFilesTest#testRawNameReadFromStream
* Started org.apache.commons.compress.archivers.ArTestCase#testArDelete
* Finished org.apache.commons.compress.archivers.ArTestCase#testArDelete
* Started org.apache.commons.compress.archivers.ArTestCase#testArUnarchive
* Finished org.apache.commons.compress.archivers.ArTestCase#testArUnarchive
* Started org.apache.commons.compress.archivers.ArTestCase#testFileEntryFromFile
* Finished org.apache.commons.compress.archivers.ArTestCase#testFileEntryFromFile
* Started org.apache.commons.compress.archivers.ArTestCase#testArArchiveCreation
* Finished org.apache.commons.compress.archivers.ArTestCase#testArArchiveCreation
* Started org.apache.commons.compress.archivers.ArTestCase#testExplicitFileEntry
* Finished org.apache.commons.compress.archivers.ArTestCase#testExplicitFileEntry
* Started org.apache.commons.compress.archivers.DumpTestCase#testArchiveDetection
* Finished org.apache.commons.compress.archivers.DumpTestCase#testArchiveDetection
* Started org.apache.commons.compress.archivers.DumpTestCase#testCompressedDumpUnarchiveAll
* Finished org.apache.commons.compress.archivers.DumpTestCase#testCompressedDumpUnarchiveAll
* Started org.apache.commons.compress.archivers.DumpTestCase#testDumpUnarchiveAll
* Finished org.apache.commons.compress.archivers.DumpTestCase#testDumpUnarchiveAll
* Started org.apache.commons.compress.archivers.DumpTestCase#testCheckArchive
* Finished org.apache.commons.compress.archivers.DumpTestCase#testCheckArchive
* Started org.apache.commons.compress.archivers.DumpTestCase#testCheckCompressedArchive
* Finished org.apache.commons.compress.archivers.DumpTestCase#testCheckCompressedArchive
* Started org.apache.commons.compress.archivers.DumpTestCase#testCompressedArchiveDetection
* Finished org.apache.commons.compress.archivers.DumpTestCase#testCompressedArchiveDetection
* Started org.apache.commons.compress.archivers.TarTestCase#testTarUnarchive
* Finished org.apache.commons.compress.archivers.TarTestCase#testTarUnarchive
* Started org.apache.commons.compress.archivers.TarTestCase#testFileEntryFromFile
* Finished org.apache.commons.compress.archivers.TarTestCase#testFileEntryFromFile
* Started org.apache.commons.compress.archivers.TarTestCase#testDirectoryEntryFromFile
* Finished org.apache.commons.compress.archivers.TarTestCase#testDirectoryEntryFromFile
* Started org.apache.commons.compress.archivers.TarTestCase#testTarArchiveLongNameCreation
* Finished org.apache.commons.compress.archivers.TarTestCase#testTarArchiveLongNameCreation
* Started org.apache.commons.compress.archivers.TarTestCase#testTarArchiveCreation
* Finished org.apache.commons.compress.archivers.TarTestCase#testTarArchiveCreation
* Started org.apache.commons.compress.archivers.TarTestCase#testExplicitDirectoryEntry
* Finished org.apache.commons.compress.archivers.TarTestCase#testExplicitDirectoryEntry
* Started org.apache.commons.compress.archivers.TarTestCase#testCOMPRESS114
* Finished org.apache.commons.compress.archivers.TarTestCase#testCOMPRESS114
* Started org.apache.commons.compress.archivers.TarTestCase#testCOMPRESS178
* Finished org.apache.commons.compress.archivers.TarTestCase#testCOMPRESS178
* Started org.apache.commons.compress.archivers.TarTestCase#testExplicitFileEntry
* Finished org.apache.commons.compress.archivers.TarTestCase#testExplicitFileEntry
* Started org.apache.commons.compress.archivers.ar.ArArchiveOutputStreamTest#testLongFileNamesCauseExceptionByDefault
* Finished org.apache.commons.compress.archivers.ar.ArArchiveOutputStreamTest#testLongFileNamesCauseExceptionByDefault
* Started org.apache.commons.compress.archivers.ar.ArArchiveOutputStreamTest#testLongFileNamesWorkUsingBSDDialect
* Finished org.apache.commons.compress.archivers.ar.ArArchiveOutputStreamTest#testLongFileNamesWorkUsingBSDDialect
* Started org.apache.commons.compress.archivers.ar.ArArchiveInputStreamTest#testReadLongNamesBSD
* Finished org.apache.commons.compress.archivers.ar.ArArchiveInputStreamTest#testReadLongNamesBSD
* Started org.apache.commons.compress.archivers.ar.ArArchiveInputStreamTest#testReadLongNamesGNU
* Finished org.apache.commons.compress.archivers.ar.ArArchiveInputStreamTest#testReadLongNamesGNU
* Started org.apache.commons.compress.archivers.dump.DumpArchiveInputStreamTest#testNotADumpArchive
* Finished org.apache.commons.compress.archivers.dump.DumpArchiveInputStreamTest#testNotADumpArchive
* Started org.apache.commons.compress.archivers.dump.DumpArchiveInputStreamTest#testConsumesArchiveCompletely
* Finished org.apache.commons.compress.archivers.dump.DumpArchiveInputStreamTest#testConsumesArchiveCompletely
* Started org.apache.commons.compress.archivers.dump.DumpArchiveInputStreamTest#testNotADumpArchiveButBigEnough
* Finished org.apache.commons.compress.archivers.dump.DumpArchiveInputStreamTest#testNotADumpArchiveButBigEnough
[ERROR] Class not found
java.lang.ClassNotFoundException: org.tukaani.xz.XZ
	at java.lang.ClassLoader.findClass(ClassLoader.java:523)
	at java.lang.ClassLoader.loadClass(ClassLoader.java:418)
	at java.lang.ClassLoader.loadClass(ClassLoader.java:351)
	at com.gzoltar.lib.instrumentation.util.GZoltarClassLoader.loadClass(Unknown Source)
	at org.apache.commons.compress.archivers.sevenz.SevenZOutputFileTest.<clinit>(SevenZOutputFileTest.java:36)
	at sun.reflect.NativeConstructorAccessorImpl.newInstance0(Native Method)
	at sun.reflect.NativeConstructorAccessorImpl.newInstance(NativeConstructorAccessorImpl.java:62)
	at sun.reflect.DelegatingConstructorAccessorImpl.newInstance(DelegatingConstructorAccessorImpl.java:45)
	at java.lang.reflect.Constructor.newInstance(Constructor.java:423)
	at junit.framework.TestSuite.createTest(TestSuite.java:63)
	at junit.framework.TestSuite.addTestMethod(TestSuite.java:310)
	at junit.framework.TestSuite.addTestsFromTestCase(TestSuite.java:153)
	at junit.framework.TestSuite.<init>(TestSuite.java:132)
	at org.junit.internal.runners.JUnit38ClassRunner.<init>(JUnit38ClassRunner.java:72)
	at org.junit.internal.builders.JUnit3Builder.runnerForClass(JUnit3Builder.java:11)
	at org.junit.runners.model.RunnerBuilder.safeRunnerForClass(RunnerBuilder.java:59)
	at org.junit.internal.builders.AllDefaultPossibilitiesBuilder.runnerForClass(AllDefaultPossibilitiesBuilder.java:26)
	at org.junit.runners.model.RunnerBuilder.safeRunnerForClass(RunnerBuilder.java:59)
	at org.junit.internal.requests.ClassRequest.getRunner(ClassRequest.java:26)
	at com.gzoltar.lib.instrumentation.testing.junit.JUnitRunner.execute(Unknown Source)
	at com.gzoltar.lib.instrumentation.testing.junit.JUnitRunner.run(Unknown Source)
	at com.gzoltar.lib.client.Diagnose.main(Unknown Source)
* Started org.apache.commons.compress.archivers.sevenz.SevenZOutputFileTest#initializationError
* Failure: org/tukaani/xz/XZ | initializationError(org.apache.commons.compress.archivers.sevenz.SevenZOutputFileTest)
java.lang.NoClassDefFoundError: org/tukaani/xz/XZ
	at org.apache.commons.compress.archivers.sevenz.SevenZOutputFileTest.<clinit>(SevenZOutputFileTest.java:36)
	at sun.reflect.NativeConstructorAccessorImpl.newInstance0(Native Method)
	at sun.reflect.NativeConstructorAccessorImpl.newInstance(NativeConstructorAccessorImpl.java:62)
	at sun.reflect.DelegatingConstructorAccessorImpl.newInstance(DelegatingConstructorAccessorImpl.java:45)
	at java.lang.reflect.Constructor.newInstance(Constructor.java:423)
	at junit.framework.TestSuite.createTest(TestSuite.java:63)
	at junit.framework.TestSuite.addTestMethod(TestSuite.java:310)
	at junit.framework.TestSuite.addTestsFromTestCase(TestSuite.java:153)
	at junit.framework.TestSuite.<init>(TestSuite.java:132)
	at org.junit.internal.runners.JUnit38ClassRunner.<init>(JUnit38ClassRunner.java:72)
	at org.junit.internal.builders.JUnit3Builder.runnerForClass(JUnit3Builder.java:11)
	at org.junit.runners.model.RunnerBuilder.safeRunnerForClass(RunnerBuilder.java:59)
	at org.junit.internal.builders.AllDefaultPossibilitiesBuilder.runnerForClass(AllDefaultPossibilitiesBuilder.java:26)
	at org.junit.runners.model.RunnerBuilder.safeRunnerForClass(RunnerBuilder.java:59)
	at org.junit.internal.requests.ClassRequest.getRunner(ClassRequest.java:26)
	at com.gzoltar.lib.instrumentation.testing.junit.JUnitRunner.execute(Unknown Source)
	at com.gzoltar.lib.instrumentation.testing.junit.JUnitRunner.run(Unknown Source)
	at com.gzoltar.lib.client.Diagnose.main(Unknown Source)

* Finished org.apache.commons.compress.archivers.sevenz.SevenZOutputFileTest#initializationError
* Started org.apache.commons.compress.archivers.sevenz.SevenZFileTest#testSignatureCheck
* Finished org.apache.commons.compress.archivers.sevenz.SevenZFileTest#testSignatureCheck
* Started org.apache.commons.compress.archivers.sevenz.SevenZFileTest#test7zUnarchive
[ERROR] Class not found
java.lang.ClassNotFoundException: org.tukaani.xz.FilterOptions
	at java.lang.ClassLoader.findClass(ClassLoader.java:523)
	at java.lang.ClassLoader.loadClass(ClassLoader.java:418)
	at java.lang.ClassLoader.loadClass(ClassLoader.java:351)
	at com.gzoltar.lib.instrumentation.util.GZoltarClassLoader.loadClass(Unknown Source)
	at org.apache.commons.compress.archivers.sevenz.Coders.<clinit>(Coders.java:47)
	at org.apache.commons.compress.archivers.sevenz.SevenZFile.readEncodedHeader(SevenZFile.java:279)
	at org.apache.commons.compress.archivers.sevenz.SevenZFile.readHeaders(SevenZFile.java:191)
	at org.apache.commons.compress.archivers.sevenz.SevenZFile.<init>(SevenZFile.java:95)
	at org.apache.commons.compress.archivers.sevenz.SevenZFileTest.test7zUnarchive(SevenZFileTest.java:159)
	at org.apache.commons.compress.archivers.sevenz.SevenZFileTest.test7zUnarchive(SevenZFileTest.java:64)
	at org.apache.commons.compress.archivers.sevenz.SevenZFileTest.test7zUnarchive(SevenZFileTest.java:49)
	at sun.reflect.NativeMethodAccessorImpl.invoke0(Native Method)
	at sun.reflect.NativeMethodAccessorImpl.invoke(NativeMethodAccessorImpl.java:62)
	at sun.reflect.DelegatingMethodAccessorImpl.invoke(DelegatingMethodAccessorImpl.java:43)
	at java.lang.reflect.Method.invoke(Method.java:498)
	at junit.framework.TestCase.runTest(TestCase.java:176)
	at junit.framework.TestCase.runBare(TestCase.java:141)
	at junit.framework.TestResult$1.protect(TestResult.java:122)
	at junit.framework.TestResult.runProtected(TestResult.java:142)
	at junit.framework.TestResult.run(TestResult.java:125)
	at junit.framework.TestCase.run(TestCase.java:129)
	at junit.framework.TestSuite.runTest(TestSuite.java:255)
	at junit.framework.TestSuite.run(TestSuite.java:250)
	at org.junit.internal.runners.JUnit38ClassRunner.run(JUnit38ClassRunner.java:84)
	at com.gzoltar.lib.instrumentation.testing.junit.a.call(Unknown Source)
	at java.util.concurrent.FutureTask.run(FutureTask.java:266)
	at java.util.concurrent.ThreadPoolExecutor.runWorker(ThreadPoolExecutor.java:1149)
	at java.util.concurrent.ThreadPoolExecutor$Worker.run(ThreadPoolExecutor.java:624)
	at java.lang.Thread.run(Thread.java:748)
* Failure: org/tukaani/xz/FilterOptions | test7zUnarchive(org.apache.commons.compress.archivers.sevenz.SevenZFileTest)
java.lang.NoClassDefFoundError: org/tukaani/xz/FilterOptions
	at org.apache.commons.compress.archivers.sevenz.Coders.<clinit>(Coders.java:47)
	at org.apache.commons.compress.archivers.sevenz.SevenZFile.readEncodedHeader(SevenZFile.java:279)
	at org.apache.commons.compress.archivers.sevenz.SevenZFile.readHeaders(SevenZFile.java:191)
	at org.apache.commons.compress.archivers.sevenz.SevenZFile.<init>(SevenZFile.java:95)
	at org.apache.commons.compress.archivers.sevenz.SevenZFileTest.test7zUnarchive(SevenZFileTest.java:159)
	at org.apache.commons.compress.archivers.sevenz.SevenZFileTest.test7zUnarchive(SevenZFileTest.java:64)
	at org.apache.commons.compress.archivers.sevenz.SevenZFileTest.test7zUnarchive(SevenZFileTest.java:49)
	at sun.reflect.NativeMethodAccessorImpl.invoke0(Native Method)
	at sun.reflect.NativeMethodAccessorImpl.invoke(NativeMethodAccessorImpl.java:62)
	at sun.reflect.DelegatingMethodAccessorImpl.invoke(DelegatingMethodAccessorImpl.java:43)
	at java.lang.reflect.Method.invoke(Method.java:498)
	at junit.framework.TestCase.runTest(TestCase.java:176)
	at junit.framework.TestCase.runBare(TestCase.java:141)
	at junit.framework.TestResult$1.protect(TestResult.java:122)
	at junit.framework.TestResult.runProtected(TestResult.java:142)
	at junit.framework.TestResult.run(TestResult.java:125)
	at junit.framework.TestCase.run(TestCase.java:129)
	at junit.framework.TestSuite.runTest(TestSuite.java:255)
	at junit.framework.TestSuite.run(TestSuite.java:250)
	at org.junit.internal.runners.JUnit38ClassRunner.run(JUnit38ClassRunner.java:84)
	at com.gzoltar.lib.instrumentation.testing.junit.a.call(Unknown Source)
	at java.util.concurrent.FutureTask.run(FutureTask.java:266)
	at java.util.concurrent.ThreadPoolExecutor.runWorker(ThreadPoolExecutor.java:1149)
	at java.util.concurrent.ThreadPoolExecutor$Worker.run(ThreadPoolExecutor.java:624)
	at java.lang.Thread.run(Thread.java:748)

* Finished org.apache.commons.compress.archivers.sevenz.SevenZFileTest#test7zUnarchive
* Started org.apache.commons.compress.archivers.sevenz.SevenZFileTest#testHelloWorldHeaderCompressionOffLZMA2
* Failure: Could not initialize class org.apache.commons.compress.archivers.sevenz.Coders | testHelloWorldHeaderCompressionOffLZMA2(org.apache.commons.compress.archivers.sevenz.SevenZFileTest)
java.lang.NoClassDefFoundError: Could not initialize class org.apache.commons.compress.archivers.sevenz.Coders
	at org.apache.commons.compress.archivers.sevenz.SevenZFile.buildDecoderStack(SevenZFile.java:862)
	at org.apache.commons.compress.archivers.sevenz.SevenZFile.buildDecodingStream(SevenZFile.java:829)
	at org.apache.commons.compress.archivers.sevenz.SevenZFile.getNextEntry(SevenZFile.java:151)
	at org.apache.commons.compress.archivers.sevenz.SevenZFileTest.checkHelloWorld(SevenZFileTest.java:184)
	at org.apache.commons.compress.archivers.sevenz.SevenZFileTest.testHelloWorldHeaderCompressionOffLZMA2(SevenZFileTest.java:45)
	at sun.reflect.NativeMethodAccessorImpl.invoke0(Native Method)
	at sun.reflect.NativeMethodAccessorImpl.invoke(NativeMethodAccessorImpl.java:62)
	at sun.reflect.DelegatingMethodAccessorImpl.invoke(DelegatingMethodAccessorImpl.java:43)
	at java.lang.reflect.Method.invoke(Method.java:498)
	at junit.framework.TestCase.runTest(TestCase.java:176)
	at junit.framework.TestCase.runBare(TestCase.java:141)
	at junit.framework.TestResult$1.protect(TestResult.java:122)
	at junit.framework.TestResult.runProtected(TestResult.java:142)
	at junit.framework.TestResult.run(TestResult.java:125)
	at junit.framework.TestCase.run(TestCase.java:129)
	at junit.framework.TestSuite.runTest(TestSuite.java:255)
	at junit.framework.TestSuite.run(TestSuite.java:250)
	at org.junit.internal.runners.JUnit38ClassRunner.run(JUnit38ClassRunner.java:84)
	at com.gzoltar.lib.instrumentation.testing.junit.a.call(Unknown Source)
	at java.util.concurrent.FutureTask.run(FutureTask.java:266)
	at java.util.concurrent.ThreadPoolExecutor.runWorker(ThreadPoolExecutor.java:1149)
	at java.util.concurrent.ThreadPoolExecutor$Worker.run(ThreadPoolExecutor.java:624)
	at java.lang.Thread.run(Thread.java:748)

* Finished org.apache.commons.compress.archivers.sevenz.SevenZFileTest#testHelloWorldHeaderCompressionOffLZMA2
* Started org.apache.commons.compress.archivers.sevenz.SevenZFileTest#testCompressedHeaderWithNonDefaultDictionarySize
* Failure: Could not initialize class org.apache.commons.compress.archivers.sevenz.Coders | testCompressedHeaderWithNonDefaultDictionarySize(org.apache.commons.compress.archivers.sevenz.SevenZFileTest)
java.lang.NoClassDefFoundError: Could not initialize class org.apache.commons.compress.archivers.sevenz.Coders
	at org.apache.commons.compress.archivers.sevenz.SevenZFile.readEncodedHeader(SevenZFile.java:279)
	at org.apache.commons.compress.archivers.sevenz.SevenZFile.readHeaders(SevenZFile.java:191)
	at org.apache.commons.compress.archivers.sevenz.SevenZFile.<init>(SevenZFile.java:95)
	at org.apache.commons.compress.archivers.sevenz.SevenZFile.<init>(SevenZFile.java:117)
	at org.apache.commons.compress.archivers.sevenz.SevenZFileTest.testCompressedHeaderWithNonDefaultDictionarySize(SevenZFileTest.java:81)
	at sun.reflect.NativeMethodAccessorImpl.invoke0(Native Method)
	at sun.reflect.NativeMethodAccessorImpl.invoke(NativeMethodAccessorImpl.java:62)
	at sun.reflect.DelegatingMethodAccessorImpl.invoke(DelegatingMethodAccessorImpl.java:43)
	at java.lang.reflect.Method.invoke(Method.java:498)
	at junit.framework.TestCase.runTest(TestCase.java:176)
	at junit.framework.TestCase.runBare(TestCase.java:141)
	at junit.framework.TestResult$1.protect(TestResult.java:122)
	at junit.framework.TestResult.runProtected(TestResult.java:142)
	at junit.framework.TestResult.run(TestResult.java:125)
	at junit.framework.TestCase.run(TestCase.java:129)
	at junit.framework.TestSuite.runTest(TestSuite.java:255)
	at junit.framework.TestSuite.run(TestSuite.java:250)
	at org.junit.internal.runners.JUnit38ClassRunner.run(JUnit38ClassRunner.java:84)
	at com.gzoltar.lib.instrumentation.testing.junit.a.call(Unknown Source)
	at java.util.concurrent.FutureTask.run(FutureTask.java:266)
	at java.util.concurrent.ThreadPoolExecutor.runWorker(ThreadPoolExecutor.java:1149)
	at java.util.concurrent.ThreadPoolExecutor$Worker.run(ThreadPoolExecutor.java:624)
	at java.lang.Thread.run(Thread.java:748)

* Finished org.apache.commons.compress.archivers.sevenz.SevenZFileTest#testCompressedHeaderWithNonDefaultDictionarySize
* Started org.apache.commons.compress.archivers.sevenz.SevenZFileTest#testAllEmptyFilesArchive
* Finished org.apache.commons.compress.archivers.sevenz.SevenZFileTest#testAllEmptyFilesArchive
* Started org.apache.commons.compress.archivers.sevenz.SevenZFileTest#test7zDecryptUnarchive
* Failure: Could not initialize class org.apache.commons.compress.archivers.sevenz.Coders | test7zDecryptUnarchive(org.apache.commons.compress.archivers.sevenz.SevenZFileTest)
java.lang.NoClassDefFoundError: Could not initialize class org.apache.commons.compress.archivers.sevenz.Coders
	at org.apache.commons.compress.archivers.sevenz.SevenZFile.readEncodedHeader(SevenZFile.java:279)
	at org.apache.commons.compress.archivers.sevenz.SevenZFile.readHeaders(SevenZFile.java:191)
	at org.apache.commons.compress.archivers.sevenz.SevenZFile.<init>(SevenZFile.java:95)
	at org.apache.commons.compress.archivers.sevenz.SevenZFileTest.test7zUnarchive(SevenZFileTest.java:159)
	at org.apache.commons.compress.archivers.sevenz.SevenZFileTest.test7zDecryptUnarchive(SevenZFileTest.java:58)
	at sun.reflect.NativeMethodAccessorImpl.invoke0(Native Method)
	at sun.reflect.NativeMethodAccessorImpl.invoke(NativeMethodAccessorImpl.java:62)
	at sun.reflect.DelegatingMethodAccessorImpl.invoke(DelegatingMethodAccessorImpl.java:43)
	at java.lang.reflect.Method.invoke(Method.java:498)
	at junit.framework.TestCase.runTest(TestCase.java:176)
	at junit.framework.TestCase.runBare(TestCase.java:141)
	at junit.framework.TestResult$1.protect(TestResult.java:122)
	at junit.framework.TestResult.runProtected(TestResult.java:142)
	at junit.framework.TestResult.run(TestResult.java:125)
	at junit.framework.TestCase.run(TestCase.java:129)
	at junit.framework.TestSuite.runTest(TestSuite.java:255)
	at junit.framework.TestSuite.run(TestSuite.java:250)
	at org.junit.internal.runners.JUnit38ClassRunner.run(JUnit38ClassRunner.java:84)
	at com.gzoltar.lib.instrumentation.testing.junit.a.call(Unknown Source)
	at java.util.concurrent.FutureTask.run(FutureTask.java:266)
	at java.util.concurrent.ThreadPoolExecutor.runWorker(ThreadPoolExecutor.java:1149)
	at java.util.concurrent.ThreadPoolExecutor$Worker.run(ThreadPoolExecutor.java:624)
	at java.lang.Thread.run(Thread.java:748)

* Finished org.apache.commons.compress.archivers.sevenz.SevenZFileTest#test7zDecryptUnarchive
* Started org.apache.commons.compress.archivers.sevenz.SevenZFileTest#testEncryptedArchiveRequiresPassword
* Failure: Could not initialize class org.apache.commons.compress.archivers.sevenz.Coders | testEncryptedArchiveRequiresPassword(org.apache.commons.compress.archivers.sevenz.SevenZFileTest)
java.lang.NoClassDefFoundError: Could not initialize class org.apache.commons.compress.archivers.sevenz.Coders
	at org.apache.commons.compress.archivers.sevenz.SevenZFile.readEncodedHeader(SevenZFile.java:279)
	at org.apache.commons.compress.archivers.sevenz.SevenZFile.readHeaders(SevenZFile.java:191)
	at org.apache.commons.compress.archivers.sevenz.SevenZFile.<init>(SevenZFile.java:95)
	at org.apache.commons.compress.archivers.sevenz.SevenZFile.<init>(SevenZFile.java:117)
	at org.apache.commons.compress.archivers.sevenz.SevenZFileTest.testEncryptedArchiveRequiresPassword(SevenZFileTest.java:69)
	at sun.reflect.NativeMethodAccessorImpl.invoke0(Native Method)
	at sun.reflect.NativeMethodAccessorImpl.invoke(NativeMethodAccessorImpl.java:62)
	at sun.reflect.DelegatingMethodAccessorImpl.invoke(DelegatingMethodAccessorImpl.java:43)
	at java.lang.reflect.Method.invoke(Method.java:498)
	at junit.framework.TestCase.runTest(TestCase.java:176)
	at junit.framework.TestCase.runBare(TestCase.java:141)
	at junit.framework.TestResult$1.protect(TestResult.java:122)
	at junit.framework.TestResult.runProtected(TestResult.java:142)
	at junit.framework.TestResult.run(TestResult.java:125)
	at junit.framework.TestCase.run(TestCase.java:129)
	at junit.framework.TestSuite.runTest(TestSuite.java:255)
	at junit.framework.TestSuite.run(TestSuite.java:250)
	at org.junit.internal.runners.JUnit38ClassRunner.run(JUnit38ClassRunner.java:84)
	at com.gzoltar.lib.instrumentation.testing.junit.a.call(Unknown Source)
	at java.util.concurrent.FutureTask.run(FutureTask.java:266)
	at java.util.concurrent.ThreadPoolExecutor.runWorker(ThreadPoolExecutor.java:1149)
	at java.util.concurrent.ThreadPoolExecutor$Worker.run(ThreadPoolExecutor.java:624)
	at java.lang.Thread.run(Thread.java:748)

* Finished org.apache.commons.compress.archivers.sevenz.SevenZFileTest#testEncryptedArchiveRequiresPassword
* Started org.apache.commons.compress.archivers.sevenz.SevenZFileTest#test7zDeflateUnarchive
* Failure: Could not initialize class org.apache.commons.compress.archivers.sevenz.Coders | test7zDeflateUnarchive(org.apache.commons.compress.archivers.sevenz.SevenZFileTest)
java.lang.NoClassDefFoundError: Could not initialize class org.apache.commons.compress.archivers.sevenz.Coders
	at org.apache.commons.compress.archivers.sevenz.SevenZFile.readEncodedHeader(SevenZFile.java:279)
	at org.apache.commons.compress.archivers.sevenz.SevenZFile.readHeaders(SevenZFile.java:191)
	at org.apache.commons.compress.archivers.sevenz.SevenZFile.<init>(SevenZFile.java:95)
	at org.apache.commons.compress.archivers.sevenz.SevenZFileTest.test7zUnarchive(SevenZFileTest.java:159)
	at org.apache.commons.compress.archivers.sevenz.SevenZFileTest.test7zUnarchive(SevenZFileTest.java:64)
	at org.apache.commons.compress.archivers.sevenz.SevenZFileTest.test7zDeflateUnarchive(SevenZFileTest.java:53)
	at sun.reflect.NativeMethodAccessorImpl.invoke0(Native Method)
	at sun.reflect.NativeMethodAccessorImpl.invoke(NativeMethodAccessorImpl.java:62)
	at sun.reflect.DelegatingMethodAccessorImpl.invoke(DelegatingMethodAccessorImpl.java:43)
	at java.lang.reflect.Method.invoke(Method.java:498)
	at junit.framework.TestCase.runTest(TestCase.java:176)
	at junit.framework.TestCase.runBare(TestCase.java:141)
	at junit.framework.TestResult$1.protect(TestResult.java:122)
	at junit.framework.TestResult.runProtected(TestResult.java:142)
	at junit.framework.TestResult.run(TestResult.java:125)
	at junit.framework.TestCase.run(TestCase.java:129)
	at junit.framework.TestSuite.runTest(TestSuite.java:255)
	at junit.framework.TestSuite.run(TestSuite.java:250)
	at org.junit.internal.runners.JUnit38ClassRunner.run(JUnit38ClassRunner.java:84)
	at com.gzoltar.lib.instrumentation.testing.junit.a.call(Unknown Source)
	at java.util.concurrent.FutureTask.run(FutureTask.java:266)
	at java.util.concurrent.ThreadPoolExecutor.runWorker(ThreadPoolExecutor.java:1149)
	at java.util.concurrent.ThreadPoolExecutor$Worker.run(ThreadPoolExecutor.java:624)
	at java.lang.Thread.run(Thread.java:748)

* Finished org.apache.commons.compress.archivers.sevenz.SevenZFileTest#test7zDeflateUnarchive
* Started org.apache.commons.compress.archivers.sevenz.SevenZFileTest#testReadingBackDeltaDistance
* Failure: Could not initialize class org.apache.commons.compress.archivers.sevenz.Coders | testReadingBackDeltaDistance(org.apache.commons.compress.archivers.sevenz.SevenZFileTest)
java.lang.NoClassDefFoundError: Could not initialize class org.apache.commons.compress.archivers.sevenz.Coders
	at org.apache.commons.compress.archivers.sevenz.SevenZMethodConfiguration.<init>(SevenZMethodConfiguration.java:59)
	at org.apache.commons.compress.archivers.sevenz.SevenZFileTest.testReadingBackDeltaDistance(SevenZFileTest.java:136)
	at sun.reflect.NativeMethodAccessorImpl.invoke0(Native Method)
	at sun.reflect.NativeMethodAccessorImpl.invoke(NativeMethodAccessorImpl.java:62)
	at sun.reflect.DelegatingMethodAccessorImpl.invoke(DelegatingMethodAccessorImpl.java:43)
	at java.lang.reflect.Method.invoke(Method.java:498)
	at junit.framework.TestCase.runTest(TestCase.java:176)
	at junit.framework.TestCase.runBare(TestCase.java:141)
	at junit.framework.TestResult$1.protect(TestResult.java:122)
	at junit.framework.TestResult.runProtected(TestResult.java:142)
	at junit.framework.TestResult.run(TestResult.java:125)
	at junit.framework.TestCase.run(TestCase.java:129)
	at junit.framework.TestSuite.runTest(TestSuite.java:255)
	at junit.framework.TestSuite.run(TestSuite.java:250)
	at org.junit.internal.runners.JUnit38ClassRunner.run(JUnit38ClassRunner.java:84)
	at com.gzoltar.lib.instrumentation.testing.junit.a.call(Unknown Source)
	at java.util.concurrent.FutureTask.run(FutureTask.java:266)
	at java.util.concurrent.ThreadPoolExecutor.runWorker(ThreadPoolExecutor.java:1149)
	at java.util.concurrent.ThreadPoolExecutor$Worker.run(ThreadPoolExecutor.java:624)
	at java.lang.Thread.run(Thread.java:748)

* Finished org.apache.commons.compress.archivers.sevenz.SevenZFileTest#testReadingBackDeltaDistance
* Started org.apache.commons.compress.archivers.sevenz.SevenZFileTest#testHelloWorldHeaderCompressionOffCopy
* Failure: Could not initialize class org.apache.commons.compress.archivers.sevenz.Coders | testHelloWorldHeaderCompressionOffCopy(org.apache.commons.compress.archivers.sevenz.SevenZFileTest)
java.lang.NoClassDefFoundError: Could not initialize class org.apache.commons.compress.archivers.sevenz.Coders
	at org.apache.commons.compress.archivers.sevenz.SevenZFile.buildDecoderStack(SevenZFile.java:862)
	at org.apache.commons.compress.archivers.sevenz.SevenZFile.buildDecodingStream(SevenZFile.java:829)
	at org.apache.commons.compress.archivers.sevenz.SevenZFile.getNextEntry(SevenZFile.java:151)
	at org.apache.commons.compress.archivers.sevenz.SevenZFileTest.checkHelloWorld(SevenZFileTest.java:184)
	at org.apache.commons.compress.archivers.sevenz.SevenZFileTest.testHelloWorldHeaderCompressionOffCopy(SevenZFileTest.java:41)
	at sun.reflect.NativeMethodAccessorImpl.invoke0(Native Method)
	at sun.reflect.NativeMethodAccessorImpl.invoke(NativeMethodAccessorImpl.java:62)
	at sun.reflect.DelegatingMethodAccessorImpl.invoke(DelegatingMethodAccessorImpl.java:43)
	at java.lang.reflect.Method.invoke(Method.java:498)
	at junit.framework.TestCase.runTest(TestCase.java:176)
	at junit.framework.TestCase.runBare(TestCase.java:141)
	at junit.framework.TestResult$1.protect(TestResult.java:122)
	at junit.framework.TestResult.runProtected(TestResult.java:142)
	at junit.framework.TestResult.run(TestResult.java:125)
	at junit.framework.TestCase.run(TestCase.java:129)
	at junit.framework.TestSuite.runTest(TestSuite.java:255)
	at junit.framework.TestSuite.run(TestSuite.java:250)
	at org.junit.internal.runners.JUnit38ClassRunner.run(JUnit38ClassRunner.java:84)
	at com.gzoltar.lib.instrumentation.testing.junit.a.call(Unknown Source)
	at java.util.concurrent.FutureTask.run(FutureTask.java:266)
	at java.util.concurrent.ThreadPoolExecutor.runWorker(ThreadPoolExecutor.java:1149)
	at java.util.concurrent.ThreadPoolExecutor$Worker.run(ThreadPoolExecutor.java:624)
	at java.lang.Thread.run(Thread.java:748)

* Finished org.apache.commons.compress.archivers.sevenz.SevenZFileTest#testHelloWorldHeaderCompressionOffCopy
* Started org.apache.commons.compress.archivers.sevenz.SevenZFileTest#testReadingBackLZMA2DictSize
* Failure: Could not initialize class org.apache.commons.compress.archivers.sevenz.Coders | testReadingBackLZMA2DictSize(org.apache.commons.compress.archivers.sevenz.SevenZFileTest)
java.lang.NoClassDefFoundError: Could not initialize class org.apache.commons.compress.archivers.sevenz.Coders
	at org.apache.commons.compress.archivers.sevenz.SevenZMethodConfiguration.<init>(SevenZMethodConfiguration.java:59)
	at org.apache.commons.compress.archivers.sevenz.SevenZFileTest.testReadingBackLZMA2DictSize(SevenZFileTest.java:111)
	at sun.reflect.NativeMethodAccessorImpl.invoke0(Native Method)
	at sun.reflect.NativeMethodAccessorImpl.invoke(NativeMethodAccessorImpl.java:62)
	at sun.reflect.DelegatingMethodAccessorImpl.invoke(DelegatingMethodAccessorImpl.java:43)
	at java.lang.reflect.Method.invoke(Method.java:498)
	at junit.framework.TestCase.runTest(TestCase.java:176)
	at junit.framework.TestCase.runBare(TestCase.java:141)
	at junit.framework.TestResult$1.protect(TestResult.java:122)
	at junit.framework.TestResult.runProtected(TestResult.java:142)
	at junit.framework.TestResult.run(TestResult.java:125)
	at junit.framework.TestCase.run(TestCase.java:129)
	at junit.framework.TestSuite.runTest(TestSuite.java:255)
	at junit.framework.TestSuite.run(TestSuite.java:250)
	at org.junit.internal.runners.JUnit38ClassRunner.run(JUnit38ClassRunner.java:84)
	at com.gzoltar.lib.instrumentation.testing.junit.a.call(Unknown Source)
	at java.util.concurrent.FutureTask.run(FutureTask.java:266)
	at java.util.concurrent.ThreadPoolExecutor.runWorker(ThreadPoolExecutor.java:1149)
	at java.util.concurrent.ThreadPoolExecutor$Worker.run(ThreadPoolExecutor.java:624)
	at java.lang.Thread.run(Thread.java:748)

* Finished org.apache.commons.compress.archivers.sevenz.SevenZFileTest#testReadingBackLZMA2DictSize
* Started org.apache.commons.compress.archivers.SevenZTestCase#testSevenZArchiveCreationUsingCopy
[ERROR] Class not found
java.lang.ClassNotFoundException: org.tukaani.xz.FilterOptions
	at java.lang.ClassLoader.findClass(ClassLoader.java:523)
	at java.lang.ClassLoader.loadClass(ClassLoader.java:418)
	at java.lang.ClassLoader.loadClass(ClassLoader.java:351)
	at com.gzoltar.lib.instrumentation.util.GZoltarClassLoader.loadClass(Unknown Source)
	at org.apache.commons.compress.archivers.sevenz.Coders.<clinit>(Coders.java:47)
	at org.apache.commons.compress.archivers.sevenz.SevenZOutputFile.setupFileOutputStream(SevenZOutputFile.java:288)
	at org.apache.commons.compress.archivers.sevenz.SevenZOutputFile.getCurrentOutputStream(SevenZOutputFile.java:269)
	at org.apache.commons.compress.archivers.sevenz.SevenZOutputFile.write(SevenZOutputFile.java:212)
	at org.apache.commons.compress.archivers.SevenZTestCase.copy(SevenZTestCase.java:96)
	at org.apache.commons.compress.archivers.SevenZTestCase.testSevenZArchiveCreation(SevenZTestCase.java:60)
	at org.apache.commons.compress.archivers.SevenZTestCase.testSevenZArchiveCreationUsingCopy(SevenZTestCase.java:33)
	at sun.reflect.NativeMethodAccessorImpl.invoke0(Native Method)
	at sun.reflect.NativeMethodAccessorImpl.invoke(NativeMethodAccessorImpl.java:62)
	at sun.reflect.DelegatingMethodAccessorImpl.invoke(DelegatingMethodAccessorImpl.java:43)
	at java.lang.reflect.Method.invoke(Method.java:498)
	at junit.framework.TestCase.runTest(TestCase.java:176)
	at junit.framework.TestCase.runBare(TestCase.java:141)
	at junit.framework.TestResult$1.protect(TestResult.java:122)
	at junit.framework.TestResult.runProtected(TestResult.java:142)
	at junit.framework.TestResult.run(TestResult.java:125)
	at junit.framework.TestCase.run(TestCase.java:129)
	at junit.framework.TestSuite.runTest(TestSuite.java:255)
	at junit.framework.TestSuite.run(TestSuite.java:250)
	at org.junit.internal.runners.JUnit38ClassRunner.run(JUnit38ClassRunner.java:84)
	at com.gzoltar.lib.instrumentation.testing.junit.a.call(Unknown Source)
	at java.util.concurrent.FutureTask.run(FutureTask.java:266)
	at java.util.concurrent.ThreadPoolExecutor.runWorker(ThreadPoolExecutor.java:1149)
	at java.util.concurrent.ThreadPoolExecutor$Worker.run(ThreadPoolExecutor.java:624)
	at java.lang.Thread.run(Thread.java:748)
* Failure: org/tukaani/xz/FilterOptions | testSevenZArchiveCreationUsingCopy(org.apache.commons.compress.archivers.SevenZTestCase)
java.lang.NoClassDefFoundError: org/tukaani/xz/FilterOptions
	at org.apache.commons.compress.archivers.sevenz.Coders.<clinit>(Coders.java:47)
	at org.apache.commons.compress.archivers.sevenz.SevenZOutputFile.setupFileOutputStream(SevenZOutputFile.java:288)
	at org.apache.commons.compress.archivers.sevenz.SevenZOutputFile.getCurrentOutputStream(SevenZOutputFile.java:269)
	at org.apache.commons.compress.archivers.sevenz.SevenZOutputFile.write(SevenZOutputFile.java:212)
	at org.apache.commons.compress.archivers.SevenZTestCase.copy(SevenZTestCase.java:96)
	at org.apache.commons.compress.archivers.SevenZTestCase.testSevenZArchiveCreation(SevenZTestCase.java:60)
	at org.apache.commons.compress.archivers.SevenZTestCase.testSevenZArchiveCreationUsingCopy(SevenZTestCase.java:33)
	at sun.reflect.NativeMethodAccessorImpl.invoke0(Native Method)
	at sun.reflect.NativeMethodAccessorImpl.invoke(NativeMethodAccessorImpl.java:62)
	at sun.reflect.DelegatingMethodAccessorImpl.invoke(DelegatingMethodAccessorImpl.java:43)
	at java.lang.reflect.Method.invoke(Method.java:498)
	at junit.framework.TestCase.runTest(TestCase.java:176)
	at junit.framework.TestCase.runBare(TestCase.java:141)
	at junit.framework.TestResult$1.protect(TestResult.java:122)
	at junit.framework.TestResult.runProtected(TestResult.java:142)
	at junit.framework.TestResult.run(TestResult.java:125)
	at junit.framework.TestCase.run(TestCase.java:129)
	at junit.framework.TestSuite.runTest(TestSuite.java:255)
	at junit.framework.TestSuite.run(TestSuite.java:250)
	at org.junit.internal.runners.JUnit38ClassRunner.run(JUnit38ClassRunner.java:84)
	at com.gzoltar.lib.instrumentation.testing.junit.a.call(Unknown Source)
	at java.util.concurrent.FutureTask.run(FutureTask.java:266)
	at java.util.concurrent.ThreadPoolExecutor.runWorker(ThreadPoolExecutor.java:1149)
	at java.util.concurrent.ThreadPoolExecutor$Worker.run(ThreadPoolExecutor.java:624)
	at java.lang.Thread.run(Thread.java:748)

* Finished org.apache.commons.compress.archivers.SevenZTestCase#testSevenZArchiveCreationUsingCopy
* Started org.apache.commons.compress.archivers.SevenZTestCase#testSevenZArchiveCreationUsingBZIP2
* Failure: Could not initialize class org.apache.commons.compress.archivers.sevenz.Coders | testSevenZArchiveCreationUsingBZIP2(org.apache.commons.compress.archivers.SevenZTestCase)
java.lang.NoClassDefFoundError: Could not initialize class org.apache.commons.compress.archivers.sevenz.Coders
	at org.apache.commons.compress.archivers.sevenz.SevenZOutputFile.setupFileOutputStream(SevenZOutputFile.java:288)
	at org.apache.commons.compress.archivers.sevenz.SevenZOutputFile.getCurrentOutputStream(SevenZOutputFile.java:269)
	at org.apache.commons.compress.archivers.sevenz.SevenZOutputFile.write(SevenZOutputFile.java:212)
	at org.apache.commons.compress.archivers.SevenZTestCase.copy(SevenZTestCase.java:96)
	at org.apache.commons.compress.archivers.SevenZTestCase.testSevenZArchiveCreation(SevenZTestCase.java:60)
	at org.apache.commons.compress.archivers.SevenZTestCase.testSevenZArchiveCreationUsingBZIP2(SevenZTestCase.java:41)
	at sun.reflect.NativeMethodAccessorImpl.invoke0(Native Method)
	at sun.reflect.NativeMethodAccessorImpl.invoke(NativeMethodAccessorImpl.java:62)
	at sun.reflect.DelegatingMethodAccessorImpl.invoke(DelegatingMethodAccessorImpl.java:43)
	at java.lang.reflect.Method.invoke(Method.java:498)
	at junit.framework.TestCase.runTest(TestCase.java:176)
	at junit.framework.TestCase.runBare(TestCase.java:141)
	at junit.framework.TestResult$1.protect(TestResult.java:122)
	at junit.framework.TestResult.runProtected(TestResult.java:142)
	at junit.framework.TestResult.run(TestResult.java:125)
	at junit.framework.TestCase.run(TestCase.java:129)
	at junit.framework.TestSuite.runTest(TestSuite.java:255)
	at junit.framework.TestSuite.run(TestSuite.java:250)
	at org.junit.internal.runners.JUnit38ClassRunner.run(JUnit38ClassRunner.java:84)
	at com.gzoltar.lib.instrumentation.testing.junit.a.call(Unknown Source)
	at java.util.concurrent.FutureTask.run(FutureTask.java:266)
	at java.util.concurrent.ThreadPoolExecutor.runWorker(ThreadPoolExecutor.java:1149)
	at java.util.concurrent.ThreadPoolExecutor$Worker.run(ThreadPoolExecutor.java:624)
	at java.lang.Thread.run(Thread.java:748)

* Finished org.apache.commons.compress.archivers.SevenZTestCase#testSevenZArchiveCreationUsingBZIP2
* Started org.apache.commons.compress.archivers.SevenZTestCase#testSevenZArchiveCreationUsingLZMA2
* Failure: Could not initialize class org.apache.commons.compress.archivers.sevenz.Coders | testSevenZArchiveCreationUsingLZMA2(org.apache.commons.compress.archivers.SevenZTestCase)
java.lang.NoClassDefFoundError: Could not initialize class org.apache.commons.compress.archivers.sevenz.Coders
	at org.apache.commons.compress.archivers.sevenz.SevenZOutputFile.setupFileOutputStream(SevenZOutputFile.java:288)
	at org.apache.commons.compress.archivers.sevenz.SevenZOutputFile.getCurrentOutputStream(SevenZOutputFile.java:269)
	at org.apache.commons.compress.archivers.sevenz.SevenZOutputFile.write(SevenZOutputFile.java:212)
	at org.apache.commons.compress.archivers.SevenZTestCase.copy(SevenZTestCase.java:96)
	at org.apache.commons.compress.archivers.SevenZTestCase.testSevenZArchiveCreation(SevenZTestCase.java:60)
	at org.apache.commons.compress.archivers.SevenZTestCase.testSevenZArchiveCreationUsingLZMA2(SevenZTestCase.java:37)
	at sun.reflect.NativeMethodAccessorImpl.invoke0(Native Method)
	at sun.reflect.NativeMethodAccessorImpl.invoke(NativeMethodAccessorImpl.java:62)
	at sun.reflect.DelegatingMethodAccessorImpl.invoke(DelegatingMethodAccessorImpl.java:43)
	at java.lang.reflect.Method.invoke(Method.java:498)
	at junit.framework.TestCase.runTest(TestCase.java:176)
	at junit.framework.TestCase.runBare(TestCase.java:141)
	at junit.framework.TestResult$1.protect(TestResult.java:122)
	at junit.framework.TestResult.runProtected(TestResult.java:142)
	at junit.framework.TestResult.run(TestResult.java:125)
	at junit.framework.TestCase.run(TestCase.java:129)
	at junit.framework.TestSuite.runTest(TestSuite.java:255)
	at junit.framework.TestSuite.run(TestSuite.java:250)
	at org.junit.internal.runners.JUnit38ClassRunner.run(JUnit38ClassRunner.java:84)
	at com.gzoltar.lib.instrumentation.testing.junit.a.call(Unknown Source)
	at java.util.concurrent.FutureTask.run(FutureTask.java:266)
	at java.util.concurrent.ThreadPoolExecutor.runWorker(ThreadPoolExecutor.java:1149)
	at java.util.concurrent.ThreadPoolExecutor$Worker.run(ThreadPoolExecutor.java:624)
	at java.lang.Thread.run(Thread.java:748)

* Finished org.apache.commons.compress.archivers.SevenZTestCase#testSevenZArchiveCreationUsingLZMA2
* Started org.apache.commons.compress.archivers.SevenZTestCase#testSevenZArchiveCreationUsingDeflate
* Failure: Could not initialize class org.apache.commons.compress.archivers.sevenz.Coders | testSevenZArchiveCreationUsingDeflate(org.apache.commons.compress.archivers.SevenZTestCase)
java.lang.NoClassDefFoundError: Could not initialize class org.apache.commons.compress.archivers.sevenz.Coders
	at org.apache.commons.compress.archivers.sevenz.SevenZOutputFile.setupFileOutputStream(SevenZOutputFile.java:288)
	at org.apache.commons.compress.archivers.sevenz.SevenZOutputFile.getCurrentOutputStream(SevenZOutputFile.java:269)
	at org.apache.commons.compress.archivers.sevenz.SevenZOutputFile.write(SevenZOutputFile.java:212)
	at org.apache.commons.compress.archivers.SevenZTestCase.copy(SevenZTestCase.java:96)
	at org.apache.commons.compress.archivers.SevenZTestCase.testSevenZArchiveCreation(SevenZTestCase.java:60)
	at org.apache.commons.compress.archivers.SevenZTestCase.testSevenZArchiveCreationUsingDeflate(SevenZTestCase.java:45)
	at sun.reflect.NativeMethodAccessorImpl.invoke0(Native Method)
	at sun.reflect.NativeMethodAccessorImpl.invoke(NativeMethodAccessorImpl.java:62)
	at sun.reflect.DelegatingMethodAccessorImpl.invoke(DelegatingMethodAccessorImpl.java:43)
	at java.lang.reflect.Method.invoke(Method.java:498)
	at junit.framework.TestCase.runTest(TestCase.java:176)
	at junit.framework.TestCase.runBare(TestCase.java:141)
	at junit.framework.TestResult$1.protect(TestResult.java:122)
	at junit.framework.TestResult.runProtected(TestResult.java:142)
	at junit.framework.TestResult.run(TestResult.java:125)
	at junit.framework.TestCase.run(TestCase.java:129)
	at junit.framework.TestSuite.runTest(TestSuite.java:255)
	at junit.framework.TestSuite.run(TestSuite.java:250)
	at org.junit.internal.runners.JUnit38ClassRunner.run(JUnit38ClassRunner.java:84)
	at com.gzoltar.lib.instrumentation.testing.junit.a.call(Unknown Source)
	at java.util.concurrent.FutureTask.run(FutureTask.java:266)
	at java.util.concurrent.ThreadPoolExecutor.runWorker(ThreadPoolExecutor.java:1149)
	at java.util.concurrent.ThreadPoolExecutor$Worker.run(ThreadPoolExecutor.java:624)
	at java.lang.Thread.run(Thread.java:748)

* Finished org.apache.commons.compress.archivers.SevenZTestCase#testSevenZArchiveCreationUsingDeflate
* Started org.apache.commons.compress.archivers.cpio.CpioArchiveInputStreamTest#testCpioUnarchive
* Finished org.apache.commons.compress.archivers.cpio.CpioArchiveInputStreamTest#testCpioUnarchive
* Started org.apache.commons.compress.archivers.cpio.CpioArchiveInputStreamTest#testCpioUnarchiveCreatedByRedlineRpm
* Finished org.apache.commons.compress.archivers.cpio.CpioArchiveInputStreamTest#testCpioUnarchiveCreatedByRedlineRpm
* Started org.apache.commons.compress.archivers.cpio.CpioArchiveOutputStreamTest#testWriteOldBinary
* Finished org.apache.commons.compress.archivers.cpio.CpioArchiveOutputStreamTest#testWriteOldBinary
* Started org.apache.commons.compress.archivers.arj.ArjArchiveInputStreamTest#testReadingOfAttributesUnixVersion
* Finished org.apache.commons.compress.archivers.arj.ArjArchiveInputStreamTest#testReadingOfAttributesUnixVersion
* Started org.apache.commons.compress.archivers.arj.ArjArchiveInputStreamTest#testArjUnarchive
* Finished org.apache.commons.compress.archivers.arj.ArjArchiveInputStreamTest#testArjUnarchive
* Started org.apache.commons.compress.archivers.arj.ArjArchiveInputStreamTest#testReadingOfAttributesDosVersion
* Finished org.apache.commons.compress.archivers.arj.ArjArchiveInputStreamTest#testReadingOfAttributesDosVersion
* Started org.apache.commons.compress.archivers.LongPathTest#testArchive
* Finished org.apache.commons.compress.archivers.LongPathTest#testArchive
* Started org.apache.commons.compress.archivers.LongPathTest#testArchive
* Finished org.apache.commons.compress.archivers.LongPathTest#testArchive
* Started org.apache.commons.compress.archivers.LongPathTest#testArchive
* Finished org.apache.commons.compress.archivers.LongPathTest#testArchive
* Started org.apache.commons.compress.archivers.LongPathTest#testArchive
* Finished org.apache.commons.compress.archivers.LongPathTest#testArchive
* Started org.apache.commons.compress.archivers.LongPathTest#testArchive
* Finished org.apache.commons.compress.archivers.LongPathTest#testArchive
* Started org.apache.commons.compress.archivers.LongPathTest#testArchive
* Finished org.apache.commons.compress.archivers.LongPathTest#testArchive
* Started org.apache.commons.compress.archivers.LongPathTest#testArchive
* Finished org.apache.commons.compress.archivers.LongPathTest#testArchive
* Started org.apache.commons.compress.archivers.LongPathTest#testArchive
* Finished org.apache.commons.compress.archivers.LongPathTest#testArchive
* Started org.apache.commons.compress.archivers.LongPathTest#testArchive
* Finished org.apache.commons.compress.archivers.LongPathTest#testArchive
* Started org.apache.commons.compress.archivers.LongPathTest#testArchive
* Finished org.apache.commons.compress.archivers.LongPathTest#testArchive
* Started org.apache.commons.compress.archivers.LongPathTest#testArchive
* Finished org.apache.commons.compress.archivers.LongPathTest#testArchive
* Started org.apache.commons.compress.archivers.LongPathTest#testArchive
* Finished org.apache.commons.compress.archivers.LongPathTest#testArchive
* Started org.apache.commons.compress.archivers.LongPathTest#testArchive
* Finished org.apache.commons.compress.archivers.LongPathTest#testArchive
* Started org.apache.commons.compress.archivers.LongPathTest#testArchive
* Finished org.apache.commons.compress.archivers.LongPathTest#testArchive
* Started org.apache.commons.compress.archivers.LongPathTest#testArchive
* Finished org.apache.commons.compress.archivers.LongPathTest#testArchive
* Started org.apache.commons.compress.archivers.LongPathTest#testArchive
* Finished org.apache.commons.compress.archivers.LongPathTest#testArchive
* Started org.apache.commons.compress.archivers.LongPathTest#testArchive
* Finished org.apache.commons.compress.archivers.LongPathTest#testArchive
* Started org.apache.commons.compress.archivers.LongPathTest#testArchive
* Finished org.apache.commons.compress.archivers.LongPathTest#testArchive
* Started org.apache.commons.compress.archivers.LongPathTest#testArchive
* Finished org.apache.commons.compress.archivers.LongPathTest#testArchive
* Started org.apache.commons.compress.archivers.LongPathTest#testArchive
* Finished org.apache.commons.compress.archivers.LongPathTest#testArchive
* Started org.apache.commons.compress.archivers.LongPathTest#testArchive
* Finished org.apache.commons.compress.archivers.LongPathTest#testArchive
* Started org.apache.commons.compress.archivers.LongPathTest#testArchive
* Finished org.apache.commons.compress.archivers.LongPathTest#testArchive
* Started org.apache.commons.compress.archivers.LongPathTest#testArchive
* Finished org.apache.commons.compress.archivers.LongPathTest#testArchive
* Started org.apache.commons.compress.archivers.LongPathTest#testArchive
* Finished org.apache.commons.compress.archivers.LongPathTest#testArchive
* Started org.apache.commons.compress.archivers.LongPathTest#testArchive
* Finished org.apache.commons.compress.archivers.LongPathTest#testArchive
* Started org.apache.commons.compress.archivers.CpioTestCase#testCpioUnarchive
* Finished org.apache.commons.compress.archivers.CpioTestCase#testCpioUnarchive
* Started org.apache.commons.compress.archivers.CpioTestCase#testFileEntryFromFile
* Finished org.apache.commons.compress.archivers.CpioTestCase#testFileEntryFromFile
* Started org.apache.commons.compress.archivers.CpioTestCase#testDirectoryEntryFromFile
* Finished org.apache.commons.compress.archivers.CpioTestCase#testDirectoryEntryFromFile
* Started org.apache.commons.compress.archivers.CpioTestCase#testExplicitDirectoryEntry
* Finished org.apache.commons.compress.archivers.CpioTestCase#testExplicitDirectoryEntry
* Started org.apache.commons.compress.archivers.CpioTestCase#testExplicitFileEntry
* Finished org.apache.commons.compress.archivers.CpioTestCase#testExplicitFileEntry
* Started org.apache.commons.compress.archivers.CpioTestCase#testCpioArchiveCreation
* Finished org.apache.commons.compress.archivers.CpioTestCase#testCpioArchiveCreation
* Started org.apache.commons.compress.archivers.ExceptionMessageTest#testMessageWhenArchiverNameIsNull_1
* Finished org.apache.commons.compress.archivers.ExceptionMessageTest#testMessageWhenArchiverNameIsNull_1
* Started org.apache.commons.compress.archivers.ExceptionMessageTest#testMessageWhenArchiverNameIsNull_2
* Finished org.apache.commons.compress.archivers.ExceptionMessageTest#testMessageWhenArchiverNameIsNull_2
* Started org.apache.commons.compress.archivers.ExceptionMessageTest#testMessageWhenOutputStreamIsNull
* Finished org.apache.commons.compress.archivers.ExceptionMessageTest#testMessageWhenOutputStreamIsNull
* Started org.apache.commons.compress.archivers.ExceptionMessageTest#testMessageWhenInputStreamIsNull
* Finished org.apache.commons.compress.archivers.ExceptionMessageTest#testMessageWhenInputStreamIsNull
* Started org.apache.commons.compress.archivers.tar.TarArchiveOutputStreamTest#testWriteLongDirectoryNameGnuMode
* Finished org.apache.commons.compress.archivers.tar.TarArchiveOutputStreamTest#testWriteLongDirectoryNameGnuMode
* Started org.apache.commons.compress.archivers.tar.TarArchiveOutputStreamTest#testPaxHeadersWithLength99
* Finished org.apache.commons.compress.archivers.tar.TarArchiveOutputStreamTest#testPaxHeadersWithLength99
* Started org.apache.commons.compress.archivers.tar.TarArchiveOutputStreamTest#testWriteSimplePaxHeaders
* Finished org.apache.commons.compress.archivers.tar.TarArchiveOutputStreamTest#testWriteSimplePaxHeaders
* Started org.apache.commons.compress.archivers.tar.TarArchiveOutputStreamTest#testWriteLongDirectoryNamePosixMode
* Finished org.apache.commons.compress.archivers.tar.TarArchiveOutputStreamTest#testWriteLongDirectoryNamePosixMode
* Started org.apache.commons.compress.archivers.tar.TarArchiveOutputStreamTest#testWriteLongLinkNameGnuMode
* Finished org.apache.commons.compress.archivers.tar.TarArchiveOutputStreamTest#testWriteLongLinkNameGnuMode
* Started org.apache.commons.compress.archivers.tar.TarArchiveOutputStreamTest#testWriteLongLinkNameTruncateMode
* Finished org.apache.commons.compress.archivers.tar.TarArchiveOutputStreamTest#testWriteLongLinkNameTruncateMode
* Started org.apache.commons.compress.archivers.tar.TarArchiveOutputStreamTest#testWriteLongDirectoryNameTruncateMode
* Finished org.apache.commons.compress.archivers.tar.TarArchiveOutputStreamTest#testWriteLongDirectoryNameTruncateMode
* Started org.apache.commons.compress.archivers.tar.TarArchiveOutputStreamTest#testWriteLongLinkNamePosixMode
* Finished org.apache.commons.compress.archivers.tar.TarArchiveOutputStreamTest#testWriteLongLinkNamePosixMode
* Started org.apache.commons.compress.archivers.tar.TarArchiveOutputStreamTest#testWriteNonAsciiNameWithUnfortunateNamePosixMode
* Finished org.apache.commons.compress.archivers.tar.TarArchiveOutputStreamTest#testWriteNonAsciiNameWithUnfortunateNamePosixMode
* Started org.apache.commons.compress.archivers.tar.TarArchiveOutputStreamTest#testCount
* Finished org.apache.commons.compress.archivers.tar.TarArchiveOutputStreamTest#testCount
* Started org.apache.commons.compress.archivers.tar.TarArchiveOutputStreamTest#testWriteLongFileNamePosixMode
* Finished org.apache.commons.compress.archivers.tar.TarArchiveOutputStreamTest#testWriteLongFileNamePosixMode
* Started org.apache.commons.compress.archivers.tar.TarArchiveOutputStreamTest#testPadsOutputToFullBlockLength
* Finished org.apache.commons.compress.archivers.tar.TarArchiveOutputStreamTest#testPadsOutputToFullBlockLength
* Started org.apache.commons.compress.archivers.tar.TarArchiveOutputStreamTest#testBigNumberStarMode
* Finished org.apache.commons.compress.archivers.tar.TarArchiveOutputStreamTest#testBigNumberStarMode
* Started org.apache.commons.compress.archivers.tar.TarArchiveOutputStreamTest#testMaxFileSizeError
* Finished org.apache.commons.compress.archivers.tar.TarArchiveOutputStreamTest#testMaxFileSizeError
* Started org.apache.commons.compress.archivers.tar.TarArchiveOutputStreamTest#testOldEntryStarMode
* Finished org.apache.commons.compress.archivers.tar.TarArchiveOutputStreamTest#testOldEntryStarMode
* Started org.apache.commons.compress.archivers.tar.TarArchiveOutputStreamTest#testLongNameMd5Hash
* Failure: arrays first differed at element [0]; expected:<-65> but was:<85> | testLongNameMd5Hash(org.apache.commons.compress.archivers.tar.TarArchiveOutputStreamTest)
arrays first differed at element [0]; expected:<-65> but was:<85>
	at org.junit.internal.ComparisonCriteria.arrayEquals(ComparisonCriteria.java:50)
	at org.junit.Assert.internalArrayEquals(Assert.java:473)
	at org.junit.Assert.assertArrayEquals(Assert.java:294)
	at org.junit.Assert.assertArrayEquals(Assert.java:305)
	at org.apache.commons.compress.archivers.tar.TarArchiveOutputStreamTest.testLongNameMd5Hash(TarArchiveOutputStreamTest.java:624)
	at sun.reflect.NativeMethodAccessorImpl.invoke0(Native Method)
	at sun.reflect.NativeMethodAccessorImpl.invoke(NativeMethodAccessorImpl.java:62)
	at sun.reflect.DelegatingMethodAccessorImpl.invoke(DelegatingMethodAccessorImpl.java:43)
	at java.lang.reflect.Method.invoke(Method.java:498)
	at junit.framework.TestCase.runTest(TestCase.java:176)
	at junit.framework.TestCase.runBare(TestCase.java:141)
	at junit.framework.TestResult$1.protect(TestResult.java:122)
	at junit.framework.TestResult.runProtected(TestResult.java:142)
	at junit.framework.TestResult.run(TestResult.java:125)
	at junit.framework.TestCase.run(TestCase.java:129)
	at junit.framework.TestSuite.runTest(TestSuite.java:255)
	at junit.framework.TestSuite.run(TestSuite.java:250)
	at org.junit.internal.runners.JUnit38ClassRunner.run(JUnit38ClassRunner.java:84)
	at com.gzoltar.lib.instrumentation.testing.junit.a.call(Unknown Source)
	at java.util.concurrent.FutureTask.run(FutureTask.java:266)
	at java.util.concurrent.ThreadPoolExecutor.runWorker(ThreadPoolExecutor.java:1149)
	at java.util.concurrent.ThreadPoolExecutor$Worker.run(ThreadPoolExecutor.java:624)
	at java.lang.Thread.run(Thread.java:748)

* Finished org.apache.commons.compress.archivers.tar.TarArchiveOutputStreamTest#testLongNameMd5Hash
* Started org.apache.commons.compress.archivers.tar.TarArchiveOutputStreamTest#testRoundtripWith67CharFileNameGnu
* Finished org.apache.commons.compress.archivers.tar.TarArchiveOutputStreamTest#testRoundtripWith67CharFileNameGnu
* Started org.apache.commons.compress.archivers.tar.TarArchiveOutputStreamTest#testWriteNonAsciiDirectoryNamePosixMode
* Finished org.apache.commons.compress.archivers.tar.TarArchiveOutputStreamTest#testWriteNonAsciiDirectoryNamePosixMode
* Started org.apache.commons.compress.archivers.tar.TarArchiveOutputStreamTest#testBigNumberPosixMode
* Finished org.apache.commons.compress.archivers.tar.TarArchiveOutputStreamTest#testBigNumberPosixMode
* Started org.apache.commons.compress.archivers.tar.TarArchiveOutputStreamTest#testOldEntryPosixMode
* Finished org.apache.commons.compress.archivers.tar.TarArchiveOutputStreamTest#testOldEntryPosixMode
* Started org.apache.commons.compress.archivers.tar.TarArchiveOutputStreamTest#testOldEntryError
* Finished org.apache.commons.compress.archivers.tar.TarArchiveOutputStreamTest#testOldEntryError
* Started org.apache.commons.compress.archivers.tar.TarArchiveOutputStreamTest#testWriteLongDirectoryNameErrorMode
* Finished org.apache.commons.compress.archivers.tar.TarArchiveOutputStreamTest#testWriteLongDirectoryNameErrorMode
* Started org.apache.commons.compress.archivers.tar.TarArchiveOutputStreamTest#testRoundtripWith67CharFileNamePosix
* Finished org.apache.commons.compress.archivers.tar.TarArchiveOutputStreamTest#testRoundtripWith67CharFileNamePosix
* Started org.apache.commons.compress.archivers.tar.TarArchiveOutputStreamTest#testWriteLongLinkNameErrorMode
* Finished org.apache.commons.compress.archivers.tar.TarArchiveOutputStreamTest#testWriteLongLinkNameErrorMode
* Started org.apache.commons.compress.archivers.tar.TarArchiveOutputStreamTest#testWriteNonAsciiPathNamePaxHeader
* Finished org.apache.commons.compress.archivers.tar.TarArchiveOutputStreamTest#testWriteNonAsciiPathNamePaxHeader
* Started org.apache.commons.compress.archivers.tar.TarArchiveOutputStreamTest#testWriteNonAsciiLinkPathNamePaxHeader
* Finished org.apache.commons.compress.archivers.tar.TarArchiveOutputStreamTest#testWriteNonAsciiLinkPathNamePaxHeader
* Started org.apache.commons.compress.archivers.tar.TarArchiveOutputStreamTest#testPaxHeadersWithLength101
* Finished org.apache.commons.compress.archivers.tar.TarArchiveOutputStreamTest#testPaxHeadersWithLength101
* Started org.apache.commons.compress.archivers.tar.TarArchiveEntryTest#testTarFileWithFSRoot
* Finished org.apache.commons.compress.archivers.tar.TarArchiveEntryTest#testTarFileWithFSRoot
* Started org.apache.commons.compress.archivers.tar.TarArchiveEntryTest#testLinkFlagConstructorWithPreserve
* Finished org.apache.commons.compress.archivers.tar.TarArchiveEntryTest#testLinkFlagConstructorWithPreserve
* Started org.apache.commons.compress.archivers.tar.TarArchiveEntryTest#testFileSystemRoot
* Finished org.apache.commons.compress.archivers.tar.TarArchiveEntryTest#testFileSystemRoot
* Started org.apache.commons.compress.archivers.tar.TarArchiveEntryTest#testLinkFlagConstructorWithFileFlag
* Finished org.apache.commons.compress.archivers.tar.TarArchiveEntryTest#testLinkFlagConstructorWithFileFlag
* Started org.apache.commons.compress.archivers.tar.TarArchiveEntryTest#testMaxFileSize
* Finished org.apache.commons.compress.archivers.tar.TarArchiveEntryTest#testMaxFileSize
* Started org.apache.commons.compress.archivers.tar.TarArchiveEntryTest#testLinkFlagConstructor
* Finished org.apache.commons.compress.archivers.tar.TarArchiveEntryTest#testLinkFlagConstructor
* Started org.apache.commons.compress.archivers.tar.TarArchiveInputStreamTest#workaroundForBrokenTimeHeader
* Finished org.apache.commons.compress.archivers.tar.TarArchiveInputStreamTest#workaroundForBrokenTimeHeader
* Started org.apache.commons.compress.archivers.tar.TarArchiveInputStreamTest#shouldConsumeArchiveCompletely
* Finished org.apache.commons.compress.archivers.tar.TarArchiveInputStreamTest#shouldConsumeArchiveCompletely
* Started org.apache.commons.compress.archivers.tar.TarArchiveInputStreamTest#readsArchiveCompletely_COMPRESS245
* Finished org.apache.commons.compress.archivers.tar.TarArchiveInputStreamTest#readsArchiveCompletely_COMPRESS245
* Started org.apache.commons.compress.archivers.tar.TarArchiveInputStreamTest#readSimplePaxHeader
* Finished org.apache.commons.compress.archivers.tar.TarArchiveInputStreamTest#readSimplePaxHeader
* Started org.apache.commons.compress.archivers.tar.TarArchiveInputStreamTest#datePriorToEpochInGNUFormat
* Finished org.apache.commons.compress.archivers.tar.TarArchiveInputStreamTest#datePriorToEpochInGNUFormat
* Started org.apache.commons.compress.archivers.tar.TarArchiveInputStreamTest#shouldThrowAnExceptionOnTruncatedEntries
* Finished org.apache.commons.compress.archivers.tar.TarArchiveInputStreamTest#shouldThrowAnExceptionOnTruncatedEntries
* Started org.apache.commons.compress.archivers.tar.TarArchiveInputStreamTest#shouldUseSpecifiedEncodingWhenReadingGNULongNames
* Finished org.apache.commons.compress.archivers.tar.TarArchiveInputStreamTest#shouldUseSpecifiedEncodingWhenReadingGNULongNames
* Started org.apache.commons.compress.archivers.tar.TarArchiveInputStreamTest#testCompress197
* Finished org.apache.commons.compress.archivers.tar.TarArchiveInputStreamTest#testCompress197
* Started org.apache.commons.compress.archivers.tar.TarArchiveInputStreamTest#datePriorToEpochInPAXFormat
* Finished org.apache.commons.compress.archivers.tar.TarArchiveInputStreamTest#datePriorToEpochInPAXFormat
* Started org.apache.commons.compress.archivers.tar.TarArchiveInputStreamTest#readPaxHeaderWithEmbeddedNewline
* Finished org.apache.commons.compress.archivers.tar.TarArchiveInputStreamTest#readPaxHeaderWithEmbeddedNewline
* Started org.apache.commons.compress.archivers.tar.TarArchiveInputStreamTest#readNonAsciiPaxHeader
* Finished org.apache.commons.compress.archivers.tar.TarArchiveInputStreamTest#readNonAsciiPaxHeader
* Started org.apache.commons.compress.archivers.ZipTestCase#testSkipsPK00Prefix
* Finished org.apache.commons.compress.archivers.ZipTestCase#testSkipsPK00Prefix
* Started org.apache.commons.compress.archivers.ZipTestCase#testZipUnarchive
* Finished org.apache.commons.compress.archivers.ZipTestCase#testZipUnarchive
* Started org.apache.commons.compress.archivers.ZipTestCase#testFileEntryFromFile
* Finished org.apache.commons.compress.archivers.ZipTestCase#testFileEntryFromFile
* Started org.apache.commons.compress.archivers.ZipTestCase#testDirectoryEntryFromFile
* Finished org.apache.commons.compress.archivers.ZipTestCase#testDirectoryEntryFromFile
* Started org.apache.commons.compress.archivers.ZipTestCase#testSkipEntryWithUnsupportedCompressionMethod
* Finished org.apache.commons.compress.archivers.ZipTestCase#testSkipEntryWithUnsupportedCompressionMethod
* Started org.apache.commons.compress.archivers.ZipTestCase#testExplicitDirectoryEntry
* Finished org.apache.commons.compress.archivers.ZipTestCase#testExplicitDirectoryEntry
* Started org.apache.commons.compress.archivers.ZipTestCase#testSupportedCompressionMethod
* Finished org.apache.commons.compress.archivers.ZipTestCase#testSupportedCompressionMethod
* Started org.apache.commons.compress.archivers.ZipTestCase#testListAllFilesWithNestedArchive
* Finished org.apache.commons.compress.archivers.ZipTestCase#testListAllFilesWithNestedArchive
* Started org.apache.commons.compress.archivers.ZipTestCase#testExplicitFileEntry
* Finished org.apache.commons.compress.archivers.ZipTestCase#testExplicitFileEntry
* Started org.apache.commons.compress.archivers.ZipTestCase#testZipArchiveCreation
* Finished org.apache.commons.compress.archivers.ZipTestCase#testZipArchiveCreation
* Started org.apache.commons.compress.archivers.ArchiveOutputStreamTest#testCallSequenceAr
* Finished org.apache.commons.compress.archivers.ArchiveOutputStreamTest#testCallSequenceAr
* Started org.apache.commons.compress.archivers.ArchiveOutputStreamTest#testCallSequenceCpio
* Finished org.apache.commons.compress.archivers.ArchiveOutputStreamTest#testCallSequenceCpio
* Started org.apache.commons.compress.archivers.ArchiveOutputStreamTest#testFinish
* Finished org.apache.commons.compress.archivers.ArchiveOutputStreamTest#testFinish
* Started org.apache.commons.compress.archivers.ArchiveOutputStreamTest#testOptionalFinish
* Finished org.apache.commons.compress.archivers.ArchiveOutputStreamTest#testOptionalFinish
* Started org.apache.commons.compress.archivers.ArchiveOutputStreamTest#testCallSequenceJar
* Finished org.apache.commons.compress.archivers.ArchiveOutputStreamTest#testCallSequenceJar
* Started org.apache.commons.compress.archivers.ArchiveOutputStreamTest#testCallSequenceTar
* Finished org.apache.commons.compress.archivers.ArchiveOutputStreamTest#testCallSequenceTar
* Started org.apache.commons.compress.archivers.ArchiveOutputStreamTest#testCallSequenceZip
* Finished org.apache.commons.compress.archivers.ArchiveOutputStreamTest#testCallSequenceZip
* Started org.apache.commons.compress.archivers.ArchiveStreamFactoryTest#cantRead7zFromStream
* Finished org.apache.commons.compress.archivers.ArchiveStreamFactoryTest#cantRead7zFromStream
* Started org.apache.commons.compress.archivers.ArchiveStreamFactoryTest#skipsPK00Prefix
* Finished org.apache.commons.compress.archivers.ArchiveStreamFactoryTest#skipsPK00Prefix
* Started org.apache.commons.compress.archivers.ArchiveStreamFactoryTest#cantWrite7zToStream
* Finished org.apache.commons.compress.archivers.ArchiveStreamFactoryTest#cantWrite7zToStream
* Started org.apache.commons.compress.archivers.ArchiveStreamFactoryTest#aiffFilesAreNoTARs
* Finished org.apache.commons.compress.archivers.ArchiveStreamFactoryTest#aiffFilesAreNoTARs
* Started org.apache.commons.compress.archivers.ArchiveStreamFactoryTest#shortTextFilesAreNoTARs
* Finished org.apache.commons.compress.archivers.ArchiveStreamFactoryTest#shortTextFilesAreNoTARs
* Started org.apache.commons.compress.archivers.ArchiveStreamFactoryTest#detectsAndThrowsFor7z
* Finished org.apache.commons.compress.archivers.ArchiveStreamFactoryTest#detectsAndThrowsFor7z
* Started org.apache.commons.compress.archivers.ArchiveStreamFactoryTest#testCOMPRESS209
* Finished org.apache.commons.compress.archivers.ArchiveStreamFactoryTest#testCOMPRESS209
* Started org.apache.commons.compress.archivers.JarTestCase#testJarUnarchive
* Finished org.apache.commons.compress.archivers.JarTestCase#testJarUnarchive
* Started org.apache.commons.compress.archivers.JarTestCase#testJarArchiveCreation
* Finished org.apache.commons.compress.archivers.JarTestCase#testJarArchiveCreation
* Started org.apache.commons.compress.archivers.JarTestCase#testJarUnarchiveAll
* Finished org.apache.commons.compress.archivers.JarTestCase#testJarUnarchiveAll
* Started org.apache.commons.compress.IOMethodsTest#testWriteJar
* Finished org.apache.commons.compress.IOMethodsTest#testWriteJar
* Started org.apache.commons.compress.IOMethodsTest#testWriteTar
* Finished org.apache.commons.compress.IOMethodsTest#testWriteTar
* Started org.apache.commons.compress.IOMethodsTest#testWriteZip
* Finished org.apache.commons.compress.IOMethodsTest#testWriteZip
* Started org.apache.commons.compress.IOMethodsTest#testWriteCpio
* Finished org.apache.commons.compress.IOMethodsTest#testWriteCpio
* Started org.apache.commons.compress.IOMethodsTest#testReadCpio
* Finished org.apache.commons.compress.IOMethodsTest#testReadCpio
* Started org.apache.commons.compress.IOMethodsTest#testReadJar
* Finished org.apache.commons.compress.IOMethodsTest#testReadJar
* Started org.apache.commons.compress.IOMethodsTest#testReadTar
* Finished org.apache.commons.compress.IOMethodsTest#testReadTar
* Started org.apache.commons.compress.IOMethodsTest#testReadZip
* Finished org.apache.commons.compress.IOMethodsTest#testReadZip
* Started org.apache.commons.compress.IOMethodsTest#testWriteAr
* Finished org.apache.commons.compress.IOMethodsTest#testWriteAr
* Started org.apache.commons.compress.IOMethodsTest#testReadAr
* Finished org.apache.commons.compress.IOMethodsTest#testReadAr
* Started org.apache.commons.compress.DetectArchiverTestCase#testDetection
* Finished org.apache.commons.compress.DetectArchiverTestCase#testDetection
* Started org.apache.commons.compress.DetectArchiverTestCase#testEmptyJarArchive
* Finished org.apache.commons.compress.DetectArchiverTestCase#testEmptyJarArchive
* Started org.apache.commons.compress.DetectArchiverTestCase#testEmptyZipArchive
* Finished org.apache.commons.compress.DetectArchiverTestCase#testEmptyZipArchive
* Started org.apache.commons.compress.DetectArchiverTestCase#testDetectionNotArchive
* Finished org.apache.commons.compress.DetectArchiverTestCase#testDetectionNotArchive
* Started org.apache.commons.compress.DetectArchiverTestCase#testCOMPRESS117
* Finished org.apache.commons.compress.DetectArchiverTestCase#testCOMPRESS117
* Started org.apache.commons.compress.DetectArchiverTestCase#testEmptyCpioArchive
* Finished org.apache.commons.compress.DetectArchiverTestCase#testEmptyCpioArchive
* Filtering test cases that do not cover any component
* Sending data to master
* Closing connection with client
* Performing fault localization
* Running Ochiai
* Writing coverage matrix to '/home1/lileping3/tryGZoltar/Compress_52/matrix'
* Writing spectra to '/home1/lileping3/tryGZoltar/Compress_52/spectra'
* Metrics
* Computation finished
[INFO] End: 2021年 06月 08日 星期二 03:00:19 PDT
[DEBUG] MATRIX OK
[DEBUG] SPECTRA OK

DONE!
