--- org.locationtech.spatial4j.io.GeneralGeoJSONTest::testEmptyPoint
org.noggit.JSONParser$ParseException: JSON Parse Error: char=�,position=31 AFTER='{"type":"Point","coordinates":[�' BEFORE=',�]}'
	at __randomizedtesting.SeedInfo.seed([DA44697AC41F33DF:652D1380204C6A94]:0)
	at org.noggit.JSONParser.err(JSONParser.java:419)
	at org.noggit.JSONParser.handleNonDoubleQuoteString(JSONParser.java:775)
	at org.noggit.JSONParser.next(JSONParser.java:981)
	at org.noggit.JSONParser.nextEvent(JSONParser.java:1096)
	at org.locationtech.spatial4j.io.GeoJSONReader.readCoordXYZ(GeoJSONReader.java:82)
	at org.locationtech.spatial4j.io.GeoJSONReader.readPoint(GeoJSONReader.java:154)
	at org.locationtech.spatial4j.io.GeoJSONReader.readShapeFromCoordinates(GeoJSONReader.java:306)
	at org.locationtech.spatial4j.io.GeoJSONReader.readShape(GeoJSONReader.java:248)
	at org.locationtech.spatial4j.io.GeoJSONReader.read(GeoJSONReader.java:48)
	at org.locationtech.spatial4j.io.GeoJSONReader.read(GeoJSONReader.java:54)
	at org.locationtech.spatial4j.io.GeneralReadWriteShapeTest.assertRoundTrip(GeneralReadWriteShapeTest.java:60)
	at org.locationtech.spatial4j.io.BaseRoundTripTest.assertRoundTrip(BaseRoundTripTest.java:61)
	at org.locationtech.spatial4j.io.GeneralReadWriteShapeTest.testEmptyPoint(GeneralReadWriteShapeTest.java:77)
	at sun.reflect.NativeMethodAccessorImpl.invoke0(Native Method)
	at sun.reflect.NativeMethodAccessorImpl.invoke(NativeMethodAccessorImpl.java:62)
	at sun.reflect.DelegatingMethodAccessorImpl.invoke(DelegatingMethodAccessorImpl.java:43)
	at java.lang.reflect.Method.invoke(Method.java:498)
	at com.carrotsearch.randomizedtesting.RandomizedRunner.invoke(RandomizedRunner.java:1737)
	at com.carrotsearch.randomizedtesting.RandomizedRunner$8.evaluate(RandomizedRunner.java:934)
	at com.carrotsearch.randomizedtesting.RandomizedRunner$9.evaluate(RandomizedRunner.java:970)
	at com.carrotsearch.randomizedtesting.rules.StatementAdapter.evaluate(StatementAdapter.java:36)
	at com.carrotsearch.randomizedtesting.ThreadLeakControl$StatementRunner.run(ThreadLeakControl.java:368)
	at com.carrotsearch.randomizedtesting.ThreadLeakControl.forkTimeoutingTask(ThreadLeakControl.java:817)
	at com.carrotsearch.randomizedtesting.ThreadLeakControl$3.evaluate(ThreadLeakControl.java:468)
	at com.carrotsearch.randomizedtesting.RandomizedRunner.runSingleTest(RandomizedRunner.java:943)
	at com.carrotsearch.randomizedtesting.RandomizedRunner$5.evaluate(RandomizedRunner.java:829)
	at com.carrotsearch.randomizedtesting.RandomizedRunner$6.evaluate(RandomizedRunner.java:879)
	at com.carrotsearch.randomizedtesting.RandomizedRunner$7.evaluate(RandomizedRunner.java:890)
	at com.carrotsearch.randomizedtesting.rules.StatementAdapter.evaluate(StatementAdapter.java:36)
	at com.carrotsearch.randomizedtesting.ThreadLeakControl$StatementRunner.run(ThreadLeakControl.java:368)
	at com.carrotsearch.randomizedtesting.ThreadLeakControl.forkTimeoutingTask(ThreadLeakControl.java:817)
	at com.carrotsearch.randomizedtesting.ThreadLeakControl$2.evaluate(ThreadLeakControl.java:404)
	at com.carrotsearch.randomizedtesting.RandomizedRunner.runSuite(RandomizedRunner.java:705)
	at com.carrotsearch.randomizedtesting.RandomizedRunner.access$200(RandomizedRunner.java:139)
	at com.carrotsearch.randomizedtesting.RandomizedRunner$2.run(RandomizedRunner.java:626)
--- org.locationtech.spatial4j.io.GeneralGeoJSONTest::testEmptyGeometryCollection
java.text.ParseException: Shape Collection with no geometries!
	at __randomizedtesting.SeedInfo.seed([DA44697AC41F33DF:D11AE6A3F4020311]:0)
	at org.locationtech.spatial4j.io.GeoJSONReader.readShape(GeoJSONReader.java:267)
	at org.locationtech.spatial4j.io.GeoJSONReader.read(GeoJSONReader.java:48)
	at org.locationtech.spatial4j.io.GeoJSONReader.read(GeoJSONReader.java:54)
	at org.locationtech.spatial4j.io.GeneralReadWriteShapeTest.assertRoundTrip(GeneralReadWriteShapeTest.java:60)
	at org.locationtech.spatial4j.io.BaseRoundTripTest.assertRoundTrip(BaseRoundTripTest.java:61)
	at org.locationtech.spatial4j.io.GeneralReadWriteShapeTest.testEmptyGeometryCollection(GeneralReadWriteShapeTest.java:82)
	at sun.reflect.NativeMethodAccessorImpl.invoke0(Native Method)
	at sun.reflect.NativeMethodAccessorImpl.invoke(NativeMethodAccessorImpl.java:62)
	at sun.reflect.DelegatingMethodAccessorImpl.invoke(DelegatingMethodAccessorImpl.java:43)
	at java.lang.reflect.Method.invoke(Method.java:498)
	at com.carrotsearch.randomizedtesting.RandomizedRunner.invoke(RandomizedRunner.java:1737)
	at com.carrotsearch.randomizedtesting.RandomizedRunner$8.evaluate(RandomizedRunner.java:934)
	at com.carrotsearch.randomizedtesting.RandomizedRunner$9.evaluate(RandomizedRunner.java:970)
	at com.carrotsearch.randomizedtesting.rules.StatementAdapter.evaluate(StatementAdapter.java:36)
	at com.carrotsearch.randomizedtesting.ThreadLeakControl$StatementRunner.run(ThreadLeakControl.java:368)
	at com.carrotsearch.randomizedtesting.ThreadLeakControl.forkTimeoutingTask(ThreadLeakControl.java:817)
	at com.carrotsearch.randomizedtesting.ThreadLeakControl$3.evaluate(ThreadLeakControl.java:468)
	at com.carrotsearch.randomizedtesting.RandomizedRunner.runSingleTest(RandomizedRunner.java:943)
	at com.carrotsearch.randomizedtesting.RandomizedRunner$5.evaluate(RandomizedRunner.java:829)
	at com.carrotsearch.randomizedtesting.RandomizedRunner$6.evaluate(RandomizedRunner.java:879)
	at com.carrotsearch.randomizedtesting.RandomizedRunner$7.evaluate(RandomizedRunner.java:890)
	at com.carrotsearch.randomizedtesting.rules.StatementAdapter.evaluate(StatementAdapter.java:36)
	at com.carrotsearch.randomizedtesting.ThreadLeakControl$StatementRunner.run(ThreadLeakControl.java:368)
	at com.carrotsearch.randomizedtesting.ThreadLeakControl.forkTimeoutingTask(ThreadLeakControl.java:817)
	at com.carrotsearch.randomizedtesting.ThreadLeakControl$2.evaluate(ThreadLeakControl.java:404)
	at com.carrotsearch.randomizedtesting.RandomizedRunner.runSuite(RandomizedRunner.java:705)
	at com.carrotsearch.randomizedtesting.RandomizedRunner.access$200(RandomizedRunner.java:139)
	at com.carrotsearch.randomizedtesting.RandomizedRunner$2.run(RandomizedRunner.java:626)
--- org.locationtech.spatial4j.io.GeneralWktTest::testEmptyPoint
java.text.ParseException: Expected a number
	at __randomizedtesting.SeedInfo.seed([D5E906CEB5E3B5F6:6A807C3451B0ECBD]:0)
	at org.locationtech.spatial4j.io.WKTReader$State.nextDouble(WKTReader.java:507)
	at org.locationtech.spatial4j.io.WKTReader.point(WKTReader.java:400)
	at org.locationtech.spatial4j.io.WKTReader.parsePointShape(WKTReader.java:213)
	at org.locationtech.spatial4j.io.WKTReader.parseShapeByType(WKTReader.java:156)
	at org.locationtech.spatial4j.io.WKTReader.parseIfSupported(WKTReader.java:110)
	at org.locationtech.spatial4j.io.WKTReader.parse(WKTReader.java:81)
	at org.locationtech.spatial4j.io.WKTReader.read(WKTReader.java:658)
	at org.locationtech.spatial4j.io.GeneralReadWriteShapeTest.assertRoundTrip(GeneralReadWriteShapeTest.java:60)
	at org.locationtech.spatial4j.io.BaseRoundTripTest.assertRoundTrip(BaseRoundTripTest.java:61)
	at org.locationtech.spatial4j.io.GeneralReadWriteShapeTest.testEmptyPoint(GeneralReadWriteShapeTest.java:77)
	at sun.reflect.NativeMethodAccessorImpl.invoke0(Native Method)
	at sun.reflect.NativeMethodAccessorImpl.invoke(NativeMethodAccessorImpl.java:62)
	at sun.reflect.DelegatingMethodAccessorImpl.invoke(DelegatingMethodAccessorImpl.java:43)
	at java.lang.reflect.Method.invoke(Method.java:498)
	at com.carrotsearch.randomizedtesting.RandomizedRunner.invoke(RandomizedRunner.java:1737)
	at com.carrotsearch.randomizedtesting.RandomizedRunner$8.evaluate(RandomizedRunner.java:934)
	at com.carrotsearch.randomizedtesting.RandomizedRunner$9.evaluate(RandomizedRunner.java:970)
	at com.carrotsearch.randomizedtesting.rules.StatementAdapter.evaluate(StatementAdapter.java:36)
	at com.carrotsearch.randomizedtesting.ThreadLeakControl$StatementRunner.run(ThreadLeakControl.java:368)
	at com.carrotsearch.randomizedtesting.ThreadLeakControl.forkTimeoutingTask(ThreadLeakControl.java:817)
	at com.carrotsearch.randomizedtesting.ThreadLeakControl$3.evaluate(ThreadLeakControl.java:468)
	at com.carrotsearch.randomizedtesting.RandomizedRunner.runSingleTest(RandomizedRunner.java:943)
	at com.carrotsearch.randomizedtesting.RandomizedRunner$5.evaluate(RandomizedRunner.java:829)
	at com.carrotsearch.randomizedtesting.RandomizedRunner$6.evaluate(RandomizedRunner.java:879)
	at com.carrotsearch.randomizedtesting.RandomizedRunner$7.evaluate(RandomizedRunner.java:890)
	at com.carrotsearch.randomizedtesting.rules.StatementAdapter.evaluate(StatementAdapter.java:36)
	at com.carrotsearch.randomizedtesting.ThreadLeakControl$StatementRunner.run(ThreadLeakControl.java:368)
	at com.carrotsearch.randomizedtesting.ThreadLeakControl.forkTimeoutingTask(ThreadLeakControl.java:817)
	at com.carrotsearch.randomizedtesting.ThreadLeakControl$2.evaluate(ThreadLeakControl.java:404)
	at com.carrotsearch.randomizedtesting.RandomizedRunner.runSuite(RandomizedRunner.java:705)
	at com.carrotsearch.randomizedtesting.RandomizedRunner.access$200(RandomizedRunner.java:139)
	at com.carrotsearch.randomizedtesting.RandomizedRunner$2.run(RandomizedRunner.java:626)
--- org.locationtech.spatial4j.io.GeneralWktTest::testEmptyGeometryCollection
java.text.ParseException: Word expected
	at __randomizedtesting.SeedInfo.seed([D5E906CEB5E3B5F6:DEB7891785FE8538]:0)
	at org.locationtech.spatial4j.io.WKTReader$State.nextWord(WKTReader.java:457)
	at org.locationtech.spatial4j.io.WKTReader.shape(WKTReader.java:366)
	at org.locationtech.spatial4j.io.WKTReader.parseGeometryCollectionShape(WKTReader.java:354)
	at org.locationtech.spatial4j.io.WKTReader.parseShapeByType(WKTReader.java:166)
	at org.locationtech.spatial4j.io.WKTReader.parseIfSupported(WKTReader.java:110)
	at org.locationtech.spatial4j.io.WKTReader.parse(WKTReader.java:81)
	at org.locationtech.spatial4j.io.WKTReader.read(WKTReader.java:658)
	at org.locationtech.spatial4j.io.GeneralReadWriteShapeTest.assertRoundTrip(GeneralReadWriteShapeTest.java:60)
	at org.locationtech.spatial4j.io.BaseRoundTripTest.assertRoundTrip(BaseRoundTripTest.java:61)
	at org.locationtech.spatial4j.io.GeneralReadWriteShapeTest.testEmptyGeometryCollection(GeneralReadWriteShapeTest.java:82)
	at sun.reflect.NativeMethodAccessorImpl.invoke0(Native Method)
	at sun.reflect.NativeMethodAccessorImpl.invoke(NativeMethodAccessorImpl.java:62)
	at sun.reflect.DelegatingMethodAccessorImpl.invoke(DelegatingMethodAccessorImpl.java:43)
	at java.lang.reflect.Method.invoke(Method.java:498)
	at com.carrotsearch.randomizedtesting.RandomizedRunner.invoke(RandomizedRunner.java:1737)
	at com.carrotsearch.randomizedtesting.RandomizedRunner$8.evaluate(RandomizedRunner.java:934)
	at com.carrotsearch.randomizedtesting.RandomizedRunner$9.evaluate(RandomizedRunner.java:970)
	at com.carrotsearch.randomizedtesting.rules.StatementAdapter.evaluate(StatementAdapter.java:36)
	at com.carrotsearch.randomizedtesting.ThreadLeakControl$StatementRunner.run(ThreadLeakControl.java:368)
	at com.carrotsearch.randomizedtesting.ThreadLeakControl.forkTimeoutingTask(ThreadLeakControl.java:817)
	at com.carrotsearch.randomizedtesting.ThreadLeakControl$3.evaluate(ThreadLeakControl.java:468)
	at com.carrotsearch.randomizedtesting.RandomizedRunner.runSingleTest(RandomizedRunner.java:943)
	at com.carrotsearch.randomizedtesting.RandomizedRunner$5.evaluate(RandomizedRunner.java:829)
	at com.carrotsearch.randomizedtesting.RandomizedRunner$6.evaluate(RandomizedRunner.java:879)
	at com.carrotsearch.randomizedtesting.RandomizedRunner$7.evaluate(RandomizedRunner.java:890)
	at com.carrotsearch.randomizedtesting.rules.StatementAdapter.evaluate(StatementAdapter.java:36)
	at com.carrotsearch.randomizedtesting.ThreadLeakControl$StatementRunner.run(ThreadLeakControl.java:368)
	at com.carrotsearch.randomizedtesting.ThreadLeakControl.forkTimeoutingTask(ThreadLeakControl.java:817)
	at com.carrotsearch.randomizedtesting.ThreadLeakControl$2.evaluate(ThreadLeakControl.java:404)
	at com.carrotsearch.randomizedtesting.RandomizedRunner.runSuite(RandomizedRunner.java:705)
	at com.carrotsearch.randomizedtesting.RandomizedRunner.access$200(RandomizedRunner.java:139)
	at com.carrotsearch.randomizedtesting.RandomizedRunner$2.run(RandomizedRunner.java:626)
--- org.locationtech.spatial4j.io.WKTWriterTest::testToStringOnEmptyShapeCollection
junit.framework.AssertionFailedError: expected:<GEOMETRYCOLLECTION [EMPTY]> but was:<GEOMETRYCOLLECTION [()]>
	at org.junit.Assert.assertEquals(Assert.java:115)
	at org.junit.Assert.assertEquals(Assert.java:144)
	at org.locationtech.spatial4j.io.WKTWriterTest.testToStringOnEmptyShapeCollection(WKTWriterTest.java:35)
	at sun.reflect.NativeMethodAccessorImpl.invoke0(Native Method)
	at sun.reflect.NativeMethodAccessorImpl.invoke(NativeMethodAccessorImpl.java:62)
	at sun.reflect.DelegatingMethodAccessorImpl.invoke(DelegatingMethodAccessorImpl.java:43)
	at java.lang.reflect.Method.invoke(Method.java:498)
	at org.junit.runners.model.FrameworkMethod$1.runReflectiveCall(FrameworkMethod.java:47)
	at org.junit.internal.runners.model.ReflectiveCallable.run(ReflectiveCallable.java:12)
	at org.junit.runners.model.FrameworkMethod.invokeExplosively(FrameworkMethod.java:44)
	at org.junit.internal.runners.statements.InvokeMethod.evaluate(InvokeMethod.java:17)
	at org.junit.runners.ParentRunner.runLeaf(ParentRunner.java:271)
	at org.junit.runners.BlockJUnit4ClassRunner.runChild(BlockJUnit4ClassRunner.java:70)
	at org.junit.runners.BlockJUnit4ClassRunner.runChild(BlockJUnit4ClassRunner.java:50)
	at org.junit.runners.ParentRunner$3.run(ParentRunner.java:238)
	at org.junit.runners.ParentRunner$1.schedule(ParentRunner.java:63)
	at org.junit.runners.ParentRunner.runChildren(ParentRunner.java:236)
	at org.junit.runners.ParentRunner.access$000(ParentRunner.java:53)
	at org.junit.runners.ParentRunner$2.evaluate(ParentRunner.java:229)
	at org.junit.runners.ParentRunner.run(ParentRunner.java:309)
	at junit.framework.JUnit4TestAdapter.run(JUnit4TestAdapter.java:38)
	at org.apache.tools.ant.taskdefs.optional.junit.JUnitTestRunner.run(JUnitTestRunner.java:520)
	at org.apache.tools.ant.taskdefs.optional.junit.JUnitTask.executeInVM(JUnitTask.java:1484)
	at org.apache.tools.ant.taskdefs.optional.junit.JUnitTask.execute(JUnitTask.java:872)
	at org.apache.tools.ant.taskdefs.optional.junit.JUnitTask.executeOrQueue(JUnitTask.java:1972)
	at org.apache.tools.ant.taskdefs.optional.junit.JUnitTask.execute1(JUnitTask.java:824)
	at org.apache.tools.ant.taskdefs.optional.junit.JUnitTask.execute(JUnitTask.java:2277)
	at org.apache.tools.ant.UnknownElement.execute(UnknownElement.java:291)
	at sun.reflect.GeneratedMethodAccessor4.invoke(Unknown Source)
	at sun.reflect.DelegatingMethodAccessorImpl.invoke(DelegatingMethodAccessorImpl.java:43)
	at java.lang.reflect.Method.invoke(Method.java:498)
	at org.apache.tools.ant.dispatch.DispatchUtils.execute(DispatchUtils.java:106)
	at org.apache.tools.ant.Task.perform(Task.java:348)
	at org.apache.tools.ant.Target.execute(Target.java:392)
	at org.apache.tools.ant.Target.performTasks(Target.java:413)
	at org.apache.tools.ant.Project.executeSortedTargets(Project.java:1399)
	at org.apache.tools.ant.Project.executeTarget(Project.java:1368)
	at org.apache.tools.ant.helper.DefaultExecutor.executeTargets(DefaultExecutor.java:41)
	at org.apache.tools.ant.Project.executeTargets(Project.java:1251)
	at org.apache.tools.ant.Main.runBuild(Main.java:811)
	at org.apache.tools.ant.Main.startAnt(Main.java:217)
	at org.apache.tools.ant.launch.Launcher.run(Launcher.java:280)
	at org.apache.tools.ant.launch.Launcher.main(Launcher.java:109)
--- org.locationtech.spatial4j.io.WKTWriterTest::testToStringOnEmptyPoint
junit.framework.AssertionFailedError: expected:<POINT [EMPTY]> but was:<POINT [(� �)]>
	at org.junit.Assert.assertEquals(Assert.java:115)
	at org.junit.Assert.assertEquals(Assert.java:144)
	at org.locationtech.spatial4j.io.WKTWriterTest.testToStringOnEmptyPoint(WKTWriterTest.java:27)
	at sun.reflect.NativeMethodAccessorImpl.invoke0(Native Method)
	at sun.reflect.NativeMethodAccessorImpl.invoke(NativeMethodAccessorImpl.java:62)
	at sun.reflect.DelegatingMethodAccessorImpl.invoke(DelegatingMethodAccessorImpl.java:43)
	at java.lang.reflect.Method.invoke(Method.java:498)
	at org.junit.runners.model.FrameworkMethod$1.runReflectiveCall(FrameworkMethod.java:47)
	at org.junit.internal.runners.model.ReflectiveCallable.run(ReflectiveCallable.java:12)
	at org.junit.runners.model.FrameworkMethod.invokeExplosively(FrameworkMethod.java:44)
	at org.junit.internal.runners.statements.InvokeMethod.evaluate(InvokeMethod.java:17)
	at org.junit.runners.ParentRunner.runLeaf(ParentRunner.java:271)
	at org.junit.runners.BlockJUnit4ClassRunner.runChild(BlockJUnit4ClassRunner.java:70)
	at org.junit.runners.BlockJUnit4ClassRunner.runChild(BlockJUnit4ClassRunner.java:50)
	at org.junit.runners.ParentRunner$3.run(ParentRunner.java:238)
	at org.junit.runners.ParentRunner$1.schedule(ParentRunner.java:63)
	at org.junit.runners.ParentRunner.runChildren(ParentRunner.java:236)
	at org.junit.runners.ParentRunner.access$000(ParentRunner.java:53)
	at org.junit.runners.ParentRunner$2.evaluate(ParentRunner.java:229)
	at org.junit.runners.ParentRunner.run(ParentRunner.java:309)
	at junit.framework.JUnit4TestAdapter.run(JUnit4TestAdapter.java:38)
	at org.apache.tools.ant.taskdefs.optional.junit.JUnitTestRunner.run(JUnitTestRunner.java:520)
	at org.apache.tools.ant.taskdefs.optional.junit.JUnitTask.executeInVM(JUnitTask.java:1484)
	at org.apache.tools.ant.taskdefs.optional.junit.JUnitTask.execute(JUnitTask.java:872)
	at org.apache.tools.ant.taskdefs.optional.junit.JUnitTask.executeOrQueue(JUnitTask.java:1972)
	at org.apache.tools.ant.taskdefs.optional.junit.JUnitTask.execute1(JUnitTask.java:824)
	at org.apache.tools.ant.taskdefs.optional.junit.JUnitTask.execute(JUnitTask.java:2277)
	at org.apache.tools.ant.UnknownElement.execute(UnknownElement.java:291)
	at sun.reflect.GeneratedMethodAccessor4.invoke(Unknown Source)
	at sun.reflect.DelegatingMethodAccessorImpl.invoke(DelegatingMethodAccessorImpl.java:43)
	at java.lang.reflect.Method.invoke(Method.java:498)
	at org.apache.tools.ant.dispatch.DispatchUtils.execute(DispatchUtils.java:106)
	at org.apache.tools.ant.Task.perform(Task.java:348)
	at org.apache.tools.ant.Target.execute(Target.java:392)
	at org.apache.tools.ant.Target.performTasks(Target.java:413)
	at org.apache.tools.ant.Project.executeSortedTargets(Project.java:1399)
	at org.apache.tools.ant.Project.executeTarget(Project.java:1368)
	at org.apache.tools.ant.helper.DefaultExecutor.executeTargets(DefaultExecutor.java:41)
	at org.apache.tools.ant.Project.executeTargets(Project.java:1251)
	at org.apache.tools.ant.Main.runBuild(Main.java:811)
	at org.apache.tools.ant.Main.startAnt(Main.java:217)
	at org.apache.tools.ant.launch.Launcher.run(Launcher.java:280)
	at org.apache.tools.ant.launch.Launcher.main(Launcher.java:109)
--- org.locationtech.spatial4j.io.jackson.JacksonGeoJSONReaderTest::testEmptyPoint
com.fasterxml.jackson.core.JsonParseException: Unexpected character ('�' (code 65533 / 0xfffd)): expected a valid value (number, String, array, object, 'true', 'false' or 'null')
 at [Source: {"type":"Point","coordinates":[�,�]}; line: 1, column: 33]
	at __randomizedtesting.SeedInfo.seed([32FDB550938BD438:8D94CFAA77D88D73]:0)
	at com.fasterxml.jackson.core.JsonParser._constructError(JsonParser.java:1586)
	at com.fasterxml.jackson.core.base.ParserMinimalBase._reportError(ParserMinimalBase.java:521)
	at com.fasterxml.jackson.core.base.ParserMinimalBase._reportUnexpectedChar(ParserMinimalBase.java:450)
	at com.fasterxml.jackson.core.json.ReaderBasedJsonParser._handleOddValue(ReaderBasedJsonParser.java:1827)
	at com.fasterxml.jackson.core.json.ReaderBasedJsonParser.nextToken(ReaderBasedJsonParser.java:708)
	at com.fasterxml.jackson.databind.deser.std.BaseNodeDeserializer.deserializeArray(JsonNodeDeserializer.java:267)
	at com.fasterxml.jackson.databind.deser.std.BaseNodeDeserializer.deserializeObject(JsonNodeDeserializer.java:230)
	at com.fasterxml.jackson.databind.deser.std.JsonNodeDeserializer.deserialize(JsonNodeDeserializer.java:69)
	at com.fasterxml.jackson.databind.deser.std.JsonNodeDeserializer.deserialize(JsonNodeDeserializer.java:15)
	at com.fasterxml.jackson.databind.ObjectMapper._readValue(ObjectMapper.java:3779)
	at com.fasterxml.jackson.databind.ObjectMapper.readTree(ObjectMapper.java:2158)
	at org.locationtech.spatial4j.io.jackson.ShapeDeserializer.read(ShapeDeserializer.java:208)
	at org.locationtech.spatial4j.io.jackson.ShapeDeserializer.deserialize(ShapeDeserializer.java:217)
	at org.locationtech.spatial4j.io.jackson.ShapeDeserializer.deserialize(ShapeDeserializer.java:28)
	at com.fasterxml.jackson.databind.ObjectMapper._readMapAndClose(ObjectMapper.java:3807)
	at com.fasterxml.jackson.databind.ObjectMapper.readValue(ObjectMapper.java:2797)
	at org.locationtech.spatial4j.io.jackson.JacksonShapeReader.read(JacksonShapeReader.java:40)
	at org.locationtech.spatial4j.io.GeneralReadWriteShapeTest.assertRoundTrip(GeneralReadWriteShapeTest.java:60)
	at org.locationtech.spatial4j.io.BaseRoundTripTest.assertRoundTrip(BaseRoundTripTest.java:61)
	at org.locationtech.spatial4j.io.GeneralReadWriteShapeTest.testEmptyPoint(GeneralReadWriteShapeTest.java:77)
	at sun.reflect.NativeMethodAccessorImpl.invoke0(Native Method)
	at sun.reflect.NativeMethodAccessorImpl.invoke(NativeMethodAccessorImpl.java:62)
	at sun.reflect.DelegatingMethodAccessorImpl.invoke(DelegatingMethodAccessorImpl.java:43)
	at java.lang.reflect.Method.invoke(Method.java:498)
	at com.carrotsearch.randomizedtesting.RandomizedRunner.invoke(RandomizedRunner.java:1737)
	at com.carrotsearch.randomizedtesting.RandomizedRunner$8.evaluate(RandomizedRunner.java:934)
	at com.carrotsearch.randomizedtesting.RandomizedRunner$9.evaluate(RandomizedRunner.java:970)
	at com.carrotsearch.randomizedtesting.rules.StatementAdapter.evaluate(StatementAdapter.java:36)
	at com.carrotsearch.randomizedtesting.ThreadLeakControl$StatementRunner.run(ThreadLeakControl.java:368)
	at com.carrotsearch.randomizedtesting.ThreadLeakControl.forkTimeoutingTask(ThreadLeakControl.java:817)
	at com.carrotsearch.randomizedtesting.ThreadLeakControl$3.evaluate(ThreadLeakControl.java:468)
	at com.carrotsearch.randomizedtesting.RandomizedRunner.runSingleTest(RandomizedRunner.java:943)
	at com.carrotsearch.randomizedtesting.RandomizedRunner$5.evaluate(RandomizedRunner.java:829)
	at com.carrotsearch.randomizedtesting.RandomizedRunner$6.evaluate(RandomizedRunner.java:879)
	at com.carrotsearch.randomizedtesting.RandomizedRunner$7.evaluate(RandomizedRunner.java:890)
	at com.carrotsearch.randomizedtesting.rules.StatementAdapter.evaluate(StatementAdapter.java:36)
	at com.carrotsearch.randomizedtesting.ThreadLeakControl$StatementRunner.run(ThreadLeakControl.java:368)
	at com.carrotsearch.randomizedtesting.ThreadLeakControl.forkTimeoutingTask(ThreadLeakControl.java:817)
	at com.carrotsearch.randomizedtesting.ThreadLeakControl$2.evaluate(ThreadLeakControl.java:404)
	at com.carrotsearch.randomizedtesting.RandomizedRunner.runSuite(RandomizedRunner.java:705)
	at com.carrotsearch.randomizedtesting.RandomizedRunner.access$200(RandomizedRunner.java:139)
	at com.carrotsearch.randomizedtesting.RandomizedRunner$2.run(RandomizedRunner.java:626)
--- org.locationtech.spatial4j.io.jackson.JacksonGeoJSONWriterTest::testEmptyGeometryCollection
java.text.ParseException: Shape Collection with no geometries!
	at __randomizedtesting.SeedInfo.seed([CC7C0185137A2AFF:C7228E5C23671A31]:0)
	at org.locationtech.spatial4j.io.GeoJSONReader.readShape(GeoJSONReader.java:267)
	at org.locationtech.spatial4j.io.GeoJSONReader.read(GeoJSONReader.java:48)
	at org.locationtech.spatial4j.io.GeoJSONReader.read(GeoJSONReader.java:54)
	at org.locationtech.spatial4j.io.GeneralReadWriteShapeTest.assertRoundTrip(GeneralReadWriteShapeTest.java:60)
	at org.locationtech.spatial4j.io.BaseRoundTripTest.assertRoundTrip(BaseRoundTripTest.java:61)
	at org.locationtech.spatial4j.io.GeneralReadWriteShapeTest.testEmptyGeometryCollection(GeneralReadWriteShapeTest.java:82)
	at sun.reflect.NativeMethodAccessorImpl.invoke0(Native Method)
	at sun.reflect.NativeMethodAccessorImpl.invoke(NativeMethodAccessorImpl.java:62)
	at sun.reflect.DelegatingMethodAccessorImpl.invoke(DelegatingMethodAccessorImpl.java:43)
	at java.lang.reflect.Method.invoke(Method.java:498)
	at com.carrotsearch.randomizedtesting.RandomizedRunner.invoke(RandomizedRunner.java:1737)
	at com.carrotsearch.randomizedtesting.RandomizedRunner$8.evaluate(RandomizedRunner.java:934)
	at com.carrotsearch.randomizedtesting.RandomizedRunner$9.evaluate(RandomizedRunner.java:970)
	at com.carrotsearch.randomizedtesting.rules.StatementAdapter.evaluate(StatementAdapter.java:36)
	at com.carrotsearch.randomizedtesting.ThreadLeakControl$StatementRunner.run(ThreadLeakControl.java:368)
	at com.carrotsearch.randomizedtesting.ThreadLeakControl.forkTimeoutingTask(ThreadLeakControl.java:817)
	at com.carrotsearch.randomizedtesting.ThreadLeakControl$3.evaluate(ThreadLeakControl.java:468)
	at com.carrotsearch.randomizedtesting.RandomizedRunner.runSingleTest(RandomizedRunner.java:943)
	at com.carrotsearch.randomizedtesting.RandomizedRunner$5.evaluate(RandomizedRunner.java:829)
	at com.carrotsearch.randomizedtesting.RandomizedRunner$6.evaluate(RandomizedRunner.java:879)
	at com.carrotsearch.randomizedtesting.RandomizedRunner$7.evaluate(RandomizedRunner.java:890)
	at com.carrotsearch.randomizedtesting.rules.StatementAdapter.evaluate(StatementAdapter.java:36)
	at com.carrotsearch.randomizedtesting.ThreadLeakControl$StatementRunner.run(ThreadLeakControl.java:368)
	at com.carrotsearch.randomizedtesting.ThreadLeakControl.forkTimeoutingTask(ThreadLeakControl.java:817)
	at com.carrotsearch.randomizedtesting.ThreadLeakControl$2.evaluate(ThreadLeakControl.java:404)
	at com.carrotsearch.randomizedtesting.RandomizedRunner.runSuite(RandomizedRunner.java:705)
	at com.carrotsearch.randomizedtesting.RandomizedRunner.access$200(RandomizedRunner.java:139)
	at com.carrotsearch.randomizedtesting.RandomizedRunner$2.run(RandomizedRunner.java:626)
--- org.locationtech.spatial4j.io.jackson.JacksonGeoJSONWriterTest::testEmptyPoint
java.text.ParseException: Unexpected STRING
	at __randomizedtesting.SeedInfo.seed([CC7C0185137A2AFF:73157B7FF72973B4]:0)
	at org.locationtech.spatial4j.io.GeoJSONReader.readCoordXYZ(GeoJSONReader.java:113)
	at org.locationtech.spatial4j.io.GeoJSONReader.readPoint(GeoJSONReader.java:154)
	at org.locationtech.spatial4j.io.GeoJSONReader.readShapeFromCoordinates(GeoJSONReader.java:306)
	at org.locationtech.spatial4j.io.GeoJSONReader.readShape(GeoJSONReader.java:248)
	at org.locationtech.spatial4j.io.GeoJSONReader.read(GeoJSONReader.java:48)
	at org.locationtech.spatial4j.io.GeoJSONReader.read(GeoJSONReader.java:54)
	at org.locationtech.spatial4j.io.GeneralReadWriteShapeTest.assertRoundTrip(GeneralReadWriteShapeTest.java:60)
	at org.locationtech.spatial4j.io.BaseRoundTripTest.assertRoundTrip(BaseRoundTripTest.java:61)
	at org.locationtech.spatial4j.io.GeneralReadWriteShapeTest.testEmptyPoint(GeneralReadWriteShapeTest.java:77)
	at sun.reflect.NativeMethodAccessorImpl.invoke0(Native Method)
	at sun.reflect.NativeMethodAccessorImpl.invoke(NativeMethodAccessorImpl.java:62)
	at sun.reflect.DelegatingMethodAccessorImpl.invoke(DelegatingMethodAccessorImpl.java:43)
	at java.lang.reflect.Method.invoke(Method.java:498)
	at com.carrotsearch.randomizedtesting.RandomizedRunner.invoke(RandomizedRunner.java:1737)
	at com.carrotsearch.randomizedtesting.RandomizedRunner$8.evaluate(RandomizedRunner.java:934)
	at com.carrotsearch.randomizedtesting.RandomizedRunner$9.evaluate(RandomizedRunner.java:970)
	at com.carrotsearch.randomizedtesting.rules.StatementAdapter.evaluate(StatementAdapter.java:36)
	at com.carrotsearch.randomizedtesting.ThreadLeakControl$StatementRunner.run(ThreadLeakControl.java:368)
	at com.carrotsearch.randomizedtesting.ThreadLeakControl.forkTimeoutingTask(ThreadLeakControl.java:817)
	at com.carrotsearch.randomizedtesting.ThreadLeakControl$3.evaluate(ThreadLeakControl.java:468)
	at com.carrotsearch.randomizedtesting.RandomizedRunner.runSingleTest(RandomizedRunner.java:943)
	at com.carrotsearch.randomizedtesting.RandomizedRunner$5.evaluate(RandomizedRunner.java:829)
	at com.carrotsearch.randomizedtesting.RandomizedRunner$6.evaluate(RandomizedRunner.java:879)
	at com.carrotsearch.randomizedtesting.RandomizedRunner$7.evaluate(RandomizedRunner.java:890)
	at com.carrotsearch.randomizedtesting.rules.StatementAdapter.evaluate(StatementAdapter.java:36)
	at com.carrotsearch.randomizedtesting.ThreadLeakControl$StatementRunner.run(ThreadLeakControl.java:368)
	at com.carrotsearch.randomizedtesting.ThreadLeakControl.forkTimeoutingTask(ThreadLeakControl.java:817)
	at com.carrotsearch.randomizedtesting.ThreadLeakControl$2.evaluate(ThreadLeakControl.java:404)
	at com.carrotsearch.randomizedtesting.RandomizedRunner.runSuite(RandomizedRunner.java:705)
	at com.carrotsearch.randomizedtesting.RandomizedRunner.access$200(RandomizedRunner.java:139)
	at com.carrotsearch.randomizedtesting.RandomizedRunner$2.run(RandomizedRunner.java:626)
