[DEBUG] PID: Net
[DEBUG] VID: 21
[DEBUG] DATA_DIR: /home1/lileping3/tryGZoltar/Net_21
[DEBUG] TOOL: developer
[DEBUG] TESTS_DIR: 
[DEBUG] TMP_DIR: /home1/lileping3/tmp/Net_21_buggy
[DEBUG] DIR_PROJECT: /home1/NewD4j/GrowingBugRepository-main/framework/projects/Net
[DEBUG] DIR_LOADED_CLASSES: /home1/NewD4j/GrowingBugRepository-main/framework/projects/Net/loaded_classes
[DEBUG] DIR_RELEVANT_TESTS: /home1/NewD4j/GrowingBugRepository-main/framework/projects/Net/relevant_tests
[DEBUG] DIR_TRIGGER_TESTS: /home1/NewD4j/GrowingBugRepository-main/framework/projects/Net/trigger_tests
[DEBUG] JAVA_VERSION:
Picked up _JAVA_OPTIONS: -XX:MaxHeapSize=1024m -Xmx4096m
java version "1.8.0_231"
Java(TM) SE Runtime Environment (build 1.8.0_231-b11)
Java HotSpot(TM) 64-Bit Server VM (build 25.231-b11, mixed mode)
[DEBUG] LOADED_CLASSES: org.apache.commons.net.smtp.SimpleSMTPHeader:
[DEBUG] LOADED_SUB_CLASSES: org.apache.commons.net.smtp.SimpleSMTPHeader$*:
[DEBUG] RELEVANT_TESTS: org.apache.commons.net.smtp.SimpleSMTPHeaderTestCase:
[DEBUG] TRIGGER_TESTS_FILE: /home1/NewD4j/GrowingBugRepository-main/framework/projects/Net/trigger_tests/21
[DEBUG] CP: /home1/NewD4j/GrowingBugRepository-main/framework/projects/lib/junit-4.11.jar:/home1/NewD4j/GrowingBugRepository-main/framework/projects/Net/lib/junit/junit/4.12/junit-4.12.jar:/home1/NewD4j/GrowingBugRepository-main/framework/projects/Net/lib/org/hamcrest/hamcrest-core/1.3/hamcrest-core-1.3.jar:/home1/lileping3/tmp/Net_21_buggy/target/classes:/home1/lileping3/tmp/Net_21_buggy/target/test-classes:/home1/NewD4j/GrowingBugRepository-main/framework/projects/lib/junit-4.11.jar
[INFO] Compiling Net-21
Running ant (compile)...................................................... OK
Running ant (compile.tests)................................................ OK
[INFO] Running GZoltar
[INFO] Start: 2021年 06月 09日 星期三 05:43:38 PDT
   ____ _____     _ _               
  / ___|__  /___ | | |_ __ _ _ __   
 | |  _  / // _ \| | __/ _` | '__| 
 | |_| |/ /| (_) | | || (_| | |     
  \____/____\___/|_|\__\__,_|_| 

* Preparing classpath
Java HotSpot(TM) 64-Bit Server VM warning: ignoring option MaxPermSize=1024M; support was removed in 8.0
* Collecting classes under test
* Collecting test cases
* Performing analysis
* Started org.apache.commons.net.smtp.SimpleSMTPHeaderTestCase#testToStringAddHeaderDate
* Finished org.apache.commons.net.smtp.SimpleSMTPHeaderTestCase#testToStringAddHeaderDate
* Started org.apache.commons.net.smtp.SimpleSMTPHeaderTestCase#testToString
* Failure: Expecting Date header in From: from@here.invalid
To: to@there.invalid
Subject: Test email

 | testToString(org.apache.commons.net.smtp.SimpleSMTPHeaderTestCase)
java.lang.AssertionError: Expecting Date header in From: from@here.invalid
To: to@there.invalid
Subject: Test email


	at org.junit.Assert.fail(Assert.java:88)
	at org.apache.commons.net.smtp.SimpleSMTPHeaderTestCase.checkDate(SimpleSMTPHeaderTestCase.java:106)
	at org.apache.commons.net.smtp.SimpleSMTPHeaderTestCase.testToString(SimpleSMTPHeaderTestCase.java:30)
	at sun.reflect.NativeMethodAccessorImpl.invoke0(Native Method)
	at sun.reflect.NativeMethodAccessorImpl.invoke(NativeMethodAccessorImpl.java:62)
	at sun.reflect.DelegatingMethodAccessorImpl.invoke(DelegatingMethodAccessorImpl.java:43)
	at java.lang.reflect.Method.invoke(Method.java:498)
	at org.junit.runners.model.FrameworkMethod$1.runReflectiveCall(FrameworkMethod.java:47)
	at org.junit.internal.runners.model.ReflectiveCallable.run(ReflectiveCallable.java:12)
	at org.junit.runners.model.FrameworkMethod.invokeExplosively(FrameworkMethod.java:44)
	at org.junit.internal.runners.statements.InvokeMethod.evaluate(InvokeMethod.java:17)
	at org.junit.internal.runners.statements.RunBefores.evaluate(RunBefores.java:26)
	at org.junit.runners.ParentRunner.runLeaf(ParentRunner.java:271)
	at org.junit.runners.BlockJUnit4ClassRunner.runChild(BlockJUnit4ClassRunner.java:70)
	at org.junit.runners.BlockJUnit4ClassRunner.runChild(BlockJUnit4ClassRunner.java:50)
	at org.junit.runners.ParentRunner$3.run(ParentRunner.java:238)
	at org.junit.runners.ParentRunner$1.schedule(ParentRunner.java:63)
	at org.junit.runners.ParentRunner.runChildren(ParentRunner.java:236)
	at org.junit.runners.ParentRunner.access$000(ParentRunner.java:53)
	at org.junit.runners.ParentRunner$2.evaluate(ParentRunner.java:229)
	at org.junit.runners.ParentRunner.run(ParentRunner.java:309)
	at com.gzoltar.lib.instrumentation.testing.junit.a.call(Unknown Source)
	at java.util.concurrent.FutureTask.run(FutureTask.java:266)
	at java.util.concurrent.ThreadPoolExecutor.runWorker(ThreadPoolExecutor.java:1149)
	at java.util.concurrent.ThreadPoolExecutor$Worker.run(ThreadPoolExecutor.java:624)
	at java.lang.Thread.run(Thread.java:748)

* Finished org.apache.commons.net.smtp.SimpleSMTPHeaderTestCase#testToString
* Started org.apache.commons.net.smtp.SimpleSMTPHeaderTestCase#testToStringNoSubject
* Failure: Expecting Date header in From: from@here.invalid
To: to@there.invalid

 | testToStringNoSubject(org.apache.commons.net.smtp.SimpleSMTPHeaderTestCase)
java.lang.AssertionError: Expecting Date header in From: from@here.invalid
To: to@there.invalid


	at org.junit.Assert.fail(Assert.java:88)
	at org.apache.commons.net.smtp.SimpleSMTPHeaderTestCase.checkDate(SimpleSMTPHeaderTestCase.java:106)
	at org.apache.commons.net.smtp.SimpleSMTPHeaderTestCase.testToStringNoSubject(SimpleSMTPHeaderTestCase.java:38)
	at sun.reflect.NativeMethodAccessorImpl.invoke0(Native Method)
	at sun.reflect.NativeMethodAccessorImpl.invoke(NativeMethodAccessorImpl.java:62)
	at sun.reflect.DelegatingMethodAccessorImpl.invoke(DelegatingMethodAccessorImpl.java:43)
	at java.lang.reflect.Method.invoke(Method.java:498)
	at org.junit.runners.model.FrameworkMethod$1.runReflectiveCall(FrameworkMethod.java:47)
	at org.junit.internal.runners.model.ReflectiveCallable.run(ReflectiveCallable.java:12)
	at org.junit.runners.model.FrameworkMethod.invokeExplosively(FrameworkMethod.java:44)
	at org.junit.internal.runners.statements.InvokeMethod.evaluate(InvokeMethod.java:17)
	at org.junit.internal.runners.statements.RunBefores.evaluate(RunBefores.java:26)
	at org.junit.runners.ParentRunner.runLeaf(ParentRunner.java:271)
	at org.junit.runners.BlockJUnit4ClassRunner.runChild(BlockJUnit4ClassRunner.java:70)
	at org.junit.runners.BlockJUnit4ClassRunner.runChild(BlockJUnit4ClassRunner.java:50)
	at org.junit.runners.ParentRunner$3.run(ParentRunner.java:238)
	at org.junit.runners.ParentRunner$1.schedule(ParentRunner.java:63)
	at org.junit.runners.ParentRunner.runChildren(ParentRunner.java:236)
	at org.junit.runners.ParentRunner.access$000(ParentRunner.java:53)
	at org.junit.runners.ParentRunner$2.evaluate(ParentRunner.java:229)
	at org.junit.runners.ParentRunner.run(ParentRunner.java:309)
	at com.gzoltar.lib.instrumentation.testing.junit.a.call(Unknown Source)
	at java.util.concurrent.FutureTask.run(FutureTask.java:266)
	at java.util.concurrent.ThreadPoolExecutor.runWorker(ThreadPoolExecutor.java:1149)
	at java.util.concurrent.ThreadPoolExecutor$Worker.run(ThreadPoolExecutor.java:624)
	at java.lang.Thread.run(Thread.java:748)

* Finished org.apache.commons.net.smtp.SimpleSMTPHeaderTestCase#testToStringNoSubject
* Started org.apache.commons.net.smtp.SimpleSMTPHeaderTestCase#testToStringAddHeader
* Failure: Expecting Date header in X-Header1: value 1
X-Header2: value 2
From: from@here.invalid

 | testToStringAddHeader(org.apache.commons.net.smtp.SimpleSMTPHeaderTestCase)
java.lang.AssertionError: Expecting Date header in X-Header1: value 1
X-Header2: value 2
From: from@here.invalid


	at org.junit.Assert.fail(Assert.java:88)
	at org.apache.commons.net.smtp.SimpleSMTPHeaderTestCase.checkDate(SimpleSMTPHeaderTestCase.java:106)
	at org.apache.commons.net.smtp.SimpleSMTPHeaderTestCase.testToStringAddHeader(SimpleSMTPHeaderTestCase.java:61)
	at sun.reflect.NativeMethodAccessorImpl.invoke0(Native Method)
	at sun.reflect.NativeMethodAccessorImpl.invoke(NativeMethodAccessorImpl.java:62)
	at sun.reflect.DelegatingMethodAccessorImpl.invoke(DelegatingMethodAccessorImpl.java:43)
	at java.lang.reflect.Method.invoke(Method.java:498)
	at org.junit.runners.model.FrameworkMethod$1.runReflectiveCall(FrameworkMethod.java:47)
	at org.junit.internal.runners.model.ReflectiveCallable.run(ReflectiveCallable.java:12)
	at org.junit.runners.model.FrameworkMethod.invokeExplosively(FrameworkMethod.java:44)
	at org.junit.internal.runners.statements.InvokeMethod.evaluate(InvokeMethod.java:17)
	at org.junit.internal.runners.statements.RunBefores.evaluate(RunBefores.java:26)
	at org.junit.runners.ParentRunner.runLeaf(ParentRunner.java:271)
	at org.junit.runners.BlockJUnit4ClassRunner.runChild(BlockJUnit4ClassRunner.java:70)
	at org.junit.runners.BlockJUnit4ClassRunner.runChild(BlockJUnit4ClassRunner.java:50)
	at org.junit.runners.ParentRunner$3.run(ParentRunner.java:238)
	at org.junit.runners.ParentRunner$1.schedule(ParentRunner.java:63)
	at org.junit.runners.ParentRunner.runChildren(ParentRunner.java:236)
	at org.junit.runners.ParentRunner.access$000(ParentRunner.java:53)
	at org.junit.runners.ParentRunner$2.evaluate(ParentRunner.java:229)
	at org.junit.runners.ParentRunner.run(ParentRunner.java:309)
	at com.gzoltar.lib.instrumentation.testing.junit.a.call(Unknown Source)
	at java.util.concurrent.FutureTask.run(FutureTask.java:266)
	at java.util.concurrent.ThreadPoolExecutor.runWorker(ThreadPoolExecutor.java:1149)
	at java.util.concurrent.ThreadPoolExecutor$Worker.run(ThreadPoolExecutor.java:624)
	at java.lang.Thread.run(Thread.java:748)

* Finished org.apache.commons.net.smtp.SimpleSMTPHeaderTestCase#testToStringAddHeader
* Started org.apache.commons.net.smtp.SimpleSMTPHeaderTestCase#testToStringNoTo
* Failure: Expecting Date header in From: from@here.invalid

 | testToStringNoTo(org.apache.commons.net.smtp.SimpleSMTPHeaderTestCase)
java.lang.AssertionError: Expecting Date header in From: from@here.invalid


	at org.junit.Assert.fail(Assert.java:88)
	at org.apache.commons.net.smtp.SimpleSMTPHeaderTestCase.checkDate(SimpleSMTPHeaderTestCase.java:106)
	at org.apache.commons.net.smtp.SimpleSMTPHeaderTestCase.testToStringNoTo(SimpleSMTPHeaderTestCase.java:51)
	at sun.reflect.NativeMethodAccessorImpl.invoke0(Native Method)
	at sun.reflect.NativeMethodAccessorImpl.invoke(NativeMethodAccessorImpl.java:62)
	at sun.reflect.DelegatingMethodAccessorImpl.invoke(DelegatingMethodAccessorImpl.java:43)
	at java.lang.reflect.Method.invoke(Method.java:498)
	at org.junit.runners.model.FrameworkMethod$1.runReflectiveCall(FrameworkMethod.java:47)
	at org.junit.internal.runners.model.ReflectiveCallable.run(ReflectiveCallable.java:12)
	at org.junit.runners.model.FrameworkMethod.invokeExplosively(FrameworkMethod.java:44)
	at org.junit.internal.runners.statements.InvokeMethod.evaluate(InvokeMethod.java:17)
	at org.junit.internal.runners.statements.RunBefores.evaluate(RunBefores.java:26)
	at org.junit.runners.ParentRunner.runLeaf(ParentRunner.java:271)
	at org.junit.runners.BlockJUnit4ClassRunner.runChild(BlockJUnit4ClassRunner.java:70)
	at org.junit.runners.BlockJUnit4ClassRunner.runChild(BlockJUnit4ClassRunner.java:50)
	at org.junit.runners.ParentRunner$3.run(ParentRunner.java:238)
	at org.junit.runners.ParentRunner$1.schedule(ParentRunner.java:63)
	at org.junit.runners.ParentRunner.runChildren(ParentRunner.java:236)
	at org.junit.runners.ParentRunner.access$000(ParentRunner.java:53)
	at org.junit.runners.ParentRunner$2.evaluate(ParentRunner.java:229)
	at org.junit.runners.ParentRunner.run(ParentRunner.java:309)
	at com.gzoltar.lib.instrumentation.testing.junit.a.call(Unknown Source)
	at java.util.concurrent.FutureTask.run(FutureTask.java:266)
	at java.util.concurrent.ThreadPoolExecutor.runWorker(ThreadPoolExecutor.java:1149)
	at java.util.concurrent.ThreadPoolExecutor$Worker.run(ThreadPoolExecutor.java:624)
	at java.lang.Thread.run(Thread.java:748)

* Finished org.apache.commons.net.smtp.SimpleSMTPHeaderTestCase#testToStringNoTo
* Started org.apache.commons.net.smtp.SimpleSMTPHeaderTestCase#testToStringNoFrom
* Finished org.apache.commons.net.smtp.SimpleSMTPHeaderTestCase#testToStringNoFrom
* Filtering test cases that do not cover any component
* Sending data to master
* Closing connection with client
* Performing fault localization
* Running Ochiai
* Writing coverage matrix to '/home1/lileping3/tryGZoltar/Net_21/matrix'
* Writing spectra to '/home1/lileping3/tryGZoltar/Net_21/spectra'
* Metrics
* Computation finished
[INFO] End: 2021年 06月 09日 星期三 05:43:40 PDT
[DEBUG] MATRIX OK
[DEBUG] SPECTRA OK

DONE!
